ARM GAS  C:\Users\Luczia\AppData\Local\Temp\ccVkGQrf.s 			page 1


   1              		.cpu cortex-m4
   2              		.eabi_attribute 20, 1
   3              		.eabi_attribute 21, 1
   4              		.eabi_attribute 23, 3
   5              		.eabi_attribute 24, 1
   6              		.eabi_attribute 25, 1
   7              		.eabi_attribute 26, 1
   8              		.eabi_attribute 30, 6
   9              		.eabi_attribute 34, 1
  10              		.eabi_attribute 18, 4
  11              		.file	"board.c"
  12              		.section	.gnu.lto_.inline.75caff82,"",%progbits
  13 0000 789C6363 		.ascii	"x\234cc``\230\306\200\000,\014\014\202\002\014\014L"
  13      606098C6 
  13      80002C0C 
  13      0C82020C 
  13      0C4C
  14 0012 720DBF18 		.ascii	"r\015\277\030\201\034&\220\030#\203\316\037\00641f\036"
  14      811C2690 
  14      182383CE 
  14      1F063431 
  14      661E
  15 0024 0610836C 		.ascii	"\006\020\203l\212\201U\014\310`Z \017\267\204\013F\260"
  15      8A81550C 
  15      C8605A20 
  15      0FB7840B 
  15      46B0
  16 0036 303033A1 		.ascii	"003\241\3121\000\000\024x\007\225"
  16      CA310000 
  16      14780795 
  17              		.text
  18              		.section	.gnu.lto_gpio_init.75caff82,"",%progbits
  19 0000 789CA594 		.ascii	"x\234\245\224\315k\023A\024\300\347\355\354G\223\232"
  19      CD6B1341 
  19      14C0E7ED 
  19      EC47939A 
  20 0010 1E0441A1 		.ascii	"\036\004A\241\207\036\204\320K\227\252\027A\360\240"
  20      871E84D0 
  20      4B97AA17 
  20      41F0A0
  21 001f 15444430 		.ascii	"\025DD0E\360T\232\210m@L1\177@7\241\322j<\210\230\026"
  21      45F0549A 
  21      886D404C 
  21      317F4037 
  21      A1D26A3C 
  22 0036 96A83928 		.ascii	"\226\2509(Z\265\215\242ml\2545\3066~\306~Z{\266\250"
  22      5AB58DA2 
  22      6D6CAC35 
  22      C6367EC6 
  22      7E5A7BB6 
  23 004b B404A1FF 		.ascii	"\264\004\241\377@\364\275\267\015H{\220%\303\316\333"
  23      40F4BDB7 
  23      0D487B90 
  23      25C3CEDB 
  24 005b 9D9D79BF 		.ascii	"\235\235y\277\375\315\014\263\272\020bH\023\342\004"
  24      FDCD0CB3 
  24      BA106248 
ARM GAS  C:\Users\Luczia\AppData\Local\Temp\ccVkGQrf.s 			page 2


  24      13E204
  25 006a DE776115 		.ascii	"\336wa\025R\200\"\260\002`\003D\257\002\275pM\336\224"
  25      528022B0 
  25      02600344 
  25      AF02BD70 
  25      4DDE94
  26 007d 50E8FF39 		.ascii	"P\350\3779\2414\337\267\260\344\207\246\274\267\254"
  26      A134DFB7 
  26      B0E487A6 
  26      BCB7AC
  27 008c 394BA6A4 		.ascii	"9K\246\244\020\203Rp\201g\320\214\303\346\373\236\244"
  27      10835270 
  27      8167D08C 
  27      C3E6FB9E 
  27      A4
  28 009d 64027B00 		.ascii	"d\002{\000Tln\224\354\325\006j*\320\204\315\304\217"
  28      546C6E94 
  28      ECD5066A 
  28      2AD084CD 
  28      C48F
  29 00af 0731451E 		.ascii	"\0071E\036\006\201\317\326\230]\006\377=\313\212[\371"
  29      0681CFD6 
  29      985D06FF 
  29      3DCB8A5B 
  29      F9
  30 00c0 F25D69ED 		.ascii	"\362]i\355MI\011\343 \021\010c\320\010\317\241Q\340"
  30      4D4909E3 
  30      20110863 
  30      D008CFA1 
  30      51E0
  31 00d2 2B0159F0 		.ascii	"+\001Y\360\343\360\265J\346\227*\3338u\274|\247X\277"
  31      E3F0B54A 
  31      E6972ADB 
  31      3875BC7C 
  31      A758BF
  32 00e5 993ABDDB 		.ascii	"\231:\275\333\266\362jJ\252\360bk\256*`\002\374\224"
  32      B6F26A4A 
  32      AAF0626B 
  32      AE2A6002 
  32      FC94
  33 00f7 F0FD6925 		.ascii	"\360\375i%\351\323UG\026r\240\013\232^fA\313[\225?\375"
  33      E9D35547 
  33      1672A00B 
  33      9A5E6641 
  33      CB5B953F 
  34 010c 08D9638F 		.ascii	"\010\331c\217zv\002\346h\012\005IA\245\240Q\320)\030"
  34      7A7602E6 
  34      680A0549 
  34      41A5A051 
  34      D02918
  35 011f 143C4048 		.ascii	"\024<@H/\220\224\020\003<\367+\022WL\256C<\2676<\323"
  35      2F909410 
  35      033CF72B 
  35      12574CAE 
  35      433CB736 
  36 0135 40745B02 		.ascii	"@t[\002~t\360ra\326\240\271\253,=Y(\025\3654\334\216"
  36      7E74F072 
ARM GAS  C:\Users\Luczia\AppData\Local\Temp\ccVkGQrf.s 			page 3


  36      61D6A0B9 
  36      AB2C3D59 
  36      2815F534 
  37 014b E10A36A5 		.ascii	"\341\0126\245$\016\362\300K\364\244\276\215\304\215"
  37      240EF2C0 
  37      4BF4A4BE 
  37      8DC48D
  38 015a 153047AC 		.ascii	"\0250G\254\353\334e\300$\244!\311px\005\246X\207\302"
  38      EBDC65C0 
  38      24A421C9 
  38      707805A6 
  38      5887C2
  39 016d D2D5618D 		.ascii	"\322\325a\215\320\377r\3456n:\210\222u\266\364\302\324"
  39      D0FF72E5 
  39      366E3A88 
  39      9275B6F4 
  39      C2D4
  40 017f 2679399B 		.ascii	"&y9\233\313\372\220\334\027#\262\007^3\23177\017&\212"
  40      CBFA90DC 
  40      1723B207 
  40      5E339937 
  40      370F268A 
  41 0193 0A167F58 		.ascii	"\012\026\177X\025W\\\232\276a\236B\274\3026Swjo\031"
  41      15575C9A 
  41      BE619E42 
  41      BCC23653 
  41      776A6F19 
  42 01a7 C53B344D 		.ascii	"\305;4Mj\212\243\366\250\252&]\252\3150O%^\261F\265"
  42      6A8AA3F6 
  42      A8AA265D 
  42      AACD304F 
  42      255EB146 
  43 01bc 778CD208 		.ascii	"w\214\322\010\365\236\324\244\243\366\270\252\246\272"
  43      F59ED4A4 
  43      A3F6B8AA 
  43      A6BA
  44 01ca 54FBC03C 		.ascii	"T\373\300<\235x\037kT\373\304(\203P\237IMu\324F\252"
  44      9D781F6B 
  44      54FBC428 
  44      83509F49 
  44      4D75D446 
  45 01df 6A9A4BB5 		.ascii	"j\232K\265\022\363\352\210\367\245F\265YFy\0105Gj\232"
  45      12F3EA88 
  45      F7A546B5 
  45      59467908 
  45      35476A9A 
  46 01f3 A3365A55 		.ascii	"\2436ZU\333J\374\237\332<\363\274\304[\250Qm\221Q\365"
  46      DB4AFC9F 
  46      DA3CF3BC 
  46      C45BA851 
  46      6D9151F5 
  47 0207 845A2235 		.ascii	"\204Z\"5\335Q\313T\325\014\227j_\231\267\203x\3135\252"
  47      DD51CB54 
  47      D50C976A 
  47      5F99B783 
  47      78CB35AA 
  48 021b 7D63948F 		.ascii	"}c\224\217P+\244f\210\337\020O\257&\201\377[T\006\350"
ARM GAS  C:\Users\Luczia\AppData\Local\Temp\ccVkGQrf.s 			page 4


  48      502BA466 
  48      88DF104F 
  48      AF2681FF 
  48      5B5406E8 
  49 022f FCE2913B 		.ascii	"\374\342\221;\324\322b\342\025\352\016\007\303\221h"
  49      D4D262E2 
  49      15EA0E07 
  49      C39168
  50 023e EBC15633 		.ascii	"\353\301V3\0225\273;/\230\301H\347\245sQ3\320\336\021"
  50      1235BB3B 
  50      2F98C148 
  50      E7A57351 
  50      33D0DE11 
  51 0252 683FB97F 		.ascii	"h?\271\177\337\261\003\035G\217\007\216\234:\323v\372"
  51      DFB1031D 
  51      478F078E 
  51      9C3AD376 
  51      FA
  52 0263 ACD3D712 		.ascii	"\254\323\327\022\022ZWO8\322\243\207\"\027\317\207\273"
  52      125A574F 
  52      38D2A387 
  52      2217CF87 
  52      BB
  53 0274 FE024308 		.ascii	"\376\002C\010\335\214"
  53      DD8C
  54              		.text
  55              		.section	.gnu.lto_stm32_gpio_init.75caff82,"",%progbits
  56 0000 789C8DD6 		.ascii	"x\234\215\326oL\033e\030\000\360{\356\275\266\327\226"
  56      6F4C1B65 
  56      1800F07B 
  56      EEBDB6D7 
  56      96
  57 0011 168819BA 		.ascii	"\026\210\031\272\204\017K\026>,K\250\250_LL\374\240"
  57      840F4B16 
  57      3E2C4BA8 
  57      A85F4C4C 
  57      FCA0
  58 0023 33D1C498 		.ascii	"3\321\304\230\310b\342\247e\233&[\262\204D\022\277\366"
  58      C862E2A7 
  58      659B265B 
  58      B2844412 
  58      BFF6
  59 0035 8032BA4D 		.ascii	"\2002\272M\027\242\014gs3M\026\003\206,\314\270\015"
  59      17A20C67 
  59      73334D16 
  59      03862CCC 
  59      B80D
  60 0047 CAE6A845 		.ascii	"\312\346\250E\360\017\262\301\004t\242S\230\260\311"
  60      F00FB2C1 
  60      0474A253 
  60      98B0C9
  61 0056 9F095B99 		.ascii	"\237\011[\231\033\377\352\363\274\357\335\016J\357\326"
  61      1BFFEAF3 
  61      BCEFDD0E 
  61      4AEFD6
  62 0065 068EE7EE 		.ascii	"\006\216\347\356\275\367y~\317{\327;\334\222$%\375\222"
  62      BDF7797E 
ARM GAS  C:\Users\Luczia\AppData\Local\Temp\ccVkGQrf.s 			page 5


  62      CF7BD73B 
  62      DC922425 
  62      FD92
  63 0077 F41AFEDD 		.ascii	"\364\032\376\335\216\277\222K\002Y\302_`\270e\240\340"
  63      8EBF924B 
  63      0259C25F 
  63      60B865A0 
  63      E0
  64 0088 5601C001 		.ascii	"V\001\300\001\220\3022S \014\037\260&\006\251\206\251"
  64      90C23253 
  64      200C1FB0 
  64      2606A986 
  64      A9
  65 0099 84BCA345 		.ascii	"\204\274\243E\303O\362\223\264\357\2246\2501\035\247"
  65      C34FF293 
  65      B4EF9436 
  65      A8311DA7 
  66 00a9 3433897F 		.ascii	"43\211\177\340+\330!\341y\023_\256\235\010\270\025q"
  66      E02BD821 
  66      E179135F 
  66      AE9D08B8 
  66      1571
  67 00bb 1CCE811B 		.ascii	"\034\316\201\033\363H2\016\014E\316\352\354\030\316"
  67      F348320E 
  67      0C45CEEA 
  67      EC18CE
  68 00ca 01507077 		.ascii	"\001Ppwa v3H\2732l\303\335\305\213\221\353A\366\"P\212"
  68      61207633 
  68      48BB326C 
  68      C3DDC58B 
  68      91EB41F6 
  69 00e1 CEBB0D37 		.ascii	"\316\273\0157\324\262\323\232V\253%\357\267\271c\255"
  69      D4B2D39A 
  69      56AB25EF 
  69      B7B963AD 
  70 00f1 C9C8369D 		.ascii	"\311\3106\2351\350\000\206Y\341\002\224\302y(\025U;"
  70      31E80086 
  70      59E10294 
  70      C2792815 
  70      553B
  71 0103 A10C671C 		.ascii	"\241\014g\034\235I\035\367\263]|v\363\361\276\0320f"
  71      9D491DF7 
  71      B35D7C76 
  71      F3F1BE1A 
  71      3066
  72 0115 2FED7C34 		.ascii	"/\355|49\221cr\027\224\265_s%\265\265L\203\226\034\335"
  72      39916372 
  72      1794B55F 
  72      7325B5B5 
  72      4C83961C 
  73 012a D99FEE7D 		.ascii	"\331\237\356}b;H:Sd\3340F\221B\221\213\"7E\036\212T"
  73      623B483A 
  73      5364DC30 
  73      46914291 
  73      8B223745 
  74 0141 8ABC14F9 		.ascii	"\212\274\024\371h\343\247\335\002\212\002\024\005)*"
  74      68E3A7DD 
ARM GAS  C:\Users\Luczia\AppData\Local\Temp\ccVkGQrf.s 			page 6


  74      028A0214 
  74      05292A
  75 0150 A4A888A2 		.ascii	"\244\250\210\242b\212\266\320\246\204v\267R$IQ\276j"
  75      628AB6D0 
  75      A68476B7 
  75      52244951 
  75      BE6A
  76 0162 4718AE3C 		.ascii	"G\030\256<\233\206\332\364\355\313\357\322Z\305\030"
  76      9B86DAF4 
  76      EDCBEFD2 
  76      5AC518
  77 0171 60079153 		.ascii	"`\007\221S\275S^Z\032\005\264\371\250\246\300E\004O"
  77      BD535E5A 
  77      1A05B4F9 
  77      A8A6C045 
  77      044F
  78 0183 43AACB2B 		.ascii	"C\252\313+\316\241\325l\256O]\365\210s\250\351K\251"
  78      CEA1D56C 
  78      AE4F5DF5 
  78      8873A8E9 
  78      4BA9
  79 0195 813E771C 		.ascii	"\201>w\034>\253\301\313\203\355\2720\021\\\2426ql\264"
  79      3EABC1CB 
  79      83EDBA30 
  79      115CA236 
  79      716CB4
  80 01a8 A3AB2310 		.ascii	"\243\253#\020:\243E@gn\370\032\342p\202W\207\313\020"
  80      3AA34540 
  80      676EF81A 
  80      E2708257 
  80      87CB10
  81 01bb 92A8B82A 		.ascii	"\222\250\270*\3222\243N\335\203\303 \216(\242V\343H"
  81      D232A34E 
  81      DD83C320 
  81      8E28A256 
  81      E348
  82 01cd FF870AD5 		.ascii	"\377\207\012\325b\220a\320-0\303G\371I9k3\233\332I\253"
  82      629061D0 
  82      2D30C347 
  82      F949396B 
  82      339BDA49 
  83 01e2 F63710C2 		.ascii	"\3667\020\302\374\353\313\273\262\333\314\235\333e\223"
  83      FCEBCBBB 
  83      B2DBCC9D 
  83      DB6593
  84 01f1 3B65E5EE 		.ascii	";e\345\356\331\330\227\307\354k\305\354K\025\311'\273"
  84      D9D897C7 
  84      EC6BC5EC 
  84      4B15C927 
  84      BB
  85 0202 463A03A2 		.ascii	"F:\003\242/m%\223)\204o\037\337\232\307\246|\257U\276"
  85      2F6D2593 
  85      29846F1F 
  85      DF9AC7A6 
  85      7CAF55BE 
  86 0216 8F5A53D7 		.ascii	"\217ZS\327\013\274\331\255m\311\231\333\2739w\015\015"
  86      0BBCD9AD 
ARM GAS  C:\Users\Luczia\AppData\Local\Temp\ccVkGQrf.s 			page 7


  86      6DC999DB 
  86      BB39770D 
  86      0D
  87 0227 B9E13B2B 		.ascii	"\271\341;+\373\367Fs\255\335.\221\313\227\235\334\237"
  87      FBF74673 
  87      ADDD2E91 
  87      CB979DDC 
  87      9F
  88 0238 33B9CF06 		.ascii	"3\271\317\006\376\003O\315\277\357?n\\\267\202M\367"
  88      FE034FCD 
  88      BFEF3F6E 
  88      5CB7824D 
  88      F7
  89 0249 430093E7 		.ascii	"C\000\223\347s\375\013lj\365[\265~\242E\012\360\357"
  89      73FD0B6C 
  89      6AF55BB5 
  89      7EA2450A 
  89      F0EF
  90 025b 0033BE03 		.ascii	"\0003\276\003F\331`v?\2059k\004mj\014\360\0322\325\270"
  90      46D96076 
  90      3F85396B 
  90      046D6A0C 
  90      F01A32D5 
  91 0270 B2B19FA2 		.ascii	"\262\261\237\242M\375\024c\362|\372)\262\251u\325\252"
  91      4DFD1463 
  91      F27CFA29 
  91      B2A975D5 
  91      AA
  92 0281 3548FD14 		.ascii	"5H\375\024\363~\224\215\375\224d\367\2635g\215\022\333"
  92      F37E948D 
  92      FD9464F7 
  92      B335678D 
  92      12DB
  93 0293 8B3F6455 		.ascii	"\213?dU\271\206\035\315B}\374L\011\177\262\342\311\211"
  93      B9861DCD 
  93      427DFC4C 
  93      097FB2E2 
  93      C989
  94 02a5 C4EC9827 		.ascii	"\304\354\230'\274\252\251:\3634\323\322\302\317\020"
  94      BCAAA93A 
  94      F334D3D2 
  94      C2CF10
  95 02b4 A681F4D8 		.ascii	"\246\201\364\330\304\025\240\233[\005M\243\207\3100"
  95      C415A09B 
  95      5B054DA3 
  95      87C830
  96 02c3 94AE7F6E 		.ascii	"\224\256\177nx\371s\243n\251\373^\020\247?\205\007\342"
  96      78F973A3 
  96      6EA9FB5E 
  96      10A73F85 
  96      07E2
  97 02d5 7483E1B1 		.ascii	"t\203\341\261\207CsQ?\331\212t\274kF\361\0050b\310z"
  97      87437351 
  97      3FD98A74 
  97      BC6B46F1 
  97      053062C8 
  98 02ea 6299F902 		.ascii	"b\231\371\002\2245jZ|B\326\361f\370\205\333\214\211"
ARM GAS  C:\Users\Luczia\AppData\Local\Temp\ccVkGQrf.s 			page 8


  98      94356A5A 
  98      7C42D6F1 
  98      66F885DB 
  98      8C89
  99 02fc CB9F7F74 		.ascii	"\313\237\177tA\305d'q8\250\343]\360+\204\304\033\340"
  99      41C56427 
  99      7138A8E3 
  99      5DF02B84 
  99      C41BE0
 100 030f 3A8475BC 		.ascii	":\204u\274\332DO8\320\177\023\364Xj\271\307k\320\243"
 100      DA444F38 
 100      D07F13F4 
 100      586AB9C7 
 100      6BD0A3
 101 0322 441FE3F4 		.ascii	"D\037\343\364\307[\177w\264\376\301\255\212\215\365"
 101      C75B7F77 
 101      B4FEC1AD 
 101      8A8DF5
 102 0331 8669FDD3 		.ascii	"\206i\375\323\262N:X\377\022\326\246\324\247\303\001"
 102      B24E3A58 
 102      FF12D6A6 
 102      D4A7C301 
 103 0341 C3DA48D6 		.ascii	"\303\332H\326\361<\255\023\216\326\233\334\352\262\261"
 103      F13CAD13 
 103      8ED69BDC 
 103      EAB2B1
 104 0350 FE6D5A27 		.ascii	"\376mZ'-\353\202\203uJX\243mM\247\231a=I\326[yZo;Z\377"
 104      2DEB8283 
 104      754A58A3 
 104      6D4DA799 
 104      613D49D6 
 105 036b E156B78D 		.ascii	"\341V\267\215u\332\264\316X\326U\007\353\254\260\216"
 105      75DAB4CE 
 105      58D65507 
 105      EBACB08E 
 106 037b B50FCCA8 		.ascii	"\265\017\314\250\2065N\326\271<\255w\034\255\377r\253"
 106      86354ED6 
 106      B93CAD77 
 106      1CADFF72 
 106      AB
 107 038c C7C63A6F 		.ascii	"\307\306:oZ\027,\353\027O\332[\357\012\353`\313\255"
 107      5A172CEB 
 107      174FDA5B 
 107      EF0AEB60 
 107      CBAD
 108 039e A8CBB0B6 		.ascii	"\250\313\260\266\222\365^\236\326\264\243u\221[U\033"
 108      92F55E9E 
 108      D6B4A375 
 108      915B551B 
 109 03ae EB7DD3FA 		.ascii	"\353}\323\372\237e=\357`} \254\037/\266\214\233\326"
 109      9F653DEF 
 109      607D20AC 
 109      1F2FB68C 
 109      9BD6
 110 03c0 B3647D98 		.ascii	"\263d}\230\247u\311\321\272\314\255^\033\353\212i]\265"
 110      A775C9D1 
 110      BACCAD5E 
ARM GAS  C:\Users\Luczia\AppData\Local\Temp\ccVkGQrf.s 			page 9


 110      1BEB8A69 
 110      5DB5
 111 03d2 ACE30ED6 		.ascii	"\254\343\016\3265a\355=\3276lZ;\311\232\311\323\252"
 111      3561ED3D 
 111      D7366C5A 
 111      3BC99AC9 
 111      D3AA
 112 03e4 C94ED61A 		.ascii	"\311N\326\032\231\254>\033k\255lX\353\344G\3269\007"
 112      99AC3E1B 
 112      6BAD6C58 
 112      EBE447D6 
 112      3907
 113 03f6 6B44E6D6 		.ascii	"kD\346\326\245\311\336c\346\375\232$k\275\234\237\365"
 113      A5C9DE63 
 113      E6FD9A24 
 113      6BBD9C9F 
 113      F5
 114 0407 B0A3B581 		.ascii	"\260\243\265\201[\3756\326\250i=\"\254w\2406\336\256"
 114      5BFD36D6 
 114      A8693D22 
 114      AC77A036 
 114      DEAE
 115 0419 F3F718FF 		.ascii	"\363\367\030\377\0077JB|q\274P^\036\302\237\375\007"
 115      07374A42 
 115      7C71BC50 
 115      5E1EC29F 
 115      FD07
 116 042b 0EEE3B58 		.ascii	"\016\356;XU]\361|E\250\252:t`\357\241\320\276\252\275"
 116      555DF17C 
 116      45A8AA3A 
 116      7460EFA1 
 116      D0BEAABD 
 117 043f EFBD531D 		.ascii	"\357\275S\035\252\334\275\247r\367\353\317>\363\312"
 117      AADCBDA7 
 117      72F7EBCF 
 117      3EF3CA
 118 044e 737B5E7E 		.ascii	"s{^~\265\362\2457\336\332\365\346\333b\254|\277\344"
 118      B5F2A537 
 118      DEDAF5E6 
 118      DB62AC7C 
 118      BFE4
 119 0460 7ABFEA50 		.ascii	"z\277\352P\371\323|[\361?\346U\332\315"
 119      F9D37C5B 
 119      F13FE655 
 119      DACD
 120              		.text
 121              		.section	.gnu.lto_gpio_default_config.75caff82,"",%progbits
 122 0000 789CDD93 		.ascii	"x\234\335\223\313/\003Q\024\306\347\364\266Sm=bgAXK"
 122      CB2F0351 
 122      14C6E7F4 
 122      B6536D3D 
 122      62674158 
 123 0015 58F7CFF2 		.ascii	"X\367\317\362'\\%\342\025*\214x&R\357v!\224\276<\332"
 123      275C25E2 
 123      152A8C78 
 123      2652EF76 
 123      2194BE3C 
ARM GAS  C:\Users\Luczia\AppData\Local\Temp\ccVkGQrf.s 			page 10


 124 002a A255AFB2 		.ascii	"\242U\257\262h\261\021\025\257\020J\330\264\036\255"
 124      68B11115 
 124      AF104AD8 
 124      B41EAD
 125 0039 737B2FC9 		.ascii	"s{/\311M\272\2615\213\371\362}3s\276_\316\314\250\212"
 125      4DBAB135 
 125      8BF9F27D 
 125      3373BE5F 
 125      CECCA88A 
 126 004d A2D4E815 		.ascii	"\242\324\350\025\005\024~\014\020Xx\364g\313\272\310"
 126      05147E0C 
 126      105878F4 
 126      67CBBAC8 
 127 005d 18C110ED 		.ascii	"\030\301\020\355\364\373\307\013\3416\237'\030\234\307"
 127      F4FBC70B 
 127      E1369F27 
 127      189CC7
 128 006c E65DBF41 		.ascii	"\346]\277A>_\201Q\334\327\367a\260zh\373\004m\032#\240"
 128      3E5F8151 
 128      DCD7F761 
 128      B07A68FB 
 128      046D1A23 
 129 0081 E1253754 		.ascii	"\341%7Tk\004\270\350`\205\011\341N\017\313L\014\334"
 129      6B04B8E8 
 129      608509E1 
 129      4E0FCB4C 
 129      0CDC
 130 0093 A94C947F 		.ascii	"\251L\224\1776\303\233vy\305\012C\314\333\303\356Y\243"
 130      36C39B76 
 130      79C50A43 
 130      CCDBC3EE 
 130      59A3
 131 00a5 3C33F0D7 		.ascii	"<3\360\327\231\363\211\303\007\263X{-\372\255\257h\233"
 131      99F389C3 
 131      07B3587B 
 131      2DFAADAF 
 131      689B
 132 00b7 91FBE444 		.ascii	"\221\373\344DR\207\311M\374\365M\334Amt\316\200\321"
 132      5287C94D 
 132      FCF54DDC 
 132      416D74CE 
 132      80D1
 133 00c9 95C39DB5 		.ascii	"\225\303\235\265\310\305\033\305\212\327y\361Z\261\342"
 133      C8C51BC5 
 133      8AD779F1 
 133      5AB1E2
 134 00d8 EBCCE281 		.ascii	"\353\314\342\201E\214\355\256\302\300\325\233\3520\211"
 134      458CEDAE 
 134      C2C0D59B 
 134      EA3089
 135 00e7 000F1523 		.ascii	"\000\017\025#[\377`\253\250N8\007\034\254\332y\373\351"
 135      5BFF60AB 
 135      A84E3807 
 135      1CACDA79 
 135      FBE9
 136 00f9 179F4933 		.ascii	"\027\237I3\265Ub\222Z\312\215\233e\230\255b0\233\322"
 136      B5556292 
ARM GAS  C:\Users\Luczia\AppData\Local\Temp\ccVkGQrf.s 			page 11


 136      5ACA8D9B 
 136      6598AD62 
 136      309BD2
 137 010c 16C21C26 		.ascii	"\026\302\034&\304a\036O\026\322\352ow\035&}3G\015<\320"
 137      C4611E4F 
 137      16D2EA6F 
 137      771D267D 
 137      33470D3C 
 138 0121 3A234ED6 		.ascii	":#N\326\034\275\234\034\021|!=z\232\336\246\006\361"
 138      1CBD9C1C 
 138      117C213D 
 138      7A9ADEA6 
 138      06F1
 139 0133 4C983D72 		.ascii	"L\230=r\241=i\252\014\022\343 ;\022HT\002\211p\220\000"
 139      A13D69AA 
 139      0C12E320 
 139      3B124854 
 139      02897090 
 140 0148 07C92C8D 		.ascii	"\007\311,\215\004K\305\320D=\006\243C\317\241\362\037"
 140      044BC5D0 
 140      443D06A3 
 140      43CFA1F2 
 140      1F
 141 0159 B2B30248 		.ascii	"\262\263\002Hv6g\027Q\202\266R\306\222\034\316$u\342"
 141      76366717 
 141      5182B652 
 141      C6921CCE 
 141      2475E2
 142 016c 2D9EE60A 		.ascii	"-\236\346\012?OK*\322\003?\223l\2057y\377\2455\312|"
 142      3F4F4B2A 
 142      D2033F93 
 142      6C853779 
 142      FFA535CA 
 143 0181 71695187 		.ascii	"qiQ\207\234\357@\342\333\347|{\234\357\316\321?%\226"
 143      9CEF40E2 
 143      DBE77C7B 
 143      9CEFCED1 
 143      3F2596
 144 0194 6DC7D93A 		.ascii	"m\307\331:\215\030\341\010\254\032)\201]&&\330fb\206"
 144      8D18E108 
 144      AC1A2981 
 144      5D2626D8 
 144      666286
 145 01a7 20130BAC 		.ascii	" \023\013\2542)\005?\2232\3601)\007/\223\012\360\200"
 145      3229053F 
 145      9332F031 
 145      29072F93 
 145      0AF080
 146 01ba 5581633C 		.ascii	"U\201c<}\003\274\377?\232"
 146      7D03BCFF 
 146      3F9A
 147              		.text
 148              		.section	.gnu.lto___early_init.75caff82,"",%progbits
 149 0000 789C6363 		.ascii	"x\234cc``8\001\304v@,\012\304\014\314\014\214L\014@"
 149      60603801 
 149      C476402C 
 149      0AC40CCC 
ARM GAS  C:\Users\Luczia\AppData\Local\Temp\ccVkGQrf.s 			page 12


 149      0C8C4C0C 
 150 0015 CCC808E4 		.ascii	"\314\310\010\34402\32431\3263\3660Oaf<\324\376l'\223"
 150      3032D433 
 150      31D633F6 
 150      304F6166 
 150      3CD4FE6C 
 151 002b E6F20620 		.ascii	"\346\362\006 80\375\012_[C\253\304\034f\006\206i\314"
 151      3830FD0A 
 151      5F5B43AB 
 151      C41C6606 
 151      8669CC
 152 003e 0C60C0B8 		.ascii	"\014`\300\270\231Q\223\001\250\354\321\306\177Sy\331"
 152      99519301 
 152      A8ECD1C6 
 152      7F5379D9 
 153 004e 5820E28C 		.ascii	"X \342\214[\030\331\030@\006\255\277\304z\240\341\337"
 153      5B18D918 
 153      4006ADBF 
 153      C47AA0E1 
 153      DF
 154 005f FFF68603 		.ascii	"\377\366\206\003g\0263\336\365ca`\350\000\353\353d\006"
 154      671633DE 
 154      F5636160 
 154      E800EBEB 
 154      6406
 155 0071 5AC6FC86 		.ascii	"Z\306\374\206\261y\301\346\271\314`\325@#v\356|s\233"
 155      B179C1E6 
 155      B9CC60D5 
 155      402376EE 
 155      7C739B
 156 0084 BDFE6F03 		.ascii	"\275\376o\003\307\034f\306i\314@\355\214[\031\353\031"
 156      C71C66C6 
 156      69CC40ED 
 156      8C5B19EB 
 156      19
 157 0095 E6009582 		.ascii	"\346\000\225\202\024n\225\305\256\016\344\352mPu\357"
 157      146E95C5 
 157      AE0EE4EA 
 157      6D5075EF 
 158 00a5 189B16EC 		.ascii	"\030\233\026\354\236\313\010V\010\002\035 S\200\012"
 158      9ECB0856 
 158      08021D20 
 158      53800A
 159 00b4 6CF4F4F4 		.ascii	"l\364\364\364\201(9#3)3\277\330\320\322P?\277X?#1G?"
 159      81283923 
 159      332933BF 
 159      D8D0D250 
 159      3FBF583F 
 160 00cc 293FB128 		.ascii	")?\261(\245X?8$>8\304\327\330\310\315$\336\3053\330"
 160      A5583F38 
 160      243E38C4 
 160      D7D8C8CD 
 160      24DEC533 
 161 00e1 D93FCC35 		.ascii	"\331?\3145(\022\"\247\227\314\000\000T\007O\224"
 161      281222A7 
 161      97CC0000 
 161      54074F94 
ARM GAS  C:\Users\Luczia\AppData\Local\Temp\ccVkGQrf.s 			page 13


 162              		.text
 163              		.section	.gnu.lto_boardInit.75caff82,"",%progbits
 164 0000 789C6363 		.ascii	"x\234cc``(\001b; \026\005b\006f\006F&\006 fd\004r\030"
 164      60602801 
 164      623B2016 
 164      05620666 
 164      06462606 
 165 001a 19EA9918 		.ascii	"\031\352\231\030\353\031{\230\24703\036j\177\266\223"
 165      EB197B98 
 165      A730331E 
 165      6A7FB693 
 166 002a 49737903 		.ascii	"Isy\003\020\034\230\276A\250\255\241Ub\0163\003\303"
 166      101C98BE 
 166      41A8ADA1 
 166      55620E33 
 166      03C3
 167 003c 34660630 		.ascii	"4f\0060`\334\314\250\311\000T\366h\343\277\251\274l"
 167      60DCCCA8 
 167      C90054F6 
 167      68E3BFA9 
 167      BC6C
 168 004e 2C1071C6 		.ascii	",\020q\306-\214l\014 \203\326_b=\320\360\357\177{\303"
 168      2D8C6C0C 
 168      2083D65F 
 168      623DD0F0 
 168      EF7F7BC3 
 169 0062 812F8B18 		.ascii	"\201/\213\030\267\006\001m\350\000\353\353d\0062\231"
 169      B706016D 
 169      E800EBEB 
 169      64063299 
 170 0072 DF313629 		.ascii	"\33716)\200\225\202@\0073P\003P\324FOO\037\210\2223"
 170      80958240 
 170      07335003 
 170      50D4464F 
 170      4F1F8892 
 171 0087 329332F3 		.ascii	"2\2232\363\213\015-\015\365\363\213\3653\022s\364\223"
 171      8B0D2D0D 
 171      F5F38BF5 
 171      331273F4 
 171      93
 172 0098 F2138B52 		.ascii	"\362\023\213R\212\365\203C\342\203C|\215\215\334L\342"
 172      8AF58343 
 172      E283437C 
 172      8D8DDC4C 
 172      E2
 173 00a9 5D3C839D 		.ascii	"]<\203\235\375\303\\\203\"!rz\311\014\000kK3\257"
 173      FDC35C83 
 173      2221727A 
 173      C90C006B 
 173      4B33AF
 174              		.text
 175              		.section	.gnu.lto_.symbol_nodes.75caff82,"",%progbits
 176 0000 789C5DCB 		.ascii	"x\234]\313A\016\202@\014\005\320?\177\204k\220x\022"
 176      410E8240 
 176      0C05D03F 
 176      7F846B90 
 176      7812
ARM GAS  C:\Users\Luczia\AppData\Local\Temp\ccVkGQrf.s 			page 14


 177 0012 3D5987C0 		.ascii	"=Y\207\300\032\215W\230K\030W\232\331\210\012g a\313"
 177      1A8D5798 
 177      4B18579A 
 177      D9880A67 
 177      2061CB
 178 0025 198845CB 		.ascii	"\031\210E\313B\027\315k\376os\000W\035\260\245\000\307"
 178      4217CD6B 
 178      FE6F7300 
 178      571DB0A5 
 178      00C7
 179 0037 1E50CEE5 		.ascii	"\036P\316\345-\344\232=(\356/\313\356D\275\005<\237"
 179      2DE49A3D 
 179      28EE2FCB 
 179      EE44BD05 
 179      3C9F
 180 0049 14AEE5A5 		.ascii	"\024\256\345\245\334\353\371\213\342\177\022\327Q6\237"
 180      DCEBF98B 
 180      E27F12D7 
 180      51369F
 181 0058 040861A7 		.ascii	"\004\010a\247_\016\210\315T,&s4\253\303\327h&s4\253"
 181      5F0E88CD 
 181      542C2673 
 181      34ABC3D7 
 181      68267334 
 182 006d 93F58BBA 		.ascii	"\223\365\213\272\304av\336gH*\336\204\3134\332"
 182      C46176DE 
 182      67482ADE 
 182      84CB34DA 
 183              		.text
 184              		.section	.gnu.lto_.refs.75caff82,"",%progbits
 185 0000 789C0DC3 		.ascii	"x\234\015\303\331\015\000\020\024\000\260\247\037\022"
 185      D90D0010 
 185      1400B0A7 
 185      1F12
 186 000e 23B8D97F 		.ascii	"#\270\331\177I\2324G\304\372K\242\322\350\014&\213\315"
 186      499A3447 
 186      C4FA4BA2 
 186      D2E80C26 
 186      8BCD
 187 0020 E1C60315 		.ascii	"\341\306\003\025\361\001X"
 187      F10158
 188              		.text
 189              		.section	.gnu.lto_.decls.75caff82,"",%progbits
 190 0000 789CCD58 		.ascii	"x\234\315X{P\224\311\265\377\372\353\031\030\206\001"
 190      7B5094C9 
 190      B5FFFAEB 
 190      19188601 
 191 0010 0C501B37 		.ascii	"\014P\0337\353VQ[\304%\225\212<4k\262I%q\201\025\353"
 191      EB56515B 
 191      C425958A 
 191      3C346BB2 
 191      49257181 
 192 0026 9AC81DCC 		.ascii	"\232\310\035\314\346n]\352\316\262\200\273\324E00\246"
 192      E66E5DEA 
 192      CEB280BB 
 192      D4453030 
 192      A6
ARM GAS  C:\Users\Luczia\AppData\Local\Temp\ccVkGQrf.s 			page 15


 193 0037 DCBA7FDC 		.ascii	"\334\272\177\334\217\207\242(\362\222U\236\276W\020"
 193      8F87A228 
 193      F292559E 
 193      BE5710
 194 0046 16DD5544 		.ascii	"\026\335UD@eDAEADE\344\241\200\212\212/\036\212\210"
 194      40654441 
 194      45414445 
 194      E4A1808A 
 194      8A2F1E8A 
 195 005b 2839DDFD 		.ascii	"(9\335\375\015\323\3631T\314\343\217Lq\350\357|\375"
 195      0DD3F331 
 195      54CCE38F 
 195      4C71E8EF 
 195      7CFD
 196 006d EB734E9F 		.ascii	"\353sN\237s\372t\367g'\010B\306\273\202\360_*A\360\020"
 196      73FA74F7 
 196      67270842 
 196      C6BB82F0 
 196      5F2A41F0 
 197 0082 0561127E 		.ascii	"\005a\022~v\360\356\244`\371\251\201\334\221 \374\020"
 197      76F0EEA4 
 197      60F9A981 
 197      DC9120FC 
 197      10
 198 0093 E86DA077 		.ascii	"\350m\240w\200\336\005\202?\341wH\260\372\375\004dh"
 198      80DE0582 
 198      3FE17748 
 198      B0FAFD04 
 198      6468
 199 00a5 A1FD0CC8 		.ascii	"\241\375\014\310\225\214\003\372\001`:\241}\037\250"
 199      958C03FA 
 199      01603AA1 
 199      7D1FA8
 200 00b4 036811F0 		.ascii	"\003h\021\360\263\200n\302\2633P\033\220\010\374%hu"
 200      B3806EC2 
 200      B333501B 
 200      9008FC25 
 200      6875
 201 00c6 D05E263A 		.ascii	"\320^&:\241\275\010-\206\366*\264\032h\233\241u\204"
 201      A1BD082D 
 201      86F62AB4 
 201      1A689BA1 
 201      7584
 202 00d8 B6155AAD 		.ascii	"\266\025Z\255\254\337]\241\237\374\274E&\227\267\201"
 202      ACDF5DA1 
 202      9FFCBC45 
 202      2697B781 
 203 00e8 E84E076C 		.ascii	"\350N\007l\232\2547\0031\2732\201~\013\224%\333\350"
 203      9AAC3703 
 203      31BB3281 
 203      7E0B9425 
 203      DBE8
 204 00fa 06AD0EDA 		.ascii	"\006\255\016\332\030hS\200\376\037h!\320\002\240\237"
 204      18685380 
 204      FE1F6821 
 204      D002A09F 
 205 010a 03FD0AC8 		.ascii	"\003\375\012\310\017\350\003\240_\002\371\002}\010\004"
ARM GAS  C:\Users\Luczia\AppData\Local\Temp\ccVkGQrf.s 			page 16


 205      0FE803A0 
 205      5F02F902 
 205      7D0804
 206 0119 2AA97FDC 		.ascii	"*\251\177\334g\360K\002\000\260lG\273\300t\316\022\330"
 206      67F04B02 
 206      00B06C47 
 206      BBC074CE 
 206      12D8
 207 012b 5CC8FCC9 		.ascii	"\\\310\374\311\334\311\274\311\234\311|\311\\\337D\257"
 207      DCC9BCC9 
 207      9CC97CC9 
 207      5CDF44AF 
 208 013b ADDF7C59 		.ascii	"\255\337|Y\027\231\1776`\336\222q\344\335\333r\034\337"
 208      17997F36 
 208      60DE9271 
 208      E4DDDB72 
 208      1CDF
 209 014d B53176A1 		.ascii	"\2651v\241\310l\377L\346\311\363;6p[0*\315\272\265U"
 209      C86CFF4C 
 209      E6C9F33B 
 209      36705B30 
 209      2ACDBAB5 
 210 0162 75137593 		.ascii	"u\023u\223^4\013!y\326\374\217\360\223\346\037\351g"
 210      5E340B21 
 210      79D6FC8F 
 210      F093E61F 
 210      E967
 211 0174 0011993B 		.ascii	"\000\021\231;\031j\272|\031\013$\012\026\254e\004'\225"
 211      196ABA7C 
 211      190B240A 
 211      16AC6504 
 211      2795
 212 0186 1B8CE84F 		.ascii	"\033\214\350O\240\246\360\266P\313d\363\220E=\232\302"
 212      A0A6F0B6 
 212      50CB64F3 
 212      90453D9A 
 212      C2
 213 0197 98F19C54 		.ascii	"\230\361\234T45\310\246\207\261\354\204\253\0177\225"
 213      3435C8A6 
 213      87B1EC84 
 213      AB0F3795 
 214 01a7 EB7AD00D 		.ascii	"\353z\320\015\200~\012\031\245Y\211\310\333\027\246"
 214      807E0A19 
 214      A55989C8 
 214      DB17A6
 215 01b6 9E7A118B 		.ascii	"\236z\021\213\3649\247\240}\324\005\353\350\363\261"
 215      F439A7A0 
 215      7DD405EB 
 215      E8F3B1
 216 01c5 C207B71C 		.ascii	"\302\007\267\034\347\225I\354\247\331\206\005t\004a"
 216      E79549EC 
 216      A7D98605 
 216      740461
 217 01d4 B3432F25 		.ascii	"\263C/%\037,\300\0331r\325\"\025\260CMy\267\234\201"
 217      1F2CC01B 
 217      3172D522 
 217      15B0434D 
ARM GAS  C:\Users\Luczia\AppData\Local\Temp\ccVkGQrf.s 			page 17


 217      79B79C81 
 218 01e8 75D7220F 		.ascii	"u\327\"\017`\037'\337\351qd\275\263\201m\035\274P(\263"
 218      601F27DF 
 218      E97164BD 
 218      B3816D1D 
 218      BC5028B3 
 219 01fc B380EDDA 		.ascii	"\263\200\355\332\260\256\310\016\377'\325\322}\266\244"
 219      B0AEC80E 
 219      FF27D5D2 
 219      7DB6A4
 220 020b 94C8795F 		.ascii	"\224\310y_\213\310\\\\\340\325\201\207U/\234\330+\202"
 220      8BC85C5C 
 220      E0D58187 
 220      552F9CD8 
 220      2B82
 221 021d 684D1FDE 		.ascii	"hM\037\336c\217?!\317\342\315\353/\273\234\221\326k"
 221      638F3F21 
 221      CFE2CDEB 
 221      2FBB9C91 
 221      D66B
 222 022f BD24254A 		.ascii	"\275$%J;\222$\207 \001U\2419\350(\232#\240\223\310\213"
 222      3B922487 
 222      200155A1 
 222      39E8289A 
 222      23A093C8 
 223 0244 8CA944F3 		.ascii	"\214\251D\363\004t\002^\036\207\227\337\020\333M\027"
 223      0474025E 
 223      1E8797DF 
 223      10DB4D17 
 224 0254 0B7E933B 		.ascii	"\013~\223;,I\036\310\204\264\250\026a\212\001o\275\257"
 224      2C491EC8 
 224      84B4A816 
 224      618A016F 
 224      BDAF
 225 0266 659329D9 		.ascii	"e\223)\331\223\271\313\016\237ETGM\376\235zq&\035\247"
 225      93B9CB0E 
 225      9F455447 
 225      4DFE9D7A 
 225      71261DA7 
 226 027a 67D651FD 		.ascii	"g\326Q\375^\303ZI\022\321)\320Qg\321\001*\231\222\276"
 226      5EC35A49 
 226      12D129D0 
 226      5167D101 
 226      2A9992BE 
 227 028e EAAE0411 		.ascii	"\352\256\004\021\177\313\034\235W\363\264Q\315<\242"
 227      7FCB1C9D 
 227      57F3B451 
 227      CD3CA2
 228 029d 01F64976 		.ascii	"\001\366Iv}\223\210\277c}\375\355I\271v\270\2221\031"
 228      7D9388BF 
 228      637DFDED 
 228      49B976B8 
 228      923119
 229 02b0 AFAE4B76 		.ascii	"\257\256Kv\270\2261iO\306v\252p\003c\216\036\177\344"
 229      B8963169 
 229      4FC676AA 
 229      7003638E 
ARM GAS  C:\Users\Luczia\AppData\Local\Temp\ccVkGQrf.s 			page 18


 229      1E7FE4
 230 02c3 C724CC01 		.ascii	"\307$\314\001\256\272{\310\344\310\002\320\203\200\277"
 230      AEBA7BC8 
 230      E4C802D0 
 230      8380BF
 231 02d2 9EF4BCCD 		.ascii	"\236\364\274\315\011_\240P\207\304\366\321Sj\344\351"
 231      095FA050 
 231      87C4F6D1 
 231      536AE4E9 
 232 02e2 E9E6E9E9 		.ascii	"\351\346\351\351\351\345\351\271\213\314\314t\261\343"
 232      E9E5E9B9 
 232      8BCCCC74 
 232      B1E3
 233 02f0 D73967D6 		.ascii	"\3279g\326I\031a\324\342&\260\270\005\271YfZ\015\377"
 233      491961D4 
 233      E226B0B8 
 233      05B95966 
 233      5A0DFF
 234 0303 04E40BFF 		.ascii	"\004\344\013\377\004\206\037\330\213\245=\263)\270^"
 234      04861FD8 
 234      8BA53DB3 
 234      29B85E
 235 0312 09AEB180 		.ascii	"\011\256\261\2003\21172\200\220J@\027\000p\236\366\021"
 235      33893732 
 235      80904A40 
 235      1700709E 
 235      F611
 236 0324 3878045D 		.ascii	"8x\004]\001\007\266\"O\324\006t\011\3502\320E\240\253"
 236      0107B622 
 236      4FD40674 
 236      09E832D0 
 236      45A0AB
 237 0337 40CDC893 		.ascii	"@\315\310\223\246\027\323\327a\321wV\251\257Ai\\\243"
 237      A617D3D7 
 237      61D17756 
 237      A9AF4169 
 237      5CA3
 238 0349 05DCA804 		.ascii	"\005\334\250\004{+\260}\026\354\031\333\202\253\310"
 238      7B2BB07D 
 238      16EC19DB 
 238      82ABC8
 239 0358 7F39AE0D 		.ascii	"\1779\256\0159\030\262\237\240\0049\244\026\023Gs\354"
 239      3918B29F 
 239      A00439A4 
 239      16134773 
 239      EC
 240 0369 F3245332 		.ascii	"\363$S2\246\262\216\331v\012\223\305\360\255\026\315"
 240      A6B28ED9 
 240      760A93C5 
 240      F0AD16CD 
 241 0379 E76C5AC9 		.ascii	"\347lZ\311\300\020\276Su\271\257\355\361fL3\262\254"
 241      C010BE53 
 241      75B9AFED 
 241      F1664C33 
 241      B2AC
 242 038b F0F89816 		.ascii	"\360\370\230\026\271y\331t-\272\016\036\375{\274+O\353"
 242      B979D974 
ARM GAS  C:\Users\Luczia\AppData\Local\Temp\ccVkGQrf.s 			page 19


 242      2DBA0E1E 
 242      FD7BBC2B 
 242      4FEB
 243 039d 0332AB76 		.ascii	"\0032\253v\030w\315\222\253d\222T}wV\351Cg7Y\337\372"
 243      1877CD92 
 243      AB649254 
 243      7D7756E9 
 243      43673759 
 244 03b3 19F5097F 		.ascii	"\031\365\011\177S\031\311\304\314\206r\007]\352\324"
 244      5319C9C4 
 244      CC867207 
 244      5DEAD4
 245 03c2 6A421DDC 		.ascii	"jB\035\334\264\005\324\211t2\360d\347\231:\235Jd\357"
 245      B405D489 
 245      7432F064 
 245      E7993A9D 
 245      4A64EF
 246 03d5 508C4AE0 		.ascii	"P\214J\340\352\212+\253+\007'\267\3648\341|\352\026"
 246      EA8A2BAB 
 246      2B0727B7 
 246      F438E17C 
 246      EA16
 247 03e7 B4ADF5BB 		.ascii	"\264\255\365\273@-\254\322\2447Z\245d\005&\036>\353"
 247      402DACD2 
 247      A4375AA5 
 247      6405261E 
 247      3EEB
 248 03f9 8477B0D1 		.ascii	"\204w\260\321i[\352\352T\370\033\306\354\316\315LQ\343"
 248      695BEAEA 
 248      54F81BC6 
 248      ECCECD4C 
 248      51E3
 249 040b 52C69464 		.ascii	"R\306\224de\034\324\342o\031c.]\356\254t\325O>7\271"
 249      651CD4E2 
 249      6F19632E 
 249      5DEEAC74 
 249      D54F3E37 
 250 0420 307B4462 		.ascii	"0{Db\302\376k\343\016\370\000\203\356\035\1779HJ\331"
 250      C2FE6BE3 
 250      0EF80083 
 250      EE1D7F39 
 250      484AD9
 251 0433 5C52CA30 		.ascii	"\\R\3120W\310\346\262BV{\376\3347:\\\301bZ\23671\341"
 251      57C8E6B2 
 251      42567BFE 
 251      DC373A5C 
 251      C1625A9E 
 252 044a 62AE3219 		.ascii	"b\2562\031I\222\332K@\267\301\324;\304\376\007`\377"
 252      4992DA4B 
 252      40B7C1D4 
 252      3BC4FE07 
 252      60FF
 253 045c 5CD9FE7B 		.ascii	"\\\331\376{\360\362.W\311\346nM!Uf\000r\350\276%rs\345"
 253      F0F22E57 
 253      C9E66E4D 
 253      21556600 
 253      72E8BE25 
ARM GAS  C:\Users\Luczia\AppData\Local\Temp\ccVkGQrf.s 			page 20


 254 0473 227322B3 		.ascii	"\"s\"\263\263_\213MLGbK\316\310\214:\036\317\254\243"
 254      B35F8B4D 
 254      4C47624B 
 254      CEC88C3A 
 254      1ECFACA3 
 255 0487 DAEF34AD 		.ascii	"\332\3574\255d\217@\307C\213\216\001s%K\034\333uL\203"
 255      648F40C7 
 255      438B8E01 
 255      73254B1C 
 255      DB754C83 
 256 049b CF5125AA 		.ascii	"\317Q%\252\321\342\2126g\004\225\205KOQ\340\002<(\347"
 256      D1E28A36 
 256      67049585 
 256      4B4F51E0 
 256      023C28E7 
 257 04af E608281C 		.ascii	"\346\010(\034\202\324\030\266Z\345O^\370\344\017\337"
 257      82D418B6 
 257      5AE54F5E 
 257      F8E40FDF 
 258 04bf 96A4541D 		.ascii	"\226\244T\035U\367\004\324\221\001Sf*\027\357\300;\271"
 258      55F704D4 
 258      91015366 
 258      2A17EFC0 
 258      3BB9
 259 04d1 92291153 		.ascii	"\222)\021Sp\277M\360mn\361\336\310\327\2224\037\264"
 259      70BF4DF0 
 259      6D6EF1DE 
 259      C8D79234 
 259      1FB4
 260 04e3 5EBC60F5 		.ascii	"^\274`\365\231\272\007\207\265P\021\335\275\230\330"
 260      99BA0787 
 260      B55011DD 
 260      BD98D8
 261 04f2 B67CD7DD 		.ascii	"\266|\327\335I\322Y\037\2726\373@\356(r\237\241\202"
 261      49D2591F 
 261      BA36FB40 
 261      EE28729F 
 261      A182
 262 0504 80D8D17C 		.ascii	"\200\330\321|\347\004j\005\321~kft\026ACr\322\005d\361"
 262      E7046A05 
 262      D17E6B66 
 262      74164143 
 262      72D20564 
 263 0519 0841138F 		.ascii	"\010A\023\217<\007\217<\005\217<\263Z\231\315\371\263"
 263      3C078F3C 
 263      058F3CB3 
 263      5A99CDF9 
 263      B3
 264 052a 13600441 		.ascii	"\023`\004AY\033\215\232\252\263\016;\270\203\320\204"
 264      591B8D9A 
 264      AAB30E3B 
 264      B883D084 
 265 053a 99850A56 		.ascii	"\231\205\012V\022aP\362\251\253\025:\234\252\242)x\347"
 265      126150F2 
 265      A9AB153A 
 265      9CAAA229 
 265      78E7
ARM GAS  C:\Users\Luczia\AppData\Local\Temp\ccVkGQrf.s 			page 21


 266 054c FC81440D 		.ascii	"\374\201D\015\336\314\230\242\246\362\363j\234\305\230"
 266      DECC98A2 
 266      A6F2F36A 
 266      9CC598
 267 055b 9AD2F256 		.ascii	"\232\322\362V\021ocLY\325\340F\204w0f(\345\200\021\357"
 267      116F634C 
 267      59D5E046 
 267      84773066 
 267      28E58011 
 268 0570 63CFF923 		.ascii	"c\317\371#\335\367\035X\372{\001\233\336\262\275S\303"
 268      DDF71D58 
 268      FA7B019B 
 268      DEB2BD53 
 268      C3
 269 0581 1687892C 		.ascii	"\026\207\211,\207\261\235\267\263`\213\243X\335\246"
 269      87B19DB7 
 269      B3608BA3 
 269      58DDA6
 270 0590 96A48B64 		.ascii	"\226\244\213d\323\361$\373\216\027ivI\311I\222\251?"
 270      D3F124FB 
 270      8E176976 
 270      49C94992 
 270      A93F
 271 05a2 4F76F54D 		.ascii	"Ov\365Mp\365+p^\212h\273\0142x\335;\254\304\022\364"
 271      70F52B70 
 271      5E8A68BB 
 271      0C3278DD 
 271      3BACC412 
 272 05b7 0B25DABA 		.ascii	"\013%\332\272\304\022\370\370\217,\360q\333p_\013z\230"
 272      C412F8F8 
 272      8F2CF071 
 272      DB705F0B 
 272      7A98
 273 05c9 43BF54A2 		.ascii	"C\277T\242\033\246\011\257\233c\201\367(\341\325\034"
 273      1BA609AF 
 273      9B6381F7 
 273      28E1D51C 
 274 05d9 DCAA524B 		.ascii	"\334\252RK\342\0344I;\011\236\004~\203\350\205REO\224"
 274      E21C3449 
 274      3B099E04 
 274      7E83E885 
 274      52454F94 
 275 05ed 08B40968 		.ascii	"\010\264\011h-P2P\022P\032\320:\240\365@\033E\363R!"
 275      2D503250 
 275      12501AD0 
 275      3AA0F540 
 275      1B45F352 
 276 0602 DA1B39ED 		.ascii	"\332\0339\3557\224\332\273-S\223\323(\317\225\246\021"
 276      3794DABB 
 276      2D5393D3 
 276      28CF95A6 
 276      11
 277 0613 A0AC372E 		.ascii	"\240\2547.\"\352\006\037\203\3276c\300y\251\225S\014"
 277      22EA061F 
 277      83D73663 
 277      C079A995 
 277      530C
ARM GAS  C:\Users\Luczia\AppData\Local\Temp\ccVkGQrf.s 			page 22


 278 0625 47185B8A 		.ascii	"G\030[\212y/\015pN\235\260\355T\263pXE\257\363\265\014"
 278      792F0D70 
 278      4E9DB0ED 
 278      54B37058 
 278      45AFF3B5 
 279 063a 3E0609DC 		.ascii	">\006\011\334k\333\251\276\362\256hj\032;\254\306\337"
 279      6BDBA9BE 
 279      F2AE686A 
 279      1A3BACC6 
 279      DF
 280 064b D3FC124F 		.ascii	"\323\374\022O\034\331{\334\036y\271\311+\275\300\216"
 280      1CD97BDC 
 280      1E79B9C9 
 280      2BBDC08E 
 281 065b ACF40C18 		.ascii	"\254\364\014\030\274Y\234*Yd\3623D\003\245C\020\376"
 281      BC599C2A 
 281      5964F233 
 281      4403A543 
 281      10FE
 282 066d D180802D 		.ascii	"\321\200\200-\205\345\345C\230\337\3262D~[\313\024u"
 282      85E5E543 
 282      98DFD632 
 282      447E5BCB 
 282      1475
 283 067f B211806D 		.ascii	"\262\021\200mKY\333\341@w6\362\272\013\321\255\355n"
 283      4B59DBE1 
 283      407736F2 
 283      BA0BD1AD 
 283      ED6E
 284 0691 E643C3EC 		.ascii	"\346C\303\354\257\251iI\322,\021}\366\326T!\023P\266"
 284      AFA96949 
 284      D22C117D 
 284      F6D65421 
 284      1350B6
 285 06a4 381BFE67 		.ascii	"8\033\376g\211*&\240w]V\215\372\275\035\222\311D\317"
 285      892A26A0 
 285      775D568D 
 285      FABD1D92 
 285      C944CF
 286 06b7 6D25D5F7 		.ascii	"m%\325\367$I\253\"(Ta)\320\025\344x\216\016Cj\242C\340"
 286      2449AB22 
 286      28546129 
 286      D015E478 
 286      8E0E436A 
 287 06ce 7D016D11 		.ascii	"}\001m\021\337#\207\313\211kG1\256\225\227\366\246\311"
 287      DF2387CB 
 287      896B4731 
 287      AE9597F6 
 287      A6C9
 288 06e0 2DEA19D5 		.ascii	"-\352\031\325~M\325\306\310Z+\022\016w:\311Z[\177\012"
 288      7E4DD5C6 
 288      C85A2B12 
 288      0E773AC9 
 288      5A5B7F0A 
 289 06f4 514A94C8 		.ascii	"QJ\224\310\266\000 \224c\3611<Zk\335J\265\016=Jov\301"
 289      B6002094 
 289      63F1313C 
ARM GAS  C:\Users\Luczia\AppData\Local\Temp\ccVkGQrf.s 			page 23


 289      5A6BDD4A 
 289      B50E3D4A 
 290 070b 1799D6CE 		.ascii	"\027\231\326\316\215;n!\220\264\003$\265U\353\254Dm"
 290      8D3B6E21 
 290      90B40324 
 290      B555EBAC 
 290      446D
 291 071d B388DAA6 		.ascii	"\263\210\332\246\024\225KE]\350\357\376?\334\305$\355"
 291      14954B45 
 291      5DE8EFFE 
 291      3FDCC524 
 291      ED
 292 072e 2FCEBCA2 		.ascii	"/\316\274\242\225%\325-\261\022\224g\021\224\247\024"
 292      9525D52D 
 292      B1129467 
 292      1194A714 
 293 073e 944F0549 		.ascii	"\224O\005I\367j\272\\p?\223\224\276?\365\204\003H\352"
 293      F76ABA5C 
 293      703F9394 
 293      BE3FF584 
 293      0348EA
 294 0751 81EC992C 		.ascii	"\201\354\231,\302'^\365\264$d\270S\037\240\002\213\250"
 294      C2275EF5 
 294      B42464B8 
 294      531FA002 
 294      8BA8
 295 0763 0291DD79 		.ascii	"\002\221\335yP!\025Q_\230p\334\021\037QS\021\215]c\275"
 295      50211551 
 295      5F9870DC 
 295      111F5153 
 295      118D5D63 
 296 0778 F6AC1C4E 		.ascii	"\366\254\034N\220C\367@\332d\227N>\204\273p\207rW\371"
 296      9043F740 
 296      DA64974E 
 296      3E84BB70 
 296      877257F9 
 297 078c 507EF058 		.ascii	"P~\360X\362#\3714c\"\374\306\265\351\033\354q#\0236"
 297      F223F934 
 297      6322FCC6 
 297      B5E91BEC 
 297      71231336 
 298 07a0 52FC7D91 		.ascii	"R\374}\221\206u\026\223\316\373\257\032\036\250\361"
 298      86751693 
 298      CEFBAF1A 
 298      1EA8F1
 299 07af 25D659D6 		.ascii	"%\326Y\326t\246K\276n\255'\235\227\237\267\244hq;\353"
 299      74A64BBE 
 299      6EAD279D 
 299      979FB7A4 
 299      68713BEB 
 300 07c3 9CBC7F7D 		.ascii	"\234\274\177}\267\\\225\007\011\237Z\221\275"
 300      B75C9507 
 300      099F5A91 
 300      BD
 301 07d0 DB05DF64 		.ascii	"\333\005\337d\235\227\373w&\353Xg\013\3417\247\037\372"
 301      9D97FB77 
 301      26EB5867 
ARM GAS  C:\Users\Luczia\AppData\Local\Temp\ccVkGQrf.s 			page 24


 301      0BE137A7 
 301      1FFA
 302 07e2 4E8BFB59 		.ascii	"N\213\373Ygq\177\301f\271\363\027$\340MGo\250\361#\326"
 302      67717FC1 
 302      66B9F317 
 302      24E04D47 
 302      6FA8F123 
 303 07f7 D735DC96 		.ascii	"\3275\334\226\342\210\2372\346\300\304\226}v\370%cR"
 303      E2889F32 
 303      E6C0C496 
 303      7D76F825 
 303      6352
 304 0809 9A9EED13 		.ascii	"\232\236\355\023q\242\035a\034\357\234\271]\216\344"
 304      71A21D61 
 304      1CEF9CB9 
 304      5D8EE4
 305 0818 BB052DF3 		.ascii	"\273\005-\363l\213\274\330\341\223;\234,IY:z\310\334"
 305      6C8BBCD8 
 305      E1933B9C 
 305      2C49593A 
 305      7AC8DC
 306 082b 0D0E3D04 		.ascii	"\015\016=\004\013d\352\024\271K\264:\034\303\210\016"
 306      0B64EA14 
 306      B94BB43A 
 306      1CC3880E 
 307 083b D8F6481D 		.ascii	"\330\366H\035 \360\022%\274X\264}\301\330\001\253y;"
 307      20F01225 
 307      BC58B47D 
 307      C1D801AB 
 307      793B
 308 084d ED3B242F 		.ascii	"\355;$/\345\243\260\224+a\251\036\006\252\000\252\001"
 308      E5A3B094 
 308      2B61A91E 
 308      06AA00AA 
 308      01
 309 085e FA1EE808 		.ascii	"\372\036\350\010P\025\320w@\325Su\225(n\375!9\224\023"
 309      5015D077 
 309      40D55375 
 309      95286EFD 
 309      21399413 
 310 0872 B5E54AB5 		.ascii	"\265\345J\265\325Hi\345\300\024\370[%\270L\344J\033"
 310      D54869E5 
 310      C014F85B 
 310      25B84CE4 
 310      4A1B
 311 0884 C10E7333 		.ascii	"\301\016s3\332\247D\1773\315\001\343o\231E\037P\202"
 311      DAA7447F 
 311      33CD01E3 
 311      6F99451F 
 311      5082
 312 0896 BD15C5FD 		.ascii	"\275\025\305\375\361\327\364RrHY\333i\341\317u\315\226"
 312      F1D7F452 
 312      724859DB 
 312      69E1CF75 
 312      CD96
 313 08a8 486D2792 		.ascii	"Hm'\222\366*%\355Q\0329\376\266\305\310\203J\364N%\272"
 313      F62A25ED 
ARM GAS  C:\Users\Luczia\AppData\Local\Temp\ccVkGQrf.s 			page 25


 313      511A39FE 
 313      B6C5C883 
 313      4AF44E25 
 314 08bd 8E9B52A9 		.ascii	"\216\233R\251\022\275\237\233\022\244I\303\345k\257"
 314      12BD9F9B 
 314      12A449C3 
 314      E56BAF
 315 08cc 5478034D 		.ascii	"Tx\003M\023\361RI\332Sg\345\035\306\034=t\002\202\366"
 315      13F15249 
 315      DA5367E5 
 315      1DC61C3D 
 315      740282F6 
 316 08e0 8F049079 		.ascii	"\217\004\220y\343u\036\255\375\307A\3001\313\302=$\312"
 316      E3751EAD 
 316      FDC741C0 
 316      31CBC23D 
 316      24CA
 317 08f2 97992BA3 		.ascii	"\227\231+\243W\317\251\255/3\266\024\013o\254\025d\236"
 317      57CFA9AD 
 317      2F33B614 
 317      0B6FAC15 
 317      649E
 318 0904 CEA9CFD5 		.ascii	"\316\251\317\325\374x\267\324\002e\250?\17768<\010\325"
 318      FC78B7D4 
 318      0265A83F 
 318      7F36383C 
 318      08D5
 319 0916 829C22A6 		.ascii	"\202\234\"\246\237\313K\362\346\177\340@l\022\177L."
 319      9FCB4BF2 
 319      E67FE040 
 319      6C127F4C 
 319      2E
 320 0927 56C7ABD6 		.ascii	"V\307\253\3269k\345O\013\353\377\346\245\005\235\024"
 320      396BE54F 
 320      0BEBFFE6 
 320      A5059D14 
 321 0937 B530EA48 		.ascii	"\2650\352H\377\271\006-[\246\022Y\375\246\206M\217\020"
 321      FFB9062D 
 321      5BA61259 
 321      FDA6864D 
 321      8F10
 322 0949 DE4A3D8B 		.ascii	"\336J=\213\326\367\246\\\226;\307\010_\371\270\264\322"
 322      D6F7A65C 
 322      963BC708 
 322      5FF9B8B4 
 322      D2
 323 095a 493E94D1 		.ascii	"I>\224\321\352P\367\274\335\011\0272p\346\340p\266\035"
 323      EA50F7BC 
 323      DD091732 
 323      70E6E070 
 323      B61D
 324 096c D12FC9BB 		.ascii	"\321/\311\273\026\214\262lZgD8\341C\262!\037z_\252\254"
 324      168CB26C 
 324      5A674438 
 324      E143B221 
 324      1F7A5FAA 
 325 0981 D8FD44E3 		.ascii	"\330\375D\343\232!G\354w*v\367\207\231\261M\374\254"
ARM GAS  C:\Users\Luczia\AppData\Local\Temp\ccVkGQrf.s 			page 26


 325      9A2147EC 
 325      772A76F7 
 325      8799B14D 
 325      FCAC
 326 0993 E86A1E43 		.ascii	"\350j\036C\320[\253\372\006\235\361>Y\317\251g#\216"
 326      D05BABFA 
 326      069DF13E 
 326      59CFA967 
 326      238E
 327 09a5 B894315D 		.ascii	"\270\2241]\273\266\354U1\013\357\321\255sb\"Y\205\017"
 327      BBB6EC55 
 327      310BEFD1 
 327      AD736222 
 327      59850F
 328 09b8 B2CEC49A 		.ascii	"\262\316\304\232\353\231\362\215\252\207^\270\022\263"
 328      EB99F28D 
 328      AA875EB8 
 328      12B3
 329 09c6 F7D8E16A 		.ascii	"\367\330\341j\326\371\362\361\276A;|\2321\225\2759\265"
 329      D6F9F2F1 
 329      BE413B7C 
 329      9A3195BD 
 329      39B5
 330 09d8 72996BA7 		.ascii	"r\231k\247w\344\221\202!\035nf\235k\367\\\331d\217\333"
 330      77E49182 
 330      211D6E66 
 330      9D6BF75C 
 330      D9648FDB 
 331 09ec 1933D299 		.ascii	"\0313\322\231\326\240\303}\2149}\366\326e\015~\310\230"
 331      D6A0C37D 
 331      8C397DF6 
 331      D6650D7E 
 331      C898
 332 09fe 8DF5150D 		.ascii	"\215\365\025\015r\035=K\370\204{\007S0\036\225\025\310"
 332      721D3D4B 
 332      F8847B07 
 332      53301E95 
 332      15C8
 333 0a10 9E73953D 		.ascii	"\236s\225=7\324r*\325\001K\366\264\263iC\026\354t\353"
 333      37D4722A 
 333      D5014BF6 
 333      B4B36943 
 333      16EC74EB 
 334 0a24 1933993F 		.ascii	"\0313\231?X\250\303\031\2149\266{m\211\006\3471\246"
 334      58A8C319 
 334      8C39B67B 
 334      6D8906E7 
 334      31A6
 335 0a36 A6F25883 		.ascii	"\246\362X\203\374a\307\207\234\276\233\323\272tx\027"
 335      FC61C787 
 335      9CBE9BD3 
 335      BA747817 
 336 0a46 EB2BBF97 		.ascii	"\353+\277\227b\262\307\373\345QM/\312\234\361\3672\323"
 336      62B2C7FB 
 336      E5514D2F 
 336      CA9CF1F7 
 336      32D3
ARM GAS  C:\Users\Luczia\AppData\Local\Temp\ccVkGQrf.s 			page 27


 337 0a58 59E18D8F 		.ascii	"Y\341\215\217\261\347\235\367\252\262]p=cz\273\357\246"
 337      B1E79DF7 
 337      AAB25D70 
 337      3D637ABB 
 337      EFA6
 338 0a6a 3AE366C6 		.ascii	":\343f\306\254\253\3159\356\200\333\031s\272\007\316"
 338      ACABCD39 
 338      EE80DB19 
 338      73BA07CE 
 339 0a7a 80BDECF9 		.ascii	"\200\275\354\371A\252\351\272\210\007\030SR\225\326"
 339      41AAE9BA 
 339      88071853 
 339      5295D6
 340 0a89 ABC6238C 		.ascii	"\253\306#\214\271U\231<\252\302\317\031S:Q\324\342\200"
 340      B955993C 
 340      AAC2CF19 
 340      533A51D4 
 340      E280
 341 0a9b 2718D352 		.ascii	"'\030\323R\335s\307\031'k\330\366R\334\335o/\347\014"
 341      DD73C719 
 341      276BD8F6 
 341      52DCDD6F 
 341      2FE70C
 342 0aae F91EB5E7 		.ascii	"\371\036\265\347h\017\234\334Rh\247\307\221g[ \220\236"
 342      680F9CDC 
 342      5268A7C7 
 342      91675B20 
 342      909E
 343 0ac0 D37EB4E2 		.ascii	"\323~\264\342\263\223\375\324\341\376Z\252\372\345\241"
 343      B393FDD4 
 343      E1FE5AAA 
 343      FAE5A1
 344 0acf 3D971248 		.ascii	"=\227\022H%#\347?\270S\240\327\374\201\256\305\252\242"
 344      2523E73F 
 344      B853A0D7 
 344      FC81AEC5 
 344      AAA2
 345 0ae1 C0CD6BB8 		.ascii	"\300\315k\270\020[\276\241\364)\341\325\323N\227\035"
 345      105BBEA1 
 345      F429E1D5 
 345      D34E971D 
 346 0af1 663C117F 		.ascii	"f<\021\177G\211\237v\302\257\343\341\367\224p\357i5"
 346      47899F76 
 346      C2AFE3E1 
 346      F79470EF 
 346      6935
 347 0b03 783B6605 		.ascii	"x;f\005\016\222\033]\220\341\346\224G\347E\245\364\""
 347      0E921B5D 
 347      90E1E694 
 347      47E745A5 
 347      F422
 348 0b15 4E7A8F52 		.ascii	"Nz\217R\372\364\243\3618\217oW\342\257\211\323\360\274"
 348      FAF4A3F1 
 348      388F6F57 
 348      E2AF89D3 
 348      F0BC
 349 0b27 F5BDB6E5 		.ascii	"\365\275\266\345\363\325\231\267\276Mi\375Ue1o-\346"
ARM GAS  C:\Users\Luczia\AppData\Local\Temp\ccVkGQrf.s 			page 28


 349      F3D599B7 
 349      BE4D69FD 
 349      5565316F 
 349      2DE6
 350 0b39 E00D4AF8 		.ascii	"\340\015J\370i\345d\307\0138c\356\333t%\177Q/\342\342"
 350      69E564C7 
 350      0B3863EE 
 350      DB74257F 
 350      512FE2E2 
 351 0b4d DAA14497 		.ascii	"\332\241D\227M\333\375\032\2138cn*\215\231T\306\265"
 351      4DDBFD1A 
 351      8B38636E 
 351      2A8D9954 
 351      C6B5
 352 0b5f 95F74CBF 		.ascii	"\225\367L\277R\374\364\253\333\000\217\277e;\3158\361"
 352      52FCF4AB 
 352      DB008FBF 
 352      653BCD38 
 352      F1
 353 0b70 1D7CA0BA 		.ascii	"\035|\240\272\225\360\256i\201\352\343\361\235\266g"
 353      95F0AE69 
 353      81EAE3F1 
 353      9DB667
 354 0b7f CBE74D31 		.ascii	"\313\347M1\007oT\302g:\354\014\2007\330\261\341\265"
 354      076F54C2 
 354      673AEC0C 
 354      8037D8B1 
 354      E1B5
 355 0b91 BC572663 		.ascii	"\274W&c/4\012;\323\023rw\301\236\350\005\264\217\201"
 355      2F340A3B 
 355      D3137277 
 355      C19EE805 
 355      B48F81
 356 0ba4 24781E87 		.ascii	"$x\036\207\366\021\320\010\320\020\320\030P\012\274"
 356      F611D008 
 356      D010D018 
 356      500ABC
 357 0bb3 7F09ED04 		.ascii	"\177\011\355\004\320sr\247\001~\030\332\247@\223@\251"
 357      D07372A7 
 357      017E18DA 
 357      A7409340 
 357      A9
 358 0bc4 C03F8436 		.ascii	"\300?\2046\001\332$\240\265@\203\300\277\"w\037x~\006"
 358      01DA24A0 
 358      B54083C0 
 358      BF22771F 
 358      787E06
 359 0bd7 ED0668D7 		.ascii	"\355\006h\327a\253\213\351vn6W\224\263\331\257\234|"
 359      61AB8BE9 
 359      766E3657 
 359      94B3D9AF 
 359      9C7C
 360 0be9 1F1F8ADB 		.ascii	"\037\037\212\333\266W0\377\325\264o;\227I\227l\027\024"
 360      B65730FF 
 360      D5B46F3B 
 360      9749976C 
 360      1714
ARM GAS  C:\Users\Luczia\AppData\Local\Temp\ccVkGQrf.s 			page 29


 361 0bfb 3E168DBC 		.ascii	">\026\215\274\374\273\266S\2033g\200\267\376\242\022"
 361      FCBBB653 
 361      83336780 
 361      B7FEA212 
 362 0c0b DE64B15E 		.ascii	"\336d\261^>z\025\340\\I\232EP\323\357\325\243\333q\311"
 362      3E7A15E0 
 362      5C499A45 
 362      50D3EFD5 
 362      A3DB71C9 
 363 0c1f 61498233 		.ascii	"aI\2023\017\021\326l[\230U\336\360\211\360@\211\257"
 363      0F11D66C 
 363      5B9855DE 
 363      F089F040 
 363      89AF
 364 0c31 9B866FE5 		.ascii	"\233\206o\345\363\354\206\355\274\344\277o\360\360\353"
 364      F3EC86ED 
 364      BCE4BF6F 
 364      F0F0EB
 365 0c40 B6EB0D9F 		.ascii	"\266\353\015\237\365\2745\247l[\303\257A\336s\227m\307"
 365      F5BC35A7 
 365      6C5BC3AF 
 365      41DE7397 
 365      6DC7
 366 0c52 DD2A30BC 		.ascii	"\335*0\274\370s\266\263~\352\364\370\254\254\254\333"
 366      F873B6B3 
 366      7EEAF4F8 
 366      ACACACDB 
 367 0c62 1137D12D 		.ascii	"\0217\321-H\354}^\225/*O\217\346\345\2006\303*\370w"
 367      48EC7D5E 
 367      952F2A4F 
 367      8FE6E580 
 367      36C32AF8 
 368 0c77 59117292 		.ascii	"Y\021r\222\024c\362\201\016\245a7\264\011O\035I_\233"
 368      1463F281 
 368      0EA56137 
 368      B4094F1D 
 368      495F9B
 369 0c8a 8FA4B56D 		.ascii	"\217\244\265m\027\332\354\371\217\007\004h9\207\245"
 369      17DAECF9 
 369      8F070468 
 369      3987A5
 370 0c99 63FA4D9C 		.ascii	"c\372M\234\264\344\243[\363\360I\253/\015\344\332o\001"
 370      B4E4A35B 
 370      F3F049AB 
 370      2F0DE4DA 
 370      6F01
 371 0cab 67C8E00C 		.ascii	"g\310\340\014\012\356\314~T\346\304\203k\255?K\310\340"
 371      0AEECC7E 
 371      54E6C483 
 371      6BAD3F4B 
 371      C8E0
 372 0cbd 4C0ABE72 		.ascii	"L\012\276r7\361\234\203\355\317\374\302\233\177\343"
 372      37F19C83 
 372      EDCFFCC2 
 372      9B7FE3
 373 0ccc 4759D80D 		.ascii	"GY\330\015\204m\237x\231\353\314k\376\332\312\314lY"
 373      846D9F78 
ARM GAS  C:\Users\Luczia\AppData\Local\Temp\ccVkGQrf.s 			page 30


 373      99EBCC6B 
 373      FEDACACC 
 373      6C59
 374 0cde 33691DBE 		.ascii	"3i\035\276X\025\025k\210\212\2112\376j\336<o\370\013"
 374      5815156B 
 374      888A8932 
 374      FE6ADE3C 
 374      6FF80B
 375 0cf1 FF32EAF3 		.ascii	"\3772\352\363\250\330x\337_\372z\307\306{\177\031\026"
 375      A8D878DF 
 375      5FFA7AC7 
 375      C67B7F19 
 375      16
 376 0d02 EDFD796C 		.ascii	"\355\375ylX\\D\274w\310rC\310\362\337\317\367\373x\201"
 376      585C44BC 
 376      77C87243 
 376      C8F2DFCF 
 376      F7FB7881 
 377 0d16 21604988 		.ascii	"!`I\210\377\262O\002\365\237\262\276y\341\232\305\177"
 377      FFB24F02 
 377      F59FB2BE 
 377      79E19AC5 
 377      7F
 378 0d27 F8A387BF 		.ascii	"\370\243\207\277\257\257\240\012[\021\027\2555\030V"
 378      AFAFA00A 
 378      5B1117AD 
 378      351856
 379 0d36 47C518E7 		.ascii	"G\305\030\347\373\031\214+\302?\014\245\022\343\215"
 379      FB198C2B 
 379      C23F0CA5 
 379      12E38D
 380 0d45 AB23A262 		.ascii	"\253#\242bC\215\261\261\321\361\241_\304\254\366\240"
 380      438DB1B1 
 380      D1F1A15F 
 380      C4ACF6A0 
 381 0d55 4F1E6171 		.ascii	"O\036aq+=\"W~\036\031\021\021\031\021\272p\236\217\207"
 381      2B3D2257 
 381      7E1E1911 
 381      111911BA 
 381      709E8F87 
 382 0d69 9F8FEFC2 		.ascii	"\237\217\357\302?/\010\205\367?\213\211\215\211\374"
 382      3F2F0885 
 382      F73F8B89 
 382      8D89FC
 383 0d78 5964D8E7 		.ascii	"Yd\330\347Q\241Q1\341\321\253#\"CW\206\201\254\230\310"
 383      51A15131 
 383      E1D1AB23 
 383      22435786 
 383      81AC98C8 
 384 0d8c 504344E4 		.ascii	"PCD\344\212\260\325\321F\203\361\253U\221\361\363\276"
 384      8AB0D5D1 
 384      4683F1AB 
 384      5591F1F3 
 384      BE
 385 0d9d 1434667D 		.ascii	"\0244f}\377\375/\325\027\377U|\250!\336\030\001\302"
 385      FFFD2FD5 
 385      17FF557C 
ARM GAS  C:\Users\Luczia\AppData\Local\Temp\ccVkGQrf.s 			page 31


 385      A821DE18 
 385      01C2
 386 0daf 41098E8D 		.ascii	"A\011\216\215\210S\257Z\275*\"\316>6~UddD\234],1 N\275"
 386      8853AF5A 
 386      BD2A22CE 
 386      3E367E55 
 386      6464449C 
 387 0dc9 32362232 		.ascii	"26\"2\216L\375\313_\377\023N\024t4\026\361\221\306\325"
 387      8E4CFDCB 
 387      5FFF134E 
 387      14743416 
 387      F191C6D5 
 388 0ddd AB0C46D5 		.ascii	"\253\014F\325\242\217\365K\325K\227\371\377\207^\365"
 388      A28FF54B 
 388      D54B97F9 
 388      FF875EF5 
 389 0ded 51885E8F 		.ascii	"Q\210^\217\376\204\202\324\341\321\221aq\262{}?0\030"
 389      FE8482D4 
 389      E1D19161 
 389      71B27B7D 
 389      3F3018
 390 0e00 35E6070C 		.ascii	"5\346\007\014\243f\324\275*6\316HT\203^\357\245K\003"
 390      A366D4BD 
 390      2A36CE48 
 390      54835EEF 
 390      A54B03
 391 0e13 BC17072F 		.ascii	"\274\027\007/Y\366\027?\357x\343Jp\031\321I&\267,@\217"
 391      59F6173F 
 391      EF78E34A 
 391      7019D149 
 391      26B72C40 
 392 0e28 9704E8D5 		.ascii	"\227\004\350\325\301\177\014\016\320\333/\013\011\016"
 392      C17F0C0E 
 392      D0DB2F0B 
 392      090E
 393 0e36 0C0CD0DB 		.ascii	"\014\014\320\333-[\376ip\240^\375\373e\001\201zbQ\220"
 393      2D5BFE69 
 393      70A05EFD 
 393      FB650181 
 393      7A625190 
 394 0e4a CE32CA60 		.ascii	"\3162\312`t\341\030\222B:\203\001\354\213\376\2122\016"
 394      74E11892 
 394      423A8301 
 394      EC8BFE8A 
 394      320E
 395 0e5c 745A4BE0 		.ascii	"tZK\340i\026\203\205G\307\206\377/\355\372\315\233X"
 395      69168385 
 395      47C786FF 
 395      2FEDFACD 
 395      9B58
 396 0e6e 2AFB69CD 		.ascii	"*\373i\315\032\322c\210\216\216\240\321\366\005[\335"
 396      1AD26388 
 396      8E8EA0D1 
 396      F6055BDD 
 397 0e7e A842730E 		.ascii	"\250Bs\016\204\307\306\254\210\372\302.8( \314\030f"
 397      84C7C6AC 
 397      88FAC22E 
ARM GAS  C:\Users\Luczia\AppData\Local\Temp\ccVkGQrf.s 			page 32


 397      382820CC 
 397      1866
 398 0e90 17BC9835 		.ascii	"\027\274\2305\037\263&\2205\001\254\361g\315G\254Y\304"
 398      1FB32690 
 398      3501ACF1 
 398      67CD47AC 
 398      59C4
 399 0ea2 9A25A471 		.ascii	"\232%\244q\242\"\231(\203Q\035\022\342\277X\357\240"
 399      A2229928 
 399      83511D12 
 399      E2BF58EF 
 399      A0
 400 0eb3 0F0C09D4 		.ascii	"\017\014\011\324\177\022\030\360\001\366\017\201 \004"
 400      7F1218F0 
 400      01F60F81 
 400      2004
 401 0ec1 F85B5EFD 		.ascii	"\370[^\375\334aQ\360G~K\203\003\377\240'O\276\354\311"
 401      DC6151F0 
 401      477E4B83 
 401      03FFA027 
 401      4FBEECC9 
 402 0ed5 DCBBC061 		.ascii	"\334\273\300aQ\320G\363\345\336\240)\\\220\0227\337"
 402      51D047F3 
 402      E5DEA029 
 402      5C901237 
 402      DF
 403 0ee6 9E488137 		.ascii	"\236H\2017\244\365\345{\374\354\211\004\332\023$#\202"
 403      A4F5E57B 
 403      FCEC8904 
 403      DA132423 
 403      82
 404 0ef7 AC11BE1A 		.ascii	"\254\021\276\0322V\037\262\\O\036|\311\303T\237\217"
 404      32561FB2 
 404      5C4F1E7C 
 404      C9C3549F 
 404      8F
 405 0f08 868C667D 		.ascii	"\206\214f}AfP\020\003a\377%z\225\377\307\213\365\366"
 405      41665010 
 405      0361FF25 
 405      7A95FFC7 
 405      8BF5F6
 406 0f1b C14B9792 		.ascii	"\301K\227\222V\364\327k\341q\211_\010\341>\264\025\232"
 406      56F4D76B 
 406      E171895F 
 406      08E13EB4 
 406      159A
 407 0f2d F0D8952B 		.ascii	"\360\330\225+cc\274#\327\030!*\\`h\\W,\360Y\270f\015"
 407      6363BC23 
 407      D718212A 
 407      5C60685C 
 407      572CF059 
 408 0f44 84C551EF 		.ascii	"\204\305Q\357\357oX\0161\012\210\\\361Wt\003\251I"
 408      EF6F580E 
 408      310A885C 
 408      F1577403 
 408      A949
 409              		.text
ARM GAS  C:\Users\Luczia\AppData\Local\Temp\ccVkGQrf.s 			page 33


 410              		.section	.gnu.lto_.symtab.75caff82,"",%progbits
 411 0000 5F5F6561 		.ascii	"__early_init\000"
 411      726C795F 
 411      696E6974 
 411      00
 412 000d 00       		.ascii	"\000"
 413 000e 00       		.ascii	"\000"
 414 000f 00       		.ascii	"\000"
 415 0010 00000000 		.ascii	"\000\000\000\000\000\000\000\000"
 415      00000000 
 416 0018 19010000 		.ascii	"\031\001\000\000"
 417 001c 626F6172 		.ascii	"boardInit\000"
 417      64496E69 
 417      7400
 418 0026 00       		.ascii	"\000"
 419 0027 00       		.ascii	"\000"
 420 0028 00       		.ascii	"\000"
 421 0029 00000000 		.ascii	"\000\000\000\000\000\000\000\000"
 421      00000000 
 422 0031 1B010000 		.ascii	"\033\001\000\000"
 423 0035 73746D33 		.ascii	"stm32_clock_init\000"
 423      325F636C 
 423      6F636B5F 
 423      696E6974 
 423      00
 424 0046 00       		.ascii	"\000"
 425 0047 02       		.ascii	"\002"
 426 0048 00       		.ascii	"\000"
 427 0049 00000000 		.ascii	"\000\000\000\000\000\000\000\000"
 427      00000000 
 428 0051 1D010000 		.ascii	"\035\001\000\000"
 429              		.text
 430              		.section	.gnu.lto_.opts,"",%progbits
 431 0000 272D666D 		.ascii	"'-fmath-errno' '-fsigned-zeros' '-ftrapping-math' '"
 431      6174682D 
 431      6572726E 
 431      6F272027 
 431      2D667369 
 432 0033 2D666E6F 		.ascii	"-fno-trapv' '-fno-strict-overflow' '-fno-openmp' '-"
 432      2D747261 
 432      70762720 
 432      272D666E 
 432      6F2D7374 
 433 0066 666E6F2D 		.ascii	"fno-openacc' '-mcpu=cortex-m4' '-mthumb' '-O0' '-fo"
 433      6F70656E 
 433      61636327 
 433      20272D6D 
 433      6370753D 
 434 0099 6D69742D 		.ascii	"mit-frame-pointer' '-falign-functions=16' '-ffuncti"
 434      6672616D 
 434      652D706F 
 434      696E7465 
 434      72272027 
 435 00cc 6F6E2D73 		.ascii	"on-sections' '-fdata-sections' '-fno-common' '-flto"
 435      65637469 
 435      6F6E7327 
 435      20272D66 
ARM GAS  C:\Users\Luczia\AppData\Local\Temp\ccVkGQrf.s 			page 34


 435      64617461 
 436 00ff 2700     		.ascii	"'\000"
 437              		.text
 438              		.comm	__gnu_lto_v1,1,1
 439              		.comm	__gnu_lto_slim,1,1
 440              		.ident	"GCC: (GNU Tools for Arm Embedded Processors 7-2017-q4-major) 7.2.1 20170904 (release) [ARM
ARM GAS  C:\Users\Luczia\AppData\Local\Temp\ccVkGQrf.s 			page 35


DEFINED SYMBOLS
                            *ABS*:00000000 board.c
                            *COM*:00000001 __gnu_lto_v1
                            *COM*:00000001 __gnu_lto_slim

NO UNDEFINED SYMBOLS
