ARM GAS  C:\Users\Luczia\AppData\Local\Temp\ccEoXtZ5.s 			page 1


   1              		.cpu cortex-m4
   2              		.eabi_attribute 20, 1
   3              		.eabi_attribute 21, 1
   4              		.eabi_attribute 23, 3
   5              		.eabi_attribute 24, 1
   6              		.eabi_attribute 25, 1
   7              		.eabi_attribute 26, 1
   8              		.eabi_attribute 30, 6
   9              		.eabi_attribute 34, 1
  10              		.eabi_attribute 18, 4
  11              		.file	"hal_st.c"
  12              		.section	.gnu.lto_.inline.4cdbedcb,"",%progbits
  13 0000 789C6D8D 		.ascii	"x\234m\215\315\021@0\020F\237deB\322\203\023G%(AmJP"
  13      CD114030 
  13      10469F64 
  13      6542D283 
  13      13472528 
  14 0018 8A921C14 		.ascii	"\212\222\034\024`\231\021L\262\227\235}\373\3758\340"
  14      6099114C 
  14      B2979D7D 
  14      FBFD38E0 
  15 0028 E09D165C 		.ascii	"\340\235\026\\\015\306/3\202\271P\205X%\262\217\017"
  15      0DC62F33 
  15      82B95085 
  15      5825B28F 
  15      0F
  16 0039 3119B119 		.ascii	"1\031\261\031\221,\247F\242\022\263v)Y\333p\204^\261"
  16      912CA746 
  16      A212B376 
  16      2959DB70 
  16      845EB1
  17 004c DBA6141F 		.ascii	"\333\246\024\037\364\265\314\367\272\017|\331\332\020"
  17      F4B5CCF7 
  17      BA0F7CD9 
  17      DA10
  18 005a 877F476E 		.ascii	"\207\177Gn\015E\015\037\005'\315\322\0165"
  18      0D450D1F 
  18      0527CDD2 
  18      0E35
  19              		.text
  20              		.section	.gnu.lto_st_lld_start_alarm.4cdbedcb,"",%progbits
  21 0000 789C8D91 		.ascii	"x\234\215\221\317k\023A\024\307\347;o\177`\240z\362"
  21      CF6B1341 
  21      14C7E73B 
  21      6F7F60A0 
  21      7AF2
  22 0012 96430F42 		.ascii	"\226C\017B\251\207\014\253\027E\360 ^\304\366\324\336"
  22      A9870CAB 
  22      1745F020 
  22      5EC4F6D4 
  22      DE
  23 0023 8BBF2081 		.ascii	"\213\277 \201H\304\004\217v\032*m\265G\0331,u/\326\212"
  23      48C4048F 
  23      761A2A6D 
  23      B5471B31 
  23      2C752FD6 
  24 0038 96AA5563 		.ascii	"\226\252Uck\324u\025i\325\372\353\340\037\240\264J\017"
ARM GAS  C:\Users\Luczia\AppData\Local\Temp\ccEoXtZ5.s 			page 2


  24      6BD47515 
  24      69D5FAEB 
  24      E01FA0B4 
  24      4A0F
  25 004a 452128A2 		.ascii	"E!(\242D\337L\010x\260\340cwv\337\276\357{\237\357\354"
  25      44DF4C08 
  25      78B0E063 
  25      7776DFBE 
  25      EF7B9FEF 
  26 005f 7842889C 		.ascii	"xB\210\234\024b\037?\267\362-H\200SH\200\023\210A\211"
  26      14621F3F 
  26      B7F22D48 
  26      80534880 
  26      13884189 
  27 0073 418CD379 		.ascii	"A\214\323yB2\262:/\273\257h\216\370B3u]\277\321\024"
  27      4232B23A 
  27      2FBBAF68 
  27      8EF84233 
  27      755DBFD1 
  28 0088 92101512 		.ascii	"\222\020\025\02260\207n\226\275\035\276\021\3229\256"
  28      3630876E 
  28      96BD1DBE 
  28      11D239AE 
  29 0098 000EA75F 		.ascii	"\000\016\247_\227\253\0377\233T\242\223\323\261\370"
  29      97AB1F37 
  29      9B54A293 
  29      D3B1F8
  30 00a7 ECD314ED 		.ascii	"\354\323\024\355\205\340\367\237\337>]\333\322uY\353"
  30      85E0F79F 
  30      DF3E5DDB 
  30      D27559EB 
  31 00b7 B28E5F4E 		.ascii	"\262\216_N\221\336\026\022\341.\210\007\342\016\322"
  31      91DE1612 
  31      E12E8807 
  31      E20ED2
  32 00c6 B88DB4E0 		.ascii	"\270\215\264\340O\0025t\031\375\207\233\315\211\016"
  32      4F023574 
  32      19FD879B 
  32      CD890E
  33 00d5 CF690171 		.ascii	"\317i\001q\017\2360\026g\337\271\261n\376\036\321\361"
  33      0F9E3016 
  33      67DFB9B1 
  33      6EFE1ED1 
  33      F1
  34 00e6 AF295C3C 		.ascii	"\257)\\<\270\011\334\343H\263\220Y\\\330v1j]\216\021"
  34      B809DCE3 
  34      48B39059 
  34      5CD87631 
  34      6A5D8E11 
  35 00fa EF8DD650 		.ascii	"\357\215\326Pn|^Z\361\315\214*\201G\277\232\371\376"
  35      6E7C5E5A 
  35      F1CD8C2A 
  35      8147BF9A 
  35      F9FE
  36 010c 25655C3A 		.ascii	"%e\\:0\373s0\317\3545$\325\245]F\304\212\312\231\344"
  36      30FB7330 
  36      CFEC3524 
ARM GAS  C:\Users\Luczia\AppData\Local\Temp\ccEoXtZ5.s 			page 3


  36      D5A55D46 
  36      C48ACA99 
  37 0121 B5DF5218 		.ascii	"\265\337R\030/\365d\371\231\027ar\210\325\321i\006\271"
  37      2FF564F9 
  37      99176172 
  37      88D5D169 
  37      06B9
  38 0133 3C080BDC 		.ascii	"<\010\013\334e\252\357k\013\265\0165\243\207\207tgH"
  38      65AAEF6B 
  38      0BB50E35 
  38      A3878774 
  38      6748
  39 0145 1EEE23C2 		.ascii	"\036\356#\302\2045\300\305\351\365\037\213~0k\212\321"
  39      8435C0C5 
  39      E9F51F8B 
  39      7E306B8A 
  39      D1
  40 0156 2D84E4A3 		.ascii	"-\204\344\243\016\205\355i\373\017\037 \250\222+\254"
  40      0E85ED69 
  40      FB0F1F20 
  40      A8922BAC 
  41 0166 C3E76D87 		.ascii	"\303\347m\207\262m\247\261\330\266\363/\276\334\200"
  41      B26DA7B1 
  41      D8B6F32F 
  41      BEDC80
  42 0175 EFE3A1E5 		.ascii	"\357\343\241\345\333\003}\004\365\367n|\010\304vx\271"
  42      DB037D04 
  42      F5F76E7C 
  42      08C47678 
  42      B9
  43 0186 31FDC26D 		.ascii	"1\375\302m\361\350\377x\264!\357\261\345I\303K,\257"
  43      F1E8FF78 
  43      B421EFB1 
  43      E549C34B 
  43      2CAF
  44 0198 7E69FC6A 		.ascii	"~i\374j\252\305\223x\302]\353(Gs\025\330S41j\334q\303"
  44      AAC59378 
  44      C25DEB28 
  44      477315D8 
  44      5334316A 
  45 01af 9E4C46F1 		.ascii	"\236LF\361u$\233;\234+\024\203\335\201*\024U\366P^\235"
  45      75249B3B 
  45      9C2B1483 
  45      DD812A14 
  45      55F6505E 
  46 01c4 289C2C15 		.ascii	"(\234,\025U_\177\357\316\035\252\247g\277\352?\320{"
  46      555F7FEF 
  46      CE1DAAA7 
  46      67BFEA3F 
  46      D07B
  47 01d6 2A309581 		.ascii	"*0\225\201bi \237?\232\311\012\247\224;~\354\017\033"
  47      6269209F 
  47      3F9AC90A 
  47      A7943B7E 
  47      EC0F1B
  48 01e9 F6D683   		.ascii	"\366\326\203"
  49              		.text
ARM GAS  C:\Users\Luczia\AppData\Local\Temp\ccEoXtZ5.s 			page 4


  50              		.section	.gnu.lto_st_lld_stop_alarm.4cdbedcb,"",%progbits
  51 0000 789C4D4F 		.ascii	"x\234MO=HBQ\024>\337\273\257'\024BK[C\253\313\273XS"
  51      3D484251 
  51      143EDFBB 
  51      AF271442 
  51      4B5B43AB 
  52 0018 445B4BA4 		.ascii	"D[K\244S\356\322\317\360\004\301\350Ic^\245\320\250"
  52      53EED2CF 
  52      F004C1E8 
  52      49635EA5 
  52      D0A8
  53 002a 310D42E2 		.ascii	"1\015B\342-\321\222DT\232Q o\210\226~hhk\211\212p\210"
  53      2DD19244 
  53      549A5120 
  53      6F88967E 
  53      68686B89 
  54 0041 06A121B0 		.ascii	"\006\241!\260\316}.\035\356\341\3009\337\337\265\210"
  54      CE7D2E1D 
  54      EEE1C039 
  54      DFDFB588 
  55 0051 68104493 		.ascii	"h\020D\223<\207\270I\020\014\342\006/\011\2243\220\303"
  55      3C87B849 
  55      100CE206 
  55      2F099433 
  55      90C3
  56 0063 96D816F0 		.ascii	"\226\330\026\360\213\357M#r\240\270Z;\365\201C\365\240"
  56      8BEF4D23 
  56      72A0B85A 
  56      3BF58143 
  56      F5A0
  57 0075 44551055 		.ascii	"DU\020U\004\005\205\023D\210q/\307\335r\3302{{\234\302"
  57      04058513 
  57      4488712F 
  57      C7DD72D8 
  57      327B7B9C 
  58 008a 22AD74F4 		.ascii	"\"\255t\364\330\327R\335\337\242j\275\356\343j\306\004"
  58      D8D752DD 
  58      DFA26ABD 
  58      EEE36AC6 
  58      04
  59 009b 5505EF4B 		.ascii	"U\005\357K\001yC\260\245h\243\320\371x~\013i\316\256"
  59      017943B0 
  59      A568A3D0 
  59      F9787E0B 
  59      69CEAE
  60 00ae 004BDDD5 		.ascii	"\000K\335\325\276\277\3727\331\005\320\266&\3160Lm\370"
  60      BEBFFA37 
  60      D905D0B6 
  60      26CE304C 
  60      6DF8
  61 00c0 9D1B5B83 		.ascii	"\235\033[\203\030QY\367\357C=\204\366\276\364o\257-"
  61      185159F7 
  61      EF433D84 
  61      F6BEF46F 
  61      AF2D
  62 00d2 0F7B7946 		.ascii	"\017{yF{\253la\260\020\352\314\322\327\247\306E#,kj"
  62      7BAB6C61 
ARM GAS  C:\Users\Luczia\AppData\Local\Temp\ccEoXtZ5.s 			page 5


  62      B010EACC 
  62      D2D7A7C6 
  62      45232C6B 
  63 00e7 2DAF46AA 		.ascii	"-\257F\252B\240\001\017\345 \000\316!\377\253q44\231"
  63      42A0010F 
  63      E52000CE 
  63      21FFAB71 
  63      343499
  64 00fa F58982F7 		.ascii	"\365\211\202\367SA\360\013]%\235\231\263N\330\266\344"
  64      5341F00B 
  64      5D259D99 
  64      B34ED8B6 
  64      E4
  65 010b B7E0A4E6 		.ascii	"\267\340\244\346S\0317:\036\225\031W:si\271\224Y\316"
  65      5319373A 
  65      1E951957 
  65      3A7369B9 
  65      9459CE
  66 011e BA723611 		.ascii	"\272r6\021\037\033\225\261\330\224LL\307W\242\372\222"
  66      1F1B95B1 
  66      D8944C4C 
  66      C757A2FA 
  66      92
  67 012f 74B3C974 		.ascii	"t\263\311tz\321v\350\017\262\034g\251"
  67      7AD176E8 
  67      0FB21C67 
  67      A9
  68              		.text
  69              		.section	.gnu.lto_st_lld_set_alarm.4cdbedcb,"",%progbits
  70 0000 789C2550 		.ascii	"x\234%P;H\\A\024\275g\357\333\267\240\250\225\335\026"
  70      3B485C41 
  70      14BD67EF 
  70      DBB7A0A8 
  70      95DD16
  71 0013 5B08A2C5 		.ascii	"[\010\242\305\016O\233\004!\205\330\004\265\322^4\021"
  71      0E4F9B04 
  71      2185D804 
  71      B5D25E34 
  71      11
  72 0024 7661C38A 		.ascii	"va\303\212\273\244\324qQ\374\245\364\003\313C^\243\011"
  72      BBA4D471 
  72      51FCA5F4 
  72      03CB435E 
  72      A309
  73 0036 A81893E8 		.ascii	"\250\030\223\350Fc\340\261\210h\341')R\246\210$\212"
  73      4663E0B1 
  73      8868E127 
  73      2952A688 
  73      248A
  74 0048 09A2E007 		.ascii	"\011\242\340\0071\250w\236\227\031f\356\234s\357=gl"
  74      31A8779E 
  74      971966EE 
  74      9C73EF3D 
  74      676C
  75 005a 22EA0351 		.ascii	"\"\352\003Q\243\234\225\262\211\011!\222\015y$P\177"
  75      A39C95B2 
  75      89092192 
ARM GAS  C:\Users\Luczia\AppData\Local\Temp\ccEoXtZ5.s 			page 6


  75      0D792450 
  75      7F
  76 006b 08FD78C3 		.ascii	"\010\375x\303\023\214\342\360\237\265P\315[-\341O\377"
  76      138CE2F0 
  76      9FB550CD 
  76      5B2DE14F 
  76      FF
  77 007c 2C5DD007 		.ascii	",]\320\007\232]&\232b\012\002\037Q#\264o\203\357]\036"
  77      9A5D269A 
  77      620A021F 
  77      5123B46F 
  77      83EF5D1E 
  78 0090 1704B024 		.ascii	"\027\004\260$=\337\315\037\226\2334\204\230\244\243"
  78      3DDFCD1F 
  78      969B3484 
  78      98A4A3
  79 009f FED86609 		.ascii	"\376\330f\011?\003\311\375\366\352h\276\242zV\353\234"
  79      3F03C9FD 
  79      F6EA68BE 
  79      A27A56EB 
  79      9C
  80 00b0 F6FFCFB2 		.ascii	"\366\377\317\262\256r\231\261\012\226\206XA\024\237"
  80      AE7299B1 
  80      0A968658 
  80      41149F
  81 00bf 10257922 		.ascii	"\020%y\"\024Pm\370\277\226\357&\313l\353q >\303&#q\351"
  81      14506DF8 
  81      BF96EF26 
  81      CB6CEB71 
  81      203EC326 
  82 00d6 7BD8D777 		.ascii	"{\330\327w\367\303\332\3777\207\313\3460\244\306\222"
  82      F7C3DAFF 
  82      3787CBE6 
  82      30A4C692 
  83 00e6 E1A68846 		.ascii	"\341\246\210F\002m\243,\216\370\004\271\213\343\233"
  83      026DA32C 
  83      8EF804B9 
  83      8BE39B
  84 00f5 DF115399 		.ascii	"\337\021S\231gH\303\275\305\353\263\022\243\315\202"
  84      6748C3BD 
  84      C5EBB312 
  84      A3CD82
  85 0104 7165614D 		.ascii	"qeaM&\236\240\230\337ybH\302\230\032*\356G\036\031F"
  85      269EA098 
  85      DF796248 
  85      C2981A2A 
  85      EE471E19 
  86 0119 C1467177 		.ascii	"\301Fqw\313\36603 l\257O\006\205\245\021\326\245\312"
  86      CBF63033 
  86      206CAF4F 
  86      0685A511 
  86      D6A5CA
  87 012c A03F0AEB 		.ascii	"\240?\012\353\2052\265\250\007\007t\314e\033_\340a2"
  87      8532B5A8 
  87      070774CC 
  87      651B5FE0 
  87      6132
ARM GAS  C:\Users\Luczia\AppData\Local\Temp\ccEoXtZ5.s 			page 7


  88 013e 1020E0BB 		.ascii	"\020 \340\273\323\233\355\210\263d@\357\003\\\216`\003"
  88      D39BED88 
  88      B36440EF 
  88      035C8E60 
  88      03
  89 014f 0AB5D1E0 		.ascii	"\012\265\321\340\347\276\302\311\213\321S\344\274\277"
  89      E7BEC2C9 
  89      8BD153E4 
  89      BCBF
  90 015d D308AC99 		.ascii	"\323\010\254\231\030a1(\322\033\342q%\353E\"\331\225"
  90      18613128 
  90      D21BE271 
  90      25EB4522 
  90      D995
  91 016f 4C679CA7 		.ascii	"Lg\234\247\216JgT\2423\245z\322\275\331\214jko\255\257"
  91      8E4A6754 
  91      A233A57A 
  91      D2BDD98C 
  91      6A6B6FAD 
  92 0184 532D2D4D 		.ascii	"S--M\252\375y\353k\307 \035\231lG*\3652\236 +\233|\325"
  92      AAFD79EB 
  92      6BC7201D 
  92      996C472A 
  92      F5329E20 
  93 019c FD005A7B 		.ascii	"\375\000Z{\214\232"
  93      8C9A
  94              		.text
  95              		.section	.gnu.lto_st_lld_get_alarm.4cdbedcb,"",%progbits
  96 0000 789C6550 		.ascii	"x\234eP=,dQ\024>\337;\317\023\233\245@%\012\215\302"
  96      3D2C6451 
  96      143EDF3B 
  96      CF139BA5 
  96      40250A8D 
  97 0015 1673F356 		.ascii	"\026s\363VCD\247\221P\255^\260\305\330L2bd[\327,\361"
  97      4344A791 
  97      50AD5EB0 
  97      C5D84C32 
  97      62645BD7 
  98 002b DF082391 		.ascii	"\337\010#\221\227\315\023\211\321L\020\263;\014\221"
  98      97CD1389 
  98      D14C10B3 
  98      3B0C91
  99 003a D9291805 		.ascii	"\331)\030\005v\025J\005\315D\326\204D\"\032\234;tn\356"
  99      76154A05 
  99      CD44D684 
  99      44221A9C 
  99      3B746EEE 
 100 004e CF39F7FB 		.ascii	"\3179\367\373\356\371\276s\035\"\232\002Q\253\234\265"
 100      EEF9BE73 
 100      1D229A02 
 100      51AB9CB5 
 101 005e B2C82658 		.ascii	"\262\310&X$\013,;C \002\015[\214a\314\360<\343\337\350"
 101      240B2C3B 
 101      4320020D 
 101      5B8C61CC 
 101      F03CE3DF 
 102 0073 86C7D3EC 		.ascii	"\206\307\323\3541\301\226\364\356x\351\252\302\244@"
ARM GAS  C:\Users\Luczia\AppData\Local\Temp\ccEoXtZ5.s 			page 8


 102      31C196F4 
 102      EE78E9AA 
 102      C2A440
 103 0082 9DA4FF0B 		.ascii	"\235\244\377\013\007\311\217\015q\255\243:\263\030\253"
 103      07C98F0D 
 103      71ADA33A 
 103      B318AB
 104 0091 D849FED5 		.ascii	"\330I\376\325e\036[\024\023z\022\265\330\202\021\301"
 104      651E5B14 
 104      137A12B5 
 104      D88211C1 
 105 00a1 2F3490B0 		.ascii	"/4\220\260/7\237\026\312\035\333\240r\371\033\216H\021"
 105      2F379F16 
 105      CA1DDBA0 
 105      72F91B8E 
 105      4811
 106 00b3 04D8BC79 		.ascii	"\004\330\274y\374\343\324\257h=\2473\205\355\352\345"
 106      FCE3D4AF 
 106      683DA733 
 106      85EDEAE5 
 107 00c3 1F63396D 		.ascii	"\037c9m\277\257#\344\024\352\327\317J2\372\351y\\g."
 107      BFAF23E4 
 107      14EAD7CF 
 107      4A32FAE9 
 107      795C672E 
 108 00d7 9AF2C9C3 		.ascii	"\232\362\311\303*\033\34413\031>M\230\3224iB\276F\364"
 108      2A1BE431 
 108      33193E4D 
 108      98D23469 
 108      42BE46F4 
 109 00eb 3E3F1BAF 		.ascii	">?\033\2574JKltN\022\017\267\037\214{\206\226ac[\352"
 109      344A4B6C 
 109      744E120F 
 109      B71F8C7B 
 109      86966163 
 110 0101 5E23BB7F 		.ascii	"^#\273\177T\363J2\035\307\306\262\247\245\257$cz/{|"
 110      54F34A32 
 110      1DC7C6B2 
 110      A7A5AF24 
 110      637A2F7B 
 111 0116 E0F8F839 		.ascii	"\340\370\3709\"\017\374UKdl)\206\035\343H\340\363T:"
 111      220FFC55 
 111      4B646C29 
 111      861DE348 
 111      E0F3543A 
 112 012a 55AE127A 		.ascii	"U\256\022ztD\327y\\\2024|,\024M\010\270Vx\314\225\272"
 112      7444D779 
 112      5C82347C 
 112      2C144D08 
 112      B85678CC 
 113 0140 EB06F4D3 		.ascii	"\353\006\364\323\226\307\016v\241\360\251\330\013\366"
 113      96C70E76 
 113      A1F0A9D8 
 113      0BF6
 114 014e E016AD0A 		.ascii	"\340\026\255\012\231\363\362\361\213\022\024\020\365"
 114      99F3F2F1 
 114      8B121410 
ARM GAS  C:\Users\Luczia\AppData\Local\Temp\ccEoXtZ5.s 			page 9


 114      F5
 115 015b BFBD5931 		.ascii	"\277\275Y1\244\011\361@\322KK \240d\366\005\373{\373"
 115      A409F140 
 115      D24B4B20 
 115      A064F605 
 115      FB7BFB
 116 016e C311B7D9 		.ascii	"\303\021\267\331U\341\210\012\366\204\324@xp(\242\276"
 116      55E1880A 
 116      F684D440 
 116      787028A2 
 116      BE
 117 017f 7475367E 		.ascii	"tu6~V\035\035m\252\253\275\363\273k\220\356\310Pw(\364"
 117      561D1D6D 
 117      AAABBDF3 
 117      BB6B90EE 
 117      C8507728 
 118 0194 3510A417 		.ascii	"5\020\244\027\370\366\214\037"
 118      F8F68C1F 
 119              		.text
 120              		.section	.gnu.lto_st_lld_is_alarm_active.4cdbedcb,"",%progbits
 121 0000 789C5D90 		.ascii	"x\234]\220?HBQ\024\306\317y\347\371\242\300\034jtpq"
 121      3F484251 
 121      14C6CF79 
 121      E7F9A2C0 
 121      1C6A7470 
 122 0015 68F1664D 		.ascii	"h\361fM\025m-AM\271K\177\006\005\301\310h\355\252\231"
 122      156D2D41 
 122      4DB94B7F 
 122      0605C1C8 
 122      68EDAA99 
 123 0029 454D9125 		.ascii	"EM\221%%!4DTTdZ\332\360\020\252\251?8\030-\015M\025"
 123      25213444 
 123      5454645A 
 123      DAF010AA 
 123      A93F3818 
 124 0041 110D8104 		.ascii	"\021\015\201\004Q\235\353k\352\361\356\271\217\367\375"
 124      519DEB6B 
 124      EAF1EEB9 
 124      8FF7FD
 125 0050 CE77BE7B 		.ascii	"\316w\276{\015\000H#@/\357N^\240\003j\300\013\211+!"
 125      0D004823 
 125      402FEF4E 
 125      5EA0036A 
 125      C00B892B 
 126 0065 4B8030AD 		.ascii	"K\2000\255\021N\343\"-\023\246\346Kw\366\266-)c\322"
 126      114EE322 
 126      2D13A6E6 
 126      4B77F6B6 
 126      2D2963D2 
 127 0079 5CAD34EF 		.ascii	"\\\2554\357\036\334J\3120\273B\200\235NlW&x\204m\300"
 127      1EDC4ACA 
 127      30BB4280 
 127      9D4E6C57 
 127      2678846D 
 128 008e ECE3E177 		.ascii	"\354\343\341w\312n\350J\343\23794\330\012\220\205\\"
 128      CA6EE84A 
 128      E39F3934 
ARM GAS  C:\Users\Luczia\AppData\Local\Temp\ccEoXtZ5.s 			page 10


 128      D80A9085 
 128      5C
 129 009f 79BD64B8 		.ascii	"y\275d\2707\245\\\222\346C\2615\032O\244\245\376\337"
 129      37A55C92 
 129      E643B135 
 129      1A4FA4A5 
 129      FEDF
 130 00b1 85D16374 		.ascii	"\205\321ct\357Wl\246\374\376IJ\363\272\3739Wm1\0202"
 130      EF576CA6 
 130      FCFE494A 
 130      F3BAFB39 
 130      576D3110 
 131 00c6 C41133A4 		.ascii	"\304\0213\244\221*6P}0\247\012\314\023g\247\027\214"
 131      912A3650 
 131      7D30A70A 
 131      CC1367A7 
 131      178C
 132 00d8 7D3CED5C 		.ascii	"}<\355\\:\324\3045R\363\256\367j\357M\013\234\023Q\362"
 132      3AD4C435 
 132      52F3AEF7 
 132      6AEF4D0B 
 132      9C1351F2 
 133 00ec A3631E9D 		.ascii	"\243c\036\235\360\202\345b\243\305h\314\254$\3127\015"
 133      F082E562 
 133      A3C568CC 
 133      AC24CA37 
 133      0D
 134 00fd 16A3B29F 		.ascii	"\026\243\262\237\225\257.\214,nD\231we\210\330\010\013"
 134      95AF2E8C 
 134      2C6E4499 
 134      776588D8 
 134      080B
 135 010f DCA5B46A 		.ascii	"\334\245\264j\241X\260\213=9\023U\222\216'\230\305T"
 135      A158B08B 
 135      3D391355 
 135      928E2798 
 135      C554
 136 0121 3D009EA2 		.ascii	"=\000\236\242`\343\370\327\354\375\2375Y\356\347?5\323"
 136      60E3F8D7 
 136      ECFD9F35 
 136      59EEE73F 
 136      35D3
 137 0133 A1DC35BE 		.ascii	"\241\3345\276\332b}z<\237\334&\013\2621\307\320\376"
 137      DA627D7A 
 137      3C9FDC26 
 137      0BB231C7 
 137      D0FE
 138 0145 EBE9A7DD 		.ascii	"\353\351\247\335\202\000Kj\030\237\210}\351\2113\255"
 138      82004B6A 
 138      189F887D 
 138      E98933AD 
 139 0155 F2C71BC6 		.ascii	"\362\307\033\306\\\177\035P?4\337'\237\270\307\343\021"
 139      5C7F1D50 
 139      3F34DF27 
 139      9FB8C7E3 
 139      11
 140 0166 FC8E0682 		.ascii	"\374\216\006\202#\301p\304\333\345\025\341\210\010\014"
ARM GAS  C:\Users\Luczia\AppData\Local\Temp\ccEoXtZ5.s 			page 11


 140      23C170C4 
 140      DBE515E1 
 140      88080C
 141 0175 87C47878 		.ascii	"\207\304xxb2\"\206|\203\235\035b`\240O\370\372\007\247"
 141      62322286 
 141      7C839D1D 
 141      6260A04F 
 141      F8FA07A7 
 142 0189 BC4AF147 		.ascii	"\274J\361G&\375\241\320\230'\000\277-/\212\311"
 142      26FDA1D0 
 142      982700BF 
 142      2D2F8AC9 
 143              		.text
 144              		.section	.gnu.lto_stInit.4cdbedcb,"",%progbits
 145 0000 789C254D 		.ascii	"x\234%M?\017\301p\020\275\327\243$b4\210Y\304\322\306"
 145      3F0FC170 
 145      10BDD7A3 
 145      24623488 
 145      59C4D2C6 
 146 0014 E8D3085D 		.ascii	"\350\323\010]H$\022\265\367\027\206\222\030\375Y\032"
 146      482412B5 
 146      F7178692 
 146      18FD591A 
 147 0024 110B9B08 		.ascii	"\021\013\233\010\206n\215\217`e2\230\304,\021\352Z/"
 147      866E8D8F 
 147      60653298 
 147      C42C11EA 
 147      5A2F
 148 0036 F772B9BB 		.ascii	"\367r\271\273\367\336\351D\264\020\226\2049!1A#! \003"
 148      F7DEE944 
 148      B4109684 
 148      39213141 
 148      23212003 
 149 004a C8D1E060 		.ascii	"\310\321\340`\314\023\306\311\275\373Zy\255\004\301"
 149      CC13C6C9 
 149      BDFB5A79 
 149      AD04C1
 150 0059 FC95579B 		.ascii	"\374\225W\233\000\036\023\315\230b`\2172\211\354\266"
 150      001E13CD 
 150      9862608F 
 150      3289ECB6 
 151 0069 FB4EB37A 		.ascii	"\373N\263z\342\277\307\001:EA\333s2P\337\320U\301u\205"
 151      E2BFC701 
 151      3A4541DB 
 151      733250DF 
 151      D055C175 
 152 007e 3029B761 		.ascii	"0)\267a\354\033\261<\343\007\006\313w!\026K\202\357"
 152      EC1BB13C 
 152      E30706CB 
 152      7721164B 
 152      82EF
 153 0090 3F2E29E7 		.ascii	"?.)\347\243\322\036c\306\342\306\021\016y\242|\242\277"
 153      A3D21E63 
 153      C6E2C611 
 153      0E79A27C 
 153      A2BF
 154 00a2 0C33B12E 		.ascii	"\0143\261.\3020:\212\277h\030\246\224\325l5Z\035\273"
ARM GAS  C:\Users\Luczia\AppData\Local\Temp\ccEoXtZ5.s 			page 12


 154      C2303A8A 
 154      BF6818A6 
 154      94D56C35 
 154      5A1DBB
 155 00b5 52AD981D 		.ascii	"R\255\230\035\333l\326\333\246\335\265\242^\263{\206"
 155      DB6CD6DB 
 155      A6DDB5A2 
 155      5EB37B86 
 156 00c5 453F0766 		.ascii	"E?\007f;\240"
 156      3BA0
 157              		.text
 158              		.section	.gnu.lto_stStartAlarm.4cdbedcb,"",%progbits
 159 0000 789C6D50 		.ascii	"x\234mPMk\024A\020\2557\3253\273\032\023=z\310a\017"
 159      4D6B1441 
 159      10AD37D5 
 159      33BB1A13 
 159      3D7AC861 
 160 0015 4ACC65C7 		.ascii	"J\314e\307\034=\013\371\033!Y\204,(\001'\367i\223]\263"
 160      1C3D0BF9 
 160      1B215984 
 160      2C280127 
 160      F769935D 
 161 002a C188171D 		.ascii	"\301\210\027\035e\031d\320,\202\022\022\211_\033?2\344"
 161      651964D0 
 161      2C821212 
 161      895F1B3F 
 161      32E4
 162 003c 2E12C153 		.ascii	".\022\301S<)zZ\005?.*&\276\236ET\260\230\356\232.^\275"
 162      3C297A5A 
 162      053F2E2A 
 162      26BE9E45 
 162      54B098EE 
 163 0054 7AAF0211 		.ascii	"z\257\002\021\371\014\221\220\3718\217\004\002Ox\240"
 163      F90C9190 
 163      F9388F04 
 163      024F78A0 
 164 0064 BCD53322 		.ascii	"\274\3253\"\326\363y\031\003&\370 X \261\247\306G\214"
 164      D6F37919 
 164      0326F820 
 164      5820B1A7 
 164      C6478C
 165 0077 25BDACD8 		.ascii	"%\275\254\330Zx\337\365FoYF~u#8o\233\207S\266'*E`\035"
 165      5A78DFF5 
 165      466F5946 
 165      7E752338 
 165      6F9B8753 
 166 0091 A3446D37 		.ascii	"\243Dm7\326R\275\240\251\002\206\317O\317\333o\207\334"
 166      D652BDA0 
 166      A90286CF 
 166      4FCFDB6F 
 166      87DC
 167 00a3 D34385CF 		.ascii	"\323C\205\317\037\267\327^\037\324c\020\376\337X\271"
 167      1FB7D75E 
 167      1FD46310 
 167      FEDF58B9 
 168 00b3 D409463A 		.ascii	"\324\011F:\326\316\331\274wS\355\221T\025\017\240$\304"
 168      D6CED9BC 
ARM GAS  C:\Users\Luczia\AppData\Local\Temp\ccEoXtZ5.s 			page 13


 168      7753ED91 
 168      54150FA0 
 168      24C4
 169 00c5 7D0CE31E 		.ascii	"}\014\343\036\206\205%\301C\2148\374\233\273\273W\006"
 169      868525C1 
 169      438C38FC 
 169      9BBBBB57 
 169      06
 170 00d6 0393FD9E 		.ascii	"\003\223\375\236\211G\240\015fVV_\372\271\335\335[\260"
 170      8947A00D 
 170      6656565F 
 170      FAB9DDDD 
 170      5BB0
 171 00e8 F9D765BC 		.ascii	"\371\327e\274\032/\203\235&@\321*\255BaK\351X\027I("
 171      1A2F839D 
 171      2640D12A 
 171      AD42614B 
 171      E9581749 
 172 00fd DAC37CB6 		.ascii	"\332\303|\266\267\244\216\241\255 w\267\333\333)\305"
 172      B7A48EA1 
 172      AD2077B7 
 172      DBDB29C5 
 173 010d 3F6D3955 		.ascii	"?m9U?QG\332EL\216@\336\241\261s\362\0170in\275(9?\006"
 173      3F5147DA 
 173      454C8E40 
 173      DEA1B173 
 173      F20F3069 
 174 0127 820D2A74 		.ascii	"\202\015*t\261\250\246 mT\012M\377\362\225\0227\030"
 174      B1A8A620 
 174      6D540A4D 
 174      FFF29512 
 174      3718
 175 0139 8FC9F777 		.ascii	"\217\311\367w\177\271\330\301\374\367\315/C\304q\223"
 175      7FB9D8C1 
 175      FCF7CD2F 
 175      43C47193 
 176 0149 6567CCD5 		.ascii	"eg\314\325\276m\177h\015d\270~\356P\252\373\360\224"
 176      BE6D7F68 
 176      0D64B87E 
 176      EE50AAFB 
 176      F094
 177 015b EB7FE2E6 		.ascii	"\353\177\342\3468\364\362z\023D_\263\266\342\030\236"
 177      38F4F27A 
 177      13445FB3 
 177      B6E2189E 
 178 016b 21437F0B 		.ascii	"!C\177\013\233\210S\335_H\361\373R\262\316\340\177\304"
 178      9B8853DD 
 178      5F48F1FB 
 178      52B2CEE0 
 178      7FC4
 179 017d 0C24CE3F 		.ascii	"\014$\316?r\212ik\220\352\001\371\210\271\354\316\305"
 179      728A696B 
 179      90EA01F9 
 179      88B9ECCE 
 179      C5
 180 018e 3E4D7F4D 		.ascii	">M\177MtO\301G\253\325\220_m\272>U\237\211\306N\214"
 180      744FC147 
ARM GAS  C:\Users\Luczia\AppData\Local\Temp\ccEoXtZ5.s 			page 14


 180      ABD5905F 
 180      6DBA3E55 
 180      9F89C64E 
 181 01a3 85335138 		.ascii	"\2053Q8=y:\214\316\326\\\236\210f\2535)MNE\263\3653"
 181      3D793A8C 
 181      CED65C9E 
 181      8866AB35 
 181      294D4E45 
 182 01ba A77E010A 		.ascii	"\247~\001\012\256\242\004"
 182      AEA204
 183              		.text
 184              		.section	.gnu.lto_stStopAlarm.4cdbedcb,"",%progbits
 185 0000 789C6363 		.ascii	"x\234cc``X\000\304\352@,\012\304\014\314\014\214L\014"
 185      60605800 
 185      C4EA402C 
 185      0AC40CCC 
 185      0C8C4C0C 
 186 0014 40CCC808 		.ascii	"@\314\310\010\34402\32431\3263\3660Oaf<\324\376l'\223"
 186      E43032D4 
 186      3331D633 
 186      F6304F61 
 186      663CD4FE 
 187 002b E6F20620 		.ascii	"\346\362\006 80\375\033[[C\253\304\034f\006\206i\314"
 187      3830FD1B 
 187      5B5B43AB 
 187      C41C6606 
 187      8669CC
 188 003e 0C60C0B8 		.ascii	"\014`\300\270\231Q\223\001\250\354\321\306\177Sy\331"
 188      99519301 
 188      A8ECD1C6 
 188      7F5379D9 
 189 004e 5820E28C 		.ascii	"X \342\214[\030\331\030@\006\255\277\304z\240\341\337"
 189      5B18D918 
 189      4006ADBF 
 189      C47AA0E1 
 189      DF
 190 005f FFF68603 		.ascii	"\377\366\206\003G\0263\376u\003\312u\200\365u2\003-"
 190      471633FE 
 190      7503CA75 
 190      80F57532 
 190      032D
 191 0071 637EC3D8 		.ascii	"c~\303\330\274\340{/3X5\320\210\235;\337\334f\257\377"
 191      BCE07B2F 
 191      335835D0 
 191      889D3BDF 
 191      DC66AFFF 
 192 0085 DBC03187 		.ascii	"\333\3001\207\231q\0323P;\343V\306z\2069@\245\357\030"
 192      99711A33 
 192      503BE356 
 192      C67A8639 
 192      40A5EF18 
 193 0099 9B16FCEE 		.ascii	"\233\026\374\356e\004+\004\201\016\220,\320\004U==}"
 193      65042B04 
 193      810E902C 
 193      D004553D 
 193      3D7D
 194 00ab 204ACEC8 		.ascii	" J\316\310L\312\314/6\2644\324\317/\326\317H\314\321"
ARM GAS  C:\Users\Luczia\AppData\Local\Temp\ccEoXtZ5.s 			page 15


 194      4CCACC2F 
 194      36B434D4 
 194      CF2FD6CF 
 194      48CCD1
 195 00be 2F2E4A06 		.ascii	"/.J\006\321\361\305%z\311\014\000s\271<_"
 195      D1F1C525 
 195      7AC90C00 
 195      73B93C5F 
 196              		.text
 197              		.section	.gnu.lto_stSetAlarm.4cdbedcb,"",%progbits
 198 0000 789C6D51 		.ascii	"x\234mQ\317O\324P\020\236\357\315k\273\200\256\0349"
 198      CF4FD450 
 198      109EEFCD 
 198      6BBB80AE 
 198      1C39
 199 0012 70D88306 		.ascii	"p\330\203\006\271l\345\350\331\203\177\206\201\015\011"
 199      B96CE5E8 
 199      D9837F86 
 199      810D09
 200 0021 9B684828 		.ascii	"\233hH(\367>\227]X\"\301\213\026\263iL#\020\022\022"
 200      F73E975D 
 200      5822C18B 
 200      16B3694C 
 200      23101212 
 201 0035 238A3F58 		.ascii	"#\212?X\001i\270\023\203W8\371\353`Pc\214\007!\256\316"
 201      0169B813 
 201      835738F9 
 201      EB605063 
 201      8C0721AE 
 202 004a 6B35D1C4 		.ascii	"k5\321\304I;\323\231|\363\3157S\227\210\012\212\310"
 202      493BD399 
 202      7CF3CD37 
 202      5397880A 
 202      8AC8
 203 005c 9778415E 		.ascii	"\227xA^r\011\222B\201\305\263\322DF9\342\264\206\004"
 203      72099242 
 203      81C5B3D2 
 203      444639E2 
 203      B48604
 204 006f 38808040 		.ascii	"8\200\200@\241b\355 \304\034\337b\354\316\274o\253\301"
 204      A162ED20 
 204      C41CDF62 
 204      ECCEBC6F 
 204      ABC1
 205 0081 1523962E 		.ascii	"\025#\226.<\362\246M\243/\226\366\210)3\254cPP\373\365"
 205      3CF2A64D 
 205      A32F96F6 
 205      882933AC 
 205      635050FB 
 206 0096 B5986F70 		.ascii	"\265\230op\314\200\226\364\313^\353M\321\246\012%IO"
 206      CC8096F4 
 206      CB5EEB4D 
 206      D1A60A25 
 206      494F
 207 00a8 56D70ECF 		.ascii	"V\327\016\317\360y\220|\337\273\177s\331\035X6\246f"
 207      F079907C 
 207      DFBB7F73 
ARM GAS  C:\Users\Luczia\AppData\Local\Temp\ccEoXtZ5.s 			page 16


 207      D91D5836 
 207      A666
 208 00ba D2C34536 		.ascii	"\322\303E6gcf<\005\013!\236\240\037\217\321OR\"<\303"
 208      6763663C 
 208      050B219E 
 208      A01F8FD1 
 208      4F52223C 
 209 00cf 80C5BF7E 		.ascii	"\200\305\277~\330\271}\332\325\311\237\231\330\200\254"
 209      D8B97DDA 
 209      D5C99F99 
 209      D880AC
 210 00de 21512A0F 		.ascii	"!Q*\017^9\251\351\374\2341\351\333%l_\356\202tje\235"
 210      5E39A9E9 
 210      FC9C31E9 
 210      DB256C5F 
 210      EE82746A 
 211 00f4 87AC9F9A 		.ascii	"\207\254\237\232\231\314&\313\332<+\254\304G\230J>\317"
 211      99CC26CB 
 211      DA3C2BAC 
 211      C447984A 
 211      3ECF
 212 0106 B3A56931 		.ascii	"\263\245i1d@\273}t\340\205?L!f'b\313\334F(\034.}@\255"
 212      6440BB7D 
 212      74E0853F 
 212      4C216627 
 212      62CBDC46 
 213 0120 338D1CA9 		.ascii	"3\215\034\251\004L\357P?\270\364;\227\316\250\261\373"
 213      044CEF50 
 213      3FB8F43B 
 213      97CEA8B1 
 213      FB
 214 0131 D2B35B6A 		.ascii	"\322\263[j\020\236\213nk\263\254\263)\365R\246\364\337"
 214      109E8B6E 
 214      6BB3ACB3 
 214      29F552A6 
 214      F4DF
 215 0143 015E6495 		.ascii	"\001^d\225`S\006\374\335_\310.3u\274\363\265(8\271o"
 215      605306FC 
 215      DD5FC82E 
 215      3375BCF3 
 215      B52838B9 
 216 0158 C1AE6B6B 		.ascii	"\301\256kk\337\367?6{\022\334\275\336\033s\027\266\345"
 216      DFF73F36 
 216      7B12DCBD 
 216      DE1B7317 
 216      B6E5
 217 016a A76CD939 		.ascii	"\247l\3319\026\275\264\336\200\240\357\030S\262\014"
 217      16BDB4DE 
 217      80A0EF18 
 217      53B20C
 218 0179 2F9020BF 		.ascii	"/\220 \277\315\016\302\230\2733)N.%\371V\374\217\230"
 218      CD0EC298 
 218      BB33294E 
 218      2E25F956 
 218      FC8F98
 219 018c 9EC81E04 		.ascii	"\236\310\036\004\251\210i\261\027\363)\372\204Zr2\237"
 219      A98869B1 
ARM GAS  C:\Users\Luczia\AppData\Local\Temp\ccEoXtZ5.s 			page 17


 219      17F329FA 
 219      845A7232 
 219      9F
 220 019d D3E47793 		.ascii	"\323\344w\223s\210\340s\345\262/Oe\254:R\035\017\206"
 220      7388E073 
 220      E5B22F4F 
 220      65AC3A52 
 220      1D0F86
 221 01b0 2E0EF9E3 		.ascii	".\016\371\343\201?6|\325\017&*6^\011&\313\025\362\206"
 221      813F367C 
 221      D50F262A 
 221      365E0926 
 221      CB15F286 
 222 01c4 4782C9EA 		.ascii	"G\202\311\352\265\321_\264\276\247\011"
 222      B5D15FB4 
 222      BEA709
 223              		.text
 224              		.section	.gnu.lto_stGetAlarm.4cdbedcb,"",%progbits
 225 0000 789C6552 		.ascii	"x\234eRMk\023Q\024\275g\356\233\231\244\255E\261\013"
 225      4D6B1351 
 225      14BD67EE 
 225      9B99A4AD 
 225      45B10B
 226 0013 9182D904 		.ascii	"\221\202\331\004\351&\241+q\355\017\021\315\246\005"
 226      E926A12B 
 226      71ED0F11 
 226      CDA605
 227 0022 A160DCCF 		.ascii	"\241`\334\3173\037\332\242P\020\235J\0354\242\340RK"
 227      331FDAA2 
 227      50109D4A 
 227      1D34A2E0 
 227      524B
 228 0034 53355A6D 		.ascii	"S5Zm\332\205\270\251Z\267\335)\202H\232\242.\244\202"
 228      DA85B8A9 
 228      5AB7DD29 
 228      82489AA2 
 228      2EA482
 229 0047 A9E74DB2 		.ascii	"\251\347M\262\260\0103\367\315}s\316=\347\336\367\002"
 229      B00833F7 
 229      CD7D73CE 
 229      3DE7DEF7 
 229      02
 230 0058 1139EA89 		.ascii	"\0219\352\211\234\344z\212\257\204\002\246\360\240\214"
 230      9CE47A8A 
 230      AF8402A6 
 230      F0A08C
 231 0067 EA1911EB 		.ascii	"\352\031\021\353\371\014\306\200\013|\004\214\001@("
 231      F90CC680 
 231      0B7C048C 
 231      014028
 232 0076 24F2D4F8 		.ascii	"$\362\324\370\001\"\\\327\233\212\255\332\223D\257i"
 232      01225CD7 
 232      9B8AADDA 
 232      9344AF69 
 233 0086 A202C3F4 		.ascii	"\242\002\303\364\373\346\342\347Q\227\0029\246\235\356"
 233      FBE6E2E7 
 233      51970239 
ARM GAS  C:\Users\Luczia\AppData\Local\Temp\ccEoXtZ5.s 			page 18


 233      A69DEE
 234 0095 9BE6C8C4 		.ascii	"\233\346\310\304#k+\266\275\360#\274\323\374`\263\211"
 234      236B2BB6 
 234      BDF023BC 
 234      D3FC60B3 
 234      89
 235 00a6 7A1213DE 		.ascii	"z\022\023\336\3048\2261\356j\256`B\210\376\264\324\273"
 235      C4389631 
 235      EE6AAE60 
 235      4288FEB4 
 235      D4BB
 236 00b8 7528300D 		.ascii	"u(0\015\272 \200\373O)LQ\217\377\226v\366\326\203\374"
 236      BA2080FB 
 236      4F294C51 
 236      8FFF9676 
 236      F6D683FC 
 237 00cc 036B6FD8 		.ascii	"\003ko\330v\367\336\330\375j\375\2555\377\227\"\351"
 237      76F7DED8 
 237      FD6AFDAD 
 237      35FF9722 
 237      E9
 238 00dd 19F2ACF0 		.ascii	"\031\362\254\360\370\243\337\266\275\375\253\266\375"
 238      F8A3DFB6 
 238      BDFDABB6 
 238      FD
 239 00ea EEC46A73 		.ascii	"\356\304js\377H\026\222(\341\014\031q<\231u\022\214"
 239      FF481692 
 239      28E10C19 
 239      713C9975 
 239      128C
 240 00fc FCD43965 		.ascii	"\374\3249e\242\035T\033\273\363\352d\027\025\024m\265"
 240      A21D541B 
 240      BBF3EA64 
 240      1715146D 
 240      B5
 241 010d 3ADB61F4 		.ascii	":\333a\364\307f\0225\261\322\011\236#\"\333\227o\250"
 241      C7661235 
 241      B1D2099E 
 241      2322DB97 
 241      6FA8
 242 011f F4AEA08F 		.ascii	"\364\256\240\217\364\010\226/\250m\237\031\344d\306"
 242      F408962F 
 242      A86D9F19 
 242      E464C6
 243 012e F58DF7A1 		.ascii	"\365\215\367\241\233\003\177\2415\2606\247&U\251\345"
 243      9B037FA1 
 243      35B036A7 
 243      2655A9E5 
 244 013e D2CE0E0A 		.ascii	"\322\316\016\012\004\261s\202\027\024\370\227\037\302"
 244      04B17382 
 244      1714F897 
 244      1FC2
 245 014c A5D5DF6B 		.ascii	"\245\325\337k?G\211;\306\0157\036\267\267\267\2653;"
 245      3F47893B 
 245      C60D371E 
 245      B7B7B7B5 
 245      333B
ARM GAS  C:\Users\Luczia\AppData\Local\Temp\ccEoXtZ5.s 			page 19


 246 015e DCC0DDCB 		.ascii	"\334\300\335\313\207\023\315`\225\007\362\322\3518\364"
 246      8713CD60 
 246      9507F2D2 
 246      E938F4
 247 016d C3E53A88 		.ascii	"\303\345:\210\276mm\316Ux\205\006\372\263|\215(\321"
 247      BE6D6DCE 
 247      55788506 
 247      FAB37C8D 
 247      28D1
 248 017f 6C6AC51F 		.ascii	"lj\305\0374\374k\376x\337v\346\240\237\241\330\315\004"
 248      34FC6BFE 
 248      78DF76E6 
 248      A09FA1D8 
 248      CD04
 249 0191 6B69C3C3 		.ascii	"ki\303\303)\205\267@\277\362\026,\260\251.*\271\001"
 249      2985B740 
 249      BFF2162C 
 249      B0A92E2A 
 249      B901
 250 01a3 AF3F4677 		.ascii	"\257?FwN\"\371B\241\310\24745}~z\246<yz\2628S.N\235"
 250      4E22F942 
 250      A1C8A734 
 250      357D7E7A 
 250      A63C797A 
 251 01bd BB502C5F 		.ascii	"\273P,_,\271\365l\371R\241$\177\001d\275\247Y"
 251      2CB9F56C 
 251      F952A124 
 251      7F0164BD 
 251      A759
 252              		.text
 253              		.section	.gnu.lto_.symbol_nodes.4cdbedcb,"",%progbits
 254 0000 789C5DCA 		.ascii	"x\234]\312\313\015\3020\020E\3217\343\304\304X\244\010"
 254      CB0DC230 
 254      1045D137 
 254      E3C4C458 
 254      A408
 255 0012 2A8122A8 		.ascii	"*\201\"\250g\214h\200-\277\025U\300\216\035\337\000"
 255      678C6880 
 255      2DBF1555 
 255      C08E1DDF 
 255      00
 256 0023 1D80E803 		.ascii	"\035\200\350\003a\034#ao\346J\347\215\0060\"\177xF\002"
 256      611C2361 
 256      6FE64AE7 
 256      8D063022 
 256      7F784602 
 257 0037 4C1BC067 		.ascii	"L\033\300g\343vN{\233\223Pn\013\022\316mI\242r[\221"
 257      E3764E7B 
 257      9B93506E 
 257      0B12CE6D 
 257      49A2725B 
 258 004c 14B9ED59 		.ascii	"\024\271\355Y\312\237m\307C/\007\026\235Hye\270>\240"
 258      CA9F6DC7 
 258      432F0716 
 258      9D487965 
 258      B83EA0
 259 005f F8C8D249 		.ascii	"\370\310\322I\237O,U\372|cj\237\317,&\235\356\314a\242"
ARM GAS  C:\Users\Luczia\AppData\Local\Temp\ccEoXtZ5.s 			page 20


 259      9F4F2C55 
 259      FA7C636A 
 259      9FCF2C26 
 259      9DEECC61 
 260 0074 0B4B374C 		.ascii	"\013K7L\200s\003\200\032\026\373\017\252\354a\375x\223"
 260      80730380 
 260      1A16FB0F 
 260      AAEC61FD 
 260      7893
 261 0086 D2456C8D 		.ascii	"\322El\215W(0y\372V\324\272\211\273\251[7\214\365\267"
 261      57283079 
 261      FA56D4BA 
 261      89BBA95B 
 261      378CF5B7 
 262 009a 36BA8D6E 		.ascii	"6\272\215nUp|\000\350\320[\321"
 262      55707C00 
 262      E8D05BD1 
 263              		.text
 264              		.section	.gnu.lto_.refs.4cdbedcb,"",%progbits
 265 0000 789C6363 		.ascii	"x\234cc``\020\000bF6&vfFN&.\026Fn&\036\026\006\000\004"
 265      60601000 
 265      62463626 
 265      7666464E 
 265      262E1646 
 266 001b 410062   		.ascii	"A\000b"
 267              		.text
 268              		.section	.gnu.lto_.decls.4cdbedcb,"",%progbits
 269 0000 789CB557 		.ascii	"x\234\265W{PT\327\031\277\347\236\005\227\335E,I\034"
 269      7B5054D7 
 269      19BFE79E 
 269      0597DD45 
 269      2C491C
 270 0013 DB9A2926 		.ascii	"\333\232)&dd\246\023\0205M\232f2I\320\032\333\230\244"
 270      6464A613 
 270      10354D9A 
 270      663249D0 
 270      1ADB98A4 
 271 0027 AB9D49A7 		.ascii	"\253\235I\247\314l\010l\"3<\254\273f&\375\243\271\002"
 271      CC6C086C 
 271      22333CAC 
 271      BB6626FD 
 271      A3B902
 272 003a 2AA08D88 		.ascii	"*\240\215\210\210\202ZVA\324H|\006\020\361\261\002\""
 272      88825A56 
 272      41D4487C 
 272      0610F1B1 
 272      0222
 273 004c C8FB2102 		.ascii	"\310\373!\002\312K|k\001\321\200\"J\277\363\270\334"
 273      CA4B7C6B 
 273      01D18022 
 273      4ABFF3B8 
 273      DC
 274 005d BBD72535 		.ascii	"\273\327%53\355\035?\356\375\316\371\235\337\367<\307"
 274      33ED1D3F 
 274      EEFDCEF9 
 274      9DDFF73C 
 274      C7
ARM GAS  C:\Users\Luczia\AppData\Local\Temp\ccEoXtZ5.s 			page 21


 275 006e B39E8220 		.ascii	"\263\236\202 \370\275 \010\261X\020>\001\031\203\307"
 275      F8BD2008 
 275      B158103E 
 275      011983C7 
 276 007e 0863A705 		.ascii	"\010c\247\005\3451\201T\202T\203\324\2024\200\264\201"
 276      E5318154 
 276      825483D4 
 276      823480B4 
 276      81
 277 008f 5C04E900 		.ascii	"\\\004\351\000\351\002\351\001\351\005\271\0122\000"
 277      E902E901 
 277      E905B90A 
 277      3200
 278 009d 0254C208 		.ascii	"\002T\302\010y#A\360D\202\313\263\021t=\274?\005\361"
 278      792341F0 
 278      4482CBB3 
 278      11743DBC 
 278      3F05F1
 279 00b0 05791EA4 		.ascii	"\005y\036\244\024\344\0170\276\020\344\027 &\3048\346"
 279      14E40F30 
 279      BE10E417 
 279      2026C438 
 279      E6
 280 00c1 C2FB3720 		.ascii	"\302\3737 \257\201 \356\207\366\311\200\011\035\347"
 280      AF8120EE 
 280      87F6C980 
 280      091DE7
 281 00d0 93394C1C 		.ascii	"\2239L\034/\257\253v\263n\3733\372\201\270\037\210\307"
 281      2FAFAB76 
 281      B36EFB33 
 281      FA81B81F 
 281      88C7
 282 00e2 AF7DB261 		.ascii	"\257}\262ab\322O\340 \371#\357?j\362r\004t\017x7\363"
 282      62D24FE0 
 282      20F923EF 
 282      3F6AF272 
 282      04740F78 
 283 00f8 F53305F7 		.ascii	"\3653\005\367\261\264\361\365\037h\326\027\362\234\221"
 283      B1B4F1F5 
 283      1F68D617 
 283      F29C91
 284 0107 7816C177 		.ascii	"x\026\301w\025\037\027\005V\253\253n|/\006\234\267\233"
 284      151F1705 
 284      56ABAB6E 
 284      7C2F069C 
 284      B79B
 285 0119 1C101F3E 		.ascii	"\034\020\037>\204\271Vx\177\004\357\217A\206\340\273"
 285      84B95678 
 285      7F04EF8F 
 285      4186E0BB 
 286 0129 1FE44FF0 		.ascii	"\037\344O\360]\301\327\223\274wp\237H\335+\271o#\032"
 286      5DC1D793 
 286      BC77709F 
 286      48DD2BB9 
 286      6F231A
 287 013c 3BA77EC4 		.ascii	";\247~\3047\322?\356\352S\372\214\276\231\0213\352\316"
 287      37D23FEE 
ARM GAS  C:\Users\Luczia\AppData\Local\Temp\ccEoXtZ5.s 			page 22


 287      EA53FA8C 
 287      BE991133 
 287      EACE
 288 014e B71E956F 		.ascii	"\267\036\225o\265\3347\254\311\333Y\304z\374Ym,\206"
 288      B5DC37AC 
 288      C9DB59C4 
 288      7AFC596D 
 288      2C86
 289 0160 77BDCA46 		.ascii	"w\275\312F\257\312F\003\217\211\364\374\022\215\235"
 289      AFCA4603 
 289      8F89F4FC 
 289      128D9D
 290 016f 348CF6A5 		.ascii	"4\214\366\245\366n\326u\241\016\3126\005!^Q\365C\364"
 290      F66ED675 
 290      A10ECA36 
 290      05215E51 
 290      F543F4
 291 0182 31F921F3 		.ascii	"1\371!\363\014 \"y\222\241\264\313\350\034b\"\012\012"
 291      0C202279 
 291      92A1B4CB 
 291      E81C6222 
 291      0A0A
 292 0194 5659A162 		.ascii	"VY\241bU-F\364\021\250+j_\250g\334=\244\230G\343\030"
 292      552D46F4 
 292      11A82B6A 
 292      5FA867DC 
 292      3DA49847 
 293 01aa 19AF6245 		.ascii	"\031\257bE\343\213\236\366N`\365'I8\177g\335~S7\352"
 293      E38B9EF6 
 293      4E60F527 
 293      49387F67 
 293      DD7E5337 
 294 01bf 04E85F04 		.ascii	"\004\350_\004!E\037\215\310\350\216#\3673\275\261H\277"
 294      21451F8D 
 294      C8E88E23 
 294      F733BDB1 
 294      48BF
 295 01d1 87F7669F 		.ascii	"\207\367f\237\364\300/\320\357=\361y%\236\201y\022{"
 295      F4C02FD0 
 295      EF3DF179 
 295      259E8179 
 295      127B
 296 01e3 F47F1750 		.ascii	"\364\177\027P\001\302r>;*\366\356\303k1\232i@\304\005"
 296      01C2723E 
 296      3B2AF6EE 
 296      C36B319A 
 296      6940C405 
 297 01f7 1F183A70 		.ascii	"\037\030:p\247\350\2417\033\"\210\306\365\2039\223p"
 297      A7E8A137 
 297      1B2288C6 
 297      F5833993 
 297      70
 298 0208 08FD6E48 		.ascii	"\010\375nH8\270\215\240}\015H\007\352\335\232\314\336"
 298      38B88DA0 
 298      7D0D4807 
 298      EADD9ACC 
 298      DE
ARM GAS  C:\Users\Luczia\AppData\Local\Temp\ccEoXtZ5.s 			page 23


 299 0219 C9A03E6F 		.ascii	"\311\240>o@~iX\354j{ti22\004$JR\234\344\210\227\274"
 299      407E6958 
 299      EC6A7B74 
 299      69323204 
 299      244A529C 
 300 0231 DE17D071 		.ascii	"\336\027\320q4\035\025\243\351\002:\211\002\010c!\012"
 300      341D15A3 
 300      E9023A89 
 300      02086321 
 300      0A
 301 0242 1450110C 		.ascii	"\024P\021\014\036\205\301\\\342\220s8\343\355\214AI"
 301      1E85C15C 
 301      E2907338 
 301      E3ED8C41 
 301      49
 302 0253 F2432790 		.ascii	"\362C'\220\001\035C\230b \0053\015\314\305\2759\033"
 302      011D4398 
 302      62200533 
 302      0DCCC5BD 
 302      391B
 303 0265 767AE27C 		.ascii	"vz\342|D<\020\213\267^=#Nd\343\364\3046\016\274T\276"
 303      443C108B 
 303      B75E3D23 
 303      4E64E3F4 
 303      C4360EBC 
 304 027b 4A9244E4 		.ascii	"J\222D\344\004\033\247\024\033`\222\031Y\237\177q\324"
 304      041BA714 
 304      1B609219 
 304      599F7F71 
 304      D4
 305 028c 0767D2EC 		.ascii	"\007g\322\354\211\253\352\012nNh\244lB#\327\253\347"
 305      89ABEA0A 
 305      6E4E68A4 
 305      6C4223D7 
 305      ABE7
 306 029e 6E6F2681 		.ascii	"no&\201\224\202\221\022\305\210S6r0\357\273\016\275"
 306      94829112 
 306      C5885336 
 306      7230EFBB 
 306      0EBD
 307 02b0 0E9A8B22 		.ascii	"\016\232\213\"btd\354\314\330\260\323\207\245T$\331"
 307      627464EC 
 307      CCD8B0D3 
 307      87A55424 
 307      D9
 308 02c1 1EA8DE6E 		.ascii	"\036\250\336nd)\235\002\252\264\2669\325gZ:\241O\211"
 308      64299D02 
 308      AAB4B639 
 308      D5675A3A 
 308      A14F89
 309 02d4 97A688E8 		.ascii	"\227\246\210\350\323\251\350,\030-\007\243\002\252@"
 309      D3A9E82C 
 309      182D07A3 
 309      02AA40
 310 02e3 D3E0EF19 		.ascii	"\323\340\357\031\244c\364\015\205}\025\223^rHN\247\344"
 310      A463F40D 
 310      857D1593 
ARM GAS  C:\Users\Luczia\AppData\Local\Temp\ccEoXtZ5.s 			page 24


 310      5E72484E 
 310      A7E4
 311 02f5 EC6F7B6B 		.ascii	"\354o{k_\353\015IJ\206\225HG\220(_\361(\2374\000\372"
 311      5FEB0D49 
 311      4A869548 
 311      4790285F 
 311      F1289F34 
 312 030b 1E752374 		.ascii	"\036u#t\004uA\033U\242\227\200\340\342X\221\303\033"
 312      0475411B 
 312      55A29780 
 312      E0E25891 
 312      C31B
 313 031d 27615AEB 		.ascii	"'aZ\353\274uci\036\023\232\256\242\246c\270\345\376"
 313      BC756369 
 313      1E139AAE 
 313      A2A663B8 
 313      E5FE
 314 032f 13C54598 		.ascii	"\023\305E\230[n\1775Sr\306I\222C$ tN\261zNk\265\232"
 314      5B6E7F35 
 314      5372C649 
 314      92432420 
 314      744EB17A 
 315 0347 5A3D7533 		.ascii	"Z=u3'S\207\2672\253\215\203\3473\2759\323H\3408\023"
 315      275387B7 
 315      32AB8D83 
 315      E733BD39 
 315      D348E038 
 316 035c F1BF4661 		.ascii	"\361\277Fa\252\3212\325R\246\202\315\233\336\306y\214"
 316      AAD132D5 
 316      52A682CD 
 316      9BDEC679 
 316      8C
 317 036d 6874FDEA 		.ascii	"ht\375\352\273\242\332}\222r\305\377z\027\377\207v\337"
 317      BBA2DA7D 
 317      9272C5FF 
 317      7A17FF87 
 317      76DF
 318 037f 2B3571AB 		.ascii	"+5q\253\235G}\263\343\245=\260\316\237\240P\235b\266"
 318      9D477DB3 
 318      E3A53DB0 
 318      CE9FA050 
 318      9D62B6
 319 0392 4E6BB681 		.ascii	"Nk\266\201\232\255\035\2558\344\211O0\2735g\232\266"
 319      9AAD1DAD 
 319      38E4894F 
 319      30BB3567 
 319      9AB6
 320 03a4 4CC2CD54 		.ascii	"L\302\315T\321m-+\3503\"\257\351\010\354\242\2005\244"
 320      D16D2D2B 
 320      E83322AF 
 320      E908ECA2 
 320      8035A4
 321 03b7 9DA4F894 		.ascii	"\235\244\370\224)\260r\316t4\013\232\351\0024S3\362"
 321      29B072CE 
 321      74340B9A 
 321      E9023453 
 321      33F2
ARM GAS  C:\Users\Luczia\AppData\Local\Temp\ccEoXtZ5.s 			page 25


 322 03c9 02D6F300 		.ascii	"\002\326\363\000i\001\3272%=\035\311\224\240\373\246"
 322      6901D732 
 322      253D1DC9 
 322      94A0FBA6 
 323 03d9 D0CF5C79 		.ascii	"\320\317\\y\353\012DEM|\3672\327\307\312\007\362\364"
 323      EB0A4445 
 323      4D7CF732 
 323      D7C7CA07 
 323      F2F4
 324 03eb EA380944 		.ascii	"\3528\011D\211\263\325%\316\366\376\007eF\036g\355\261"
 324      89B3D525 
 324      CEF6FE07 
 324      65461E67 
 324      EDB1
 325 03fd 693BE538 		.ascii	"i;\3458\001\205\032\2258\033\265q\266\3218\327\034\356"
 325      01851A95 
 325      381BB571 
 325      B6D138D7 
 325      1CEE
 326 040f EBF2C0ED 		.ascii	"\353\362\300\355,\316\033\251\337\314\007&\0070\325"
 326      2CCE1BA9 
 326      DFCC0726 
 326      0730D5
 327 041e 8DCEBAFE 		.ascii	"\215\316\272\376\275$\301\376\222t\264\346\355\012U"
 327      BD24C1FE 
 327      9274B4E6 
 327      ED0A55
 328 042d BB96EA22 		.ascii	"\273\226\352\"\245\212\317kO\366\300kt\224\252\360\233"
 328      A58ACF6B 
 328      4FF6C06B 
 328      7494AAF0 
 328      9B
 329 043e ABF57AE0 		.ascii	"\253\365z\340\352\006\256[?g5\227X\315/)L\227\264L\035"
 329      EA06AE5B 
 329      3F673597 
 329      58CD2F29 
 329      4C97B44C 
 330 0453 94A9F2D1 		.ascii	"\224\251\362\321\341\3118\215\021\235\254K\273!r\242"
 330      E1C9388D 
 330      119DAC4B 
 330      BB2172A2 
 331 0463 F65F8E13 		.ascii	"\366_\216\023\021\227:\025\242N-Q\027%J=2\234\345\201"
 331      11973A15 
 331      A24E2D51 
 331      17254A3D 
 331      329CE581 
 332 0477 1D8CE9EA 		.ascii	"\035\214\351\352\206#\017\2758\323\271\027]\\\352V\230"
 332      86230FBD 
 332      38D3B917 
 332      5D5CEA56 
 332      98
 333 0488 BAB54C3D 		.ascii	"\272\265L=\224)\357~\375ao\274\2171=\356\354\254\306"
 333      9429EF7E 
 333      FD616FBC 
 333      8F313DEE 
 333      ECACC6
 334 049b 9CA9366B 		.ascii	"\234\2516k\352\016\226r?\332Z\227\025\252\313Z\252^"
ARM GAS  C:\Users\Luczia\AppData\Local\Temp\ccEoXtZ5.s 			page 26


 334      EA0E9672 
 334      3FDA5A97 
 334      15AACB5A 
 334      AA5E
 335 04ad 4A75775D 		.ascii	"Juw]\277\303\007\0270\252\261\273\373[<\010\225D\366"
 335      BFC30717 
 335      30AAB1BB 
 335      FB5B3C08 
 335      9544F6
 336 04c0 B7FF9E83 		.ascii	"\267\377\236\2037\244D\003\335\212\350\212\302t\205"
 336      37A44403 
 336      DD8AE88A 
 336      C27485
 337 04cf B707BA4A 		.ascii	"\267\007\272J\031\234\0039[0.a\014\347\037\234\0301"
 337      199C0339 
 337      5B302E61 
 337      0CE71F9C 
 337      1831
 338 04e1 E16AAAE8 		.ascii	"\341j\252\350\362\342\277\035\320\241\000\326\234\006"
 338      F2E2BF1D 
 338      D0A100D6 
 338      9C06
 339 04ef 5593DD86 		.ascii	"U\223\335\206\235r]i2\332\211\003_\223a\332\235\344"
 339      9D725D69 
 339      32DA8903 
 339      5F9361DA 
 339      9DE4
 340 0501 4D4F4629 		.ascii	"MOF)[\302\323\306[\371\006\2642\231\022\320- \274\011"
 340      5BC2D3C6 
 340      5BF906B4 
 340      329912D0 
 340      2D20BC09 
 341 0515 DD07060F 		.ascii	"\335\007\006\017m\253x\350e\340\350\304\377\206\356"
 341      6DAB78E8 
 341      65E0E8C4 
 341      FF86EE
 342 0524 79305666 		.ascii	"y0Vf2%\217\237\272\350\016x\"\037\274\002\37272\361"
 342      32258F9F 
 342      BAE80E78 
 342      221FBC02 
 342      FA3732F1 
 343 0538 A6AFABDA 		.ascii	"\246\257\253\332\224\356C\017R\030\343\007\351X|\306"
 343      94EE430F 
 343      5218E307 
 343      E9587CC6 
 344 0548 D0C4E755 		.ascii	"\320\304\347U?\335\007}\362Q\271\262\251\005\216<\226"
 344      3FDD077D 
 344      F251B9B2 
 344      A9058E3C 
 344      96
 345 0559 CAAA4C5C 		.ascii	"\312\252L\\U\272\332\3711\005\241kJ&\257\311\231\034"
 345      55BADAF9 
 345      3105A16B 
 345      4A26AFC9 
 345      991C
 346 056b A0997C74 		.ascii	"\240\231|t#\255\015\261\223\332\004\352\265cie\006\022"
 346      23AD0DB1 
ARM GAS  C:\Users\Luczia\AppData\Local\Temp\ccEoXtZ5.s 			page 27


 346      93DA04EA 
 346      B5636965 
 346      0612
 347 057d 9AC49DF5 		.ascii	"\232\304\235\365U\373:Hc\013\232\216\356\262\320\262"
 347      55FB3A48 
 347      630B9A8E 
 347      EEB2D0B2 
 348 058d 6F15957A 		.ascii	"o\025\225z\260\305\336\240^\332\231\266K\307\216\371"
 348      B0C5DEA0 
 348      5EDA99B6 
 348      4BC78EF9 
 349 059d 1B645A92 		.ascii	"\033dZ\222\352\373=|S\250\363\222\364\016\2425\270\017"
 349      EAFB3D7C 
 349      53A8F392 
 349      F40EA235 
 349      B80F
 350 05af 6CF728DB 		.ascii	"l\367(\333\017\310W\346\244\241n\336vw\222\032}\347"
 350      0FC857E6 
 350      A4A16EDE 
 350      7677921A 
 350      7DE7
 351 05c1 C7D01DC5 		.ascii	"\307\320\035\305#\035\246\031C\272,\250\335\020L\221"
 351      231DA619 
 351      43BA2CA8 
 351      DD104C91 
 352 05d1 FFE2333B 		.ascii	"\377\3423;RL8\301\203\335\033j\356\245\033p*S\012\356"
 352      524C38C1 
 352      83DD1B6A 
 352      EEA51B70 
 352      2A530AEE 
 353 05e5 DDCE30BE 		.ascii	"\335\3160\276\222-\325\323}\375VF\256\224\230\262\222"
 353      922DD5D3 
 353      7DFD5646 
 353      AE9498B2 
 353      92
 354 05f6 AE430F21 		.ascii	"\256C\017!3\260\347T\206\036\300\3100\232!\240\021\364"
 354      33B0E754 
 354      861EC0C8 
 354      309A21A0 
 354      11F4
 355 0608 0A69F581 		.ascii	"\012i\365\201\372\307&\026\243\201\344\253bu\026\232"
 355      FAC72616 
 355      A381E4AB 
 355      6275169A 
 356 0618 3041A372 		.ascii	"0A\243r\202\036\261\004]hK(\342\3315\2223\241g\323)"
 356      821EB104 
 356      5D684B28 
 356      E2D93592 
 356      33A167D3 
 357 062d 2F96A056 		.ascii	"/\226\240V\272\265\253\032\333&k\023\364\004\330\036"
 357      BAB5AB1A 
 357      DB266B13 
 357      F404D81E 
 358 063d 53B6311A 		.ascii	"S\2661\032\362\250\034rs\347\272\020m~&\004o\331\232"
 358      F2A81C72 
 358      73E7BA10 
 358      6D7E2604 
ARM GAS  C:\Users\Luczia\AppData\Local\Temp\ccEoXtZ5.s 			page 28


 358      6FD99A
 359 0650 5D20CED8 		.ascii	"] \316\330\352A\362#\2114?\015\303\355\253\014x7K\311"
 359      EA41F223 
 359      89343F0D 
 359      C3EDAB0C 
 359      78374BC9 
 360 0664 858775A5 		.ascii	"\205\207u\245\236<%\355/\256t8\023\374\010\216\346\003"
 360      9E3C25ED 
 360      2FAE7438 
 360      13FC088E 
 360      E603
 361 0676 36BC8A38 		.ascii	"6\274\2128N\204\316\022!\037\361\"\311\307H\362\266"
 361      4E84CE12 
 361      211FF122 
 361      C9C748F2 
 361      B6
 362 0687 DBFA19F9 		.ascii	"\333\372\031\371j\342K\003]I\010\237f\304k\212\034\303"
 362      6AE24B03 
 362      5D49089F 
 362      66C46B8A 
 362      1CC3
 363 0699 E3C4BF72 		.ascii	"\343\304\277r%\356u!^\005\304\011\204x5%\226\223\343"
 363      25EE7521 
 363      5E05C409 
 363      84783525 
 363      9693E3
 364 06ac CB939359 		.ascii	"\313\223\223Y|\377\034o.=\231\356\333W\350\315r\347"
 364      7CFF1C6F 
 364      2E3D99EE 
 364      DB57E8CD 
 364      72E7
 365 06be 24D34DD7 		.ascii	"$\323M\327v$\360\272\324\023\275\264\345\354\200\016"
 365      7624F0BA 
 365      D413BDB4 
 365      E5EC800E 
 366 06ce D73127B6 		.ascii	"\3271'\2664\036\232O\212\024\377L\267)XP]\375\250\306"
 366      341E9A4F 
 366      8A14FF4C 
 366      B7295850 
 366      5DFDA8C6 
 367 06e2 039F67AB 		.ascii	"\003\237g\253\327\236\311/\347\027\302\012\242\247\035"
 367      D79EC92F 
 367      E717C20A 
 367      A2A71D
 368 06f1 2B2D36E2 		.ascii	"+-6\342V6\331\233|\271\324\023w0Ev\312\227;\225u\361"
 368      5636D99B 
 368      7CB9D413 
 368      77304576 
 368      CA973B95 
 369 0707 07B80FF4 		.ascii	"\007\270\017\364\260\311\342\302\343\345<\200Y\252K"
 369      B0C9E2C2 
 369      E3E53C80 
 369      59AA4B
 370 0716 902FBB04 		.ascii	"\220/\273\004\025\\\253,7\260x$\004\372\211\306K\357"
 370      155CAB2C 
 370      37B07824 
 370      04FA89C6 
ARM GAS  C:\Users\Luczia\AppData\Local\Temp\ccEoXtZ5.s 			page 29


 370      4BEF
 371 0728 E06B6C65 		.ascii	"\340kle\311\340\301\335<6\014jwJ\351\230\317\204=\267"
 371      C9E0C1DD 
 371      3C360C6A 
 371      774AE998 
 371      CF843DB7 
 372 073c 45E43DB7 		.ascii	"E\344=\267Y\244\241\374\220r\360\367J\233\350\350\345"
 372      59A4A1FC 
 372      9072F0F7 
 372      4A9BE8E8 
 372      E5
 373 074d 7093381D 		.ascii	"p\2238\035\245\211\004\235!\372\312k\350\221\321\263"
 373      A589049D 
 373      21FACA6B 
 373      E891D1B3 
 374 075d AB73B21A 		.ascii	"\253s\262\032\275N\374\021\364\376\354]\233\015\370"
 374      BD4EFC11 
 374      F4FEEC5D 
 374      9B0DF8
 375 076c 167372EB 		.ascii	"\026sr\353\275\216\233\274^\001\240\346\016\025\307"
 375      BD8E9BBC 
 375      5E01A0E6 
 375      0E15C7
 376 077b EB711F9B 		.ascii	"\353q\037\233\333xr{\315$<\310\024\371B\355K/\324(\356"
 376      DB78727B 
 376      CD243CC8 
 376      14F942ED 
 376      4B2FD428 
 377 0790 C27B7888 		.ascii	"\302{x\210\315\234\332\220\332\201\360\010S\372\022"
 377      CD9CDA90 
 377      DA81F008 
 377      53FA12
 378 079f AE76F3FC 		.ascii	"\256v\363\374L\003uS\325\355\231x\214M=\251(\235\211"
 378      4C037553 
 378      D5ED9978 
 378      8C4D3DA9 
 378      289D89
 379 07b2 5779D2EF 		.ascii	"Wy\322\357\362\202=\273\021^\313\224\301\314\362\333"
 379      F2823DBB 
 379      115ECB94 
 379      C1CCF2DB 
 380 07c2 06BC9E29 		.ascii	"\006\274\236)\216\306mG\3658\225)\271\017"
 380      8EC66D47 
 380      F5389529 
 380      B90F
 381 07d0 D2734D78 		.ascii	"\322sMx3S\232\213\316'\032\3616\246$\036:\264\305\210"
 381      33539A8B 
 381      CE271AF1 
 381      36A6241E 
 381      3AB4C588 
 382 07e4 1D4C892B 		.ascii	"\035L\211+n\333\300/\252\335D\277\262\353\212\203\357"
 382      6EDBC02F 
 382      AADD44BF 
 382      B2EB8A83 
 382      EF
 383 07f5 50C913F4 		.ascii	"P\311\023\364\344\306\352a\204s\030x\303\300\340F\317"
 383      E4C6EA61 
ARM GAS  C:\Users\Luczia\AppData\Local\Temp\ccEoXtZ5.s 			page 30


 383      84731878 
 383      C3C0E046 
 383      CF
 384 0806 09EBB05F 		.ascii	"\011\353\260_\256\303,Z\206\302\374\354~\275\266\016"
 384      AEC32C5A 
 384      86C2FCEC 
 384      7EBDB60E 
 385 0816 4990D944 		.ascii	"I\220\331D\232\331\0034\263\373\345\314\226\225\235"
 385      9AD90334 
 385      B3FBE5CC 
 385      96959D
 386 0825 788CB475 		.ascii	"x\214\264u\230\010=\325\271\306\261\312\210\374\331"
 386      98083DD5 
 386      B9C6B1CA 
 386      88FCD9
 387 0834 F39CBFFC 		.ascii	"\363\234\277\374\004\220?;\245\204x8\345jp\322\241+"
 387      04903F3B 
 387      A5847838 
 387      E56A70D2 
 387      A12B
 388 0846 0D2BA59C 		.ascii	"\015+\245\234i\224j;\354\265\243\342s\312>\330Fy\217"
 388      69946A3B 
 388      ECB5A3E2 
 388      73CA3ED8 
 388      46798F
 389 0859 13CF05B6 		.ascii	"\023\317\005\266\344\362\327p#H\300\024\236\243\205"
 389      E4F2D770 
 389      2348C014 
 389      9EA385
 390 0868 EFA4F060 		.ascii	"\357\244\360`\005]\242B\357\321\242\023]\320+\341 H"
 390      055DA242 
 390      EFD1A213 
 390      5DD02BE1 
 390      2048
 391 087a C42B293C 		.ascii	"\304+)<\023N\202t\016\227\333\014m|\312\227s*\366\335"
 391      134E8274 
 391      0E97DB0C 
 391      6D7CCA97 
 391      732AF6DD 
 392 088e EED9D5F0 		.ascii	"\356\331\325\360F\025<W\013O\323\272>\230\210\025\370"
 392      46153C57 
 392      0B4FD3BA 
 392      3E988815 
 392      F8
 393 089f 7A2DFC1B 		.ascii	"z-\374\033\025\373\006^\017\370\261!\240<pw\037\235"
 393      15FB065E 
 393      0FF8B121 
 393      A03C7077 
 393      1F9D
 394 08b1 24783840 		.ascii	"$x8@P\211\030\200\216\213\376\250\010\344\010H>H\001"
 394      50891880 
 394      8E8BFEA8 
 394      08E40848 
 394      3E4801
 395 08c4 4819C861 		.ascii	"H\031\310a\220c 'AN\200\224\203\034\0029\003\362=\210"
 395      90632027 
 395      414E8094 
ARM GAS  C:\Users\Luczia\AppData\Local\Temp\ccEoXtZ5.s 			page 31


 395      831C0239 
 395      03F23D88 
 396 08d8 13A418A4 		.ascii	"\023\244\030\244\020\244\024\344\024\310i\321\237\376"
 396      10A414E4 
 396      14C869D1 
 396      9FFE
 397 08e6 D7CCDC1C 		.ascii	"\327\314\334\034\371\207\342\345^\255\227A\332\024\334"
 397      F987E2E5 
 397      5EAD9741 
 397      DA14DC
 398 08f5 52A520DB 		.ascii	"R\245 \333}\365\\\340\352\034\244\270\317\201:e*_\276"
 398      7DF55CE0 
 398      EA1CA4B8 
 398      CF813A65 
 398      2A5FBE
 399 0908 75EB8B0A 		.ascii	"u\353\213\012<\242r\305\241\005g=\345\312\240\012\276"
 399      3CA272C5 
 399      A105673D 
 399      E5CAA00A 
 399      BE
 400 0919 C33D5CDD 		.ascii	"\303=\\\335wI*\307\327j\341\311Ow\265:\320T-~\203+\036"
 400      77492AC7 
 400      D76AE1C9 
 400      4F77B53A 
 400      D0542D7E 
 401 0930 7AF45C12 		.ascii	"z\364\\\022\357\324\203\320\251\337q\274\274\021\321"
 401      EFD483D0 
 401      A9DF71BC 
 401      BC11D1
 402 093f 1AC51DF6 		.ascii	"\032\305\035\366\353\270\357\211\357Jh\017\202\022\370"
 402      EBB8EF89 
 402      EF4A680F 
 402      8212F8
 403 094e 0D4BA9E0 		.ascii	"\015K\251\340\223D\\\004?!\222<\251\361\177\272wV\025"
 403      93445C04 
 403      3F21923C 
 403      A9F17FBA 
 403      775615
 404 0961 5BBB2A13 		.ascii	"[\273*\023\273\334\267\261K\327\253C\333\252\305o|*"
 404      BBDCB7B1 
 404      4BD7AB43 
 404      DBAAC56F 
 404      7C2A
 405 0973 736AF8BF 		.ascii	"sj\370\277\334\237\007\024NnW\325-{&\343+\364\330\023"
 405      DC9F0714 
 405      4E6E57D5 
 405      2D7B26E3 
 405      2BF4D813 
 406 0987 F313DBF2 		.ascii	"\363\023\333\362|P\300s,\342\226$\034O\"\256\204\325"
 406      7C50C073 
 406      2CE29624 
 406      1C4F22AE 
 406      84D5
 407 0999 67C5F16B 		.ascii	"g\305\361k%I\300\004\033\006U\300>\371\177\357\031p"
 407      2549C004 
 407      1B0655C0 
 407      3EF97FEF 
ARM GAS  C:\Users\Luczia\AppData\Local\Temp\ccEoXtZ5.s 			page 32


 407      1970
 408 09ab FAD8A91D 		.ascii	"\372\330\251\035\205:\365E\273R\025 \374P\027\351E\233"
 408      853AF545 
 408      BB521520 
 408      FC5017E9 
 408      459B
 409 09bd BCC9FFE9 		.ascii	"\274\311\377\351\007N\027\031_\336AC\352o{\343h\234"
 409      074E1719 
 409      5FDE4143 
 409      EA6F7BE3 
 409      689C
 410 09cf 14472ED7 		.ascii	"\024G.\327\364\327/\273\037W\211/\223\353_\353\201\016"
 410      F4D72FBB 
 410      1F57892F 
 410      93EB5FEB 
 410      810E
 411 09e1 1977F94D 		.ascii	"\031w\371M)QOAm2\250\232\202\262F\037eLV[&\277^\024"
 411      29514F41 
 411      6D32A89A 
 411      82B2461F 
 411      654C565B 
 412 09f9 CB35DC72 		.ascii	"\3135\334r\015\265\334Ts3\013\253\301\255.\340Z\016"
 412      0DB5DC54 
 412      73330BAB 
 412      C1AD2EE0 
 412      5A0E
 413 0a0b AEA5E0B8 		.ascii	"\256\245\340\270\222\372-z5\270\337\005\\\307\301u\024"
 413      92FA2D7A 
 413      35B8DF05 
 413      5CC7C175 
 413      14
 414 0a1c DC7FBD64 		.ascii	"\334\177\275d\277A\015&\027\\\005\\\317\301\365\024"
 414      BF410D26 
 414      175C055C 
 414      CFC1F514 
 415 0a2c DCB87E6D 		.ascii	"\334\270~m\276\217\032\\\341\302\334\300\301\015\024"
 415      BE8F1A5C 
 415      E1C2DCC0 
 415      C10D14
 416 0a3b BCBD724F 		.ascii	"\274\275rO\250\032K.t\012\266\221c\033)\266d\177\313"
 416      A81A4B2E 
 416      740AB691 
 416      631B29B6 
 416      647FCB
 417 0a4e 1D2F35B8 		.ascii	"\035/5\270\336\205\270\211\203\233(8=7\375\327<\273"
 417      DE85B889 
 417      839B2838 
 417      3D37FDD7 
 417      3CBB
 418 0a60 55A36F64 		.ascii	"U\243odI)Sh~{\345\3746\213/\013\2766\273%**\302b\263"
 418      49295368 
 418      7E7BE5FC 
 418      368B2F0B 
 418      BE36BB25 
 419 0a79 872DB75B 		.ascii	"\207-\267[\302\242\302\226G\373\007\006\006\301\277"
 419      C2A2C296 
 419      47FB0706 
ARM GAS  C:\Users\Luczia\AppData\Local\Temp\ccEoXtZ5.s 			page 33


 419      06C1BF
 420 0a88 F0A5919F 		.ascii	"\360\245\221\237E\306\332\202\177\033\034\024k\013Z"
 420      45C6DA82 
 420      7F1B1C14 
 420      6B0B5A
 421 0a97 1A161564 		.ascii	"\032\026\025d[\036N\336\200\015\014\327/\370\360\317"
 421      5B1E4EDE 
 421      800D0CD7 
 421      2FF8F0CF 
 422 0aa7 7E21C1C1 		.ascii	"~!\301\301\202\301bY\021\031c\2373\333b\377<\374\315"
 422      82C16259 
 422      1119639F 
 422      33DB62FF 
 422      3CFCCD
 423 0aba 50BACA66 		.ascii	"P\272\312f_\021\021\031\033j\217\215\215\262\205~\021"
 423      5F111119 
 423      1B6A8F8D 
 423      8DB2857E 
 423      11
 424 0acb B3C28F7E 		.ascii	"\263\302\217~\371\001\267\2375\3723kD\2045\"\364\365"
 424      F901B79F 
 424      35FA336B 
 424      44843522 
 424      F4F5
 425 0add C0597EB3 		.ascii	"\300Y~\263g\005\277\376\267\271\2410\376jLl\214\365"
 425      6705BFFE 
 425      B7B9A130 
 425      FE6A4C6C 
 425      8CF5
 426 0aef 556BD867 		.ascii	"Uk\330g\221\241\2211\341Q+\"\254\241\321a\300\025c\015"
 426      91A19131 
 426      E1512B22 
 426      ACA1D161 
 426      C015630D 
 427 0b03 B544583F 		.ascii	"\265DX?\017[\021e\267\330\277Zf\265\005.\025\364\262"
 427      0F5B1165 
 427      B7D8BF5A 
 427      66B5052E 
 427      15F4B2
 428 0b16 BDBFFE4F 		.ascii	"\275\277\376O\355\331\276\262\205Bh\021@\016F\274@\265"
 428      EDD9BEB2 
 428      85426811 
 428      400E46BC 
 428      40B5
 429 0b28 47465B2D 		.ascii	"GF[-\366\000w\351Xn\017\342\353`\202\340`\311\357&\312"
 429      F60077E9 
 429      586E0FE2 
 429      EB6082E0 
 429      60C9EF26 
 430 0b3d DBB2D8E5 		.ascii	"\333\262\330\345v[\320\342%\213\346\314\016\372\340"
 430      765BD0E2 
 430      258BE6CC 
 430      0EFAE0
 431 0b4c 8379414B 		.ascii	"\203yAK\026.\3722\230g\222$\037\326\376l\274\014\261"
 431      162EFA32 
 431      98679224 
 431      1FD6FE6C 
ARM GAS  C:\Users\Luczia\AppData\Local\Temp\ccEoXtZ5.s 			page 34


 431      BC0CB1
 432 0b5f CB5815A6 		.ascii	"\313X\025\246\310#V\273\353\300\027\362\300T>\020ic"
 432      C82356BB 
 432      EBC017F2 
 432      C0543E10 
 432      6963
 433 0b71 BA252CDC 		.ascii	"\272%,\334\036\371\245\325\303\362\036D\357i\263/\214"
 433      1EF9A5D5 
 433      C3F21E44 
 433      EF69B32F 
 433      8C
 434 0b82 89B4BFF2 		.ascii	"\211\264\277\362,\265\024L6\373bR\377w\011\215\221("
 434      2CB5144C 
 434      36FB6252 
 434      FF77098D 
 434      9128
 435 0b94 B1CBE8B7 		.ascii	"\261\313\350\267\001\276\255v\371s\201u\034\301\014"
 435      01BEAD76 
 435      F9738175 
 435      1CC10C
 436 0ba3 8301AFF0 		.ascii	"\203\001\257\360\245\213\277\262\275\037\026e\327\205"
 436      A58BBFB2 
 436      BD1F1665 
 436      D785
 437 0bb1 2F0D5BEE 		.ascii	"/\015[\356\266w\\\222\005\301z\253\315\011\336\026\313"
 437      B6775C92 
 437      05C17AAB 
 437      CD09DE16 
 437      CB
 438 0bc2 E72B62C2 		.ascii	"\347+b\302-\226\3007\346\314\235\245\2275\243b\332\025"
 438      2D96C037 
 438      E6CC9DA5 
 438      9735A362 
 438      DA15
 439 0bd4 F2BA51F1 		.ascii	"\362\272Q\361\304e\346\265`\217\220\220E\3469\342Gf"
 439      C465E6B5 
 439      608F9090 
 439      45E639E2 
 439      4766
 440 0be6 DDBC45EF 		.ascii	"\335\274E\357\232\361\274\020\263\356\275yK\3148$\304"
 440      9AF1BC10 
 440      B3EEBD79 
 440      4BCC3824 
 440      C4
 441 0bf7 8CCD20EF 		.ascii	"\214\315 \357\232\315\370\343\305!8\344\303%\272\220"
 441      9ACDF8E3 
 441      C52138E4 
 441      C325BA90 
 442 0c07 90F9668A 		.ascii	"\220\371f\212\237M\377\006\343\371\013\314\342bX\271"
 442      9F4DFF06 
 442      E3F90BCC 
 442      E26258B9 
 443 0c17 70BE59B7 		.ascii	"p\276Y\267x\021\240C\314\263A\202\001\371\211\371\315"
 443      7811A043 
 443      CCB34182 
 443      01F989F9 
 443      CD
ARM GAS  C:\Users\Luczia\AppData\Local\Temp\ccEoXtZ5.s 			page 35


 444 0c28 9F565B9B 		.ascii	"\237V[\233=\2324hd4Dk\034W,\366\377\000\017\350c\177"
 444      3D9A3468 
 444      6434446B 
 444      1C572CF6 
 444      FF000FE8 
 445              		.text
 446              		.section	.gnu.lto_.symtab.4cdbedcb,"",%progbits
 447 0000 7374496E 		.ascii	"stInit\000"
 447      697400
 448 0007 00       		.ascii	"\000"
 449 0008 00       		.ascii	"\000"
 450 0009 00       		.ascii	"\000"
 451 000a 00000000 		.ascii	"\000\000\000\000\000\000\000\000"
 451      00000000 
 452 0012 DB000000 		.ascii	"\333\000\000\000"
 453 0016 73745374 		.ascii	"stStartAlarm\000"
 453      61727441 
 453      6C61726D 
 453      00
 454 0023 00       		.ascii	"\000"
 455 0024 00       		.ascii	"\000"
 456 0025 00       		.ascii	"\000"
 457 0026 00000000 		.ascii	"\000\000\000\000\000\000\000\000"
 457      00000000 
 458 002e DD000000 		.ascii	"\335\000\000\000"
 459 0032 73745374 		.ascii	"stStopAlarm\000"
 459      6F70416C 
 459      61726D00 
 460 003e 00       		.ascii	"\000"
 461 003f 00       		.ascii	"\000"
 462 0040 00       		.ascii	"\000"
 463 0041 00000000 		.ascii	"\000\000\000\000\000\000\000\000"
 463      00000000 
 464 0049 DF000000 		.ascii	"\337\000\000\000"
 465 004d 73745365 		.ascii	"stSetAlarm\000"
 465      74416C61 
 465      726D00
 466 0058 00       		.ascii	"\000"
 467 0059 00       		.ascii	"\000"
 468 005a 00       		.ascii	"\000"
 469 005b 00000000 		.ascii	"\000\000\000\000\000\000\000\000"
 469      00000000 
 470 0063 E1000000 		.ascii	"\341\000\000\000"
 471 0067 73744765 		.ascii	"stGetAlarm\000"
 471      74416C61 
 471      726D00
 472 0072 00       		.ascii	"\000"
 473 0073 00       		.ascii	"\000"
 474 0074 00       		.ascii	"\000"
 475 0075 00000000 		.ascii	"\000\000\000\000\000\000\000\000"
 475      00000000 
 476 007d E3000000 		.ascii	"\343\000\000\000"
 477 0081 73745F6C 		.ascii	"st_lld_init\000"
 477      6C645F69 
 477      6E697400 
 478 008d 00       		.ascii	"\000"
 479 008e 02       		.ascii	"\002"
ARM GAS  C:\Users\Luczia\AppData\Local\Temp\ccEoXtZ5.s 			page 36


 480 008f 00       		.ascii	"\000"
 481 0090 00000000 		.ascii	"\000\000\000\000\000\000\000\000"
 481      00000000 
 482 0098 E5000000 		.ascii	"\345\000\000\000"
 483 009c 63685379 		.ascii	"chSysHalt\000"
 483      7348616C 
 483      7400
 484 00a6 00       		.ascii	"\000"
 485 00a7 02       		.ascii	"\002"
 486 00a8 00       		.ascii	"\000"
 487 00a9 00000000 		.ascii	"\000\000\000\000\000\000\000\000"
 487      00000000 
 488 00b1 F0000000 		.ascii	"\360\000\000\000"
 489              		.text
 490              		.section	.gnu.lto_.opts,"",%progbits
 491 0000 272D666D 		.ascii	"'-fmath-errno' '-fsigned-zeros' '-ftrapping-math' '"
 491      6174682D 
 491      6572726E 
 491      6F272027 
 491      2D667369 
 492 0033 2D666E6F 		.ascii	"-fno-trapv' '-fno-strict-overflow' '-fno-openmp' '-"
 492      2D747261 
 492      70762720 
 492      272D666E 
 492      6F2D7374 
 493 0066 666E6F2D 		.ascii	"fno-openacc' '-mcpu=cortex-m4' '-mthumb' '-O0' '-fo"
 493      6F70656E 
 493      61636327 
 493      20272D6D 
 493      6370753D 
 494 0099 6D69742D 		.ascii	"mit-frame-pointer' '-falign-functions=16' '-ffuncti"
 494      6672616D 
 494      652D706F 
 494      696E7465 
 494      72272027 
 495 00cc 6F6E2D73 		.ascii	"on-sections' '-fdata-sections' '-fno-common' '-flto"
 495      65637469 
 495      6F6E7327 
 495      20272D66 
 495      64617461 
 496 00ff 2700     		.ascii	"'\000"
 497              		.text
 498              		.comm	__gnu_lto_v1,1,1
 499              		.comm	__gnu_lto_slim,1,1
 500              		.ident	"GCC: (GNU Tools for Arm Embedded Processors 7-2017-q4-major) 7.2.1 20170904 (release) [ARM
ARM GAS  C:\Users\Luczia\AppData\Local\Temp\ccEoXtZ5.s 			page 37


DEFINED SYMBOLS
                            *ABS*:00000000 hal_st.c
                            *COM*:00000001 __gnu_lto_v1
                            *COM*:00000001 __gnu_lto_slim

NO UNDEFINED SYMBOLS
