ARM GAS  C:\Users\Luczia\AppData\Local\Temp\ccn169zZ.s 			page 1


   1              		.cpu cortex-m4
   2              		.eabi_attribute 20, 1
   3              		.eabi_attribute 21, 1
   4              		.eabi_attribute 23, 3
   5              		.eabi_attribute 24, 1
   6              		.eabi_attribute 25, 1
   7              		.eabi_attribute 26, 1
   8              		.eabi_attribute 30, 6
   9              		.eabi_attribute 34, 1
  10              		.eabi_attribute 18, 4
  11              		.file	"hal_st_lld.c"
  12              		.section	.gnu.lto_.inline.75cad68a,"",%progbits
  13 0000 789C6363 		.ascii	"x\234cc``\320`d\200\003n\006\006\026f\006\006&\226\017"
  13      6060D060 
  13      6480036E 
  13      06061666 
  13      06062696 
  14 0015 7A0C2C0C 		.ascii	"z\014,\014L !F\014\021&\006\026\036 \311\264@\036\256"
  14      4C202146 
  14      0C112606 
  14      161E20C9 
  14      B4401EAE 
  15 0029 860B4830 		.ascii	"\206\013H0c\027fa`\025\303\"\014&X\261ka\303.\314\216"
  15      63176661 
  15      6015C322 
  15      0C2658B1 
  15      6B61C32E 
  16 003f C7240EEC 		.ascii	"\307$\016\354Z8\031\204n\202\\\314\263!\027E\234\211"
  16      5A381984 
  16      6E825CCC 
  16      B3211745 
  16      9C89
  17 0051 1BE43184 		.ascii	"\033\3441\204v4\002\"\315\315 \241\000d\253\035\330"
  17      76340222 
  17      CDCD20A1 
  17      0064AB1D 
  17      D8
  18 0062 C104D3CC 		.ascii	"\301\004\323\314\014\262\004H\003\000N\026\015\250"
  18      0CB20448 
  18      03004E16 
  18      0DA8
  19              		.text
  20              		.section	.gnu.lto_port_lock.75cad68a,"",%progbits
  21 0000 789C7D50 		.ascii	"x\234}P\317K\025Q\024>\337\334\361\031jQ\213v.\346-"
  21      CF4B1551 
  21      143EDFDC 
  21      F1196A51 
  21      8B762EE6 
  22 0015 5E21C4BB 		.ascii	"^!\304\273\272\210jYo\345\342A\370\376\000\311i\310"
  22      BA886A59 
  22      6FE5E241 
  22      F8FE00C9 
  22      69C8
  23 0027 81C69199 		.ascii	"\201\306\221\231W\350\312\313\313xV\356z\251<\206,-"
  23      57E8CACB 
  23      CB7856EE 
  23      7AA93C86 
ARM GAS  C:\Users\Luczia\AppData\Local\Temp\ccn169zZ.s 			page 2


  23      2C2D
  24 0039 AA4556F6 		.ascii	"\252EV\366\303|\246N\265\211\240(\241] \250\025\025"
  24      C37CA64E 
  24      B589A028 
  24      A15D20A8 
  24      1515
  25 004b 14458B56 		.ascii	"\024E\213V\326\271\243H\253\016\367\007\347\334\363"
  25      D6B9A348 
  25      AB0EF707 
  25      E7DCF3
  26 005a 7DE7FB6E 		.ascii	"}\347\373n\212\210&@t\231\357\335\274I\020\014\342\015"
  26      8A882640 
  26      7499EFDD 
  26      BC49100C 
  26      E20D
  27 006c 2E1268C0 		.ascii	".\022h\300\300\000\206EE\340Y\371\343\254\321rCq\304"
  27      C0008645 
  27      45E059F9 
  27      E3ACD172 
  27      4371C4
  28 007f A3BFF63C 		.ascii	"\243\277\366<=\253\316\267F\202hDP\022\270\217\026\342"
  28      3DABCEB7 
  28      46826844 
  28      5012B88F 
  28      16E2
  29 0091 BE957BEB 		.ascii	"\276\225{\353\227\266\247\314\215:\036 \305,\004~x;"
  29      97B6A7CC 
  29      8D3A1E20 
  29      C52C047E 
  29      783B
  30 00a3 78371217 		.ascii	"x7\022\027D$\000\223\323\037\257\252\253;tj\300\342"
  30      44240093 
  30      D31FAFAA 
  30      AB3B746A 
  30      C0E2
  31 00b5 F4FACBA5 		.ascii	"\364\372\313\245\305Fq\020\232\342\326\324\325\261\246"
  31      C5467110 
  31      9AE2D6D4 
  31      D5B1A6
  32 00c4 CCA45225 		.ascii	"\314\244R%\025\277\301\013eFB`\006\202)\361\010\315"
  32      15BFC10B 
  32      65464260 
  32      068229F1 
  32      08CD
  33 00d6 7888E68D 		.ascii	"x\210\346\215\221\217\221\271\263T\027\253\365?e\025"
  33      918F91B9 
  33      B35417AB 
  33      F53F6515 
  34 00e6 AF5DC3CC 		.ascii	"\257]\303\314\247m\246\221\224\211\206\022]\347\004"
  34      A76DA691 
  34      94898612 
  34      5DE704
  35 00f5 BB115F50 		.ascii	"\273\021_P*RU\030\314]\376\254\346M=V\300\302,\023}"
  35      2A525518 
  35      CC5DFEAC 
  35      E64D3D56 
  35      C0C22C13 
ARM GAS  C:\Users\Luczia\AppData\Local\Temp\ccn169zZ.s 			page 3


  36 010a 45696572 		.ascii	"Eier\270\266\214-\355\203\211\307\213\225\275H\230\264"
  36      B8B68C2D 
  36      ED8389C7 
  36      8B95BD48 
  36      98B4
  37 011c 8711817F 		.ascii	"\207\021\201\177\275\241\206\024\346\2645>\300\006\317"
  37      BDA18614 
  37      E6B4353E 
  37      C006CF
  38 012b 68F4C4F8 		.ascii	"h\364\304\370\364\357\206t\005\343j\314\212\204\251"
  38      F4EF8674 
  38      05E36ACC 
  38      8A84A9
  39 013a 01B757E7 		.ascii	"\001\267W\347\224\226Dx\2024\351\312\373j\255\322\240"
  39      94964478 
  39      8234E9CA 
  39      FB6AADD2 
  39      A0
  40 014b 45CEC3AC 		.ascii	"E\316\303\254jqXH\276\343\346\302\363\017M\351\321M"
  40      6A715848 
  40      BEE3E6C2 
  40      F30F4DE9 
  40      D14D
  41 015d 709D6EFD 		.ascii	"p\235n\37595\375\2561\001/j0b\230\364\015\245+\337_"
  41      3935FDAE 
  41      31012F6A 
  41      306298F4 
  41      0DA52BDF 
  42 0172 EF4AFE55 		.ascii	"\357J\376U\307\020\013#n\331\237\315J^v\267\333\345"
  42      C7100B23 
  42      6ED99FCD 
  42      4A5E76B7 
  42      DBE5
  43 0184 FA61DBA1 		.ascii	"\372a\333\2416\351\207\322\366=\317\357\221\275~P\014"
  43      36E987D2 
  43      F63DCFEF 
  43      91BD7E50 
  43      0C
  44 0195 E5E18E7C 		.ascii	"\345\341\216|.\337\307\035\266\0378\235\247\017x\331"
  44      2EDFC71D 
  44      B61F389D 
  44      A70F78D9 
  45 01a5 6EAAEF3A 		.ascii	"n\252\357:\026:G\003\367\310\177\320N_Qce._h/\310\034"
  45      163A4703 
  45      F7C87FD0 
  45      4E5F5163 
  45      652E5F68 
  46 01bc 83657B8F 		.ascii	"\203e{\217}\362\324qG\332^\350\206\235'l\233\251v\346"
  46      7DF2D471 
  46      47DA5EE8 
  46      869D276C 
  46      9BA976E6 
  47 01d0 0B1D96A6 		.ascii	"\013\035\226\246\353\015\334}V\246\225\214\200\352="
  47      EB0DDC7D 
  47      56A6958C 
  47      80EA3D
  48 01df C7F3837E 		.ascii	"\307\363\203~\372\013%-\256\273"
ARM GAS  C:\Users\Luczia\AppData\Local\Temp\ccn169zZ.s 			page 4


  48      FA0B252D 
  48      AEBB
  49              		.text
  50              		.section	.gnu.lto_port_unlock.75cad68a,"",%progbits
  51 0000 789C7D50 		.ascii	"x\234}P\317KTQ\024>\337\273\317\231P\213Z\270s1\263"
  51      CF4B5451 
  51      143EDFBB 
  51      CF99508B 
  51      5AB87331 
  52 0015 184488B9 		.ascii	"\030D\210\271\272\210jY\263r1\020\316\037 \371z\344"
  52      BA886A59 
  52      B3723110 
  52      CE1F20F9 
  52      7AE4
  53 0027 839E4FDE 		.ascii	"\203\236O\336\233\302V^FEKwM\243\014\217,-\252EV\366"
  53      9BC2565E 
  53      46454B77 
  53      4DA30C8F 
  53      2C2DAA45 
  54 003d D3B1F465 		.ascii	"\323\261\364e\233\010\302\222\332H\020(%\024\004\375"
  54      9B08C292 
  54      DA481028 
  54      251404FD 
  55 004d 58B4B2CE 		.ascii	"X\264\262\316}\206\264\352p\177p\316=\337w\276\357&"
  55      7D86B4EA 
  55      707F70CE 
  55      3DDF77BE 
  55      EF26
  56 005f 88681A44 		.ascii	"\210h\032D\227\370n\342M\202`\020op\221@\003\006\006"
  56      97F86EE2 
  56      4D826010 
  56      6F709140 
  56      030606
  57 0072 302ECA02 		.ascii	"0.\312\002\313#\237\346\215\326\353\212#\232x\333\362"
  57      CB239FE6 
  57      8DD6EB8A 
  57      239A78DB 
  57      F2
  58 0083 6C589D6F 		.ascii	"lX\235o\013\005QEP\034\270\207V\342\276\365\273[\027"
  58      0B055145 
  58      501CB887 
  58      56E2BEF5 
  58      BB5B17
  59 0096 7727CCED 		.ascii	"w'\314\355:\356#\301,\004~x3t'\024c\"\024\200\311\351"
  59      3AEE23C1 
  59      2C047E78 
  59      33742714 
  59      63221480 
  60 00ac B757D58D 		.ascii	"\267W\325\215=:5\220\342\364\332\313\325\245\006q\010"
  60      3D3A3590 
  60      E2F4DACB 
  60      D5A50671 
  60      08
  61 00bd 9AE2E6EC 		.ascii	"\232\342\346\354\225\311\306\314\214R%\025\275\306\013"
  61      95C9C6CC 
  61      8C522515 
  61      BDC60B
ARM GAS  C:\Users\Luczia\AppData\Local\Temp\ccn169zZ.s 			page 5


  62 00cc 658642E0 		.ascii	"e\206B\340\021\004S\342!\232\361\000\315\333#\037#s"
  62      110453E2 
  62      219AF100 
  62      CDDB231F 
  62      2373
  63 00de 7BB52E52 		.ascii	"{\265.R[\277GT\364\363*~l\3562\215\270L4\032\353:'\330"
  63      5BBF4754 
  63      F4F32A7E 
  63      6CEE328D 
  63      B84C341A 
  64 00f6 8DF88C52 		.ascii	"\215\370\214R\221\252\302`\356\312\360\362JR\217\025"
  64      91AAC260 
  64      EECAF0F2 
  64      4A528F15 
  65 0106 20CC33D1 		.ascii	" \3143\321\027\224\326g\306k\037\260\243}(\366xa\255"
  65      1794D667 
  65      C66B1FB0 
  65      A37D28F6 
  65      7861AD
  66 0119 053193F6 		.ascii	"\0051\223\366P\021\370\327\033jH`A[\343\203yhP\243\247"
  66      5011F8D7 
  66      1B6A4860 
  66      415BE383 
  66      796850A3 
  67 012e A7E67ED5 		.ascii	"\247\346~\325\247\313\230R\223\251P\230\032pkcAiI\204"
  67      A7CB9852 
  67      93A95098 
  67      1A706B63 
  67      41694984 
  68 0142 274893AE 		.ascii	"'H\223\256\274\257\326\312\365Z\344S\230U-\016\213\361"
  68      BCAFD6CA 
  68      F55AE453 
  68      98552D0E 
  68      8BF1
  69 0154 77DC587C 		.ascii	"w\334X|\376\2611=\361\027\\\247[\277\317\316\275k\210"
  69      FEB1313D 
  69      F1175CA7 
  69      5BBFCFCE 
  69      BD6B88
  70 0167 C14B1A8C 		.ascii	"\301K\032\214\010&}E\351\362\346\312\276\370_u\214\262"
  70      08267D45 
  70      E9F2E6CA 
  70      BEF85F75 
  70      8CB2
  71 0179 30E29603 		.ascii	"0\342\226\003\331\254\344e\3658\335\216\027\264\037"
  71      D9ACE465 
  71      F538DD8E 
  71      17B41F
  72 0188 6E975E20 		.ascii	"n\227^ -\317u\275^\331\347\371\305@\036\351\314\347"
  72      2DCF75BD 
  72      5ED9E7F9 
  72      C5401EE9 
  72      CCE7
  73 019a F2FDDC61 		.ascii	"\362\375\334ay\276\335u\346\240\233\355\241d\367\361"
  73      79BEDD75 
  73      E6A09BED 
  73      A164F7F1 
ARM GAS  C:\Users\Luczia\AppData\Local\Temp\ccn169zZ.s 			page 6


  74 01aa C03EE63B 		.ascii	"\300>\346;G\377\203\266\373\213\032+s\371BGA\346\030"
  74      47FF83B6 
  74      FB8B1A2B 
  74      73F94247 
  74      41E618
  75 01bd 2C3B7AAD 		.ascii	",;z\255S\247O\330\322r\003'\350:iYL\2657_\350Li\272"
  75      53A74FD8 
  75      D2720327 
  75      E83A6959 
  75      4CB5375F 
  76 01d5 3EDFD99F 		.ascii	">\337\331\237\312\264\221\341S\322\265]\317?K\177\000"
  76      CAB491E1 
  76      53D2B55D 
  76      CF3F4B7F 
  76      00
  77 01e6 8568AF09 		.ascii	"\205h\257\011"
  78              		.text
  79              		.section	.gnu.lto_port_lock_from_isr.75cad68a,"",%progbits
  80 0000 789C6363 		.ascii	"x\234cc``X\004\304\346@,\012\304\014\314\014\214L\014"
  80      60605804 
  80      C4E6402C 
  80      0AC40CCC 
  80      0C8C4C0C 
  81 0014 40CCC808 		.ascii	"@\314\310\010\34402\32431\3263\3660Oaf<\324\376l'\223"
  81      E43032D4 
  81      3331D633 
  81      F6304F61 
  81      663CD4FE 
  82 002b E6F20620 		.ascii	"\346\362\006 80}\222\326\301\326\206.\2039\314\014\014"
  82      38307D92 
  82      D6C1D686 
  82      2E8339CC 
  82      0C0C
  83 003d D39819C0 		.ascii	"\323\230\031\300\200q3\243&\003P\335\243\215\377\246"
  83      807133A3 
  83      260350DD 
  83      A38DFFA6 
  84 004d F2B2B140 		.ascii	"\362\262\261@\304\031\2670\2621\200LZ\177\211\365@\303"
  84      C419B730 
  84      B231804C 
  84      5A7F89F5 
  84      40C3
  85 005f BFFFED0D 		.ascii	"\277\377\355\015\007\336,e\234\371\212\003(\331\001"
  85      07DE2C65 
  85      9CF98A03 
  85      28D901
  86 006e D6D8C90C 		.ascii	"\326\330\311\014\264\216\371\015c\363\202\365W\014\301"
  86      B48EF90D 
  86      63F382F5 
  86      570CC1
  87 007d CA8166EC 		.ascii	"\312\201f\354\334\371\3466{\375\337\006\2169\314\214"
  87      DCF9E636 
  87      7BFDDF06 
  87      8E39CC8C 
  88 008d D39881FA 		.ascii	"\323\230\201\372\031\2672\3263\314\001*}\307\330\264"
  88      19B732D6 
  88      33CC012A 
ARM GAS  C:\Users\Luczia\AppData\Local\Temp\ccn169zZ.s 			page 7


  88      7DC7D8B4 
  89 009d 60F31541 		.ascii	"`\363\025A\260B\020\350\000\311\002M0\325\323\323\007"
  89      B04210E8 
  89      00C9024D 
  89      30D5D3D3 
  89      07
  90 00ae A2E48CCC 		.ascii	"\242\344\214\314\244\314\374bCKC\375\374b\375\344\374"
  90      A4CCFC62 
  90      434B43FD 
  90      FC62FDE4 
  90      FC
  91 00bf DCDCFC3C 		.ascii	"\334\334\374<\375\202\374\242\222b}\307 _g\337\012\240"
  91      FD82FCA2 
  91      92627DC7 
  91      205F67DF 
  91      0AA0
  92 00d1 8AE4FCA2 		.ascii	"\212\344\374\242\324\3702\363\\\275\014\006\000~\031"
  92      D4F832F3 
  92      5CBD0C06 
  92      007E19
  93 00e0 439E     		.ascii	"C\236"
  94              		.text
  95              		.section	.gnu.lto_port_unlock_from_isr.75cad68a,"",%progbits
  96 0000 789C6363 		.ascii	"x\234cc``X\004\304\346@,\012\304\014\314\014\214L\014"
  96      60605804 
  96      C4E6402C 
  96      0AC40CCC 
  96      0C8C4C0C 
  97 0014 40CCC808 		.ascii	"@\314\310\010\34402\32431\3263\3660Oaf<\324\376l'\223"
  97      E43032D4 
  97      3331D633 
  97      F6304F61 
  97      663CD4FE 
  98 002b E6F20620 		.ascii	"\346\362\006 80}\207\326\301\326\206.\2039\314\014\014"
  98      38307D87 
  98      D6C1D686 
  98      2E8339CC 
  98      0C0C
  99 003d D39819C0 		.ascii	"\323\230\031\300\200q3\243&\003P\335\243\215\377\246"
  99      807133A3 
  99      260350DD 
  99      A38DFFA6 
 100 004d F2B2B140 		.ascii	"\362\262\261@\304\031\2670\2621\200LZ\177\211\365@\303"
 100      C419B730 
 100      B231804C 
 100      5A7F89F5 
 100      40C3
 101 005f BFFFED0D 		.ascii	"\277\377\355\015\007\376,e\334\377\212\003(\331\001"
 101      07FE2C65 
 101      DCFF8A03 
 101      28D901
 102 006e D6D8C90C 		.ascii	"\326\330\311\014\264\216\371\015c\363\202\337W\014\301"
 102      B48EF90D 
 102      63F382DF 
 102      570CC1
 103 007d CA8166EC 		.ascii	"\312\201f\354\334\371\3466{\375\337\006\2169\314\214"
 103      DCF9E636 
ARM GAS  C:\Users\Luczia\AppData\Local\Temp\ccn169zZ.s 			page 8


 103      7BFDDF06 
 103      8E39CC8C 
 104 008d D39881FA 		.ascii	"\323\230\201\372\031\2672\3263\314\001*}\307\330\264"
 104      19B732D6 
 104      33CC012A 
 104      7DC7D8B4 
 105 009d E0FF1541 		.ascii	"\340\377\025A\260B\020\350\000\311\002M0\325\323\323"
 105      B04210E8 
 105      00C9024D 
 105      30D5D3D3 
 106 00ad 07A2E48C 		.ascii	"\007\242\344\214\314\244\314\374bCKC\375\374b\375\344"
 106      CCA4CCFC 
 106      62434B43 
 106      FDFC62FD 
 106      E4
 107 00be FCDCDCFC 		.ascii	"\374\334\334\374<\375\202\374\242\222b}\307 _g\337\012"
 107      3CFD82FC 
 107      A292627D 
 107      C7205F67 
 107      DF0A
 108 00d0 A08AE4FC 		.ascii	"\240\212\344\374\242\324\3702\363\\\275\014\006\000"
 108      A2D4F832 
 108      F35CBD0C 
 108      0600
 109 00de F0D54492 		.ascii	"\360\325D\222"
 110              		.text
 111              		.section	.gnu.lto_chSysLockFromISR.75cad68a,"",%progbits
 112 0000 789C6363 		.ascii	"x\234cc``8\011\304\232@,\012\304\014\314\014\214L\014"
 112      60603809 
 112      C49A402C 
 112      0AC40CCC 
 112      0C8C4C0C 
 113 0014 40CCC808 		.ascii	"@\314\310\010\34402\32431\3263\3660Oaf<\324\376l'\223"
 113      E43032D4 
 113      3331D633 
 113      F6304F61 
 113      663CD4FE 
 114 002b E6F20620 		.ascii	"\346\362\006 80}\223\324\232\206\013\015\314s\230\031"
 114      38307D93 
 114      D49A860B 
 114      0DCC7398 
 114      19
 115 003c 18A63133 		.ascii	"\030\24613\200\001\343fFM\006\240\272G\033\377M\345"
 115      8001E366 
 115      464D06A0 
 115      BA471BFF 
 115      4DE5
 116 004e 65638188 		.ascii	"ec\201\2103nadc\000\231\264\376\022\353\201\206\177"
 116      336E6164 
 116      630099B4 
 116      FE12EB81 
 116      867F
 117 0060 FFDB1B0E 		.ascii	"\377\333\033\016\334Y\312\2707\212\205\201\241\003\254"
 117      DC59CAB8 
 117      378A8581 
 117      A103AC
 118 006f AF931968 		.ascii	"\257\223\031h\033\363\033\306\346\005\357\2670\203U"
ARM GAS  C:\Users\Luczia\AppData\Local\Temp\ccn169zZ.s 			page 9


 118      1BF31BC6 
 118      E605EFB7 
 118      308355
 119 007e 038DD8B9 		.ascii	"\003\215\330\271\363\315m\366\372\277\015\034s\230\031"
 119      F3CD6DF6 
 119      FABF0D1C 
 119      739819
 120 008d A73103B5 		.ascii	"\2471\003\2653ne\254g\230\003T\012R\370\325\004\273"
 120      336E65AC 
 120      67980354 
 120      0A52F8D5 
 120      04BB
 121 009f 3A90B3B7 		.ascii	":\220\263\267A\325\275clZ\360{\013#X!\010t\200L\001"
 121      41D5BD63 
 121      6C5AF07B 
 121      0B235821 
 121      0874804C 
 122 00b4 2A50D7D3 		.ascii	"*P\327\323\323\007\242\344\214\314\244\314\374bCKC\375"
 122      D307A2E4 
 122      8CCCA4CC 
 122      FC62434B 
 122      43FD
 123 00c6 FC62FDA2 		.ascii	"\374b\375\242\022\375\314\274\344\234\322\224T\240D"
 123      12FDCCBC 
 123      E49CD294 
 123      54A044
 124 00d5 7165B15E 		.ascii	"qe\261^\006\003\000\021\210KR"
 124      06030011 
 124      884B52
 125              		.text
 126              		.section	.gnu.lto_osalSysLockFromISR.75cad68a,"",%progbits
 127 0000 789C6363 		.ascii	"x\234cc``X\004\304\232@,\012\304\014\314\014\214L\014"
 127      60605804 
 127      C49A402C 
 127      0AC40CCC 
 127      0C8C4C0C 
 128 0014 40CCC808 		.ascii	"@\314\310\010\34402\32431\3263\3660Oaf<\324\376l'\223"
 128      E43032D4 
 128      3331D633 
 128      F6304F61 
 128      663CD4FE 
 129 002b E6F20620 		.ascii	"\346\362\006 80\375\232\322\301\326\206.\2039\314\014"
 129      3830FD9A 
 129      D2C1D686 
 129      2E8339CC 
 129      0C
 130 003c 0CD39819 		.ascii	"\014\323\230\031\300\200q3\243&\003P\335\243\215\377"
 130      C0807133 
 130      A3260350 
 130      DDA38DFF 
 131 004c A6F2B2B1 		.ascii	"\246\362\262\261@\304\031\2670\2621\200LZ\177\211\365"
 131      40C419B7 
 131      30B23180 
 131      4C5A7F89 
 131      F5
 132 005d 40C3BFFF 		.ascii	"@\303\277\377\355\015\007\336,e\274\373\210\003(\331"
 132      ED0D07DE 
ARM GAS  C:\Users\Luczia\AppData\Local\Temp\ccn169zZ.s 			page 10


 132      2C65BCFB 
 132      880328D9 
 133 006d 01D6D8C9 		.ascii	"\001\326\330\311\014\264\216\371\015c\363\202\355G\015"
 133      0CB48EF9 
 133      0D63F382 
 133      ED470D
 134 007c C1CA8166 		.ascii	"\301\312\201f\354\334\371\3466{\375\337\006\2169\314"
 134      ECDCF9E6 
 134      367BFDDF 
 134      068E39CC 
 135 008c 8CD39881 		.ascii	"\214\323\230\201\372\031\2672\3263\314\001*}\307\330"
 135      FA19B732 
 135      D633CC01 
 135      2A7DC7D8 
 136 009c B460F751 		.ascii	"\264`\367QA\260B\020\350\000\311\002MP\327\323\323\007"
 136      41B04210 
 136      E800C902 
 136      4D50D7D3 
 136      D307
 137 00ae A2E48CCC 		.ascii	"\242\344\214\314\244\314\374bCKC\375\374b\375\214\304"
 137      A4CCFC62 
 137      434B43FD 
 137      FC62FD8C 
 137      C4
 138 00bf 1C200524 		.ascii	"\034 \005$\212J\300\264^\006\003\000\030\307>\317"
 138      8A4AC0B4 
 138      5E060300 
 138      18C73ECF 
 139              		.text
 140              		.section	.gnu.lto_osalOsTimerHandlerI.75cad68a,"",%progbits
 141 0000 789C6363 		.ascii	"x\234cc``X\004\304\232@,\012\304\014\314\014\214L\014"
 141      60605804 
 141      C49A402C 
 141      0AC40CCC 
 141      0C8C4C0C 
 142 0014 40CCC808 		.ascii	"@\314\310\010\34402\32431\3263\3660Oaf<\324\376l'\223"
 142      E43032D4 
 142      3331D633 
 142      F6304F61 
 142      663CD4FE 
 143 002b E6F20620 		.ascii	"\346\362\006 80\375\223\332\301\326\206.\2039\314\014"
 143      3830FD93 
 143      DAC1D686 
 143      2E8339CC 
 143      0C
 144 003c 0CD39819 		.ascii	"\014\323\230\031\300\200q3\243&\003P\335\243\215\377"
 144      C0807133 
 144      A3260350 
 144      DDA38DFF 
 145 004c A6F2B2B1 		.ascii	"\246\362\262\261@\304\031\2670\2621\200LZ\177\211\365"
 145      40C419B7 
 145      30B23180 
 145      4C5A7F89 
 145      F5
 146 005d 40C3BFFF 		.ascii	"@\303\277\377\355\015\007\276,e\374\371\214\003(\331"
 146      ED0D07BE 
 146      2C65FCF9 
ARM GAS  C:\Users\Luczia\AppData\Local\Temp\ccn169zZ.s 			page 11


 146      8C0328D9 
 147 006d 01D6D8C9 		.ascii	"\001\326\330\311\014\264\216\371\015c\363\202\367g\015"
 147      0CB48EF9 
 147      0D63F382 
 147      F7670D
 148 007c C1CA8166 		.ascii	"\301\312\201f\354\334\371\3466{\375\337\006\2169\314"
 148      ECDCF9E6 
 148      367BFDDF 
 148      068E39CC 
 149 008c 8CD39881 		.ascii	"\214\323\230\201\372\031\2672\3263\314\001*}\307\330"
 149      FA19B732 
 149      D633CC01 
 149      2A7DC7D8 
 150 009c B4E0F359 		.ascii	"\264\340\363YA\260B\020\350\000\311\002MP\327\323\323"
 150      41B04210 
 150      E800C902 
 150      4D50D7D3 
 150      D3
 151 00ad 07A2E48C 		.ascii	"\007\242\344\214\314\244\314\374bCKC\375\374b\375\214"
 151      CCA4CCFC 
 151      62434B43 
 151      FDFC62FD 
 151      8C
 152 00be C41C2005 		.ascii	"\304\034 \005$\212J\300\264^\006\003\000k_?\227"
 152      248A4AC0 
 152      B45E0603 
 152      006B5F3F 
 152      97
 153              		.text
 154              		.section	.gnu.lto_chSysUnlockFromISR.75cad68a,"",%progbits
 155 0000 789C6363 		.ascii	"x\234cc``8\011\304\232@,\012\304\014\314\014\214L\014"
 155      60603809 
 155      C49A402C 
 155      0AC40CCC 
 155      0C8C4C0C 
 156 0014 40CCC808 		.ascii	"@\314\310\010\34402\32431\3263\3660Oaf<\324\376l'\223"
 156      E43032D4 
 156      3331D633 
 156      F6304F61 
 156      663CD4FE 
 157 002b E6F20620 		.ascii	"\346\362\006 80\375\227\324\232\206\013\015\314s\230"
 157      3830FD97 
 157      D49A860B 
 157      0DCC7398 
 158 003b 1918A631 		.ascii	"\031\030\24613\200\001\343fFM\006\240\272G\033\377M"
 158      338001E3 
 158      66464D06 
 158      A0BA471B 
 158      FF4D
 159 004d E5656381 		.ascii	"\345ec\201\2103nadc\000\231\264\376\022\353\201\206"
 159      88336E61 
 159      64630099 
 159      B4FE12EB 
 159      8186
 160 005f 7FFFDB1B 		.ascii	"\177\377\333\033\016\274Y\31285\232\205\201\241\003"
 160      0EBC59CA 
 160      38359A85 
ARM GAS  C:\Users\Luczia\AppData\Local\Temp\ccn169zZ.s 			page 12


 160      81A103
 161 006e ACAF9319 		.ascii	"\254\257\223\031h\033\363\033\306\346\005\377\2672\203"
 161      681BF31B 
 161      C6E605FF 
 161      B73283
 162 007d 55038DD8 		.ascii	"U\003\215\330\271\363\315m\366\372\277\015\034s\230"
 162      B9F3CD6D 
 162      F6FABF0D 
 162      1C7398
 163 008c 19A73103 		.ascii	"\031\2471\003\2653ne\254g\230\003T\012R\270\324\014"
 163      B5336E65 
 163      AC679803 
 163      540A52B8 
 163      D40C
 164 009e BB3A90B3 		.ascii	"\273:\220\263\267A\325\275clZ\260z\033#X!\010t\200L"
 164      B741D5BD 
 164      636C5AB0 
 164      7A1B2358 
 164      21087480 
 165 00b3 012A50D7 		.ascii	"\001*P\327\323\323\007\242\344\214\314\244\314\374b"
 165      D3D307A2 
 165      E48CCCA4 
 165      CCFC62
 166 00c2 434B43FD 		.ascii	"CKC\375\374b\375\242\022\375\314\274\344\234\322\224"
 166      FC62FDA2 
 166      12FDCCBC 
 166      E49CD294 
 167 00d2 54A04471 		.ascii	"T\240Dqe\261^\006\003\000\032\301J\370"
 167      65B15E06 
 167      03001AC1 
 167      4AF8
 168              		.text
 169              		.section	.gnu.lto_osalSysUnlockFromISR.75cad68a,"",%progbits
 170 0000 789C6363 		.ascii	"x\234cc``X\004\304\232@,\012\304\014\314\014\214L\014"
 170      60605804 
 170      C49A402C 
 170      0AC40CCC 
 170      0C8C4C0C 
 171 0014 40CCC808 		.ascii	"@\314\310\010\34402\32431\3263\3660Oaf<\324\376l'\223"
 171      E43032D4 
 171      3331D633 
 171      F6304F61 
 171      663CD4FE 
 172 002b E6F20620 		.ascii	"\346\362\006 80\375\217\322\301\326\206.\2039\314\014"
 172      3830FD8F 
 172      D2C1D686 
 172      2E8339CC 
 172      0C
 173 003c 0CD39819 		.ascii	"\014\323\230\031\300\200q3\243&\003P\335\243\215\377"
 173      C0807133 
 173      A3260350 
 173      DDA38DFF 
 174 004c A6F2B2B1 		.ascii	"\246\362\262\261@\304\031\2670\2621\200LZ\177\211\365"
 174      40C419B7 
 174      30B23180 
 174      4C5A7F89 
 174      F5
ARM GAS  C:\Users\Luczia\AppData\Local\Temp\ccn169zZ.s 			page 13


 175 005d 40C3BFFF 		.ascii	"@\303\277\377\355\015\007\376,e\234\374\230\003(\331"
 175      ED0D07FE 
 175      2C659CFC 
 175      980328D9 
 176 006d 01D6D8C9 		.ascii	"\001\326\330\311\014\264\216\371\015c\363\202\305\307"
 176      0CB48EF9 
 176      0D63F382 
 176      C5C7
 177 007b 0CC1CA81 		.ascii	"\014\301\312\201f\354\334\371\3466{\375\337\006\216"
 177      66ECDCF9 
 177      E6367BFD 
 177      DF068E
 178 008a 39CC8CD3 		.ascii	"9\314\214\323\230\201\372\031\2672\3263\314\001*}\307"
 178      9881FA19 
 178      B732D633 
 178      CC012A7D 
 178      C7
 179 009b D8B460F9 		.ascii	"\330\264`\3711A\260B\020\350\000\311\002MP\327\323\323"
 179      3141B042 
 179      10E800C9 
 179      024D50D7 
 179      D3D3
 180 00ad 07A2E48C 		.ascii	"\007\242\344\214\314\244\314\374bCKC\375\374b\375\214"
 180      CCA4CCFC 
 180      62434B43 
 180      FDFC62FD 
 180      8C
 181 00be C41C2005 		.ascii	"\304\034 \005$\212J\300\264^\006\003\000\015\024>\226"
 181      248A4AC0 
 181      B45E0603 
 181      000D143E 
 181      96
 182              		.text
 183              		.section	.gnu.lto_VectorB0.75cad68a,"",%progbits
 184 0000 789C8593 		.ascii	"x\234\205\223Oh\023Q\020\306\337\267o\263iRb{\364\340"
 184      4F681351 
 184      10C6DFB7 
 184      6FB36952 
 184      627BF4E0 
 185 0014 A1072FB9 		.ascii	"\241\007/\271d\211z\021\361\346Eh/\332{\321zh!\0201"
 185      64897A11 
 185      F1E64568 
 185      2FDA7BD1 
 185      7A682110 
 186 0029 C56B364D 		.ascii	"\305k6MjS\2547\033\377\260\350\202A\361P\212T\215I\253"
 186      6A53AC37 
 186      1BFFB0E8 
 186      8241F150 
 186      8A548D49 
 187 003e 8989ADF5 		.ascii	"\211\211\255\365?z\360\322\223BEJ\024\241\201\320\242"
 187      3F7AF0D2 
 187      9342454A 
 187      14A181D0 
 187      A2
 188 004f 8D336F63 		.ascii	"\2153oc\014\222\332Gv\227}\363\315\367~3;1\204\020\025"
 188      0C92DA47 
 188      76977DF3 
ARM GAS  C:\Users\Luczia\AppData\Local\Temp\ccn169zZ.s 			page 14


 188      CDF77E33 
 188      3B318410 
 189 0064 29C4517A 		.ascii	")\304Qz\006\351\022\036\001M\320\245\321\246\245\351"
 189      06E9121E 
 189      014DD0A5 
 189      D1A6A5E9 
 190 0074 74D325E8 		.ascii	"t\323%\350\001\035\2400D\\\223:\342\230\226\227%\312"
 190      011DA030 
 190      445C933A 
 190      E2989697 
 190      25CA
 191 0086 935FF25A 		.ascii	"\223_\362Z\360\216E\253te\253'aM\354\265)/#\205Z\230"
 191      F08E45AB 
 191      7465AB27 
 191      614DECB5 
 191      292F2385 
 192 009c 475090EC 		.ascii	"GP\220\354\363\275\355\231\200\241;\177B\270\017\203"
 192      F3BDED99 
 192      80A13B7F 
 192      42B80F83 
 193 00ac 9C046867 		.ascii	"\234\004hg\356\203\247dm7&\255R\355\026\026N\364B\330"
 193      EE83A764 
 193      6D3726AD 
 193      52ED1616 
 193      4EF442D8 
 194 00c0 92086C49 		.ascii	"\222\010lI\000t\323\371U\210\264r\234\222\204&\253H"
 194      0074D3F9 
 194      5588B472 
 194      9C928426 
 194      AB48
 195 00d2 398D9B52 		.ascii	"9\215\233R\231\220y>_]\365\306\177Y]\266\224\031\326"
 195      9990793E 
 195      5F5DF5C6 
 195      7F595DB6 
 195      9419D6
 196 00e5 E201E21C 		.ascii	"\342\001\342\034\310L\224\337y/J\233p\3715\271U\334"
 196      C84C94DF 
 196      792F4A9B 
 196      70F935B9 
 196      55DC
 197 00f7 D8433A22 		.ascii	"\330C:\"T$\274\267\371\376[\272\333\301\215D\257-=\310"
 197      5424BCB7 
 197      F9FE5BBA 
 197      DBC18D44 
 197      AF2D3DC8 
 198 010b 51590FB1 		.ascii	"QY\017\261OE\222\331\371\011\220\372\252e\365\261\303"
 198      4F4592D9 
 198      F90990FA 
 198      AA65F5B1 
 198      C3
 199 011c 233870B1 		.ascii	"#8p\261\363\210\333\322\020U$\373: x3\314\210\002!\330"
 199      F388DBD2 
 199      105524FB 
 199      3A207833 
 199      CC880221 
 200 0131 B24BAC63 		.ascii	"\262K\254c\274\366uz\252\233\225\327%H\373v\266\376"
 200      BCF6757A 
ARM GAS  C:\Users\Luczia\AppData\Local\Temp\ccn169zZ.s 			page 15


 200      AA9B95D7 
 200      2548FB76 
 200      B6FE
 201 0143 C3CF5400 		.ascii	"\303\317T\000\267M\307\002\235\270\216r\301\347j\264"
 201      B74DC702 
 201      9DB88E72 
 201      C1E76AB4 
 202 0153 767228F2 		.ascii	"vr(\362\305\362\233e\203)-\005\343##,69?\346\012\271"
 202      C5F29B65 
 202      83292D05 
 202      E323232C 
 202      36393FE6 
 203 0169 80396BA5 		.ascii	"\2009k\245\022\034\362\3431q\316\250f\341\011L2N\376"
 203      121CF2E3 
 203      3171CEA8 
 203      66E1094C 
 203      324EFE
 204 017c BC70CDEB 		.ascii	"\274p\315\353ZK\327}\251Q/\365\260\273\006\015E\362"
 204      5A4BD77D 
 204      A9512FF5 
 204      B0BB060D 
 204      45F2
 205 018e 59436AB5 		.ascii	"YCj\265r\250\251!\301\\5\277\031p\005\002%>H\365\236"
 205      72A8A921 
 205      C15C35BF 
 205      19700502 
 205      253E48F5 
 206 01a3 5CA5AAE7 		.ascii	"\\\245\252\347\322]\277+n\301\327VB\274\363\017\253"
 206      D25DBF2B 
 206      6EC1D756 
 206      42BCF30F 
 206      AB
 207 01b4 739B3FA6 		.ascii	"s\233?\246\217u;\341>\375\213[\206\331^\272\237\316"
 207      8F753BE1 
 207      3EFD8B5B 
 207      86D95EBA 
 207      9FCE
 208 01c6 AE5016F5 		.ascii	"\256P\026\365\331)f=\235[M\231x\326l5\013?\355\357\254"
 208      D929663D 
 208      9D5B4D99 
 208      78D66C35 
 208      0B3FEDEF 
 209 01db E3F95D6A 		.ascii	"\343\371]j\323\255\355\240\363\220n\271\251\343\222"
 209      D3ADEDA0 
 209      F3906EB9 
 209      A9E392
 210 01ea 75356E49 		.ascii	"u5nIg#\333i\334(\301\240\204\347-\343T\247\211\240\241"
 210      6723DB69 
 210      DC28C1A0 
 210      84E72DE3 
 210      54A789A0 
 211 01ff F4926AC5 		.ascii	"\364\222j\305\035\312\335\247\360\305\177\246\360ek"
 211      1DCADDA7 
 211      F0C57FA6 
 211      F0656B
 212 020e 0A5FED36 		.ascii	"\012_\3556\205T\000^7\311\276c\334\251g\335L^i\376\233"
 212      8554005E 
ARM GAS  C:\Users\Luczia\AppData\Local\Temp\ccn169zZ.s 			page 16


 212      37C9BE63 
 212      DCA967DD 
 212      4C5E69FE 
 213 0223 D0981E09 		.ascii	"\320\230\036\011\205L\372\015\217\214\236\036\215\306"
 213      854CFA0D 
 213      8F8C9E1E 
 213      8DC6
 214 0231 C287C366 		.ascii	"\302\207\303f4f\216\234\212\230g\243\347\306b\346\311"
 214      34668E9C 
 214      8A9867A3 
 214      E7C662E6 
 214      C9
 215 0242 C1818307 		.ascii	"\301\201\203\007\314\376\376c\346\340\361\201\363a\216"
 215      CCFEFE63 
 215      E6E0F181 
 215      F3618E
 216 0251 0CC5C686 		.ascii	"\014\305\306\206\"\2213\241a\361\033\020\236>|"
 216      229133A1 
 216      61F11B10 
 216      9E3E7C
 217              		.text
 218              		.section	.gnu.lto_st_lld_init.75cad68a,"",%progbits
 219 0000 789C8D95 		.ascii	"x\234\215\225Il\024G\024\206\353\237\352m\214g\274o"
 219      496C1447 
 219      1486EB9F 
 219      EA6D8C67 
 219      BC6F
 220 0012 920F4809 		.ascii	"\222\017H\011\007rp3p!B\312%\\\020p\012w\224\220\003"
 220      07727033 
 220      702142CA 
 220      255C1070 
 220      0A779490 
 221 0027 962C398A 		.ascii	"\226,9\212\021\307\270\261\307K\000E\221\002\216d\015"
 221      11C7B8B1 
 221      C74B0045 
 221      91028E64 
 221      0D
 222 0038 D14848E0 		.ascii	"\321HH\340\013b\211\301\013\006\306\023\026\263x\034"
 222      0B6289C1 
 222      0B06C613 
 222      16B3781C 
 223 0048 8831DE20 		.ascii	"\2101\336 \001\0022\006!c\021%\001a\363^u\333\203\361"
 223      01023206 
 223      21631125 
 223      0161F35E 
 223      75DB83F1 
 224 005c B498D6F4 		.ascii	"\264\230\326\364\233W\375\252\336W\377\253\256jC\010"
 224      9B57FDAA 
 224      DE57FFAB 
 224      AE6A4308 
 225 006c B1DE12E2 		.ascii	"\261\336\022\342s\372\377\210n\241\013\004\004\335\220"
 225      73FAFF88 
 225      6EA10B04 
 225      04DD90
 226 007b 642534B2 		.ascii	"d%4\262\032@\001\210\372\200\324P\217\375\362\200D\262"
 226      1A400188 
 226      FA80D450 
ARM GAS  C:\Users\Luczia\AppData\Local\Temp\ccn169zZ.s 			page 17


 226      8FFDF280 
 226      44B2
 227 008d E5714F60 		.ascii	"\345qO`\365Q\207\256\304\317\263\205\315NSy\214F\264"
 227      F55187AE 
 227      C4CFB385 
 227      CD4E5379 
 227      8C46B4
 228 00a0 49A12EFC 		.ascii	"I\241.\374\212\325\202\272=89w0dh\356st\302\2404\002"
 228      8AD582BA 
 228      3D383977 
 228      306468EE 
 228      7374C2A0 
 229 00b6 14B8193D 		.ascii	"\024\270\031=\021\223\373dL\002\0325_\014\266?\014s"
 229      1193FB64 
 229      4C021A35 
 229      5F0CB63F 
 229      0C73
 230 00c8 338095D4 		.ascii	"3\200\225\324\374\347lt,,?\003\247\350\236m\271g\255"
 230      FCE76C74 
 230      2C2C3F03 
 230      A7E89E6D 
 230      B967AD
 231 00db 3AEC380D 		.ascii	":\3548\015Nb\356\272\321\336\221\210\256\214I\211.H"
 231      4E62EEBA 
 231      D1DE9188 
 231      AE8C4989 
 231      2E48
 232 00ed CA8A33A8 		.ascii	"\312\2123\250\304iT\272\324n\254:~KO8s\363-N\"\265\271"
 232      C46954BA 
 232      D46EAC3A 
 232      7E4B4F38 
 232      73F32D4E 
 233 0104 BB73BEF8 		.ascii	"\273s\276\370c\210\230\324\002d\244dOcOg\317`\317d\317"
 233      638898D4 
 233      0264A464 
 233      4F634F67 
 233      CF60CF64 
 234 0119 622F974D 		.ascii	"b/\227M\210\233a2z\0367\363\331+`\257\220\214Q\304\246"
 234      889B6132 
 234      7A1E37F3 
 234      D92B60AF 
 234      908C51C4 
 235 012e 984D099B 		.ascii	"\230M\011\233R6el\312\331T\260\021\242U\225\340{IU\224"
 235      5236656C 
 235      CAD954B0 
 235      11A25595 
 235      E07B4955 
 236 0143 D3687839 		.ascii	"\323hx9u\241\232\205\267K\226\035=t\351q\220ujpfZ\035"
 236      75A19A85 
 236      B74B961D 
 236      3D74E971 
 236      90756A70 
 237 015a 0D3D34F5 		.ascii	"\015=4\365i${\203n\237\000\365ikJ\016\231n\037\326\337"
 237      69247B83 
 237      6E9F00F5 
 237      696B4A0E 
 237      996E1FD6 
ARM GAS  C:\Users\Luczia\AppData\Local\Temp\ccn169zZ.s 			page 18


 238 016f 971CBC6C 		.ascii	"\227\034\274l\304\361\313\036*5\0117)\021zY0\305F\272"
 238      C4F1CB1E 
 238      2A350937 
 238      29117A59 
 238      30C546BA 
 239 0183 7ABB42F6 		.ascii	"z\273B\3661'\212\230\264p\026q\034Tt\364\301\026\014"
 239      31278A98 
 239      B4701671 
 239      1C5474F4 
 239      C1160C
 240 0196 B7DCB4D2 		.ascii	"\267\334\264\322\3434\376\327\014\367\211\346\262:/"
 240      E334FED7 
 240      0CF789E6 
 240      B23A2F
 241 01a5 5E69B698 		.ascii	"^i\266\230EIq\316\235\313\360^\325'#Z\372\240\317\247"
 241      454971CE 
 241      9DCBF05E 
 241      D527235A 
 241      FAA0CFA7 
 242 01b9 D1176053 		.ascii	"\321\027`SzU\002\351\225\300\233\205\376\276\332\314"
 242      7A5502E9 
 242      95C09B85 
 242      FEBEDACC 
 243 01c9 0CDD8791 		.ascii	"\014\335\207\221P\014\365*\366/\225g.\223gQ\362l\364"
 243      500CF52A 
 243      F62F9567 
 243      2E936751 
 243      F26CF4
 244 01dc 983EAC64 		.ascii	"\230>\254d\232\365\033\353\261\224\036m\251\236\320"
 244      9AF51BEB 
 244      B1941E6D 
 244      A99ED0
 245 01eb FB7A7233 		.ascii	"\373zr32B\313\031{8d\341b\232r\311S\324q\315\313\025"
 245      3242CB19 
 245      7B3864E1 
 245      629A72C9 
 245      53D471CD 
 246 0201 A6FE7B1B 		.ascii	"\246\376{\033\373O\251\325\321\341$~t\302\270\274\224"
 246      FB4FA9D5 
 246      D1E1247E 
 246      74C2B8BC 
 246      94
 247 0212 97F7EEDB 		.ascii	"\227\367\356\333\242gz[\202\224\010W2J\034P\360\000"
 247      A2677A5B 
 247      82940857 
 247      324A1C50 
 247      F000
 248 0224 C3AF2E2D 		.ascii	"\303\257.-g\276\307I\227\263\200X\037,g\220Gff]K\263"
 248      67BEC749 
 248      97B38058 
 248      1F2C6790 
 248      4766665D 
 249 023a AE73390B 		.ascii	"\256s9\013\024nj\360\211\351\346/\244\021\251c\377\316"
 249      146E6AF0 
 249      89E9E62F 
 249      A411A963 
 249      FFCE
ARM GAS  C:\Users\Luczia\AppData\Local\Temp\ccn169zZ.s 			page 19


 250 024c E4B01003 		.ascii	"\344\260\020\003|\252h\270\341\362^\016\254\367x\213"
 250      7CAA68B8 
 250      E1F25E0E 
 250      ACF7788B 
 251 025c 528D6552 		.ascii	"R\215eR\343\337\321\346\313\241D\030\364\251uJMA\035"
 251      E3DFD1E6 
 251      CBA14418 
 251      F4A9754A 
 251      4D411D
 252 026f 4343B0A9 		.ascii	"CC\260\251\303t\352\311!U\\\013C\375\002\277+\032-@"
 252      C374EAC9 
 252      21555C0B 
 252      43FD02BF 
 252      2B1A2D40 
 253 0283 CA2B6ED1 		.ascii	"\312+n\321\362\011d\"\026\371\022o*\"\357\004\334R\304"
 253      F2096422 
 253      16F9126F 
 253      2A22EF04 
 253      DC52C4
 254 0296 A77D2746 		.ascii	"\247}'Fu\2278OW\036\376X`\016y\314\342\354\230\305\276"
 254      7597384F 
 254      571EFE58 
 254      600E79CC 
 254      E2EC98C5 
 255 02ab CC61C5D4 		.ascii	"\314a\305\324\231y[1\027kfA`d\2017\352\361J\262\343"
 255      99795B31 
 255      176B6641 
 255      60648137 
 255      EAF14AB2 
 256 02c0 95F8F056 		.ascii	"\225\370\360V\340\216\342\321\251\307\301\216\347\377"
 256      E08EE2D1 
 256      A9C7C18E 
 256      E7FF
 257 02ce 0F9891E3 		.ascii	"\017\230\221\343\034\214\237R\353>\012\033\237\250\263"
 257      1C8C9F52 
 257      EB3E0A1B 
 257      9FA8B3
 258 02dd 1963882C 		.ascii	"\031c\210,\362\247\306\026\026\2764\273\011\224\372"
 258      F2A7C616 
 258      16BE34BB 
 258      0994FA
 259 02ec 0A1E5713 		.ascii	"\012\036W\0230\2310A\260E\205\343\236\302\262\354\000"
 259      30993041 
 259      B04585E3 
 259      9EC2B2EC 
 259      00
 260 02fd 65BE8049 		.ascii	"e\276\200I\005\340\375\217\273\357\002&<@yv\200r_\300"
 260      05E0FD8F 
 260      BBEF0226 
 260      3C407976 
 260      80725FC0 
 261 0311 3D050832 		.ascii	"=\005\0102\340O\265d\247[n\234\314q\227\014\370k\201"
 261      E04FB564 
 261      A75B6E9C 
 261      CC71970C 
 261      F86B81
 262 0324 37E9F12A 		.ascii	"7\351\361*\262\343U\370\362\356+^\016\363\036\220 \006"
ARM GAS  C:\Users\Luczia\AppData\Local\Temp\ccn169zZ.s 			page 20


 262      B2E355F8 
 262      F2EE2B5E 
 262      0EF31E90 
 262      2006
 263 0336 3C43537C 		.ascii	"<CS|\376\210T\337g\032\321\323\363l\302\254\177\343"
 263      FE8854DF 
 263      671AD1D3 
 263      F36CC2AC 
 263      7FE3
 264 0348 583199DB 		.ascii	"X1\231\333\306\307\023\036\242\236\003\217\256\376\324"
 264      C6C7131E 
 264      A29E038F 
 264      AEFED4
 265 0357 9CCB330B 		.ascii	"\234\3133\013\321G\367oT\362\021\365\352\316\017\226"
 265      D147F76F 
 265      54F211F5 
 265      EACE0F96 
 266 0367 FBC8C223 		.ascii	"\373\310\302#T\306dX<GC\374\365QuJ\250\317r+\347\240"
 266      54C66458 
 266      3C4743FC 
 266      F551754A 
 266      A8CF722B 
 267 037d CDBFA1AA 		.ascii	"\315\277\241\252\312\246\337\216\235\325_U\327\326E"
 267      CAA6DF8E 
 267      9DD55F55 
 267      D7D645
 268 038c 3E8DD8B5 		.ascii	">\215\330\265u\366\316/k\354oj\277\335Ug\177\261m\353"
 268      75F6CE2F 
 268      6BEC6F6A 
 268      BFDD5567 
 268      7FB16DEB 
 269 03a0 BAB5F696 		.ascii	"\272\265\366\226-\033\355m\233\266\356\216pd{\335\256"
 269      2D1BED6D 
 269      9BB6EE8E 
 269      70647BDD 
 269      AE
 270 03b1 ED35355F 		.ascii	"\35555_W\355\020\372\356\332\232\2525o\001\010m\242"
 270      57ED10FA 
 270      EEDA9AAA 
 270      356F0108 
 270      6DA2
 271 03c3 B6       		.ascii	"\266"
 272              		.text
 273              		.section	.gnu.lto_.symbol_nodes.75cad68a,"",%progbits
 274 0000 789C5DD0 		.ascii	"x\234]\320;N\303@\020\306\361of\355\265M\2347}$N\002"
 274      3B4EC340 
 274      10C6F16F 
 274      66EDB54D 
 274      9C377D24 
 275 0016 27FB1621 		.ascii	"'\373\026!AI\310\025\\C\221.\351\"7<\303\353\002H\264"
 275      4149C815 
 275      5C43912E 
 275      E922373C 
 275      C3EB0248 
 276 002b 3903C2F6 		.ascii	"9\003\302\366\032\211\335f\376\232\337tc\001\224\332"
 276      1A89DD66 
 276      FE9ADF74 
ARM GAS  C:\Users\Luczia\AppData\Local\Temp\ccn169zZ.s 			page 21


 276      630194DA 
 277 003b 0CBD1602 		.ascii	"\014\275\026\002\313=\320d\343v\3166\266\024Jl7B\215"
 277      CB3DD064 
 277      E376CE36 
 277      B6144A6C 
 277      37428D
 278 004e 6D2534B1 		.ascii	"m%4\261m\204Il\267\3124\266\265\322\306\266\025f\261"
 278      6D84496C 
 278      B7CA34B6 
 278      B5D2C6B6 
 278      1566B1
 279 0061 DD29F3D8 		.ascii	"\335)\363\330\356\225\305\237m\317\317\200\364I\341"
 279      EE95C59F 
 279      6DCFCF80 
 279      F449E1
 280 0070 4E00A30F 		.ascii	"N\000\243\017\312\243\340$o\312A'\200s\247\015\274+"
 280      CAA3E024 
 280      6FCA4127 
 280      8073A70D 
 280      BC2B
 281 0082 CB003E94 		.ascii	"\313\000>\224\303\000^\225\243\000\366\312q\000/\312"
 281      C3005E95 
 281      A300F6CA 
 281      71002FCA 
 282 0092 4900CFCA 		.ascii	"I\000\317\312i\000\217\312Y\000\237\312\371\1770\315"
 282      69008FCA 
 282      59009FCA 
 282      F97F30CD 
 283 00a2 FBABAF1F 		.ascii	"\373\253\257\0371F|\023\355[\242n\233&~\267C\337l\324"
 283      31467C13 
 283      ED5BA26E 
 283      9B267EB7 
 283      43DF6CD4 
 284 00b6 D7F87B9E 		.ascii	"\327\370{\236\371\275\230\367\235y/RT\227\207\205),"
 284      F9BD98F7 
 284      9D792F52 
 284      54978785 
 284      292C
 285 00c8 EAAE39BE 		.ascii	"\352\2569\276\273Nqq\325v\202\252\353\030u\333\3011"
 285      BB4E7171 
 285      D57682AA 
 285      EB1875DB 
 285      C131
 286 00da EAD56181 		.ascii	"\352\325a\201_1\221\215\361"
 286      5F31918D 
 286      F1
 287              		.text
 288              		.section	.gnu.lto_.refs.75cad68a,"",%progbits
 289 0000 789C6363 		.ascii	"x\234cc``\340\004b&N&.F&.^\006\000\001\325\000A"
 289      6060E004 
 289      62264E26 
 289      2E46262E 
 289      5E060001 
 290              		.text
 291              		.section	.gnu.lto_.decls.75cad68a,"",%progbits
 292 0000 789CCD59 		.ascii	"x\234\315YkPTI\226\256\274Y@\3616\320\23006\374\301"
 292      6B505449 
ARM GAS  C:\Users\Luczia\AppData\Local\Temp\ccn169zZ.s 			page 22


 292      96AEBC59 
 292      40F136D0 
 292      983036FC 
 293 0015 F438211B 		.ascii	"\3648!\033;#\242\316\3323\323\033\321Z\242\030+\335"
 293      3B23A2CE 
 293      DA33D31B 
 293      D15AA218 
 293      2BDD
 294 0027 6E614FCC 		.ascii	"naO\314\364\030Q\203P*\261<z\000{\354\335\210\355\313"
 294      F4185183 
 294      502AB13C 
 294      7A007BEC 
 294      DD88EDCB 
 295 003b 4B79F800 		.ascii	"Ky\370\000ED@@\001\001A\033\333' \202\240\200<\024A"
 295      45444040 
 295      0101411B 
 295      DB272082 
 295      A0803C14 
 296 0050 5114E4A9 		.ascii	"Q\024\344\251\340\033\241\001\305\007{2\363V\335\254"
 296      E01BA101 
 296      C5077B32 
 296      F356DDAC 
 297 0060 4B61F74E 		.ascii	"Ka\367N\354F\354\215>\334{2\277\363\345\311sN>\252\265"
 297      EC46EC8D 
 297      3EDC7B32 
 297      BFF3E5C9 
 297      734E3EAA 
 298 0075 56A954E1 		.ascii	"V\251T\341\256*\325\006kxc\225j\012\036\007h\273\244"
 298      AE2AD506 
 298      6B786395 
 298      6A0A1E07 
 298      68BBA4
 299 0088 929F3920 		.ascii	"\222\2379 \345 \025 \225R_\015\310\025\220:\220\253"
 299      E5201520 
 299      95525F0D 
 299      C815903A 
 299      90AB
 300 009a 208D20CD 		.ascii	" \215 \315 \327An\200\264\201\334\002\271\0152\000\362"
 300      20D7416E 
 300      80B481DC 
 300      02B90D32 
 300      00F2
 301 00ac 106408E4 		.ascii	"\020d\010\3441\310\004\010\"\202Tf\317\337@\0077T\177"
 301      31C80408 
 301      22825466 
 301      CFDF4007 
 301      37547F
 302 00bf 017191C6 		.ascii	"\001q\221\306\035\001\301\320\256\221\260\202\344\213"
 302      1D01C1D0 
 302      AE91B082 
 302      E48B
 303 00cd 93C2963C 		.ascii	"\223\302\226<\377\371\023\355+f\260\377\026\332\260"
 303      FFF913ED 
 303      2B66B0FF 
 303      16DAB0
 304 00dc 64EF0CDF 		.ascii	"d\357\014\337e*\331\246R\032W\371D}\300\346\2224\226"
 304      652AD9A6 
ARM GAS  C:\Users\Luczia\AppData\Local\Temp\ccn169zZ.s 			page 23


 304      521A57F9 
 304      447DC0E6 
 304      923496
 305 00ef F2D93183 		.ascii	"\362\3311\203\015i\253\221\306\272a\301.\341\003c]\221"
 305      0D69AB91 
 305      C6BA61C1 
 305      2EE10363 
 305      5D91
 306 0101 6C95CF9E 		.ascii	"l\225\317\236\017\330\220\334\265Y\260\331\367\001\377"
 306      0FD890DC 
 306      B559B0D9 
 306      F701FF
 307 0110 48AE6FA9 		.ascii	"H\256o\251\314\353\303\370\034\370\300X\215\222\255"
 307      CCEBC3F8 
 307      1CF8C058 
 307      8D92AD
 308 011f F249079C 		.ascii	"\362I\007\234\275d\363o\360\275\000\336:x\373\200\274"
 308      BD64F36F 
 308      F0BD00DE 
 308      3A78FB80 
 308      BC
 309 0130 83EF7E8E 		.ascii	"\203\357~\216k\035\274\347 V;\377\002\177lU\254\346"
 309      6B1DBCE7 
 309      20563BFF 
 309      027F6C55 
 309      ACE6
 310 0142 484D0DA9 		.ascii	"HM\015\251\344z$c\221z#uG\352\317R\255e\201\356\254"
 310      E47A2463 
 310      917A2375 
 310      47EACF52 
 310      AD6581EE 
 311 0157 32AF1532 		.ascii	"2\257\0252v\006\264\027\"\346K\2324^>bc\177\004r\014"
 311      7606B417 
 311      22E64B9A 
 311      345E3E62 
 311      637F0472 
 312 016c B19A1A57 		.ascii	"\261\232\032W1\277\367\203\236\010\222\003\342\015\362"
 312      31BFF783 
 312      9E089203 
 312      E20DF2
 313 017b 31C86F41 		.ascii	"1\310oA~\017\362\011\310\247 \377\012\242E,\016d}LX"
 313      7E0FF209 
 313      C8A720FF 
 313      0AA2452C 
 313      0E647D4C 
 314 0190 88433246 		.ascii	"\210C2FE{\373\017\250\273Q\027uw\026B\322L\371\207\350"
 314      457BFB0F 
 314      A8BB5117 
 314      75771642 
 314      D24CF987 
 315 01a5 53C60799 		.ascii	"S\306\007\231f% c'CM\257m\011\013\"\250d\254l\301\261"
 315      66252063 
 315      27434DAF 
 315      6D090B22 
 315      A864AC6C 
 316 01bb 72C6883E 		.ascii	"r\306\210>*\352\012\357\013\365Lr\017\311\303#\023\306"
 316      2AEA0AEF 
ARM GAS  C:\Users\Luczia\AppData\Local\Temp\ccn169zZ.s 			page 24


 316      0BF54C72 
 316      0FC9C323 
 316      13C6
 317 01cd 88E75891 		.ascii	"\210\347X\221\311\310\302\312cuC\202p\353\351\316\023"
 317      C9C8C2CA 
 317      63754382 
 317      70EBE9CE 
 317      13
 318 01de 0E3DE83E 		.ascii	"\016=\350>@\377\004\221\325\004!\322zt\342U\202\023"
 318      40FF0491 
 318      D50421D2 
 318      7A74E255 
 318      8213
 319 01f0 16E8F7F3 		.ascii	"\026\350\367\363\323\251i\032\354@\277o\335\214\214"
 319      D3A9691A 
 319      EC40BF6F 
 319      DD8C8C
 320 01ff B05D582C 		.ascii	"\260]X,\262G\263\007\253\320Y\204\215\001\27525Q\345"
 320      B247B307 
 320      ABD05984 
 320      8D01BD32 
 320      3551E5
 321 0212 9C80918B 		.ascii	"\234\200\221\213\035\022@m\035n:d\017\352\034;4\013"
 321      1D12406D 
 321      1D6E3A64 
 321      0FEA1C3B 
 321      340B
 322 0224 D4E29D53 		.ascii	"\324\342\235S\311VsS\210ab\2248K@\177\371\031*E\363"
 322      C9567353 
 322      88616294 
 322      384B407F 
 322      F9192A45 
 323 0239 D079340F 		.ascii	"\320y4\017\234,Cs\341o\260\2321\235O\214mq\376([\254"
 323      9C2C4373 
 323      E16FB09A 
 323      319D4F8C 
 323      6D71FE28 
 324 024f AA12ABEA 		.ascii	"\252\022\253\352\322\334\322\243\022v\211\331\310\213"
 324      D2DCD2A3 
 324      127689D9 
 324      C88B
 325 025d A0D01984 		.ascii	"\240\320\031\204\3219\264\220\314\370\014\031\033\235"
 325      D139B490 
 325      CCF80C19 
 325      1B9D
 326 026b 463D089D 		.ascii	"F=\010\235B\3350\205r\364\021X\367d\015\356s\304\333"
 326      42DD3085 
 326      72F41158 
 326      F7640DEE 
 326      73C4DB
 327 027e 1175B926 		.ascii	"\021u\271&-\247\302F\242j\315\304ibU\244(f\013\224\352"
 327      2DA7C246 
 327      A26ACDC4 
 327      696255A4 
 327      28660B94 
 328 0293 824C7541 		.ascii	"\202LuAIUA\251j\306\333\217\333\340\275\214\252;\266"
 328      495541A9 
ARM GAS  C:\Users\Luczia\AppData\Local\Temp\ccn169zZ.s 			page 25


 328      6AC6DB8F 
 328      DBE0BD8C 
 328      AA3BB6
 329 02a6 325C626A 		.ascii	"2\\bj(0g\272(3]T2UR\246\253\003\307\253\235p\036c::"
 329      283067BA 
 329      28335D54 
 329      325552A6 
 329      AB03C7AB 
 330 02c0 FC6E9746 		.ascii	"\374n\227F\242\352+4\247\252\222\251\252\224T\227(\325"
 330      A2EA2B34 
 330      A7AA92A9 
 330      AA945497 
 330      28D5
 331 02d2 F0786312 		.ascii	"\360xc\022\306e\214\352\302xD\242\225Du\257t\376\243"
 331      C6658CEA 
 331      C27844A2 
 331      954475AF 
 331      74FEA3
 332 02e5 D3A21823 		.ascii	"\323\242\030#\212Uj\312U-sU+\271j(\327`\2768\341\204"
 332      8A556ACA 
 332      552D7355 
 332      2BB96A28 
 332      D760BE38 
 333 02fb 4719D777 		.ascii	"G\031\327w)w\206\215a\037\255\377U|\315v\261\005\322"
 333      2977868D 
 333      611FADFF 
 333      557CCD76 
 333      B105D2
 334 030e E545D383 		.ascii	"\345E\323\203.\313d\227\225dW(\331\253\261K\2274\370"
 334      2ECB6497 
 334      95645728 
 334      D9ABB14B 
 334      9734F8
 335 0321 04AB9BCE 		.ascii	"\004\253\233\316\312\227\377a\214V\272\371\024ke\246"
 335      CA97FF61 
 335      8C56BAF9 
 335      146B65A6 
 336 0331 5A25531D 		.ascii	"Z%S\035eJ\316\253\213S\343j\306\224\361\2663Mc\232\342"
 336      654ACEAB 
 336      8B53E36A 
 336      C694F1B6 
 336      334D639A 
 337 0346 D2276653 		.ascii	"\322'fS\254\227\271\352\225\\W)\327\221;\035\337[\343"
 337      AC97B9EA 
 337      955C5729 
 337      D7913B1D 
 337      DF5BE3
 338 0359 5B8C6BFF 		.ascii	"[\214k\377\316\344\203\3104\305\217\023\314\247\330"
 338      CEE483C8 
 338      34C58F13 
 338      CCA7D8
 339 0368 20933528 		.ascii	" \2235(\311\032)\331\263\027O\363\235\360cF\326\177"
 339      C91A29D9 
 339      B3174FF3 
 339      9DF06346 
 339      D67F
 340 037a 7A6ACC11 		.ascii	"zj\314\021\310\262\201\254\373\376\322\312jF\366)#k"
ARM GAS  C:\Users\Luczia\AppData\Local\Temp\ccn169zZ.s 			page 26


 340      C8B281AC 
 340      FBFED2CA 
 340      6A46F629 
 340      236B
 341 038c 92C99A94 		.ascii	"\222\311\232\224d\315\224\354\345\316\027\331\316\370"
 341      64CD94EC 
 341      E5CE17D9 
 341      CEF8
 342 039a 3B4CC9E2 		.ascii	";L\311\342'\363\017\010\022\331\265F\007\0260\221\005"
 342      27F30F08 
 342      12D9B546 
 342      07163091 
 342      05
 343 03ab EC9A4C75 		.ascii	"\354\232LuMIu\235Ru\235\312|m\215\313\031U\363\366\314"
 343      4D49759D 
 343      52759DCA 
 343      7C6D8DCB 
 343      1955F3F6 
 344 03c0 077640D5 		.ascii	"\007v@\325\003Q\032\234t-*\031\022c\355\230S-2S\213"
 344      03511A9C 
 344      742D2A19 
 344      1263ED98 
 344      532D3253 
 345 03d5 B472D10D 		.ascii	"\264r\321\015\312\020w\256f\027\306\357\031C\303\231"
 345      CA1077AE 
 345      6617C6EF 
 345      1943C399 
 346 03e5 D1262431 		.ascii	"\321&$1\334+\375\244\361\264\030mE\355[e\373V\243}\033"
 346      DC2BFDA4 
 346      F1B4186D 
 346      45ED5B65 
 346      FB56A37D 
 347 03fa B5EF1D8B 		.ascii	"\265\357\035\213\352\260\301Ijj\177\273v\254\301J\262"
 347      EAB0C149 
 347      6A6A7FBB 
 347      76ACC14A 
 347      B2
 348 040b EF9F9C5F 		.ascii	"\357\237\234_d\262\277)\333\3374\332\337\242\366\335"
 348      64B2BF29 
 348      DBDF34DA 
 348      DFA2F6DD 
 349 041b C3A375F6 		.ascii	"\303\243u\366\270\230\331\267^\250\356w\224\354k\322"
 349      B898D9B7 
 349      5EA8EE77 
 349      94EC6BD2 
 350 042b DCDE9BEC 		.ascii	"\334\336\233\354\333e\373v\243\375m\266T\217$\014 \\"
 350      DB65FB76 
 350      A3FD6DB6 
 350      548F240C 
 350      205C
 351 043d C9EC6F44 		.ascii	"\311\354oD\227d`\266\025\251I\240\233\323\372\235\330"
 351      976460B6 
 351      15A949A0 
 351      9BD3FA9D 
 351      D8
 352 044e 56E44AB6 		.ascii	"V\344J\266\261W\025\223\016\270\205B\325\305Q\307\206"
 352      B1571593 
ARM GAS  C:\Users\Luczia\AppData\Local\Temp\ccn169zZ.s 			page 27


 352      0EB88542 
 352      D5C551C7 
 352      86
 353 045f D5C86D1E 		.ascii	"\325\310m\036\202\275\010\331\0355\356m*\010\256\035"
 353      82BD08D9 
 353      1D35EE6D 
 353      2A08AE1D 
 354 046f BA278D01 		.ascii	"\272'\215\001O\232\030+\212\303\337\222f\370\326\320"
 354      4F9A182B 
 354      8AC3DF92 
 354      66F8D6D0 
 355 047f 37B44092 		.ascii	"7\264@\222rD<W\205\226\314C\213\346\251P'r\243]*\330"
 355      72443C57 
 355      8596CC43 
 355      8BE6A950 
 355      2772A35D 
 356 0495 53E7C1E1 		.ascii	"S\347\301\3412\217\270s2\243\376\265\255\235\204\216"
 356      328FB873 
 356      32A3FEB5 
 356      AD9D848E 
 357 04a5 FD3174EF 		.ascii	"\3751t\357\253\251\313\016\016\361\004\235\035%\332"
 357      ABA9CB0E 
 357      0EF1049D 
 357      1D25DA
 358 04b4 7A41AEED 		.ascii	"zA\256\355\320]\350\357\240[e/r\2206\334\353\215\373"
 358      D05DE8EF 
 358      A05B652F 
 358      729036DC 
 358      EB8DFB
 359 04c7 539CD502 		.ascii	"S\234\325\002k#\233'\264ME\035\034\237y\233\355\247"
 359      6B239B27 
 359      B44D451D 
 359      1C9F799B 
 359      EDA7
 360 04d9 DB6C1F92 		.ascii	"\333l\037\222\366\331\207\367n\246\010R\230\237\244"
 360      F6D987F7 
 360      6EA60852 
 360      989FA4
 361 04e8 E1AEBAED 		.ascii	"\341\256\272\355U\353(\010\335\221\343|\307\030\347"
 361      55EB2808 
 361      DD91E37C 
 361      C718E7
 362 04f7 011AE7F6 		.ascii	"\001\032\347\366=\317^Z\341)\026\347\321\321\253\327"
 362      3DCF5E5A 
 362      E12916E7 
 362      D1D1ABD7 
 363 0507 E53CFF4A 		.ascii	"\345<\377J\316\363\003\331\376\201\321\376!\265\317"
 363      CEF303D9 
 363      FE81D1FE 
 363      21B5CF
 364 0516 A9191F73 		.ascii	"\251\031\037s\300\311V\324\376xcI\242\261\316Z\377)"
 364      C0C956D4 
 364      FE786349 
 364      A2B1CE5A 
 364      FF29
 365 0528 4DAC66F5 		.ascii	"M\254f\365>([\017\032\255\207\250\365\203\222\316+\002"
 365      3E285B0F 
ARM GAS  C:\Users\Luczia\AppData\Local\Temp\ccn169zZ.s 			page 28


 365      1AAD87A8 
 365      F58392CE 
 365      2B02
 366 053a 2E64D62D 		.ascii	".d\326-\351Q\365\316\262\373\235\262\373\217d\202GF"
 366      E951F5CE 
 366      B2FB9DB2 
 366      FB8F6482 
 366      4746
 367 054c 82C79420 		.ascii	"\202\307\224 \375f_\216\200\313\030AW}a\021)\223\005"
 367      FD665F8E 
 367      80CB1841 
 367      577D6111 
 367      299305
 368 055f 76889C9A 		.ascii	"v\210\234\232\316d\017|Z\372\332\2215\321B\3343\222"
 368      CE640F7C 
 368      5AFADA91 
 368      35D142DC 
 368      3392
 369 0571 6B831B29 		.ascii	"k\203\033)\\\350\356x\323\351\204\354\334bM\251Q\231"
 369      5CE8EE78 
 369      D3E984EC 
 369      DC624DA9 
 369      5199
 370 0583 F2828621 		.ascii	"\362\202\206!\225`DFE\317\240\361)4\322j\252\232(\373"
 370      95604446 
 370      45CFA0F1 
 370      2934D26A 
 370      AA9A28FB 
 371 0597 4556CE6E 		.ascii	"EV\316nQT\243\027\220\310\347\262k\013\354X\032\012"
 371      5154A317 
 371      90C8E7B2 
 371      6B0BEC58 
 371      1A0A
 372 05a9 73938E58 		.ascii	"s\223\216X\343\012k:Hy\372\203+\302L\203\214\316<\310"
 372      E30A6B3A 
 372      4879FA83 
 372      2BC24C83 
 372      8CCE3CC8 
 373 05bd 9D5F0CDD 		.ascii	"\235_\014\335\021EW4\002c\274\224\307x\201\244A\352"
 373      11455734 
 373      0263BC94 
 373      C77881A4 
 373      41EA
 374 05cf 0ACE5C42 		.ascii	"\012\316\\B\264X\010\202\025K\343D~\245\332\324\366"
 374      B4580882 
 374      154BE344 
 374      7EA5DAD4 
 374      F6
 375 05e0 03A28D2F 		.ascii	"\003\242\215//\336O\021f\254\240qZAc\306\012\312\375"
 375      2FDE4F11 
 375      66ACA071 
 375      5A4163C6 
 375      0ACAFD
 376 05f3 3EA3C841 		.ascii	">\243\310AJ\301\355\24783j\373.\3610\2420\364D\366\342"
 376      4AC1EDA7 
 376      38336AFB 
 376      2EF130A2 
ARM GAS  C:\Users\Luczia\AppData\Local\Temp\ccn169zZ.s 			page 29


 376      30F444F6 
 377 0608 89310913 		.ascii	"\2111\011\0234\011i\345?4X\261\345\251!n\274JZKV\207"
 377      340969E5 
 377      3F3458B1 
 377      E5A9216E 
 377      BC4A5A4B 
 378 061e 28D5BB0B 		.ascii	"(\325\273\013_\356\257\351\362p\237\207^\261\325Qt6"
 378      5FEEAFE9 
 378      F2709F87 
 378      5EB1D551 
 378      7436
 379 0630 AF0C315B 		.ascii	"\257\0141[[P\023\256\234\251\305li\327\223\3563\317"
 379      5B5013AE 
 379      9CA9C56C 
 379      69D793EE 
 379      33CF
 380 0642 8EA75ABB 		.ascii	"\216\247Z\273$R\357a+Ft\031\277\001\266I\312\366\026"
 380      2452EF61 
 380      2B467419 
 380      BF01B649 
 380      CAF616
 381 0655 B9183909 		.ascii	"\271\0309\011Z\354)+\326\360\350\236\017\241/\247\364"
 381      5AEC292B 
 381      D6F0E89E 
 381      0FA12FA7 
 381      F4
 382 0666 F60A3F6F 		.ascii	"\366\012?o\267\311\202\345\377\016\272H9u\325\015\332"
 382      B7C982E5 
 382      FF0EBA48 
 382      3975D50D 
 382      DA
 383 0677 E11E1B5A 		.ascii	"\341\036\033Z,\207\233GS\354\360s\246\334\355\036<f"
 383      2C879B47 
 383      53ECF073 
 383      A6DCED1E 
 383      3C66
 384 0689 F7CB1CB1 		.ascii	"\367\313\034\261\205\036\016\237T\036\025c\023#\250"
 384      851E0E9F 
 384      541E1563 
 384      1323A8
 385 0698 1D12054C 		.ascii	"\035\022\005LN\000n\240)\010\325{\364s\025\212\020~"
 385      4E006EA0 
 385      2908D57B 
 385      F473158A 
 385      107E
 386 06aa 09B649C3 		.ascii	"\011\266I\303#\373\254g\214H\244 Ed\021\015Hd\371\363"
 386      23FBAC67 
 386      8C48A420 
 386      4564110D 
 386      4864F9F3 
 387 06be 376AE58C 		.ascii	"7j\345\214\345\204E\011.F\033\252\200\305\300\233\343"
 387      E5844509 
 387      2E461BAA 
 387      80C5C09B 
 387      E3
 388 06cf 654E2C84 		.ascii	"eN,\204\326\240V6E_\260\237q\264\030\343h\321\002\035"
 388      D6A05636 
ARM GAS  C:\Users\Luczia\AppData\Local\Temp\ccn169zZ.s 			page 30


 388      455FB09F 
 388      71B418E3 
 388      68D1021D 
 389 06e3 EE87F898 		.ascii	"\356\207\370\230\011ik\265\001\265\340a\306n\007\026"
 389      09696BB5 
 389      01B5E061 
 389      C66E0716 
 390 06f3 FF8F4976 		.ascii	"\377\217Iv\372\222\033\221\322\231\035\302<\264] d\261"
 390      FA921B91 
 390      D2991DC2 
 390      3CB45D20 
 390      64B1
 391 0705 D49918E6 		.ascii	"\324\231\030\346L,u\346\366\303j\177<\301bv\354xf\211"
 391      4C2C75E6 
 391      F6C36A7F 
 391      3CC16276 
 391      EC786689 
 392 0719 138ED150 		.ascii	"\023\216\321P%\241\272&\303\032\212\023\305\013x\346"
 392      25A1BA26 
 392      C31A8A13 
 392      C50B78E6 
 393 0729 123ED076 		.ascii	"\022>\320v\244\314q\306j\335%\220j\335)H\325:\231u\274"
 393      A4CC71C6 
 393      6ADD2590 
 393      6ADD2948 
 393      D53A9975 
 394 073e 57904EFF 		.ascii	"W\220N\377\356x\253{/v\303\2752B\374\264^ H\024'H\005"
 394      EE78AB7B 
 394      2F76C3BD 
 394      3242FCB4 
 394      5E204814 
 395 0755 8B120435 		.ascii	"\213\022\0045\321\314O\332\335\002\251\335\254\267o"
 395      D1CC4FDA 
 395      DD02A9DD 
 395      ACB76F
 396 0764 0E3AF1BB 		.ascii	"\016:\361\2733\331\260\344p\355\021\350\356L\336\000"
 396      33D9B0E4 
 396      70ED11E8 
 396      EE4CDE00 
 397 0774 3ED7BBBF 		.ascii	">\327\273\277\322\226\005\353\016q\340\334\363\242s"
 397      D29605EB 
 397      0E71E0DC 
 397      F3A273
 398 0783 8E2C5A55 		.ascii	"\216,ZUDo{x8\332\201\365\267\320\333j{\335\260\032\267"
 398      446F7B78 
 398      38DA81F5 
 398      B7D0DB6A 
 398      7BDDB01A 
 399 0798 B300A4B6 		.ascii	"\263\000\244\266\236\364$i\211\372I\333\000\03045\275"
 399      9EF42469 
 399      89FA49DB 
 399      00183435 
 399      BD
 400 07a9 69B6C29D 		.ascii	"i\266\302\235R\370\244\205\341\"-\214\344\262\232r{"
 400      52F8A485 
 400      E1222D8C 
 400      E4B29A72 
ARM GAS  C:\Users\Luczia\AppData\Local\Temp\ccn169zZ.s 			page 31


 400      7B
 401 07ba DCCD3AFB 		.ascii	"\334\315:\373\343\373j\254\361\000S\214N\271HNe\335"
 401      E3FB6AAC 
 401      F100538C 
 401      4EB9484E 
 401      65DD
 402 07cc 1B83DBCF 		.ascii	"\033\203\333\317"
 403 07d0 10EB2C3F 		.ascii	"\020\353,?w\241VZ\252\213\270K\275\013\273\324\237}"
 403      77A1565A 
 403      AA8BB84B 
 403      BD0BBBD4 
 403      9F7D
 404 07e2 78B5D68E 		.ascii	"x\265\326\216\315GD\240W\264v~\212\2371\313\352\221"
 404      CD4744A0 
 404      57B4767E 
 404      8A9F31CB 
 404      EA91
 405 07f4 927C696E 		.ascii	"\222|in\230\334\312\023k\246\234g\254\262lc\225e\261"
 405      98DCCA13 
 405      6BA69C67 
 405      ACB26C63 
 405      9565B1
 406 0807 2A1B4B2C 		.ascii	"*\033K,Y%\227\221\232&\374\020\224Q\006-\243\303\264"
 406      59259791 
 406      9A26FC10 
 406      9451062D 
 406      A3C3B4
 407 081a 8CA80D01 		.ascii	"\214\250\015\001G\364\346\335w\342\321\311\302\007\320"
 407      47F4E6DD 
 407      77E2D1C9 
 407      C207D0
 408 0829 2772F20E 		.ascii	"'r\362\016\330\341\227\314\311\364\321\256GR\202\334"
 408      D8E197CC 
 408      C9F4D1AE 
 408      475282DC 
 409 0839 C8C57CBC 		.ascii	"\310\305|\274<J\203\307X\337\276\213\207\232m\360k\246"
 409      3C4A83C7 
 409      58DFBE8B 
 409      879A6DF0 
 409      6BA6
 410 084b 18AF102E 		.ascii	"\030\257\020.\354\012\021y{\005~\307z*\223\366v!\034"
 410      EC0A1179 
 410      7B057EC7 
 410      7A2A93F6 
 410      76211C
 411 085e 61CB7E2D 		.ascii	"a\313~-E?\350\221\3423\227\\7\033\237,\300\333Y\327"
 411      453FE891 
 411      E233975C 
 411      371B9F2C 
 411      C0DB59D7 
 412 0872 FBFA9A05 		.ascii	"\373\372\232\005x'\373\256=[\220\217\360^\246\214\244"
 412      7827FBAE 
 412      3D5B908F 
 412      F05EA68C 
 412      A4
 413 0883 D53EB1C3 		.ascii	"\325>\261\303)L\311n\3158\257\301\007\231r\364U\312"
 413      294CC96E 
ARM GAS  C:\Users\Luczia\AppData\Local\Temp\ccn169zZ.s 			page 32


 413      CD38AFC1 
 413      079972F4 
 413      55CA
 414 0895 51079CC9 		.ascii	"Q\007\234\311\224\233\245\267b\355q\016SbO\236L\265"
 414      949BA5B7 
 414      62ED710E 
 414      53624F9E 
 414      4CB5
 415 08a7 C7F94C89 		.ascii	"\307\371L\211,\357H\222~x\365\020} o \333V\312\012Y"
 415      2CEF4892 
 415      7E78F510 
 415      7D206F20 
 415      DB56CA0A 
 416 08bc E0F1AD4D 		.ascii	"\340\361\255M\023\010\0271\360\27139/4\312\320&\011"
 416      13081731 
 416      F0B93339 
 416      2F34CAD0 
 416      2609
 417 08ce 6C7F85DF 		.ascii	"l\177\205\337s\334vA\266\274\313\025\357\2202\2643\241"
 417      73DC7641 
 417      B6BCCB15 
 417      EF9032B4 
 417      33A1
 418 08e0 7F56B523 		.ascii	"\177V\265#;\306\036\315g\317\354\371\306\307\215\374"
 418      3BC61ECD 
 418      67CFECF9 
 418      C6C78DFC 
 419 08f0 39224647 		.ascii	"9\"FG\301\257\271\023Vq'\007nD\210\271s)U\036,\271J"
 419      C1AFB913 
 419      56712707 
 419      6E4488B9 
 419      7329551E 
 420 0907 61B65CDA 		.ascii	"a\266\\\332\2714ew\011\273\212\231\364}\013w\341hL\341"
 420      B9346577 
 420      09BB8A99 
 420      F47D0B77 
 420      E1684CE1 
 421 091b C54AF831 		.ascii	"\305J\3701\012\367\220\321\325\034\272D\211fN\033\321"
 421      0AF790D1 
 421      D51CBA44 
 421      89664E1B 
 421      D1
 422 092c 1162D5DD 		.ascii	"\021b\325\335X\034A\341G\004\027\224)\301\215\225\203"
 422      581C41E1 
 422      47041794 
 422      29C18D95 
 422      83
 423 093d D2A7F9D2 		.ascii	"\322\247\371\322\300\261\177g\231\235\207\267r\360\023"
 423      C0B17F67 
 423      999D87B7 
 423      72F013
 424 094c 4A7886D2 		.ascii	"Jx\206\322\365\221X,\303\017(\341)\2343IR>D8\206\321"
 424      F591582C 
 424      C30F28E1 
 424      299C3349 
 424      523E4438 
 425 0962 6970F714 		.ascii	"ip\367\024\355$x\330\023\320U\301\015\325\010\363Q\025"
ARM GAS  C:\Users\Luczia\AppData\Local\Temp\ccn169zZ.s 			page 33


 425      ED2478D8 
 425      13D055C1 
 425      0DD508F3 
 425      5115
 426 0974 4819C805 		.ascii	"H\031\310\005\220\012\220F\220R\220K W@.\2034\203\234"
 426      900A9046 
 426      9052904B 
 426      2057402E 
 426      8334839C 
 427 0988 07690229 		.ascii	"\007i\002)\007\251\003\251\006\271\010\322\000R\013"
 427      07A903A9 
 427      06B908D2 
 427      00520B
 428 0997 522FCCA7 		.ascii	"R/\314\247\2477ss\362\277d/O*\275tW\206\3401\027\202"
 428      A7377373 
 428      F2BF642F 
 428      4F2ABD74 
 428      5786E031 
 429 09ad 22CBD933 		.ascii	"\"\313\3313\203\3631H\265\034\003>d\234/\337[\364\205"
 429      83F33148 
 429      B51C033E 
 429      649C2FDF 
 429      5BF485
 430 09c0 034F72AE 		.ascii	"\003Or\256\024(\301\371\323\\\031\341\340\205\226\341"
 430      1428C1F9 
 430      D35C19E1 
 430      E08596E1 
 431 09d0 7CDDC571 		.ascii	"|\335\305q\216\357S\302\367N\257j~\242iJ\374As<\324"
 431      8EEF53C2 
 431      F74EAF6A 
 431      7EA2694A 
 431      FC41733C 
 432 09e5 68439C54 		.ascii	"hC\234T\251\347\240R\317Hx\343BD\211\262;\354:\370\374"
 432      A9E7A052 
 432      CF4878E3 
 432      424489B2 
 432      3BEC3AF8 
 433 09fa BD4B0494 		.ascii	"\275K\004\224\007A\251\244K\230\234\301\367\261\270"
 433      0741A9A4 
 433      4B989CC1 
 433      F7B1B8
 434 0a09 147E44C7 		.ascii	"\024~D\307Y\323\301\367[v\226\233\333].\022\307-\227"
 434      59D3C1F7 
 434      5B76969B 
 434      DB5D2E12 
 434      C72D97
 435 0a1c B159D5F3 		.ascii	"\261Y\325\363S\313Q\342\323\247E\216\207\037\265\274"
 435      53CB51E2 
 435      D3A7458E 
 435      871FB5BC 
 436 0a2c 1F5038B9 		.ascii	"\037P8\271\2607\265\0278\341't'\023\316\304v\024;#\267"
 436      B037B517 
 436      38E12774 
 436      2713CEC4 
 436      76143B23 
 437 0a41 D96CC6ED 		.ascii	"\331l\306\355q8\212\314\270\005\254\257\011\246\233"
 437      71388ACC 
ARM GAS  C:\Users\Luczia\AppData\Local\Temp\ccn169zZ.s 			page 34


 437      B805ACAF 
 437      09A69B
 438 0a50 2709C00C 		.ascii	"'\011\300\014\013\006]\207u\362\177\275f\300\351\262"
 438      0B065D87 
 438      75F27FBD 
 438      66C0E9B2 
 439 0a60 CAC3E7D4 		.ascii	"\312\303\347\324\374\215\241\205\233 \374\374\226n\014"
 439      FC8DA185 
 439      9B20FCFC 
 439      966E0C
 440 0a6f 37E88D21 		.ascii	"7\350\215!\262\272%U\303\203\373\315\256\027\255\022"
 440      B2BA2555 
 440      C383FBCD 
 440      AE17AD12 
 441 0a7f B8958253 		.ascii	"\270\225\202S\367E59\362`r\273\224\301m\022\270\215"
 441      F7453539 
 441      F26072BB 
 441      94C16D12 
 441      B88D
 442 0a91 828D67B5 		.ascii	"\202\215g\265\213tVW\325\356|\206\360\204t\236\364\356"
 442      8B745657 
 442      D5EE7C86 
 442      F084749E 
 442      F4EE
 443 0aa3 68933A5F 		.ascii	"h\223:_\321\237\221\325\023w\034\361;\3269\365\250#"
 443      D19F91D5 
 443      13771CF1 
 443      3BD639F5 
 443      A823
 444 0ab5 473A2487 		.ascii	"G:$\207\351\235\253\264o\330\011\357`\277\220\222j\306"
 444      E99DABB4 
 444      6FD809EF 
 444      60BF9092 
 444      6AC6
 445 0ac7 46ED7102 		.ascii	"F\355q\002S:\217$\347\251\031r\210\350\207\336\276\215"
 445      533A8F24 
 445      E7A91972 
 445      88E887DE 
 445      BE8D
 446 0ad9 56E344E9 		.ascii	"V\343D\351\267T\344\276\\k\234\306\2247\317\363\207"
 446      B754E4BE 
 446      5C6B9CC6 
 446      9437CFF3 
 446      87
 447 0aea AD712E53 		.ascii	"\255q.SjF3^:\340\023L\211\311\275\271\323\006\237g\312"
 447      6A46335E 
 447      3AE0134C 
 447      89C9BDB9 
 447      D3069F67 
 448 0aff E8BD5DB5 		.ascii	"\350\275]\265\016\270\232)\227\353\373\3334\270\211"
 448      0EB89A29 
 448      97EBFBDB 
 448      34B889
 449 0b0e 29114325 		.ascii	")\021C%;0ng\312\313\226\232x[\334\303\224\346\270\275"
 449      3B306E67 
 449      CACB969A 
 449      785BDCC3 
ARM GAS  C:\Users\Luczia\AppData\Local\Temp\ccn169zZ.s 			page 35


 449      94E6B8BD 
 450 0b22 50D3434C 		.ascii	"P\323CL1\336O]\330\375t*}\370\220\003\036f}\027rb\012"
 450      31DE4F5D 
 450      D8FD742A 
 450      7DF89003 
 450      1E667D17 
 451 0b39 35789229 		.ascii	"5x\222)\321\327vu:\340H{\252\234\030\332Qe\203\343\231"
 451      D1D77675 
 451      3AE0487B 
 451      AA9C18DA 
 451      516583E3 
 452 0b4e 72A1F975 		.ascii	"r\241\371u\261\023\336+)\367\316\270\343\014\366}x\250"
 452      B113DE2B 
 452      29F7CEB8 
 452      E30CF67D 
 452      78A8
 453 0b60 749F33CE 		.ascii	"t\2373\316cJo\327`\274\023>\301\224\355\225\373+l\361"
 453      634A6FD7 
 453      60BC133E 
 453      C194ED95 
 453      FB2B6CF1 
 454 0b74 79A65CEE 		.ascii	"y\246\\\356\271\217\360%\366\375$\276\252C\300\015L"
 454      B98FF025 
 454      F6FD24BE 
 454      AA43C00D 
 454      4C
 455 0b85 292CDDD5 		.ascii	"),\335\325k\205\333\230\322\177.z\\\215o3\245\350mf"
 455      6B85DB98 
 455      D27F2E7A 
 455      5C8D6F33 
 455      A5E86D66 
 456 0b99 8B2DEE64 		.ascii	"\213-\356dJKY\317\003'<\300\224\342\346\272N\351Z\027"
 456      4A4B59CF 
 456      03273CC0 
 456      94E2E6BA 
 456      4EE95A17 
 457 0bad 4BB2585C 		.ascii	"K\262X\\\320\365\320F\272Q\222\337R\271\347{\336\"<"
 457      D0F5D046 
 457      BA5192DF 
 457      52B9E77B 
 457      DE223C
 458 0bc0 48C1AE67 		.ascii	"H\301\256g\307\222\213\254\321\374i\317l\371X6\235\314"
 458      C7928BAC 
 458      D1FC69CF 
 458      6CF95836 
 458      9DCC
 459 0bd2 B7DF5BBD 		.ascii	"\267\337[\2759\225+\237\314=\260\206\0220\267\022\023"
 459      39952B9F 
 459      CC3DB086 
 459      1230B712 
 459      13
 460 0be3 F9850B15 		.ascii	"\371\205\013\025W5rHZ\270\344\006\361\\\011\237\276"
 460      57357248 
 460      5AB8E406 
 460      F15C099F 
 460      BE
 461 0bf4 B7DF3DC4 		.ascii	"\267\337=\304-\364\227J\374\264\343\260\232\207\377"
ARM GAS  C:\Users\Luczia\AppData\Local\Temp\ccn169zZ.s 			page 36


 461      2DF4974A 
 461      FCB4E3B0 
 461      9A87FF
 462 0c03 A0849B1D 		.ascii	"\240\204\233\0354d\375OfI\033$\334IP\247\0047m\220\367"
 462      3464FD4F 
 462      66491B24 
 462      DC4950A7 
 462      04376D90 
 463 0c18 A6B16772 		.ascii	"\246\261gr\354O\225\354\323O\203I\036?\240\304\037\234"
 463      EC4F95EC 
 463      D34F8349 
 463      1E3FA0C4 
 463      1F9C
 464 0c2a 8EE7BD7F 		.ascii	"\216\347\275\177f\231\337C\366\276\232\367\276_\351"
 464      6699DF43 
 464      F6BE9AF7 
 464      BE5FE9
 465 0c39 7D8A12DE 		.ascii	"}\212\022\336Z\300\301o+\341\355\312\311Nfp\316\214"
 465      5AC0C16F 
 465      2BE1EDCA 
 465      C94E6670 
 465      CE8C
 466 0c4b 590C2597 		.ascii	"Y\014%\227\327\307\231\\^\007\225\350\207\2022\362\015"
 466      D7C7995C 
 466      5E0795E8 
 466      878232F2 
 466      0D
 467 0c5c 999C334F 		.ascii	"\231\2343O\224\316\344*\235i\345#3\242\244\237~\211"
 467      94CEE42A 
 467      9D69E523 
 467      33A2A49F 
 467      7E89
 468 0c6e 7ACCE35F 		.ascii	"z\314\343_X.3\376\260\342\023\365H\011\237~\245\353"
 468      582E33FE 
 468      B0E213F5 
 468      48099F7E 
 468      A5EB
 469 0c80 E3F14396 		.ascii	"\343\361C\226g\313\327M\001\007\277\253\204\337\221"
 469      67CBD74D 
 469      0107BFAB 
 469      84DF91
 470 0c8f E16647CE 		.ascii	"\341fG\316\004Dc\234\366\02189o\222\260\033\212\302"
 470      0444639C 
 470      F6113839 
 470      6F92B01B 
 470      8AC2
 471 0ca1 F3D15B38 		.ascii	"\363\321[8+\366\300{;\310\033\370\336\005\357\035 \223"
 471      2BF6C07B 
 471      3BC81BF8 
 471      DE05EF1D 
 471      2093
 472 0cb3 F02DC2FB 		.ascii	"\360-\302\373=\274c\340\235\014\022\013\022\007\022"
 472      3DBC63E0 
 472      9D0C120B 
 472      120712
 473 0cc2 0DB21F64 		.ascii	"\015\262\037d\012\372\"\340\275\023\344\000\310k\320"
 473      0AFA22E0 
ARM GAS  C:\Users\Luczia\AppData\Local\Temp\ccn169zZ.s 			page 37


 473      BD13E400 
 473      C86BD0
 474 0cd1 77C33B11 		.ascii	"w\303;\021d/\310;\320\343\341\235\012\022\011\222\002"
 474      642FC83B 
 474      D0E3E19D 
 474      0A120992 
 474      02
 475 0ce2 B20FF377 		.ascii	"\262\017\363w\271\206,n6}\312\331L\273\010\364\361\251"
 475      B9862C6E 
 475      367DCAD9 
 475      4CBB08F4 
 475      F1A9
 476 0cf4 18B6BC82 		.ascii	"\030\266\274\202M\225\001\225\324\227\305UR\267\345"
 476      4D950195 
 476      D497C555 
 476      52B7E5
 477 0d03 0DC5EC7A 		.ascii	"\015\305\354z\315\363\217Z.\015\316\235\307\274\367"
 477      CDF38F5A 
 477      2E0DCE9D 
 477      C7BCF7
 478 0d12 F795F053 		.ascii	"\367\225\360S\323\356D\031\370\240(\316\"\250\351w\242"
 478      D3EE4419 
 478      F8A028CE 
 478      22A8E977 
 478      A2
 479 0d23 F12C5C28 		.ascii	"\361,\\(\337\211\272,\223\231\325\015_\010\257\224\370"
 479      DF89BA2C 
 479      9399D50D 
 479      5F08AF94 
 479      F8
 480 0d34 9BD36F45 		.ascii	"\233\323oE|\235=\266\\\227\374\315\226\207?\260\274"
 480      7C9D3DB6 
 480      5C97FCCD 
 480      96873FB0 
 480      BC
 481 0d45 DFF055CF 		.ascii	"\337\360U\317{s\313\2627\374\032\344#\327k9\357f\211"
 481      7B73CBB2 
 481      37FC1AE4 
 481      23D76B39 
 481      EF6689
 482 0d58 E1E93B2C 		.ascii	"\341\351;,W=\303\223\337\356\305\305]\366\3708\375'"
 482      573DC393 
 482      DFEEC5C5 
 482      5DF6F838 
 482      FD27
 483 0d6a 43A177A2 		.ascii	"C\241w\2424]@\263\335,.\007\224\016\253\340\377\313"
 483      345D40B3 
 483      DD2C2E07 
 483      940EABE0 
 483      FFCB
 484 0d7c 8A908AA4 		.ascii	"\212\220\212\244\200]#\323\300\253\203\330t\215$5C'"
 484      805D23D3 
 484      C0AB83D8 
 484      748D2435 
 484      4327
 485 0d8e 57D9DED4 		.ascii	"W\331\336\324n\303_\271\3220\177\231\313\300\354\312"
 485      6EC35FB9 
ARM GAS  C:\Users\Luczia\AppData\Local\Temp\ccn169zZ.s 			page 38


 485      D2307F99 
 485      CBC0ECCA 
 486 0d9e 056F00BF 		.ascii	"\005o\000\277n\335\035c\205K\331?\236\326t\225\224h"
 486      6EDD1D63 
 486      854BD93F 
 486      9ED67495 
 486      9468
 487 0db0 701553DE 		.ascii	"p\025S\336\015T\366\330\342:\252XG\217\354\215\262\241"
 487      0D54F6D8 
 487      E23AAA58 
 487      478FEC8D 
 487      B2A1
 488 0dc2 C7B4DB6C 		.ascii	"\307\264\333l\026\357\347\035.G\242\304\372E4\336\231"
 488      16EFE71D 
 488      2E47A2C4 
 488      FA4534DE 
 488      99
 489 0dd3 E046DE4C 		.ascii	"\340F\336L\0336\335\223\276\224\223\223\245\004O\337"
 489      1B36DD93 
 489      BE949393 
 489      A5044FDF 
 490 0de3 5047FE64 		.ascii	"PG\376d~\030L\3476;\3108\364!\313\344\334\032\273\337"
 490      7E184CE7 
 490      363BC838 
 490      F421CBE4 
 490      DC1ABBDF 
 491 0df7 C17E77E4 		.ascii	"\301~w\344\231\2571\263\354\313\377g&OJ}.\244>\033R"
 491      99AF31B3 
 491      ECCBFF67 
 491      264F4A7D 
 491      2EA43E1B 
 492 0e0c 71042407 		.ascii	"q\004$\007\34406]\236S\007\336\365 |\215\025\323\211"
 492      E430365D 
 492      9E5307DE 
 492      F5207C8D 
 492      15D389
 493 0e1f D4FA63F6 		.ascii	"\324\372c\366\312b2\375\\/\000\226\037cd^^\273\253\026"
 493      CA6232FD 
 493      5C2F0096 
 493      1F63645E 
 493      5EBBAB16 
 494 0e33 450DCA07 		.ascii	"E\015\312\007\360Q9\307y\306\034_84\025c\313\3478\337"
 494      F05139C7 
 494      79C61C5F 
 494      38341563 
 494      CBE738DF 
 495 0e47 2CC78552 		.ascii	",\307\205R\216\013i\216\323\"K\372\254y\360\270\331"
 495      8E0B698E 
 495      D3224BFA 
 495      AC79F0B8 
 495      D9
 496 0e58 85FD9804 		.ascii	"\205\375\230\004&o\333\257BB\303\365\201!~\377\376\273"
 496      266FDBAF 
 496      4242C3F5 
 496      81217EFF 
 496      FEBB
 497 0e6a 850BDDE1 		.ascii	"\205\013\335\341?\277-\001\033\003B\302<~\353\341\036"
ARM GAS  C:\Users\Luczia\AppData\Local\Temp\ccn169zZ.s 			page 39


 497      3FBF2D01 
 497      1B0342C2 
 497      3C7EEBE1 
 497      1E
 498 0e7b 12E6BEC5 		.ascii	"\022\346\276\3057\320\235 \302\334}\326{/Y\354\276v"
 498      37D09D20 
 498      C2DC7DD6 
 498      7B2F59EC 
 498      BE76
 499 0e8d ED4AF7F5 		.ascii	"\355J\367\365k\274\277\366 =\3720\260\014\364_\350\247"
 499      6BBCBFF6 
 499      203DFA30 
 499      B00CF45F 
 499      E8A7
 500 0e9f 59FDD917 		.ascii	"Y\375\331\027\256Z\017\017\325o,q\370\205\004\005\205"
 500      AE5A0F0F 
 500      D56F2C71 
 500      F8850405 
 500      85
 501 0eb0 044B34CB 		.ascii	"\004K4\313u\336Z\357m\200\360\013\0115\350\277^\026"
 501      75DE5AEF 
 501      6D80F00B 
 501      0935E8BF 
 501      5E16
 502 0ec2 B4708BCA 		.ascii	"\264p\213\312\236\372\2605\230x\341b\362G\277)4$H\037"
 502      9EFAB035 
 502      9878E162 
 502      F247BF29 
 502      3424481F 
 503 0ed6 10163A87 		.ascii	"\020\026:\207\35365\316\362\333\342\363M\330ZhZ\005"
 503      EB3635CE 
 503      F2DBE2F3 
 503      4DD85A68 
 503      5A05
 504 0ee8 2D6B7C74 		.ascii	"-k|t\013,\015\035\032\356\036\020\354\027\270\325\337"
 504      0B2C0D1D 
 504      1AEE1E10 
 504      EC17B8D5 
 504      DF
 505 0ef9 001D61DF 		.ascii	"\000\035a\337\204\301`.!a\276\201?\301\224\314\234@"
 505      84C1602E 
 505      2161BE81 
 505      3FC194CC 
 505      9C40
 506 0f0b 09077983 		.ascii	"\011\007y\203\351l\362\376<l}@\220!\324\3137\330?\320"
 506      E96CF2FE 
 506      3C6C7D40 
 506      9021D4CB 
 506      37D83FD0 
 507 0f1f 10BAC685 		.ascii	"\020\272\306\205\372\361\005uN\242\233#\215`\326\250"
 507      FAF10575 
 507      4EA29B23 
 507      8D60D6A8 
 508 0f2f F983C12F 		.ascii	"\371\203\301/<$t\305\242\337\377\375aV\331\263/}@p@"
 508      3C2474C5 
 508      A2DFFFFD 
 508      6156D9B3 
ARM GAS  C:\Users\Luczia\AppData\Local\Temp\ccn169zZ.s 			page 40


 508      2F7D4070 
 509 0f44 F85CBDFF 		.ascii	"\370\\\275\377\306\315z\277-\006\010\212Yd\376\361G"
 509      C6CD7ABF 
 509      2D06088A 
 509      5964FEF1 
 509      47
 510 0f55 03E16FD8 		.ascii	"\003\341o\330\270u3\011\005\365\335l:\377\300\261*\""
 510      B8753309 
 510      05F5DD6C 
 510      3AFFC0B1 
 510      2A22
 511 0f67 EEA2A779 		.ascii	"\356\242\247y\010\010\375\253\336\360U@`\310\346\255"
 511      0808FDAB 
 511      DEF05540 
 511      60C8E6AD 
 512 0f77 8659FAF0 		.ascii	"\206Y\372\360P_?\003\351\325\007\032|\2776\250\375\266"
 512      505F3F03 
 512      E9D5071A 
 512      7CBF36A8 
 512      FDB6
 513 0f89 F8FE0407 		.ascii	"\370\376\004\007\250\02580\207\237\003\261\247\351\346"
 513      A8153830 
 513      879F03B1 
 513      A7E9E6
 514 0f98 1A0DC1E1 		.ascii	"\032\015\301\341\206P\232n"
 514      86509A6E 
 515 0fa0 6E24DA38 		.ascii	"n$\3328+\370\353\000?\317`\337\215\201\006\026Y;\275"
 515      2BF8EB00 
 515      3FCF60DF 
 515      8D810616 
 515      593BBD
 516 0fb3 7E6B4070 		.ascii	"~k@p\370\222\305\372\360M~\277\333@G\017\013\337\352"
 516      F892C5FA 
 516      F04D7EBF 
 516      DB40470F 
 516      0BDFEA
 517 0fc6 1F10B221 		.ascii	"\037\020\262!<$$0l\303\346\340\255\256\364\313\3257"
 517      3C242430 
 517      6CC3E6E0 
 517      ADAEF4CB 
 517      D537
 518 0fd8 34C8D510 		.ascii	"4\310\325\020\264\321\340\357o\360\337\260l\341\"\327"
 518      B4D1E0EF 
 518      6FF0DFB0 
 518      6CE122D7 
 519 0fe8 C58B3C96 		.ascii	"\305\213<\226\375u\351\006h\377upH\260\341\327\006\337"
 519      FD75E906 
 519      68FF7570 
 519      48B0E1D7 
 519      06DF
 520 0ffa 8D011B24 		.ascii	"\215\001\033$w7"
 520      7737
 521 1000 04F90257 		.ascii	"\004\371\002W\260a\203\336\337\260\311wk`\270>\374\233"
 521      B06183DE 
 521      DFB0C977 
 521      6B60B83E 
 521      FC9B
ARM GAS  C:\Users\Luczia\AppData\Local\Temp\ccn169zZ.s 			page 41


 522 1012 AF0CA492 		.ascii	"\257\014\244\2224\306\361\376\374\277:\036\224\351\006"
 522      34C6F1FE 
 522      FCBF3A1E 
 522      94E906
 523 1021 48B93F90 		.ascii	"H\271?\220\303 K>\\.\322\332\222V\025\211\011\330\330"
 523      C3204B3E 
 523      5C2ED2DA 
 523      92561589 
 523      09D8D8
 524 1034 1A6B4DE5 		.ascii	"\032kM\345\250\327o\332\032\354\247\327/\374x\311\222"
 524      A8D76FDA 
 524      1AECA7D7 
 524      2FFC78C9 
 524      92
 525 1045 651AA306 		.ascii	"e\032\243\006\315a\206p\375\212\345>\236\353tk\034}"
 525      CD618670 
 525      FD8AE53E 
 525      9EEB746B 
 525      1C7D
 526 1057 03FFE6FB 		.ascii	"\003\377\346\373M\030TU \314s\305\007\226\260a[8\031"
 526      4D185455 
 526      20CC73C5 
 526      0796B061 
 526      5B3819
 527 106a CA5DEBED 		.ascii	"\312]\353\355\263\306\307]\013+\330}\2151\251Aa\001"
 527      B3C6C75D 
 527      0B2BD87D 
 527      8D31A941 
 527      6101
 528 107c 61FACD7E 		.ascii	"a\372\315~d|+\255\326[\267D\370\\\247^\351\275\\\207"
 528      647C2BAD 
 528      D65BB744 
 528      F85CA75E 
 528      E9BD5C87 
 529 1090 576A75EA 		.ascii	"Wju\352\025+\327\353\260V\253\303:\220\345:\035^\347"
 529      152BD7EB 
 529      B056ABC3 
 529      3A90E53A 
 529      1D5EE7
 530 10a3 A3C5DACF 		.ascii	"\243\305\332\317\326\253\265ZO\035\305/\246\177=\260"
 530      D6ABB55A 
 530      4F1DC52F 
 530      A67F3DB0 
 531 10b3 E76A9DE0 		.ascii	"\347j\235\340\003\226k<uj\037o@ku\213A<\000\371G\335"
 531      03966B3C 
 531      756A1F6F 
 531      406B758B 
 531      413C00F9 
 532 10c9 FF708F0A 		.ascii	"\377p\217\012\013\017\"\371\011\240\233\214I\321\207"
 532      0B0F22F9 
 532      09A09B8C 
 532      49D187
 533 10d8 5BF9F868 		.ascii	"[\371\370hW\353lu\236>\236\272?x\256\374g\254\365!."
 533      57EB6C75 
 533      9E3E9EBA 
 533      3F78AEFC 
 533      67ACF521 
ARM GAS  C:\Users\Luczia\AppData\Local\Temp\ccn169zZ.s 			page 42


 534 10ed 6AE5A6DF 		.ascii	"j\345\246\337\330._\267b\361\332u\236\237\351\310\227"
 534      D82E5FB7 
 534      62F1DA75 
 534      9E9FE9C8 
 534      97
 535 10fe 07FB32F6 		.ascii	"\007\3732\366.\265]\356\265b\211\324\353e\302y)qKl\010"
 535      2EB55DEE 
 535      B56289D4 
 535      EB65C279 
 535      29714B6C 
 536 1113 0BB490B7 		.ascii	"\013\264\220\267\007\337\263\330\2060\320\036/\011\341"
 536      07DFB3D8 
 536      8630D01E 
 536      2F09E1
 537 1122 658EF0D0 		.ascii	"e\216\360\320\020[\235\317z\035\371\360 \037\246\276"
 537      105B9DCF 
 537      7A1DF9F0 
 537      201FA6BE 
 538 1132 451A62CD 		.ascii	"E\032b\315\372\274\214 /\006\302\3325:\265v\325j\235"
 538      FABC8C20 
 538      2F06C2DA 
 538      353AB576 
 538      D56A9D
 539 1145 CDBAB56B 		.ascii	"\315\272\265k\311[\320\352\354\340s\315b\037\242Y\214"
 539      C95BD0EA 
 539      ECE073CD 
 539      621FA259 
 539      8C
 540 1156 20975E9F 		.ascii	" \227^\237\365,\212\253\226n\333\306\342\267i\351\242"
 540      F52C8AAB 
 540      966EDBC6 
 540      E2B769E9 
 540      A2
 541 1167 65DBB691 		.ascii	"e\333\266\221\010\352\264Z\375z(\376\225\206M\326\304"
 541      08EAB45A 
 541      FD7A28FE 
 541      95864DD6 
 541      C4
 542 1178 A7555F5A 		.ascii	"\247U_Z\257Y\251\375|\245'\321\026\257\372\322i\345"
 542      AF59A9FD 
 542      7CA527D1 
 542      16AFFAD2 
 542      69E5
 543 118a 8AD5DEDA 		.ascii	"\212\325\336\332/\214\230\377\006\222\347\211L"
 543      2F8C98FF 
 543      0692E789 
 543      4C
 544              		.text
 545              		.section	.gnu.lto_.symtab.75cad68a,"",%progbits
 546 0000 56656374 		.ascii	"VectorB0\000"
 546      6F724230 
 546      00
 547 0009 00       		.ascii	"\000"
 548 000a 00       		.ascii	"\000"
 549 000b 00       		.ascii	"\000"
 550 000c 00000000 		.ascii	"\000\000\000\000\000\000\000\000"
 550      00000000 
ARM GAS  C:\Users\Luczia\AppData\Local\Temp\ccn169zZ.s 			page 43


 551 0014 CD000000 		.ascii	"\315\000\000\000"
 552 0018 73745F6C 		.ascii	"st_lld_init\000"
 552      6C645F69 
 552      6E697400 
 553 0024 00       		.ascii	"\000"
 554 0025 00       		.ascii	"\000"
 555 0026 00       		.ascii	"\000"
 556 0027 00000000 		.ascii	"\000\000\000\000\000\000\000\000"
 556      00000000 
 557 002f CF000000 		.ascii	"\317\000\000\000"
 558 0033 5F646267 		.ascii	"_dbg_check_lock_from_isr\000"
 558      5F636865 
 558      636B5F6C 
 558      6F636B5F 
 558      66726F6D 
 559 004c 00       		.ascii	"\000"
 560 004d 02       		.ascii	"\002"
 561 004e 00       		.ascii	"\000"
 562 004f 00000000 		.ascii	"\000\000\000\000\000\000\000\000"
 562      00000000 
 563 0057 D1000000 		.ascii	"\321\000\000\000"
 564 005b 63685379 		.ascii	"chSysTimerHandlerI\000"
 564      7354696D 
 564      65724861 
 564      6E646C65 
 564      724900
 565 006e 00       		.ascii	"\000"
 566 006f 02       		.ascii	"\002"
 567 0070 00       		.ascii	"\000"
 568 0071 00000000 		.ascii	"\000\000\000\000\000\000\000\000"
 568      00000000 
 569 0079 D3000000 		.ascii	"\323\000\000\000"
 570 007d 5F646267 		.ascii	"_dbg_check_unlock_from_isr\000"
 570      5F636865 
 570      636B5F75 
 570      6E6C6F63 
 570      6B5F6672 
 571 0098 00       		.ascii	"\000"
 572 0099 02       		.ascii	"\002"
 573 009a 00       		.ascii	"\000"
 574 009b 00000000 		.ascii	"\000\000\000\000\000\000\000\000"
 574      00000000 
 575 00a3 D5000000 		.ascii	"\325\000\000\000"
 576 00a7 5F706F72 		.ascii	"_port_irq_epilogue\000"
 576      745F6972 
 576      715F6570 
 576      696C6F67 
 576      756500
 577 00ba 00       		.ascii	"\000"
 578 00bb 02       		.ascii	"\002"
 579 00bc 00       		.ascii	"\000"
 580 00bd 00000000 		.ascii	"\000\000\000\000\000\000\000\000"
 580      00000000 
 581 00c5 D7000000 		.ascii	"\327\000\000\000"
 582 00c9 5F747261 		.ascii	"_trace_isr_leave\000"
 582      63655F69 
 582      73725F6C 
ARM GAS  C:\Users\Luczia\AppData\Local\Temp\ccn169zZ.s 			page 44


 582      65617665 
 582      00
 583 00da 00       		.ascii	"\000"
 584 00db 02       		.ascii	"\002"
 585 00dc 00       		.ascii	"\000"
 586 00dd 00000000 		.ascii	"\000\000\000\000\000\000\000\000"
 586      00000000 
 587 00e5 E4000000 		.ascii	"\344\000\000\000"
 588 00e9 5F646267 		.ascii	"_dbg_check_leave_isr\000"
 588      5F636865 
 588      636B5F6C 
 588      65617665 
 588      5F697372 
 589 00fe 00       		.ascii	"\000"
 590 00ff 02       		.ascii	"\002"
 591 0100 00       		.ascii	"\000"
 592 0101 00000000 		.ascii	"\000\000\000\000\000\000\000\000"
 592      00000000 
 593 0109 E6000000 		.ascii	"\346\000\000\000"
 594 010d 5F646267 		.ascii	"_dbg_check_enter_isr\000"
 594      5F636865 
 594      636B5F65 
 594      6E746572 
 594      5F697372 
 595 0122 00       		.ascii	"\000"
 596 0123 02       		.ascii	"\002"
 597 0124 00       		.ascii	"\000"
 598 0125 00000000 		.ascii	"\000\000\000\000\000\000\000\000"
 598      00000000 
 599 012d E8000000 		.ascii	"\350\000\000\000"
 600 0131 5F747261 		.ascii	"_trace_isr_enter\000"
 600      63655F69 
 600      73725F65 
 600      6E746572 
 600      00
 601 0142 00       		.ascii	"\000"
 602 0143 02       		.ascii	"\002"
 603 0144 00       		.ascii	"\000"
 604 0145 00000000 		.ascii	"\000\000\000\000\000\000\000\000"
 604      00000000 
 605 014d EA000000 		.ascii	"\352\000\000\000"
 606 0151 6E766963 		.ascii	"nvicEnableVector\000"
 606      456E6162 
 606      6C655665 
 606      63746F72 
 606      00
 607 0162 00       		.ascii	"\000"
 608 0163 02       		.ascii	"\002"
 609 0164 00       		.ascii	"\000"
 610 0165 00000000 		.ascii	"\000\000\000\000\000\000\000\000"
 610      00000000 
 611 016d F7000000 		.ascii	"\367\000\000\000"
 612              		.text
 613              		.section	.gnu.lto_.opts,"",%progbits
 614 0000 272D666D 		.ascii	"'-fmath-errno' '-fsigned-zeros' '-ftrapping-math' '"
 614      6174682D 
 614      6572726E 
ARM GAS  C:\Users\Luczia\AppData\Local\Temp\ccn169zZ.s 			page 45


 614      6F272027 
 614      2D667369 
 615 0033 2D666E6F 		.ascii	"-fno-trapv' '-fno-strict-overflow' '-fno-openmp' '-"
 615      2D747261 
 615      70762720 
 615      272D666E 
 615      6F2D7374 
 616 0066 666E6F2D 		.ascii	"fno-openacc' '-mcpu=cortex-m4' '-mthumb' '-O0' '-fo"
 616      6F70656E 
 616      61636327 
 616      20272D6D 
 616      6370753D 
 617 0099 6D69742D 		.ascii	"mit-frame-pointer' '-falign-functions=16' '-ffuncti"
 617      6672616D 
 617      652D706F 
 617      696E7465 
 617      72272027 
 618 00cc 6F6E2D73 		.ascii	"on-sections' '-fdata-sections' '-fno-common' '-flto"
 618      65637469 
 618      6F6E7327 
 618      20272D66 
 618      64617461 
 619 00ff 2700     		.ascii	"'\000"
 620              		.text
 621              		.comm	__gnu_lto_v1,1,1
 622              		.comm	__gnu_lto_slim,1,1
 623              		.ident	"GCC: (GNU Tools for Arm Embedded Processors 7-2017-q4-major) 7.2.1 20170904 (release) [ARM
ARM GAS  C:\Users\Luczia\AppData\Local\Temp\ccn169zZ.s 			page 46


DEFINED SYMBOLS
                            *ABS*:00000000 hal_st_lld.c
                            *COM*:00000001 __gnu_lto_v1
                            *COM*:00000001 __gnu_lto_slim

NO UNDEFINED SYMBOLS
