ARM GAS  C:\Users\Luczia\AppData\Local\Temp\ccjflgtt.s 			page 1


   1              		.cpu cortex-m4
   2              		.eabi_attribute 20, 1
   3              		.eabi_attribute 21, 1
   4              		.eabi_attribute 23, 3
   5              		.eabi_attribute 24, 1
   6              		.eabi_attribute 25, 1
   7              		.eabi_attribute 26, 1
   8              		.eabi_attribute 30, 6
   9              		.eabi_attribute 34, 1
  10              		.eabi_attribute 18, 4
  11              		.file	"hal_lld.c"
  12              		.section	.gnu.lto_.inline.75cade2c,"",%progbits
  13 0000 789C6363 		.ascii	"x\234cc``\360e@\000f\006\006~>\006\006&\251\007\267"
  13      6060F065 
  13      40006606 
  13      067E3E06 
  13      0626A907 
  14 0015 18195818 		.ascii	"\030\031X\030\230@b\214\014\252\366@!\207\013\315,p"
  14      9840628C 
  14      0CAAF640 
  14      21870BCD 
  14      2C70
  15 0027 212E1482 		.ascii	"!.\024\202\211\341\004\303q\020\335\303\270\341*\007"
  15      89E104C3 
  15      7110DDC3 
  15      B8E12A07 
  16 0037 4C110300 		.ascii	"L\021\003\000F*\010)"
  16      462A0829 
  17              		.text
  18              		.section	.gnu.lto_hal_lld_backup_domain_init.75cade2c,"",%progbits
  19 0000 789C8D92 		.ascii	"x\234\215\222\317k\023Q\020\307g\366\355n\262i\026/"
  19      CF6B1351 
  19      10C767F6 
  19      ED6EB269 
  19      162F
  20 0012 1E4404BD 		.ascii	"\036D\004\275\346\222\265ZE\375\003\024\004Oz\027[\017"
  20      E692B55A 
  20      45FD0314 
  20      044F7A17 
  20      5B0F
  21 0024 2D0422C6 		.ascii	"-\004\"\306C\017B6m\332\246*z\261\015\310\252\361P\374"
  21      430F4236 
  21      6DDAA62A 
  21      7AB10DC8 
  21      AAF150FC 
  22 0038 01B688D5 		.ascii	"\001\266\210\325\330\264\332\230\332\332\372\003A\324"
  22      D8B4DA98 
  22      DADAFA03 
  22      41D4
  23 0046 8B1E44DA 		.ascii	"\213\036D\332R\012\212`@\2135q\346\275\304\330\222\240"
  23      520A8A60 
  23      408B3571 
  23      E6BDC4D8 
  23      92A0
  24 0058 CBEEDBB7 		.ascii	"\313\356\333\267o\276\373\375\314\2747&\000\034\324"
  24      6FBEFBFD 
  24      CCBC3726 
ARM GAS  C:\Users\Luczia\AppData\Local\Temp\ccjflgtt.s 			page 2


  24      001CD4
  25 0067 01F6D13B 		.ascii	"\001\366\321;D\017\030\200\032\320\243\011\000W\243"
  25      440F1880 
  25      1AD0A309 
  25      0057A3
  26 0076 88AB0BA4 		.ascii	"\210\253\013\244\027\352\210\024F\210kB\3078\236\023"
  26      17EA8814 
  26      46886B42 
  26      C7389E13 
  27 0086 170516FA 		.ascii	"\027\005\026\372\026\307\264\320u\227\256|\372\303\256"
  27      16C7B4D0 
  27      7597AE7C 
  27      FAC3AE
  28 0095 84DBB3C9 		.ascii	"\204\333\263\311\243\377\006\005\310\013\357b\010H\366"
  28      A3FF0605 
  28      C80BEF62 
  28      0848F6
  29 00a4 E94E69C0 		.ascii	"\351Ni\3006u\265\216\243h\002[\215\2746\362n\251\334"
  29      3675B58E 
  29      A368025B 
  29      8DBC36F2 
  29      6EA9DC
  30 00b7 E7E68B43 		.ascii	"\347\346\213C\230>\260\021\301\023\304\366\004\241="
  30      983EB011 
  30      C113C4F6 
  30      04A13D
  31 00c6 66D2CCA0 		.ascii	"f\322\314\240A\230<\363\361\340\347O\213\207\000K\232"
  31      41983CF3 
  31      F1E0E74F 
  31      8B87004B 
  31      9A
  32 00d7 782DC833 		.ascii	"x-\3103\233g\000)\011\356\347\251X\306\256\342\322\312"
  32      9B670029 
  32      09EEE7A9 
  32      58C6AEE2 
  32      D2CA
  33 00e9 6EC65D12 		.ascii	"n\306]\022HY\\\373\225\034\266\316\012R\243\3731\341"
  33      48595CFB 
  33      951CB6CE 
  33      0A52A3FB 
  33      31E1
  34 00fb EA780FB7 		.ascii	"\352x\017\267\3002\026r\226\322h\244\031\354)\274\362"
  34      C0321672 
  34      96D268A4 
  34      19EC29BC 
  34      F2
  35 010c 290D273E 		.ascii	")\015'>Qx9cf\360J\202\012\334\346\011\235\214\360>\375"
  35      51783963 
  35      66F04A82 
  35      0ADCE609 
  35      9D8CF03E 
  36 0121 C5B177D9 		.ascii	"\305\261w\331\\\326vn\273I\364\204\201Y\314\340\200"
  36      5CD6766E 
  36      BB49F484 
  36      8159CCE0 
  36      80
  37 0132 A4E30374 		.ascii	"\244\343\003t\200\341~e+*\234\356\037\275\250Vt\305"
ARM GAS  C:\Users\Luczia\AppData\Local\Temp\ccjflgtt.s 			page 3


  37      80E17E65 
  37      2B2A9CEE 
  37      1FBDA856 
  37      74C5
  38 0144 1A5E9AF4 		.ascii	"\032^\232\364\002\314\322\320\325pL%\363\346\214\024"
  38      02CCD2D0 
  38      D5704C25 
  38      F3E68C14 
  39 0154 D5658B06 		.ascii	"\325e\213\006\354\\\215=\216\016\371K\374\215\323\212"
  39      EC5C8D3D 
  39      8E0EF94B 
  39      FC8DD38A 
  40 0164 66903E79 		.ascii	"f\220>yyzQ\226.\320\375\232\242\322'\326\226n\376]\272"
  40      797A5196 
  40      2ED0FD9A 
  40      A2D227D6 
  40      966EFE5D 
  41 0179 A8573A1B 		.ascii	"\250W:\033\341\303\365\370\004\207\014|$\023\220\355"
  41      E1C3F5F8 
  41      04870C7C 
  41      241390ED 
  42 0189 31298BEF 		.ascii	"1)\213\357^\355\275i(k\237r\237\037\232\317X\225bM\314"
  42      5EEDBD69 
  42      286B9F72 
  42      9F1F9ACF 
  42      5895624D 
  43 019e 93D10226 		.ascii	"\223\321\002&\337O\265TD\244H\177^\331\\\021\350\370"
  43      DF4FB554 
  43      44A4487F 
  43      5ED95C11 
  43      E8F8
  44 01b0 9849F228 		.ascii	"\230I\362(E\365(K\333\225\326_M\2768\273\265\316VeZ"
  44      45F5284B 
  44      DB95D65F 
  44      4DBE38BB 
  44      B5CE5665 
  45 01c5 4166EB6F 		.ascii	"Af\353o\230m\241\226\355\024:$\270\365\375\3527\235"
  45      986DA196 
  45      ED143A24 
  45      B8F5FDEA 
  45      379D
  46 01d7 D106BAC4 		.ascii	"\321\006\272\304~\"\355i\003\343\012h\375\037\320j\010"
  46      7E22ED69 
  46      03E30A68 
  46      FD1FD06A 
  46      08
  47 01e8 9CAE0167 		.ascii	"\234\256\001g$\360\317V\033\010\370T\226\332O\247V)"
  47      24F0CF56 
  47      1B08F854 
  47      96DA4FA7 
  47      5629
  48 01fa 74AEDBA7 		.ascii	"t\256\333\247\300\201\365\035\332T\267-\002\015\332"
  48      C081F51D 
  48      DA54B72D 
  48      020DDA
  49 0209 62566235 		.ascii	"bVb5\306\316\255m\311`\265%W\253-i+\363\321\013\343"
  49      C6CEAD6D 
ARM GAS  C:\Users\Luczia\AppData\Local\Temp\ccjflgtt.s 			page 4


  49      C960B525 
  49      57AB2D69 
  49      2BF3D10B 
  50 021e 6F6D7508 		.ascii	"omu\010\345\237\345\362\006|\366\357\256\0146\300?\257"
  50      E59FE5F2 
  50      067CF6EF 
  50      AE0C36C0 
  50      3FAF
  51 0230 E15F7057 		.ascii	"\341_pW\332\360\005\2732#\347\245\223<\334\024\357\011"
  51      DAF005BB 
  51      3223E7A5 
  51      933CDC14 
  51      EF09
  52 0242 09F684C3 		.ascii	"\011\366\204\303\016\335m\355\035\255\035\321X\363\336"
  52      0EDD6DED 
  52      1DAD1DD1 
  52      58F3DE
  53 0251 66271A73 		.ascii	"f'\032s\332\217E\234\023\321\223\247b\316\341#\207v"
  53      DA8F459C 
  53      13D193A7 
  53      62CEE123 
  53      8776
  54 0263 EE50E3FE 		.ascii	"\356P\343\376\226\316N\216\034\215D\216\207\333\340"
  54      96CE4E8E 
  54      1C8D448E 
  54      87DBE0
  55 0272 377B1F5D 		.ascii	"7{\037]I"
  55      49
  56              		.text
  57              		.section	.gnu.lto_hal_lld_init.75cade2c,"",%progbits
  58 0000 789C8D57 		.ascii	"x\234\215W[L\034U\030\236\177\317\354\015\330\245\334"
  58      5B4C1C55 
  58      189E7FCF 
  58      EC0DD8A5 
  58      DC
  59 0011 EFB70209 		.ascii	"\357\267\002\0114\315\256P\304\022\343C_\364\251O\365"
  59      34CDAE50 
  59      C412E343 
  59      5FF4A94F 
  59      F5
  60 0022 C5A746D1 		.ascii	"\305\247F\321\244\215$4bL\337\030n\005\351%j\205&\270"
  60      A48D2434 
  60      624CDF18 
  60      6E05E925 
  60      6A8526B8 
  61 0036 2AEA4331 		.ascii	"*\352C1\015\266D-\260-\272\254\226\242\210\264\024P"
  61      0DB6442D 
  61      B02DBAAC 
  61      96A288B4 
  61      1450
  62 0048 6C4B95B6 		.ascii	"lK\225\266\024)\275\001\265\334\327\363\237\231evg\347"
  62      1429BD01 
  62      B5DCD7F3 
  62      9F996576 
  62      67E7
  63 005a 0436F0F1 		.ascii	"\0046\360\361\317\316\371\276\357\377\316\314\277\314"
  63      CFCEF9BE 
ARM GAS  C:\Users\Luczia\AppData\Local\Temp\ccjflgtt.s 			page 5


  63      EFFFCECC 
  63      BFCC
  64 0068 9A0441F0 		.ascii	"\232\004A\360\331\004\341\020\375\233M\177\005\243\000"
  64      D904E110 
  64      FD9B4D7F 
  64      05A300
  65 0077 0681FE02 		.ascii	"\006\201\376\002\241H@\244(\002\320\023 T\032\210\010"
  65      A14840A4 
  65      2802D013 
  65      20541A88 
  65      08
  66 0088 95708C7C 		.ascii	"\225p\214|L\300[?\325m\310?-\321\227\347\324\210\371"
  66      4CC05B3F 
  66      D56DC83F 
  66      2DD197E7 
  66      D488F9
  67 009b 885497E8 		.ascii	"\210T\227\350\242\214f\"\260\027|\013\371\002]6\331"
  67      A28C6622 
  67      B0177C0B 
  67      F9025D36 
  67      D9
  68 00ac B1DE6433 		.ascii	"\261\336d3\211\362\373\360\035\230\250\214`\245'\256"
  68      89F2FBF0 
  68      1D98A88C 
  68      60A527AE 
  69 00bc D69E7391 		.ascii	"\326\236s\221\243\304E\000Dz\370d\260\345\266\035\017"
  69      A3C44500 
  69      447AF864 
  69      B0E5B61D 
  69      0F
  70 00cd 0D90490F 		.ascii	"\015\220I\017\237^\250\035\267\223\027\001%\272\346"
  70      9F5EA81D 
  70      B7931701 
  70      25BAE6
  71 00dc EA272CB9 		.ascii	"\352',\271_IR\265\344\351\373\334\324\322\346\251\315"
  71      5F4952B5 
  71      E4E9FBDC 
  71      D4D2E6A9 
  71      CD
  72 00ed 7411029D 		.ascii	"t\021\002\235@\250*\234\207T\370\036Re\327.\310\245"
  72      40A82A9C 
  72      8754F81E 
  72      5265D72E 
  72      C8A5
  73 00ff 8CC6FBDE 		.ascii	"\214\306\373\336\023\341d\017c7\237\350\253\002\205"
  73      13E1640F 
  73      63379FE8 
  73      AB0285
  74 010e 3D9CB141 		.ascii	"=\234\261A\356\326!\273\031\331}\352\31476\362\012#"
  74      EED621BB 
  74      19D97DEA 
  74      CC3736F2 
  74      0A23
  75 0120 9F6B3B36 		.ascii	"\237k;6mT\310Wz\015\375\222\210\334\013:\334\213\214"
  75      6D54C857 
  75      7A0DFD92 
  75      88DC0B3A 
ARM GAS  C:\Users\Luczia\AppData\Local\Temp\ccjflgtt.s 			page 6


  75      DC8B8C
  76 0133 DBEE59DC 		.ascii	"\333\356Y\334C\3662\352\324\243{C\246\020j\217\016\365"
  76      43F632EA 
  76      D4A37B43 
  76      A6106A8F 
  76      0EF5
  77 0145 07461D1D 		.ascii	"\007F\035\035\370\342<!\373\030w\356\303\225\236p\205"
  77      F8E23C21 
  77      FB1877EE 
  77      C3959E70 
  77      85
  78 0156 3BA9F6FC 		.ascii	";\251\366\374\243\016\331\303\310\237\324UO\331\311"
  78      A30ED9C3 
  78      C89FD455 
  78      4FD9C9
  79 0165 6B8CFCEC 		.ascii	"k\214\374\354dG\243\337xF%\367\352\220\275\214\\w\364"
  79      6447A3DF 
  79      784625F7 
  79      EA90BD8C 
  79      5C77F4
  80 0178 C68495EC 		.ascii	"\306\204\225\354g\344q\237{$\264\353\237t\270?3\356"
  80      67E4719F 
  80      7B24B4EB 
  80      9F74B83F 
  80      33EE
  81 018a F2CAD247 		.ascii	"\362\312\322G&\362\026\343\236\274\363e\253\030\302"
  81      26F216E3 
  81      9EBCF365 
  81      AB18C2
  82 0199 BDA4C3ED 		.ascii	"\275\244\303\355c\\\237k\371r$y\233qW;\256\315\023\205"
  82      635C9F6B 
  82      F9722479 
  82      9B71573B 
  82      AECD1385 
  83 01ad EBCDDB68 		.ascii	"\353\315\333h\372\262\016\271\037r\317\016\033=\322"
  83      FAB20EB9 
  83      1F72CF0E 
  83      1B3DD2
  84 01bc BAAF5EF2 		.ascii	"\272\257^\362\214\245w/\214D\277\004\202\213\210\006"
  84      8CA5772F 
  84      8C44BF04 
  84      828B8806 
  85 01cc 0A846025 		.ascii	"\012\204`%be\304\312\204\225\031+\013VV\254\302\020"
  85      6265C4CA 
  85      8495192B 
  85      0B5656AC 
  85      C210
  86 01de C2112210 		.ascii	"\302\021\"\020l\010v\204H\204m\270.\012\253h\254b\260"
  86      6C087684 
  86      48846DB8 
  86      2E0AAB68 
  86      AC62B0
  87 01f1 8AC52A0E 		.ascii	"\212\305*\016\253x\254\022\260JDHBHFHAHEHCH\307u\031"
  87      AB78AC12 
  87      B04A4448 
  87      42484648 
  87      41484548 
ARM GAS  C:\Users\Luczia\AppData\Local\Temp\ccjflgtt.s 			page 7


  88 020a 58656295 		.ascii	"Xeb\225\205\325v\254\262\261\312\301*\017!\037\017w"
  88      85D576AC 
  88      B2B1CAC1 
  88      2A0F211F 
  88      0F77
  89 021c 60B513C1 		.ascii	"`\265\023\301\201P\200P\210P\204P\214P\202 \010\015"
  89      81508050 
  89      88508450 
  89      8C508220 
  89      080D
  90 022e 6CBADE27 		.ascii	"l\272\336't@\311\014T/L/\226\342L\265\020\240{X\373"
  90      7440C90C 
  90      542F4C2F 
  90      96E24CB5 
  90      10A07B58 
  91 0243 E9A5292B 		.ascii	"\351\245)+\216\220\010\322\343\006I\204_\350\226\315"
  91      8E9008D2 
  91      E3064984 
  91      5FE896CD 
  92 0253 80D76D95 		.ascii	"\200\327m\225\327\030p\032\352\274Cfy\015n\373E\357"
  92      D718701A 
  92      EABC4366 
  92      790D6EFB 
  92      45EF
  93 0265 609FA915 		.ascii	"`\237\251\025>\253\242SL7\334H\205\340W\334hzn\254\323"
  93      3EABA253 
  93      4C37DC48 
  93      85E057DC 
  93      687A6EAC 
  94 027a DD6973B6 		.ascii	"\335is\266K\265\340\"&\030\200Vhb\356\360\0338\0054"
  94      4BB5E022 
  94      26188056 
  94      6862EEF0 
  94      1B380534 
  95 028e B7C8B244 		.ascii	"\267\310\262D\361\251Y<\002\362;\242\354u\327=\332e"
  95      F1A9593C 
  95      02F23BA2 
  95      EC75D73D 
  95      DA65
  96 02a0 432F02D2 		.ascii	"C/\002\322\252\317\027\011\203r?#\215l\235\256=\341"
  96      AACF1709 
  96      83723F23 
  96      8D6C9DAE 
  96      3DE1
  97 02b2 D8FFAEDA 		.ascii	"\330\377\256\332\017\201\223Z\004v`\324&\325\3276r\264"
  97      0F81935A 
  97      047660D4 
  97      26D5D736 
  97      72B4
  98 02c4 AFA8DA57 		.ascii	"\257\250\332W\203\243\231\375\321V\375\321,\262\370"
  98      83A399FD 
  98      D156FDD1 
  98      2CB2F8
  99 02d3 07A303C7 		.ascii	"\007\243\003\307E9\232\217\300\360\346\271\314\034\357"
  99      45399A8F 
  99      C0F0E6B9 
  99      CC1CEF
ARM GAS  C:\Users\Luczia\AppData\Local\Temp\ccjflgtt.s 			page 8


 100 02e2 6BAAF708 		.ascii	"k\252\367\010\346\262\004\332[\265\271\362t\265\255"
 100      E6B204DA 
 100      5BB5B9F2 
 100      74B5AD
 101 02f1 A1DA5578 		.ascii	"\241\332Ux\312\004\243\252\372\230\222\254m\231\310"
 101      CA04A3AA 
 101      FA9892AC 
 101      6D99C8
 102 0300 5A615AF1 		.ascii	"ZaZ\361\035\272\342a\234\306\377`\322\354\337\302\237"
 102      1DBAE261 
 102      9CC6FF60 
 102      D2ECDFC2 
 102      9F
 103 0311 C19B16EE 		.ascii	"\301\233\026\356\027\226\337\320U\015\347\250\216\253"
 103      1796DFD0 
 103      550DE7A8 
 103      8EAB
 104 031f AA7F8193 		.ascii	"\252\177\201\223\236\276\331\377\365\031\242l\264\017"
 104      9EBED9FF 
 104      F519A26C 
 104      B40F
 105 032d EFA1EB4C 		.ascii	"\357\241\353L{\303,B\233b\247\256_\004\307\357\206\352"
 105      7BC32C42 
 105      9B62A7AE 
 105      5F04C7EF 
 105      86EA
 106 033f 77333885 		.ascii	"w38\205m\013)l\034\325\011U\365\026Kqv\266{I\231\004"
 106      6D0B296C 
 106      1CD50955 
 106      F5164B71 
 106      76B67B49 
 107 0355 01FE0E4E 		.ascii	"\001\376\016N`\327&p\350z\331\271\027\371\037\325m\322"
 107      60D72670 
 107      E87AD9B9 
 107      17F91FD5 
 107      6DD2
 108 0367 7F915795 		.ascii	"\177\221W\225\213\034\251\025\337\246+\036\311\011r"
 108      8B1CA915 
 108      DFA62B1E 
 108      C90972
 109 0376 9B491B50 		.ascii	"\233I\033P\372N\360\366D\205\014}\264,~|\355Vo\300\005"
 109      FA4EF0F6 
 109      44850C7D 
 109      B42C7E7C 
 109      ED566FC0 
 110 038b B3C3DDCD 		.ascii	"\263\303\335\315\207#\212c?\245\332\337\303\341\210"
 110      87238A63 
 110      3FA5DADF 
 110      C3E188
 111 039a 0EEC2046 		.ascii	"\016\354 F\033-VW;\206\243=\255j\377\033\034-.d\350"
 111      1B2D5657 
 111      3B86A33D 
 111      AD6AFF1B 
 111      1C2D2E64 
 112 03af E365F13E 		.ascii	"\343e\361>\367\362|\204\362yF_\0003\233G\213\343\330"
 112      F7F27C84 
 112      F279465F 
ARM GAS  C:\Users\Luczia\AppData\Local\Temp\ccjflgtt.s 			page 9


 112      00339B47 
 112      8BE3D8
 113 03c2 DF57ED67 		.ascii	"\337W\355g1Z|`\007\011\332h\005\272\332\011\334[\342"
 113      315A7C60 
 113      0709DA68 
 113      05BADA09 
 113      DC5BE2
 114 03d5 81AAFED0 		.ascii	"\201\252\376\320\177K\254)\267D\242V\274PW<\221\323"
 114      7F4BAC29 
 114      B744A256 
 114      BC50573C 
 114      91D3
 115 03e7 F82326CD 		.ascii	"\370#&\315\036\346\036\007\357[\322\026&&\211\243\372"
 115      1EE61E07 
 115      EF5BD216 
 115      262689A3 
 115      FA
 116 03f8 44559D03 		.ascii	"DU\235\003\247v\310\223\265-\027\351\212's\304\347U"
 116      A776C893 
 116      B52D17E9 
 116      8A2773C4 
 116      E755
 117 040a F185E096 		.ascii	"\361\205\340\226S\266\320r\012G\365\251\252\372\037"
 117      53B6D072 
 117      0A47F5A9 
 117      AAFA1F
 118 0419 6D5933D5 		.ascii	"mY3\325\251\332\226\213u\305S\271\227\360\231*\277\350"
 118      A9DA968B 
 118      75C553B9 
 118      97F0992A 
 118      BFE8
 119 042b BF840D46 		.ascii	"\277\204\015FY+M+\236\256+\236\306\351|\211I\213(\275"
 119      592B4D2B 
 119      9EAE2B9E 
 119      C6E97C89 
 119      498B28BD 
 120 043f 1CBC1F19 		.ascii	"\034\274\037\031!S\235I\305\267r\237gp\274VT\257U\274"
 120      21539D49 
 120      C5B7729F 
 120      6770BC56 
 120      54AF55BC 
 121 0453 CF33D9E3 		.ascii	"\3173\331\343\013Q\036_\024\333,m\236\355\272\036Y\034"
 121      0B511E5F 
 121      14DB2C6D 
 121      9EEDBA1E 
 121      591C
 122 0465 8F35E661 		.ascii	"\2175\346aD\217\365\340<\331!yr\250\370V\362ds\274|"
 122      448FF5E0 
 122      3CD92179 
 122      72A8F856 
 122      F26473BC 
 123 047a AA9764A0 		.ascii	"\252\227d\240yrX\03618O\2766O\211\256G>\367\342W\031"
 123      7972581E 
 123      31384FBE 
 123      364F89AE 
 123      473EF7E2 
 124 0490 365CAA0D 		.ascii	"6\\\252\015Na\026jZ\333c\331\227'\272\270\273{\366\272"
ARM GAS  C:\Users\Luczia\AppData\Local\Temp\ccjflgtt.s 			page 10


 124      4E61166A 
 124      5ADB63D9 
 124      9727BAB8 
 124      BB7BF6BA 
 125 04a4 B9724DB2 		.ascii	"\271rM\262\270\210\271\031?\367\241\306PI\037\017-l"
 125      B888B919 
 125      3FF7A1C6 
 125      50491F0F 
 125      2D6C
 126 04b6 5D0F671D 		.ascii	"]\017g\035~\245\253\015X\367\200\263\016\277\364\325"
 126      7EA5AB0D 
 126      58F780B3 
 126      0EBFF4D5 
 127 04c6 29EB1E42 		.ascii	")\353\036Bu\353\351&\266I\354\321\273\001\335\250\320"
 127      75EBE926 
 127      B649ECD1 
 127      BB01DDA8 
 127      D0
 128 04d7 6E87C349 		.ascii	"n\207\303I\177J\017\034|\343`yEAI\201\263\274\302y\340"
 128      7F4A0F1C 
 128      7CE36079 
 128      45414981 
 128      B3BCC279 
 129 04ec F532E7A1 		.ascii	"\3652\347\241\362w\336\255p\356{u\357\256B\031_.:|\030"
 129      F277DEAD 
 129      70EE7B75 
 129      EFAE4219 
 129      5F2E3A7C 
 130 0501 CFEC2F2B 		.ascii	"\317\354/+{\323Q*\030\337+/s<\307\260\200a!\303]\014"
 130      7BD3512A 
 130      18DF2B2F 
 130      733CC7B0 
 130      806121C3 
 131 0517 8B183ECF 		.ascii	"\213\030>\317\260\230\341\013\014w\377\017\232\207\\"
 131      B098E10B 
 131      0C77FF0F 
 131      9A875C
 132 0526 3B       		.ascii	";"
 133              		.text
 134              		.section	.gnu.lto_stm32_clock_init.75cade2c,"",%progbits
 135 0000 789C8D58 		.ascii	"x\234\215XYp\024U\024\355\373zz\326\314L\222I\302\026"
 135      59701455 
 135      14EDFB7A 
 135      7AD6CC4C 
 135      9249C216 
 136 0014 24081110 		.ascii	"$\010\021\020\314\310*a\021\020\312*>\364G?\364\303"
 136      CCC82A61 
 136      1110CA2A 
 136      3EF4473F 
 136      F4C3
 137 0026 B25C3E5C 		.ascii	"\262\\>\\\250\212%\226\345\237\235d\262A\334\003b\014"
 137      A88A2596 
 137      E59F9D64 
 137      B241DC03 
 137      620C
 138 0038 146859A6 		.ascii	"\024hY\246\024\005\025\204 \352\004\010Y\000\021E\024"
 138      14051584 
ARM GAS  C:\Users\Luczia\AppData\Local\Temp\ccjflgtt.s 			page 11


 138      20EA0408 
 138      59001145 
 138      14
 139 0049 50543424 		.ascii	"PT4$\"\002j\024\210@\274\367-\323\231\236\356\012)x"
 139      22026A14 
 139      8840BCF7 
 139      2DD3999E 
 139      EE0A2978 
 140 005d 9CF7FAE5 		.ascii	"\234\367\372\345\236s\227w\3735^M\323\326\3064m!\376"
 140      9E739777 
 140      FB355E4D 
 140      D3D6C634 
 140      6D21FE
 141 0070 5B00380C 		.ascii	"[\0008\014\323\200i\370\027t\034u\206\243\311<8x<`\340"
 141      D38069F8 
 141      17741C75 
 141      86A3C93C 
 141      38783C60 
 142 0085 8AC10C5A 		.ascii	"\212\301\014Z\361\322\212\027|\270\342c>Z\361\323\212"
 142      F1D28A17 
 142      7CB8E263 
 142      3E5AF1D3 
 142      8A
 143 0096 1F02B812 		.ascii	"\037\002\270\022`\001Z\011\322J\020B\270\022b!Z\311"
 143      60015A09 
 143      D24A1042 
 143      B8126221 
 143      5AC9
 144 00a8 A2952C08 		.ascii	"\242\225,\010\343J\230\205i%B+\021\026%\234C8\312\262"
 144      E34A9885 
 144      6925422B 
 144      1116259C 
 144      4338CAB2 
 145 00bc 53381B72 		.ascii	"S8\033rqg\016\037s\001EB\214\305\350i\036=\315\203|"
 145      71670E1F 
 145      73014542 
 145      8CC5E869 
 145      1E3DCD83 
 146 00d1 5CC98702 		.ascii	"\\\311\207\002\034\013\200\244\203\366,\323=\206\327"
 146      1C0B80A4 
 146      83F62CD3 
 146      3D86D7
 147 00e0 E70F0443 		.ascii	"\347\017\004CY\341H4;'7\226\227_\000\317\372\321\015"
 147      59E14834 
 147      3B273796 
 147      975F00CF 
 147      FAD10D
 148 00f3 F16328E0 		.ascii	"\361c(\340S \240@H\201\260\0021\005\352\365\006\035"
 148      5320A040 
 148      4881B002 
 148      3105EAF5 
 148      061D
 149 0105 76D59C6A 		.ascii	"v\325\234ja\223\3366\361'\371j_\260\332\254\032\336"
 149      6193DE36 
 149      F127F96A 
 149      5FB0DAAC 
 149      1ADE
ARM GAS  C:\Users\Luczia\AppData\Local\Temp\ccjflgtt.s 			page 12


 150 0117 8476574B 		.ascii	"\204vWK\333\360\021L\322p\333\311\017\256\256\012{="
 150      DBF0114C 
 150      D270DBC9 
 150      0FAEAE0A 
 150      7B3D
 151 0129 621DB680 		.ascii	"b\035\266\200\027ui\200\017\016%67\351+\365&\035\300"
 151      17756980 
 151      0F0E2536 
 151      37E92BF5 
 151      261DC0
 152 013c 83D33F0F 		.ascii	"\203\323?\0174\376\022\241)\203\"\2346l\270\320\025"
 152      34FE12A1 
 152      2983229C 
 152      366CB8D0 
 152      15
 153 014d D6E70299 		.ascii	"\326\347\002\231\330\277\271\375\316\3427M\263\302L"
 153      D8BFB9FD 
 153      CEE2374D 
 153      B3C24C
 154 015c EE3DEA6D 		.ascii	"\356=\352mlN&\212\232t\035\266\201\216F\341c(\204\255"
 154      6C4E268A 
 154      9A741DB6 
 154      818E46E1 
 154      632884AD 
 155 0170 502848B7 		.ascii	"P(H\267C\361\246\257\214\244yu\240\306L\036\231\374"
 155      43F1A6AF 
 155      8CA47975 
 155      A0C64C1E 
 155      99FC
 156 0182 69DFFEFC 		.ascii	"i\337\376\374{Ak\322=\014\007C'\344\301A7\010y\011\371"
 156      7B416BD2 
 156      3D0C0743 
 156      27E4C141 
 156      37087909 
 157 0197 08F90905 		.ascii	"\010\371\011\005h\010\3224D(\213P\230P\204P\224P6\015"
 157      6808D234 
 157      44288B50 
 157      98508450 
 157      9450360D 
 158 01ab 3934CD25 		.ascii	"94\315%\024#\224G(\237P\001\015\303h:\234\320\010B#"
 158      14239447 
 158      289F5001 
 158      0DC3683A 
 158      9CD00842 
 159 01c0 098D2254 		.ascii	"\011\215\"TH\303h\232^Gh\014\241\"Bc\011]Oh\034\015"
 159      48C3689A 
 159      5E47680C 
 159      A1224263 
 159      095D4F68 
 160 01d6 E3695A4C 		.ascii	"\343iZL\303\0154\235@h\"\241I\344\302\215\204&\3230"
 160      C30D349D 
 160      406822A1 
 160      49E4C28D 
 160      8426D330 
 161 01ea 851EDC44 		.ascii	"\205\036\334D\250\204\2068Mo\306\301;\225\246\323p\360"
 161      A8848638 
 161      4D6FC6C1 
ARM GAS  C:\Users\Luczia\AppData\Local\Temp\ccjflgtt.s 			page 13


 161      3B95A6D3 
 161      70F0
 162 01fc 4D273403 		.ascii	"M'4\003\007\377L\032f\321\226[hm6\241RBs\010\315%4\217"
 162      07FF4C1A 
 162      66D1965B 
 162      686D36A1 
 162      52427308 
 163 0214 86F934BD 		.ascii	"\206\3714\275\225\320\002B\013\011-\"t\033\241\305\204"
 163      95D00242 
 163      0B092D22 
 163      741BA1C5 
 163      84
 164 0225 96105A4A 		.ascii	"\226\020ZJ\350\036B\232V\3133^\247\3439\321OCE_og\033"
 164      E81E429A 
 164      56CB335E 
 164      A7E339D1 
 164      4F43455F 
 165 023c 50A21B75 		.ascii	"P\242\033uJsbm\333\251\000\345\325\003\346\371Z\323"
 165      4A73626D 
 165      DBA900E5 
 165      D503E6F9 
 165      5AD3
 166 024e 032D98AB 		.ascii	"\003-\230\253\323\260\253\257c\"m\302\035\253\253v\035"
 166      D3B0ABAF 
 166      63226DC2 
 166      1DABAB76 
 166      1D
 167 025f F4891D94 		.ascii	"\364\211\035\224\355\235\273\016\354\365\256\207u\345"
 167      ED9DBB0E 
 167      ECF5AE87 
 167      75E5
 168 026d 5858EB47 		.ascii	"XX\353G6\351\001\264\003;(\301\370\360\310\266\035\333"
 168      36E901B4 
 168      033B28C1 
 168      F8F0C8B6 
 168      1DDB
 169 027f C2F1F7CC 		.ascii	"\302\361\367\314D\271\2115\020\204O`=\254\342\374\260"
 169      44B98935 
 169      10844F60 
 169      3DACE2FC 
 169      B0
 170 0290 13E2B861 		.ascii	"\023\342\270a\3337\215]\006\031\013\002U&\300\247\234"
 170      DB378D5D 
 170      06190B02 
 170      5526C0A7 
 170      9C
 171 02a1 AEA2AFF9 		.ascii	"\256\242\257\371\013C\210b\270k\303\225\304\373\\\224"
 171      0B438862 
 171      B86BC395 
 171      C4FB5C94 
 172 02b1 01E64FE5 		.ascii	"\001\346O\345(\3523%j\224]\224\341(*\204v\340s\027Q"
 172      28EA3325 
 172      6A945D94 
 172      E1282A84 
 172      76E07317 
 173 02c6 492E8A1F 		.ascii	"I.\212\037\301V.\252\355\375\376\223\001%\012O\216\224"
 173      C1562EAA 
ARM GAS  C:\Users\Luczia\AppData\Local\Temp\ccjflgtt.s 			page 14


 173      EDFDFE93 
 173      01250A4F 
 173      8E94
 174 02d8 D4FB43B7 		.ascii	"\324\373C\267Wh\322UTv\004\304\202\307\306Y\304\343"
 174      5768D255 
 174      547604C4 
 174      82C7C659 
 174      C4E3
 175 02ea A067C601 		.ascii	"\240g\306\001\310\350nN\310\210p\017\304\271m\277\260"
 175      C8E86E4E 
 175      C888700F 
 175      C4B96DBF 
 175      B0
 176 02fb 6348C395 		.ascii	"cH\303\225\027\253eN\244\361-{\332\253\375$\011\203"
 176      17AB654E 
 176      A4F12D7B 
 176      DAABFD24 
 176      0983
 177 030d 0B6D82FC 		.ascii	"\013m\202\374\360\012\220\336gR\033.\324{-\352v\210"
 177      F00A90DE 
 177      67521B2E 
 177      D47B2DEA 
 177      7688
 178 031f A3795E0A 		.ascii	"\243y^\012\272*\205\023\335>A\353\263{\350w\244\361"
 178      BA2A8513 
 178      DD3E41EB 
 178      B37BE877 
 178      A4F1
 179 0331 B966BAC3 		.ascii	"\271f\272\303\"\352\344>V^\256\356\224)\015\010sm\003"
 179      22EAE43E 
 179      565EAEEE 
 179      94290D08 
 179      736D03
 180 0344 179251E1 		.ascii	"\027\222Q\341\023\203.\264\323\015\211c\273\367K\307"
 180      13832EB4 
 180      D30D8963 
 180      BBF74BC7 
 181 0354 03B863D3 		.ascii	"\003\270c\323\231\226Ka\261C\203}\262i\324\351\036%"
 181      99964B61 
 181      B143837D 
 181      B269D4E9 
 181      1E25
 182 0366 F7CC5B52 		.ascii	"\367\314[Rn\320.7\344(7\350\022\225\375\\,\357x\007"
 182      6ED02E37 
 182      E42837E8 
 182      1295FD5C 
 182      2CEF7807 
 183 037a D21392A5 		.ascii	"\322\023\222\245\022rY%$,\214\177\366o\325\323B\331"
 183      12725925 
 183      242C8C7F 
 183      F66FD5D3 
 183      42D9
 184 038c E5818181 		.ascii	"\345\201\201\201(|1tN\262\\\330\017Z\354_RN\302\334"
 184      287C3174 
 184      4EB25CD8 
 184      0F5AEC5F 
 184      524EC2DC 
ARM GAS  C:\Users\Luczia\AppData\Local\Temp\ccjflgtt.s 			page 15


 185 03a0 494339F9 		.ascii	"IC9\371G\233t2bw2\352H\023q\315\311!\213\350+\225\223"
 185      479B7432 
 185      627732EA 
 185      481371CD 
 185      C9218BE8 
 186 03b7 A33227D9 		.ascii	"\2432'\331\302\334\177\275\015GA\370\225\005_\213\234"
 186      C2DC7FBD 
 186      0D4741F8 
 186      95055F8B 
 186      9C
 187 03c8 1C4FE524 		.ascii	"\034O\345${P\022\274J\337%u*r\354\372r\035\365\345\270"
 187      7B5012BC 
 187      4ADF2575 
 187      2A72ECFA 
 187      721DF5E5 
 188 03dd 84E1B055 		.ascii	"\204\341\260U1\337\244'!\226\221\204<a|SgU\273T{\011"
 188      31DFA427 
 188      21969184 
 188      3C617C53 
 188      6755BB54 
 189 03f3 E0C8D029 		.ascii	"\340\310\320)\210\271p\177kq\177G)\310\023\007\276_"
 189      88B9707F 
 189      6B717F47 
 189      29C81307 
 189      BE5F
 190 0405 75C67CAB 		.ascii	"u\306|\253\015\216v0.\373^\276k\344\217Z\221?\306[L"
 190      0D8E7630 
 190      2EFB5EBE 
 190      6BE48F5A 
 190      913FC65B 
 191 041a AA5F05B1 		.ascii	"\252_\005\261\262\217\253\006\263\262G\206\262\300\036"
 191      B28FAB06 
 191      B3B24786 
 191      B2C01E
 192 0429 CA618EEE 		.ascii	"\312a\216\356\024\270\270\363\275\345\316\017\351\241"
 192      14B8B8F3 
 192      BDE5CE0F 
 192      E9A1
 193 0437 1C9ED160 		.ascii	"\034\236\321`F\010\343=g7\326\373D(Ml\260'\206\216\345"
 193      4608E33D 
 193      6737D6FB 
 193      44284D6C 
 193      B027868E 
 194 044c 7017F21F 		.ascii	"p\027\362\037-\362\237(\226#x\271\370T\271<\327.\313"
 194      2DF29F28 
 194      962378B9 
 194      F854B93C 
 194      D72ECB
 195 045f 79A4DDC7 		.ascii	"y\244\335\307Q\2164#]\203\372\263EtR\225s\213,\347B"
 195      518E3423 
 195      5D83FAB3 
 195      45745295 
 195      738B2CE7 
 196 0474 616EF7BA 		.ascii	"an\367\272u\011\246\274\362\303/\366&S8\250\240\375"
 196      7509A6BC 
 196      F2C32FF6 
 196      265338A8 
ARM GAS  C:\Users\Luczia\AppData\Local\Temp\ccjflgtt.s 			page 16


 196      A0FD
 197 0486 4AE1EB35 		.ascii	"J\341\3535R\341h\273\302\353\034\025\216v\011\304\257"
 197      52E168BB 
 197      C2EB1C15 
 197      8E7609C4 
 197      AF
 198 0497 5C9F87F4 		.ascii	"\\\237\207\364u\247gaLF\026\212\320\370\265\364\365"
 198      75A76761 
 198      4C46168A 
 198      D0F8B5F4 
 198      F5
 199 04a8 312E5CA7 		.ascii	"1.\\\247,\256\036\012z\021w)\240\\jRA\037kw\351zG\232"
 199      2CAE1E0A 
 199      7A117729 
 199      A05C6A52 
 199      411F6B77 
 200 04c0 B1AE41EF 		.ascii	"\261\256A\357\265\210~\263\367\365qh.\263\221\217\033"
 200      B5887EB3 
 200      F7F57168 
 200      2EB3918F 
 200      1B
 201 04d1 14E3A012 		.ascii	"\024\343\240\022\364N\273|:>\363\202\341p\262\306\273"
 201      F44EBB7C 
 201      3A3EF382 
 201      E170B2C6 
 201      BB
 202 04e2 EA39CDF5 		.ascii	"\3529\315\365\320\275\030~\347'+\331\177\356W\371\362"
 202      D0BD187E 
 202      E7272BD9 
 202      7FEE57F9 
 202      F2
 203 04f3 AE6D2E9F 		.ascii	"\256m.\237\003g\324\341\332\250\016W\261=\00678\306"
 203      0367D4E1 
 203      DAA80E57 
 203      B13D0637 
 203      38C6
 204 0505 A0D825D4 		.ascii	"\240\330%\324\177Xew6=\255\0232\322:Q\030?\324\335\177"
 204      7F586577 
 204      363DAD13 
 204      32D23A51 
 204      183FD4DD 
 205 051a 30A0CA10 		.ascii	"0\240\312\020\353\360\334\320\211\236\340\302~\336b"
 205      EBF0DCD0 
 205      899EE0C2 
 205      7EDE62
 206 0529 FF93123D 		.ascii	"\377\223\022=\221\3075\244\342\272]%z\222\272#)'o\314"
 206      91C735A4 
 206      E2BA5D25 
 206      7A92BA23 
 206      29276FCC 
 207 053d A409D136 		.ascii	"\244\011\3216\267[\321_\234\210\356\007\360\267=\321"
 207      B75BD15F 
 207      9C88EE07 
 207      F0B73DD1 
 208 054d 9385B9E3 		.ascii	"\223\205\271\343]\333\017\247z\006@\237=\363\223S\231"
 208      5DDB0FA7 
 208      7A06409F 
ARM GAS  C:\Users\Luczia\AppData\Local\Temp\ccjflgtt.s 			page 17


 208      3DF39353 
 208      99
 209 055e AFC5EBB9 		.ascii	"\257\305\353\271\246\327\321\253M\350\374\256G\352\234"
 209      A6D7D1AB 
 209      4DE8FCAE 
 209      47EA9C
 210 056d 624FC64D 		.ascii	"bO\306M\216\341\230\342Z\000\377X\001\371\327\256\263"
 210      8EE198E2 
 210      5A00FF58 
 210      01F9D7AE 
 210      B3
 211 057e 4498DB37 		.ascii	"D\230\3337P\177\316H\205?\033.\330\205\226\014*\321"
 211      507FCE48 
 211      853F1B2E 
 211      D885960C 
 211      2AD1
 212 0590 889258DF 		.ascii	"\210\222X\337)\237\306\257\251\371\307]\025^\264\232"
 212      299FC6AF 
 212      A9F9C75D 
 212      155EB49A 
 213 05a0 FF255EA2 		.ascii	"\377%^\242\255'\326T\253\373e\363\033{t\350W5z\246S"
 213      AD27D654 
 213      ABFB65F3 
 213      1B7B74E8 
 213      57357AA6 
 214 05b5 86E566DC 		.ascii	"\206\345f\334\266\242\262\365C~\347\363\202\231|\321"
 214      B6A2B2F5 
 214      437EE7F3 
 214      82997CD1 
 215 05c5 8CC07FE9 		.ascii	"\214\300\177\351\221\232:\370=\342\315\270\367\"w\026"
 215      919A3AF8 
 215      3DE2CDB8 
 215      F7227716 
 216 05d5 1A82CB2E 		.ascii	"\032\202\313.\262\256pY\364!\011W1p< 3,\313\207\236"
 216      B2AE7059 
 216      F4210957 
 216      31703C20 
 216      332CCB87 
 217 05ea EF381016 		.ascii	"\3578\020\026\"_\352(7\031\014\244B\024\225!\352\270"
 217      225FEA28 
 217      37190CA4 
 217      42149521 
 217      EAB8
 218 05fc 4F6C9F86 		.ascii	"Ol\237\206\333\313[v6\360\030\373\300<V\211bM\226&v"
 218      DBCB5B76 
 218      36F018FB 
 218      C03C5689 
 218      624D9626 
 219 0611 FA60B13E 		.ascii	"\372`\261>'\261x\261\232\006\345L\210=|\260\255\225"
 219      27B178B1 
 219      9A06E54C 
 219      883D7CB0 
 219      AD95
 220 0623 A1D8062E 		.ascii	"\241\330\006.6\002\025\214\304\372Il%\223b\373<\226"
 220      3602158C 
 220      C4FA496C 
 220      259362FB 
ARM GAS  C:\Users\Luczia\AppData\Local\Temp\ccjflgtt.s 			page 18


 220      3C96
 221 0635 E9E49575 		.ascii	"\351\344\225u[\371\347h\004Z\023\237\327z \301\224\332"
 221      5BF9E768 
 221      045A139F 
 221      D77A20C1 
 221      94DA
 222 0647 ECD445AA 		.ascii	"\354\324E\252S6\200\031\370\013\275\233\333\373\271"
 222      53368019 
 222      F80BBD9B 
 222      DBFBB9
 223 0656 7B7E302F 		.ascii	"{~0/\322wN\025s\373\316\361g~R<\206\237RQ4\004\325\314"
 223      D2774E15 
 223      73FBCEF1 
 223      677E523C 
 223      869F5251 
 224 066e 39B8355C 		.ascii	"9\2705\\/}\234C-\243\234_h\253Y\035\021\341\254bP\307"
 224      2F7D9C43 
 224      2DA39C5F 
 224      68AB591D 
 224      11E1AC62 
 225 0684 D5D5E1B7 		.ascii	"\325\325\341\267\251\320\326|N\206if\246\016'\342\231"
 225      A9D0D67C 
 225      4E866966 
 225      A60E27E2 
 225      99
 226 0695 AEC42B2C 		.ascii	"\256\304+,\342\225\234\370\374\007\337\227I\336\010"
 226      E2959CF8 
 226      FC07DF97 
 226      49DE08
 227 06a4 D44BDE5C 		.ascii	"\324K\336\\\025\223\332we\301\315\262\237\303[\034\317"
 227      1593DA77 
 227      65C1CDB2 
 227      9FC35B1C 
 227      CF
 228 06b5 E12C97B6 		.ascii	"\341,\227\266\364\034K\325\370\363,\255)\316\316h\212"
 228      F41C4BD5 
 228      F8F32CAD 
 228      29CECE68 
 228      8A
 229 06c6 A5689CBF 		.ascii	"\245h\234\277&\206h\201\263]\270^\260\270^d\330\002"
 229      26866881 
 229      B35DB85E 
 229      B0B85E64 
 229      D802
 230 06d8 4BB94B31 		.ascii	"K\271K1\345R\335>\351\322\034\273Ks\035i\346\270\036"
 230      E552DD3E 
 230      E9D21CBB 
 230      4B731D69 
 230      E6B81E
 231 06eb DC972CA2 		.ascii	"\334\227,\242\227\231\355\276<\017\315e^\220\347\241"
 231      9799EDBE 
 231      3C0FCD65 
 231      5E90E7A1 
 232 06fb 95C64FFA 		.ascii	"\225\306O\372\272d\267\361\303+\2512\314S\372\326<."
 232      BA64B7F1 
 232      C32BA932 
 232      CC53FAD6 
ARM GAS  C:\Users\Luczia\AppData\Local\Temp\ccjflgtt.s 			page 19


 232      3C2E
 233 070d F6CEB7CB 		.ascii	"\366\316\267\313\273\325Q\336|\227(4pqA\022\267*=\342"
 233      BBD551DE 
 233      7C972834 
 233      70714112 
 233      B72A3DE2 
 234 0721 0B3222BE 		.ascii	"\0132\"\276\020\215\363\366<D\304\027\270p\255\266\270"
 234      108DF3F6 
 234      3C44C417 
 234      B870ADB6 
 234      B8
 235 0732 5EA5882F 		.ascii	"^\245\210/\344\036\345K\217$\355\"\273?\2679r,r\341"
 235      E41EE54B 
 235      8F24ED22 
 235      BB3FB739 
 235      722C72E1 
 236 0746 58C339E8 		.ascii	"X\3039\350\177\261\340\265t\177\026g\370\263\004\215"
 236      7FB1E0B5 
 236      747F1667 
 236      F8B3048D 
 237 0756 5F8B3F8B 		.ascii	"_\213?\213]\270\032-\256\327\311\237%\334\237\202t\177"
 237      5DB81A2D 
 237      AED7C99F 
 237      25DC9F82 
 237      747F
 238 0768 96DAFDB9 		.ascii	"\226\332\375\271\307\221c\251k\3714Y,k\321\243\263P"
 238      C79163A9 
 238      6BF93459 
 238      2C6BD1A3 
 238      B350
 239 077a B1BE6723 		.ascii	"\261\276g#\027+\337\211\240i\370\336\232]R\022\307?"
 239      172BDF89 
 239      A069F8DE 
 239      9A5D5212 
 239      C73F
 240 078c 0F3DF2E8 		.ascii	"\017=\362\350\203\217\226-\237Z:5^\266<\376\310\003"
 240      838F962D 
 240      9F5A3A35 
 240      5EB63CFE 
 240      C803
 241 079e CBE24F94 		.ascii	"\313\342O\224=\371\324\362\370]w\3371}\232\030o\237"
 241      3DF9D4F2 
 241      F85D77DF 
 241      317D9A18 
 241      6F9F
 242 07b0 F1CC33F4 		.ascii	"\361\3143\364\344\376e\313\036.yH3\236.[VR\372?\324"
 242      E4FE65CB 
 242      1E2E7948 
 242      339E2E5B 
 242      5652FA3F 
 243 07c5 B40F18   		.ascii	"\264\017\030"
 244              		.text
 245              		.section	.gnu.lto_.symbol_nodes.75cade2c,"",%progbits
 246 0000 789C6363 		.ascii	"x\234cc``\250\005b\006\246\223L\365\014\014\023\316"
 246      6060A805 
 246      6206A693 
 246      4CF50C0C 
ARM GAS  C:\Users\Luczia\AppData\Local\Temp\ccjflgtt.s 			page 20


 246      13CE
 247 0012 313000A9 		.ascii	"10\000\251\035\215\007\033\330\200b\247\230\352\031"
 247      1D8D071B 
 247      D88062A7 
 247      98EA19
 248 0021 6162BB1A 		.ascii	"ab\273\032\035\201\"\247\231\352\231PDXO01\264*\001"
 248      1D8122A7 
 248      99EA9950 
 248      44584F30 
 248      31B42A01 
 249 0035 0D603CCB 		.ascii	"\015`<\313T\317\014\226b`hhp\000\012\234a\252gA\026"
 249      54CF0C96 
 249      62606868 
 249      70000A9C 
 249      61AA6741 
 250 004a 60666460 		.ascii	"`fd`X<\357\215<3#+\303a0\315\302\360\030H3\000\000\003"
 250      583CEF8D 
 250      3C33232B 
 250      C36130CD 
 250      C2F01848 
 251 0062 F2202C   		.ascii	"\362 ,"
 252              		.text
 253              		.section	.gnu.lto_.refs.75cade2c,"",%progbits
 254 0000 789C6363 		.ascii	"x\234cc```\004b\006\000\000D\000\010"
 254      60606004 
 254      62060000 
 254      440008
 255              		.text
 256              		.section	.gnu.lto_.decls.75cade2c,"",%progbits
 257 0000 789CCD59 		.ascii	"x\234\315Y\015PT\331\225\356\373n\323M\003\242\205V"
 257      0D5054D9 
 257      95EEFB6E 
 257      D34D03A2 
 257      8556
 258 0012 626DB159 		.ascii	"bm\261Y3!;l\355\006\004\335\214\233Jv\007\033\031\250"
 258      33213B6C 
 258      ED0604DD 
 258      8C9B4A76 
 258      071B19A8 
 259 0026 D50CD5ED 		.ascii	"\325\014\325\355dk&T\021\007\230\014\211\300DpW+\251"
 259      646B2654 
 259      1107980C 
 259      89C04470 
 259      572BA9
 260 0039 DAC79F20 		.ascii	"\332\307\237 \210\"\342\017\"\340\0003\212\374\210Q"
 260      8822E20F 
 260      22E00033 
 260      8AFC8851 
 261 0049 446D9416 		.ascii	"Dm\224\026\220\001TTT\006\024\020\020\030D\005\204A"
 261      90015454 
 261      54061410 
 261      10184405 
 261      8441
 262 005b 145072EE 		.ascii	"\024Pr\356\275\357\321\267\037\315d\222Jm\355+N\277"
 262      BDEFD1B7 
 262      1FCD6492 
 262      4A6DED2B 
ARM GAS  C:\Users\Luczia\AppData\Local\Temp\ccjflgtt.s 			page 21


 262      4EBF
 263 006d 77DEFDDE 		.ascii	"w\336\375\336w\316=\347\334\373\356}hT*\325\306\177"
 263      77CE3DE7 
 263      DCFBEE7D 
 263      68542AD5 
 263      C67F
 264 007f 50A9E2D4 		.ascii	"P\251\342\324*U2R\251f\341\200K\325e\225\345\260\003"
 264      2A553252 
 264      A966E180 
 264      4BD56595 
 264      E5B003
 265 0092 31815C04 		.ascii	"1\201\\\004\251\226\332jA\000\256\272\251\262>\376\007"
 265      A996DA6A 
 265      4100AEBA 
 265      A9B23EFE 
 265      07
 266 00a3 6E6AE1FC 		.ascii	"nj\341\374+\220N\2207AV\302\275\373pn\001\361\200k\014"
 266      2B904E90 
 266      374156C2 
 266      BDFB706E 
 266      01F1806B 
 267 00b8 E75690EF 		.ascii	"\347V\220\357\301u\273\304cR\315?~\017\015:\211\313"
 267      C175BBC4 
 267      6352CD3F 
 267      7E0F0D3A 
 267      89CB
 268 00ca 056419C7 		.ascii	"\005d\031\307Gx\010\237\027\234/\300Y\003\262\030\256"
 268      4778089F 
 268      179C2FC0 
 268      5903B218 
 268      AE
 269 00db BF0FB20C 		.ascii	"\277\017\262\014\304\005\344\237@\334@\324\222\357&"
 269      C405E49F 
 269      40DC40D4 
 269      92EF26
 270 00ea C9EFCB36 		.ascii	"\311\357\3136l\375/\340\226,`\213\364\343?\340\234\002"
 270      6CFD2FE0 
 270      962C608B 
 270      F4E33FE0 
 270      9C02
 271 00fc 92C7D926 		.ascii	"\222\307\331&}\372\031bq[\007\222\003\342\244bvI\377"
 271      7DFA1962 
 271      715B0792 
 271      03E2A462 
 271      7649FF
 272 010f BE0BE71F 		.ascii	"\276\013\347\037\200\374\013\341\226\372\372c8\307\201"
 272      80FC0BE1 
 272      96FAFA63 
 272      38C781
 273 011e 64832C05 		.ascii	"d\203,\005\371G\304\372_m\303\247L\214\2123\036\036"
 273      F947C4FA 
 273      5F6DC3A7 
 273      4C8C8A33 
 273      1E1E
 274 0130 543F409D 		.ascii	"T?@\235\004\202\226 $\241\371\203\350\263\362A\332\031"
 274      04829620 
 274      24A1F983 
ARM GAS  C:\Users\Luczia\AppData\Local\Temp\ccjflgtt.s 			page 22


 274      E8B3F241 
 274      DA19
 275 0142 40407223 		.ascii	"@@r#C)\037\243m\210\211\240\262`-Op\254\334\303\210"
 275      43291FA3 
 275      6D8889A0 
 275      B2602D4F 
 275      70ACDCC3 
 276 0157 1E2AEA0A 		.ascii	"\036*\352\012\357\013\365Lr\017Y\314\2439\214\214\347"
 276      EF0BF54C 
 276      720F59CC 
 276      A3398C8C 
 276      E7
 277 0168 58D1DC43 		.ascii	"X\321\334C\363\275S\261:!A\270\373dW\231S7\352\002\350"
 277      F3BD53B1 
 277      3A2141B8 
 277      FB645799 
 277      5337EA02 
 278 017d FB2A55BA 		.ascii	"\373*U\272}\004\"ws\332\362/\011X\240\327]\245=\243"
 278      7D042277 
 278      73DAF22F 
 278      0958A0D7 
 278      5DA53DA3 
 279 0191 8BF1DFD3 		.ascii	"\213\361\337\323\353\274\232\313m\366\036%\";\354K\261"
 279      EBBC9ACB 
 279      6DF61E25 
 279      223BEC4B 
 279      B1
 280 01a2 0A9D4558 		.ascii	"\012\235EX\016\350\225\331I\363\342T\214\\\034\220\000"
 280      0EE895D9 
 280      49F3E254 
 280      8C5C1C90 
 280      00
 281 01b3 6ACBE8B5 		.ascii	"j\313\350\265\034GP\2279\240%\240\226\354\232\315\264"
 281      1C475097 
 281      39A025A0 
 281      96EC9ACD 
 281      B4
 282 01c4 5B7E803C 		.ascii	"[~\200<\230\036/.\021\320\257\276\203\316#Wt\016\271"
 282      981E2F2E 
 282      11D0AFBE 
 282      83CE2357 
 282      740EB9
 283 01d7 829317D0 		.ascii	"\202\223\027\320r\370\215T3\246\341\301\2766\2477\216"
 283      72F88D54 
 283      33A6E1C1 
 283      BE36A737 
 283      8E
 284 01e8 8A66B368 		.ascii	"\212f\263h\236\314^\323Z\273C\274\011\317\275Mq\250"
 284      9ECC5ED3 
 284      5ABB43BC 
 284      09CFBD4D 
 284      71A8
 285 01fa 02615489 		.ascii	"\002aT\211<H\237+\210ut\006u#t\032=\200N\230\320\033"
 285      3C489F2B 
 285      88757406 
 285      7523741A 
 285      3D804E98 
ARM GAS  C:\Users\Luczia\AppData\Local\Temp\ccjflgtt.s 			page 23


 286 0210 F07C56EE 		.ascii	"\360|V\356\236r\214\017\"\352\364\310\221\324Cj ;\012"
 286      9E728C0F 
 286      22EAF4C8 
 286      91D4436A 
 286      203B0A
 287 0223 64ADB94E 		.ascii	"d\255\271N\207Es\034p\011\224\252\312BU\245\244\272"
 287      8745731C 
 287      700994AA 
 287      CA4255A5 
 287      A4BA
 288 0235 48A9C441 		.ascii	"H\251\304AS\307b\\\310\250f\272\332w\310T-\377l\305"
 288      53C7625C 
 288      C8A866BA 
 288      DA77C854 
 288      2DFF6CC5 
 289 0249 74C9C274 		.ascii	"t\311\302tI\311TM\231R\037O\355A\270\2021\305V\231\352"
 289      49C9544D 
 289      99521F4F 
 289      ED41B882 
 289      31C55699 
 290 025e 34C0D42D 		.ascii	"4\300\324-\212\346\221\223\356\215\345\203b\262\003"
 290      8AE69193 
 290      EE8DE583 
 290      62B203
 291 026d EB9ED9C2 		.ascii	"\353\236\331\302d\226\202\213.S\206\306\257j\2720~\301"
 291      6496828B 
 291      2E5386C6 
 291      AF6ABA30 
 291      7EC1
 292 027f 188AE376 		.ascii	"\030\212\343v\365-\222\030j\033\326\234\250\335a\016"
 292      F52D9218 
 292      6A1BD69C 
 292      A8DD610E 
 293 028f 64043516 		.ascii	"d\0045\026\202\032\231\240\226\022t6\024\025cH\311\233"
 293      821A99A0 
 293      96127436 
 293      14156348 
 293      C99B
 294 02a1 0E8854C9 		.ascii	"\016\210T\311b\270u\362\311\371\227\213\330-\302\332"
 294      62B875F2 
 294      C9F9978B 
 294      D82DC2DA 
 295 02b1 B267AC50 		.ascii	"\262g\254P\213M,\365\267\022\312\217`\226P5\250\317"
 295      8B4D2CF5 
 295      B712CA8F 
 295      60965035 
 295      A8CF
 296 02c3 AE1F7EE8 		.ascii	"\256\037~\350\314\022\272\"\023\013\017\332\247;\234"
 296      CC12BA22 
 296      130B0FDA 
 296      A73B9C
 297 02d2 91837BB2 		.ascii	"\221\203{\262(\306\211G\343E\235\277\0125@B\277\200"
 297      28C68947 
 297      E3459DBF 
 297      0A354042 
 297      BF80
 298 02e4 84A226E4 		.ascii	"\204\242&\344N(\211\033\350\012\334\254\203\233\237"
ARM GAS  C:\Users\Luczia\AppData\Local\Temp\ccjflgtt.s 			page 24


 298      4E28891B 
 298      E80ADCAC 
 298      839B9F
 299 02f3 93DC9B27 		.ascii	"\223\334\233'\333\376=kL\024W\240F\344\200\352-\256"
 299      DBFE3D6B 
 299      4C1457A0 
 299      46E480EA 
 299      2DAE
 300 0305 BEE9C072 		.ascii	"\276\351\300r_T\2707_\203K1\361@0e\367_\021\026\262"
 300      5F54B837 
 300      5F834B31 
 300      F1403065 
 300      F75F1116 
 301 031a 717D611B 		.ascii	"q}a\033\303o\324'\222\314\\\003\033W-6\300\244T\366"
 301      C36FD427 
 301      92CC5C03 
 301      1B572D36 
 301      C0A454F6 
 302 032e 35F7FAB4 		.ascii	"5\367\372\264\320\025\322.~\235v\223\334+/\354\377\001"
 302      D015D22E 
 302      7E9D7693 
 302      DC2B2FEC 
 302      FF01
 303 0340 CE50D39E 		.ascii	"\316P\323\236\357>~\243C\363\303\002\361h\015)\300\237"
 303      EF3E7EA3 
 303      43F3C302 
 303      F1680D29 
 303      C09F
 304 0352 164201A6 		.ascii	"\026B\001\246#\212\276\301\330\346\274P\321;\315\304"
 304      238ABEC1 
 304      D8E6BC50 
 304      D13BCDC4 
 305 0362 9F9BE887 		.ascii	"\237\233\350\207\360\350\315\013\335\375\3168\237\361"
 305      F0E8CD0B 
 305      DDFDCE38 
 305      9FF1
 306 0370 1C6A39B5 		.ascii	"\034j9\265\316\001\234\217\377V\316\303\003\207M_7\331"
 306      CE019C8F 
 306      FF56CEC3 
 306      03874D5F 
 306      37D9
 307 0382 B190DB83 		.ascii	"\261\220\333\203Z9\\\\\271\210\205\334L\232\017\236"
 307      5A395C5C 
 307      B98885DC 
 307      4C9A0F9E 
 308 0392 EF1D75C6 		.ascii	"\357\035u\306\237QruGI\322c\015r[\352\356\226/&\304"
 308      9F517275 
 308      4749D263 
 308      0D725BEA 
 308      EE962F26 
 309 03a7 8BE61B69 		.ascii	"\213\346\033i\370\342\351\302[\261b\341r\324\002\256"
 309      F8E2E9C2 
 309      5BB162E1 
 309      72D402AE 
 310 03b7 DE02C7BE 		.ascii	"\336\002\307\276DK-6=\211\273^\360\243\332K\207!\010"
 310      444B2D36 
 310      3D89BB5E 
ARM GAS  C:\Users\Luczia\AppData\Local\Temp\ccjflgtt.s 			page 25


 310      F0A3DA4B 
 310      872108
 311 03ca 52ABD01D 		.ascii	"R\253\320\035h\277M\273B\320\244sm\340\\+rC\355\310"
 311      68BF4DBB 
 311      42D0A473 
 311      6DE05C2B 
 311      7243EDC8 
 312 03de 8D960F8B 		.ascii	"\215\226\017\213jW6\316\022\305%\004\245\222\"J\016"
 312      6A5736CE 
 312      12C52504 
 312      A592224A 
 312      0E
 313 03ef 66FC7936 		.ascii	"f\374y6.:#\212;5\324\364]\233\246\033\210\021\332\313"
 313      2E3A238A 
 313      3B35D4F4 
 313      5D9BA61B 
 313      8811DACB 
 314 0403 3FD6556B 		.ascii	"?\326Ukq\037\355\206\220f\232.Gh\251\273M\237P\007\270"
 314      711FED86 
 314      90669A2E 
 314      4768A9BB 
 314      4D9F5007 
 315 0418 F2CD6EBD 		.ascii	"\362\315n\275\316\306\361\360\020\272\017\250{\226\\"
 315      CEC6F1F0 
 315      10BA0FA8 
 315      7B965C
 316 0427 132FA9B1 		.ascii	"\023/\251\261\216\266\226&\354\2242WA\024hI_'r\242#"
 316      8EB69626 
 316      EC943257 
 316      41146849 
 316      5F2772A2 
 317 043c 04CE003E 		.ascii	"\004\316\000>;\320X\357\300\342/\"\320\315\365\273\236"
 317      3BD058EF 
 317      C0E22F22 
 317      D0CDF5BB 
 317      9E
 318 044d 223CCAB2 		.ascii	"\"<\312\262\231\334\223t[j|A\364\331\232\311\266E\370"
 318      99DC9374 
 318      5B6A7C41 
 318      F4D99AC9 
 318      B645F8
 319 0460 396BDC3B 		.ascii	"9k\334;:\266OCr-Jf\000e\261\322K*\017\242\200V\3224"
 319      3AB64F43 
 319      722D4A66 
 319      0065B1D2 
 319      4B2A0FA2 
 320 0478 5756148C 		.ascii	"WV\024\214\330\273\244K=~[MK\313\222\207\207\310E~\206"
 320      D8BBA44B 
 320      3D7E5B4D 
 320      4BCB9287 
 320      87C8457E 
 321 048d DA79D45E 		.ascii	"\332y\324^\240cvG\251\251\332\211qG,\332Q\273\035\371"
 321      A0637647 
 321      A9A9DA89 
 321      71472CDA 
 321      51BB1DF9 
 322 04a1 999FA959 		.ascii	"\231\237\251Y\343 \235\273gf\022\3248\2215\306\231\332"
ARM GAS  C:\Users\Luczia\AppData\Local\Temp\ccjflgtt.s 			page 26


 322      E3209DBB 
 322      676612D4 
 322      389135C6 
 322      99DA
 323 04b3 F74A5372 		.ascii	"\367JSr7\035\336q\373\0125x\017k\234\036>6\252\301Y"
 323      371DDE71 
 323      FB0A3578 
 323      0F6B9C1E 
 323      3E36AAC1 
 324 04c8 4CA9ECD9 		.ascii	"L\251\354\331_-\331h#z\355\370\221gN\270\2005&\026\336"
 324      5F2DD968 
 324      237AEDF8 
 324      91674EB8 
 324      80352616 
 325 04dd D9A5C5A5 		.ascii	"\331\245\305\245L\271=\360i\202\023C\322q3~?\255\336"
 325      4CB93DF0 
 325      69821343 
 325      D271337E 
 325      3FADDE
 326 04f0 0957B2C6 		.ascii	"\011W\262\306\272\206\207\267\355\361e\246\244^\251"
 326      BA8687B7 
 326      EDF165A6 
 326      A45EA9
 327 04ff A897E68F 		.ascii	"\250\227\346\217\006:\351\015\226'a|U2(\225\266\213"
 327      063AE90D 
 327      9627617C 
 327      55322895 
 327      B68B
 328 0511 54DACF6E 		.ascii	"T\332\317n\326\246\350\360]\326x}g\306~\001w2\345\370"
 328      D6A6E8F0 
 328      5DD6787D 
 328      67C67E01 
 328      7732E5F8 
 329 0525 C091DD92 		.ascii	"\300\221\335\222\3015$\032\331\2439N\270\237\265U\025"
 329      C135241A 
 329      D9A3394E 
 329      B89FB555 
 329      15
 330 0536 2416D9E3 		.ascii	"$\026\331\343\021\246\230*\253\352\245\301\263\022\324"
 330      11A6982A 
 330      ABEAA5C1 
 330      B312D4
 331 0545 84E6B40E 		.ascii	"\204\346\264\016'<\311\332\312\006\223\314Z<\313\224"
 331      273CC9DA 
 331      CA0693CC 
 331      5A3CCB94 
 332 0555 ECF1CE47 		.ascii	"\354\361\316GRg\335\011\311\365\227%\3168IC\333\344"
 332      5267DD09 
 332      C9F59725 
 332      CE384943 
 332      DBE4
 333 0567 59CE85CE 		.ascii	"Y\316\205\316r\250\352~\205'\336\313\232>\035<\277o"
 333      72A8EA7E 
 333      8527DECB 
 333      9A3E1D3C 
 333      BF6F
 334 0579 313ECC94 		.ascii	"1>\314\224\341\204\376nG\206[\016jO\347W)\316\270\200"
ARM GAS  C:\Users\Luczia\AppData\Local\Temp\ccjflgtt.s 			page 27


 334      E184FE6E 
 334      47865B0E 
 334      6A4FE757 
 334      29CEB880 
 335 058d B5EDA8DE 		.ascii	"\265\355\250\336\177Q\207K\231\"\277\007]\330{\260\256"
 335      7F51874B 
 335      9922BF07 
 335      5DD87BB0 
 335      AE
 336 059e BB0BE1B3 		.ascii	"\273\013\341\263\254\351q\212\271]\300\325L):\237\326"
 336      ACE9718A 
 336      B95DC0D5 
 336      4C293A9F 
 336      D6
 337 05af 63871B98 		.ascii	"c\207\033\230\362\2602\341\271\032_cJ\361L\356M\035"
 337      F2B032E1 
 337      B91A5F63 
 337      4AF14CEE 
 337      4D1D
 338 05c1 BEC59492 		.ascii	"\276\305\224\222\353_tHAM&\025Zr\274s@+M\021d\312(<"
 338      EB5F7448 
 338      414D2615 
 338      5A72BC73 
 338      402B4D11 
 339 05d9 D73D8370 		.ascii	"\327=\203p;\005\2578;\221Y\014S\304\274c)\375u\2274"
 339      3B05AF38 
 339      3B91590C 
 339      53C4BC63 
 339      29FD7597 
 340 05ee 3682BBF2 		.ascii	"6\202\273\362\370\021\014U\217\362\004n\004?Fs\263G"
 340      F8110C55 
 340      8FF2046E 
 340      043F4673 
 340      B347
 341 0600 3E194BE6 		.ascii	">\031K\346\261\034\014o\300\0046\211\306\011\012x\254"
 341      B11C0C6F 
 341      C0043689 
 341      C6090A78 
 341      AC
 342 0611 6019F18C 		.ascii	"`\031\361\214\377\236\214'\364;\224\370\004\201\243"
 342      FF9E8C27 
 342      F43B94F8 
 342      0481A3
 343 0620 27F01A1E 		.ascii	"'\360\032\036\276S\011\367\344\331\311,0\225\207c)\034"
 343      BE5309F7 
 343      E4D9C92C 
 343      30958763 
 343      291C
 344 0632 C60EFA4A 		.ascii	"\306\016\372Jr~n\026\031@J\366\\\216}V\331\327\327H"
 344      727E6E16 
 344      19404AF6 
 344      5C8E7D56 
 344      D9D7D748 
 345 0646 E9FC148F 		.ascii	"\351\374\024\217\377Z\211\037\237\217\347\275\027\225"
 345      FF5A891F 
 345      9F8FE7BD 
 345      1795
ARM GAS  C:\Users\Luczia\AppData\Local\Temp\ccjflgtt.s 			page 28


 346 0654 DEBFB68A 		.ascii	"\336\277\266\212%x_\303{?\246\364\376\231\022\336r\234"
 346      25785FC3 
 346      7B3FA6F4 
 346      FE9912DE 
 346      729C
 347 0666 83F728E1 		.ascii	"\203\367(\341\335\312\316N\035\341\234\271\245t\336"
 347      DDCACE4E 
 347      1DE19CB9 
 347      A574DE
 348 0675 5391D7A1 		.ascii	"S\221\327\241\\.\257\223J\364s\244\214|S.\347\314+\245"
 348      5C2EAF93 
 348      4AF473A4 
 348      8C7C532E 
 348      E7CC2BA5 
 349 0689 33334A67 		.ascii	"33JgZ\370\310$)#s{^$\207x|\274\3552\343\350\357\361"
 349      5AF8C824 
 349      2923737B 
 349      5E248778 
 349      7CBCED32 
 350 06a1 899A527A 		.ascii	"\211\232Rz\377r\036}/\217\177a\273\267|\335\034\347"
 350      FF721E7D 
 350      2F8F7F61 
 350      BBB77CDD 
 350      1CE7
 351 06b3 E0FD4A78 		.ascii	"\340\375Jx\237\005n\3656K\025\\Q\012\365\224\300\311"
 351      9F056EF5 
 351      364B155C 
 351      510AF594 
 351      C0C9
 352 06c5 ABEC33C1 		.ascii	"\253\3543\301\035\035\024\334P:H\001\310a\220= \237"
 352      1D1D14DC 
 352      503A4801 
 352      C861903D 
 352      209F
 353 06d7 826483EC 		.ascii	"\202d\203\354\006\311\004\311\000\311\0029\016r\004"
 353      06C904C9 
 353      00C90239 
 353      0E7204
 354 06e6 2407E410 		.ascii	"$\007\344\020H\021\310>\220\375 GA\212A\322@\362A\012"
 354      4811C83E 
 354      90FD2047 
 354      418A41D2 
 354      40F2410A 
 355 06fa 413E07D9 		.ascii	"A>\007\331\013\222\013R\002r\000\344\004\3101\301\215"
 355      0B920B52 
 355      027200E4 
 355      04C831C1 
 355      8D
 356 070b 7B6937E5 		.ascii	"{i7\345q\275\031U\366fX\331\371^>\025\211\266G\360\\"
 356      71BD1955 
 356      F66658D9 
 356      F95E3E15 
 356      89B647F0 
 357 0720 654025F5 		.ascii	"e@%\365\346q\225\364\304\366\204\302\347\242\211\347"
 357      E67195F4 
 357      C4F684C2 
 357      E7A289E7 
ARM GAS  C:\Users\Luczia\AppData\Local\Temp\ccjflgtt.s 			page 29


 358 0730 4FB65D1A 		.ascii	"O\266]\032\234;C\274\367CJ\372A\013\234\255\023\206"
 358      9C3B43BC 
 358      F7434AFA 
 358      410B9CAD 
 358      1386
 359 0742 8FB0E50B 		.ascii	"\217\260\345\013\240l,_\254&\277G\266\311\254\352\206"
 359      A06C2C5F 
 359      AC26BF47 
 359      B6C9ACEA 
 359      86
 360 0753 2F845D4A 		.ascii	"/\204]J_\273\346\341[\370:\233\266]\227\\\337\306x\370"
 360      5FBBE6E1 
 360      5BF83A9B 
 360      B65D975C 
 360      DFC678F8 
 361 0767 84EDF986 		.ascii	"\204\355\371\206\257z\336\233\007Jx\327\2741\310Gn\304"
 361      AF7ADE9B 
 361      074A78D7 
 361      BC31C847 
 361      6EC4
 362 0779 76DEAD12 		.ascii	"v\336\255\022\303\323\337\265]\365s\213\273\211\222"
 362      C3D3DFB5 
 362      5DF5738B 
 362      BB8992
 363 0788 924E47DC 		.ascii	"\222NG\334G_@B\317\344\371lA\271\270\223\207\003:\011"
 363      475F4042 
 363      CFE4F96C 
 363      41B9B893 
 363      87033A09 
 364 079c A3E0FFCB 		.ascii	"\243\340\377\313\210\220\212\3448[L\226\201W\245\302"
 364      88908AE4 
 364      385B4C96 
 364      8157A5C2 
 365 07ac DC6292D4 		.ascii	"\334b\222\324\014\355\\u\353\265V-\277\230,\023\370"
 365      0CED5C75 
 365      EBB5562D 
 365      BF982C13 
 365      F8
 366 07bd C564B9C0 		.ascii	"\305d\271\300\026\223p&\333\345\231\351,g\036Lvg\026"
 366      16937026 
 366      DBE599E9 
 366      2C671E4C 
 366      766716
 367 07d0 F029097C 		.ascii	"\360)\011|\212\202_\266\354N\264\303\243\354%_\333Y"
 367      8A825FB6 
 367      EC4EB4C3 
 367      A3EC255F 
 367      DB59
 368 07e2 5E6E8F27 		.ascii	"^n\217'\231\"\257I\227Ik\322W}\325\335:\374\2326j\022"
 368      9922AF49 
 368      97496BD2 
 368      577DD5DD 
 368      3AFC9A36 
 369 07f8 C632E2B5 		.ascii	"\3062\342\265\364\015\357\276\224%k\270\335%?^lXI\223"
 369      F40DEFBE 
 369      94256BB8 
 369      DD253F5E 
ARM GAS  C:\Users\Luczia\AppData\Local\Temp\ccjflgtt.s 			page 30


 369      6C584993 
 370 080c 751AFA60 		.ascii	"u\032\372`Zh\266\247\023\332\007\226\314V(\301\363g"
 370      5A68B6A7 
 370      13DA0796 
 370      CC5628C1 
 370      F367
 371 081e E3B1F7AD 		.ascii	"\343\261\367\255\337$\363\271\255\336\202\034\372\217"
 371      DF24F3B9 
 371      ADDE821C 
 371      FA8F
 372 082c B6C9B901 		.ascii	"\266\311\271\001\332\325\356\022Kbo\262\036\240V\245"
 372      DAD5EE12 
 372      4B626FB2 
 372      1EA056A5 
 373 083c 73064A87 		.ascii	"s\006J\207M4&\251n.@\335\234\205<\236\0039\017R)\345"
 373      4D3426A9 
 373      6E2E40DD 
 373      9C853C9E 
 373      03390F52 
 374 0852 93ECBEFA 		.ascii	"\223\354\276\372^u#\234\250\245\225Xv\250\341\204\243"
 374      5E75239C 
 374      A8A59558 
 374      76A8E184 
 374      A3
 375 0863 B212653A 		.ascii	"\262\022e:t\011X\376\034#\363\262\371\236Z\024\355\321"
 375      740958FE 
 375      1C23F3B2 
 375      F99E5A14 
 375      EDD1
 376 0875 45005759 		.ascii	"E\000WY\012\304$\027HU\316l\242\216\317\371E\253\002"
 376      0AC42417 
 376      4855CE6C 
 376      A28ECFF9 
 376      45AB02
 377 0888 A996725E 		.ascii	"\251\226r^Ms\376l&\247RZ\207.#\211}\220\236.-\345\216"
 377      4D73FE6C 
 377      26A7525A 
 377      872E2389 
 377      7D909E2E 
 378 089f 92443F39 		.ascii	"\222D?9\224\032\277x\301-E\215 m)\276`[\307;\235\375"
 378      941ABF78 
 378      C12D458D 
 378      206D29BE 
 378      605BC73B 
 379 08b5 079C947B 		.ascii	"\007\234\224{\212\313\320A3\215W\255\340\"?D\320\025"
 379      8ACBD041 
 379      338D57AD 
 379      E0223F44 
 379      D015
 380 08c7 2D5F3ED7 		.ascii	"-_>\327\341L\032\033\324~ \345\211\235\274OM\3766\373"
 380      E14C1A1B 
 380      D47E20E5 
 380      899DBC4F 
 380      4DFE36FB 
 381 08db D4C28153 		.ascii	"\324\302\201S#:\336\330\025\341\033\214\231\352[\032"
 381      233ADED8 
 381      15E11B8C 
ARM GAS  C:\Users\Luczia\AppData\Local\Temp\ccjflgtt.s 			page 31


 381      99EA5B1A 
 382 08eb 11CE62C6 		.ascii	"\021\316b\306j\306\312\217I\313y\014jwz\355\354\302"
 382      6AC6CA8F 
 382      49CB790C 
 382      6A777AED 
 382      ECC2
 383 08fd 9D6C943B 		.ascii	"\235l\224;\331 P\273\023\351\345~\312>Zj\242\211\232"
 383      D92050BB 
 383      13E9E57E 
 383      CA3E5A6A 
 383      A2899A
 384 0910 6D94CD66 		.ascii	"m\224\315f\345\014\225\011J'\027D\017\274>\335\244\305"
 384      E50C9509 
 384      4A271744 
 384      0FBC3EDD 
 384      A4C5
 385 0922 B9CCC97D 		.ascii	"\271\314\311}\031/\232\354q>S\306\213G?\323\340\317"
 385      192F9AEC 
 385      713E53C6 
 385      8B473FD3 
 385      E0CF
 386 0934 99628A2D 		.ascii	"\231b\212-\274\213\225\244\013n\335\016\275\374th\021"
 386      BC8B95A4 
 386      0B6EDD0E 
 386      BDFC7468 
 386      11
 387 0945 3EC11E7D 		.ascii	">\301\036}:<s\322\031\237dJq\311\345fG|\206)3\351y\247"
 387      3A3C73D2 
 387      199F644A 
 387      71C9E566 
 387      477C8629 
 388 095d 75F88214 		.ascii	"u\370\202\024\240\202\334\014\035\256f\312lzr\226\026"
 388      A082DC0C 
 388      1DAE66CA 
 388      6C7A7296 
 388      16
 389 096e D73125B3 		.ascii	"\3271%\2639\263\300\02172ez0\263\035\2618:q[\275e\322"
 389      39B3C011 
 389      3732657A 
 389      30B31DB1 
 389      383A715B 
 390 0985 56AFECF9 		.ascii	"V\257\354\371\356\203\216\370\006\303~\331\236p^\302"
 390      EE838EF8 
 390      06C37ED9 
 390      9E705EC2 
 391 0995 3A821A5F 		.ascii	":\202\032_r\351\254\335\2021\277/\307\374\036\213\371"
 391      72E9ACDD 
 391      8231BF2F 
 391      C7FC1E8B 
 391      F9
 392 09a6 C9C4BE22 		.ascii	"\311\304\276\"{x\330\225\254\224\271OF\256\354\223\321"
 392      7B78D895 
 392      AC94B94F 
 392      46AEEC93 
 392      D1
 393 09b7 19F378A9 		.ascii	"\031\363x\251\032\337f\243\354Ti\337o\220\273\203\374"
 393      1ADF66A3 
ARM GAS  C:\Users\Luczia\AppData\Local\Temp\ccjflgtt.s 			page 32


 393      EC5469DF 
 393      6F90BB83 
 393      FC
 394 09c8 A9C72331 		.ascii	"\251\307#1\211|\206\351\206\020uY\006\213+\011\016\375"
 394      897C86E9 
 394      86107559 
 394      068B2B09 
 394      0EFD
 395 09da A4231688 		.ascii	"\244#\026\210x\271\012\255\242\373b\364\000\006\236"
 395      78B90AAD 
 395      A2FB62F4 
 395      00069E
 396 09e9 AB546B9D 		.ascii	"\253Tk\235\220\246\016f\277(\357x\335\"\334\311\014"
 396      90A60E66 
 396      BF28EF78 
 396      DD22DCC9 
 396      0C
 397 09fa 74958E34 		.ascii	"t\225\2164c\213\205\3417N\323\017=\017\301B\217\305"
 397      638B85E1 
 397      374ED30F 
 397      3D0FC142 
 397      8FC5
 398 0a0c 42B7B080 		.ascii	"B\267\260\200\211^\333&\322\312\012\2535\226\244\"\312"
 398      895EDB26 
 398      D2CA0AAB 
 398      3596A422 
 398      CA
 399 0a1d D706ED5F 		.ascii	"\327\006\355_\322J\351\243\225r_\256\224\270\272\235"
 399      D24AE9A3 
 399      95725FAE 
 399      94B8BA9D 
 400 0a2d 8F111B2E 		.ascii	"\217\021\033.\337\212\275y \365\206#\317\336\377M\354"
 400      DF8ABD79 
 400      20F58623 
 400      CFDEFF4D 
 400      EC
 401 0a3e 175B3ADE 		.ascii	"\027[:\336\306\375,o\023\315\035\260\274\177\304\224"
 401      C6FD2C6F 
 401      13CD1DB0 
 401      BC7FC494 
 402 0a4e 84AB8DC7 		.ascii	"\204\253\215\307\264\370)S\236\024]o\320\340q\246\364"
 402      B4F82953 
 402      9E145D6F 
 402      D0E071A6 
 402      F4
 403 0a5f 0D4C9DC3 		.ascii	"\015L\235\303\370\005S>\177\222\237\246\303\257\244"
 403      F805533E 
 403      7F929FA6 
 403      C3AFA4
 404 0a6e 67FA869B 		.ascii	"g\372\206\233\245\315\347.\222\273\351\321\263w\344"
 404      A5CDE72E 
 404      92BBE9D1 
 404      B377E4
 405 0a7d 2A21BBC5 		.ascii	"*!\273\305\241\211\376Y{\034oO\300\337=\325r\355\250"
 405      A189FE59 
 405      7B1C6F4F 
 405      C0DF3DD5 
ARM GAS  C:\Users\Luczia\AppData\Local\Temp\ccjflgtt.s 			page 33


 405      72EDA8
 406 0a90 0ECD6D0F 		.ascii	"\016\315m\017\335\024\233\304LX\346\337\330i\227}\243"
 406      DD149BC4 
 406      4C58E6DF 
 406      D869977D 
 406      A3
 407 0aa1 09CAA606 		.ascii	"\011\312\246\006\241\253\202\013\372\002b>\0163\334"
 407      A1AB820B 
 407      FA02623E 
 407      0E33DC
 408 0ab0 DC446ABD 		.ascii	"\334Dj\275h\204'j\266\301O,\014/@\267Kh\271\357\326"
 408      6884276A 
 408      B6C14F2C 
 408      0C2F40B7 
 408      4B68B9EF 
 409 0ac5 CBF74CB2 		.ascii	"\313\367L\2622\331\316\336\030dP]\223\320ss\3213\356"
 409      32D9CEDE 
 409      1864505D 
 409      93D07373 
 409      D133EE
 410 0ad8 7564358D 		.ascii	"ud5\215\017\003\337SJ5.\315\341\263\220\2118\354\206"
 410      0F03DF53 
 410      4A352ECD 
 410      E1B39089 
 410      38EC86
 411 0aeb 9EC3FC2D 		.ascii	"\236\303\374-\3029\021\344\005\\\277\004y\006\022\013"
 411      C23911E4 
 411      055CBF04 
 411      7906120B 
 412 0afb 7A3CC80C 		.ascii	"z<\310\014\\\277\006y\005\3625H\002\334\333\0012\011"
 412      5CBF0679 
 412      05F23548 
 412      02DCDB01 
 412      3209
 413 0b0d D76320A3 		.ascii	"\327c \243 \023 \323 SVk\347\261m\334\233P\351\251\325"
 413      201320D3 
 413      2053566B 
 413      E7B16DDC 
 413      9B50E9A9 
 414 0b22 BE81C4AD 		.ascii	"\276\201\304\255w;\333#\325C\024\352$\264<]\362KUi9"
 414      773BDB23 
 414      D54314EA 
 414      24B43C5D 
 414      F24B5569 
 415 0b37 1765E17E 		.ascii	"\027e\341~\254\344\266z\313\222\2305q1\273n;f\374\312"
 415      ACE4B67A 
 415      CB929835 
 415      7131BB6E 
 415      3B66FCCA 
 416 0b4b 92E31E54 		.ascii	"\222\343\036T\242\347\355\302\2478\364W\266\321V\313"
 416      A2E7EDC2 
 416      A738F457 
 416      B6D156CB 
 417 0b5b 83EDDCBA 		.ascii	"\203\355\334\272R\011O\341\311\311\350\035\222\202\002"
 417      52094FE1 
 417      C9C9E81D 
 417      928202
ARM GAS  C:\Users\Luczia\AppData\Local\Temp\ccjflgtt.s 			page 34


 418 0b6a 6F0BFA01 		.ascii	"o\013\372\001\301*(}\363\326\036\367\270\210\337Q\222"
 418      C12A287D 
 418      F3D61EF7 
 418      B888DF51 
 418      92
 419 0b7b CFCCDF38 		.ascii	"\317\314\3378r\360\026%\334\306F\220\203\337\266\015"
 419      72F01625 
 419      DCC64690 
 419      83DFB60D 
 420 0b8b E7D62AF5 		.ascii	"\347\326*\365#l\2552nk310\262\314\262\002\033Rr\315"
 420      236CAD32 
 420      6E6B3331 
 420      30B2CCB2 
 420      021B5272 
 421 0ba0 DBC73471 		.ascii	"\333\3074q\226[\225h\353O\021t\210DY\322\375\304fq\360"
 421      965B9568 
 421      EB4F1174 
 421      884459D2 
 421      FDC46671 
 422 0bb5 2B7D8EFB 		.ascii	"+}\216\373\256\355\230\361\331\346\3207m\327\264U\204"
 422      AEED98F1 
 422      D9E6D037 
 422      6DD7B455 
 422      84
 423 0bc6 B9E27864 		.ascii	"\271\342xd\273\233s\216\223\231@J\367\015Hw\263\004"
 423      BB9B738E 
 423      9399404A 
 423      F70D4877 
 423      B304
 424 0bd8 9FFB4EC0 		.ascii	"\237\373N\300mi\310\214\371`\177\263\032_\245\323\222"
 424      6D69C88C 
 424      F9607FB3 
 424      1A5FA5D3 
 424      92
 425 0be9 D0F9E84C 		.ascii	"\320\371\350L\352\274\225\233<\344\321N\354\376\177"
 425      EABC959B 
 425      3CE4D14E 
 425      ECFE7F
 426 0bf8 32EAA58F 		.ascii	"2\352\245\217\315/5d\365\227\214\227\242$<\367\272\031"
 426      CD2F3564 
 426      F5978C97 
 426      A2243CF7 
 426      BA19
 427 0c0a 97577F05 		.ascii	"\227W\177\005\003\275\265j~\365G\200\2267k\012f\253"
 427      03BDB56A 
 427      7EF54780 
 427      96376B0A 
 427      66AB
 428 0c1c 3F3803B8 		.ascii	"?8\003\270\365iN\206\035\276C;\211\306\016\327?v\300"
 428      F5694E86 
 428      1DBE433B 
 428      89C60ED7 
 428      3F76C0
 429 0c2f F798925D 		.ascii	"\367\230\222]v\"\001\343N\246tT\305\3269\343~\246\364"
 429      762201E3 
 429      4EA67454 
 429      C5D639E3 
ARM GAS  C:\Users\Luczia\AppData\Local\Temp\ccjflgtt.s 			page 35


 429      7EA6F4
 430 0c42 E4C5F5D9 		.ascii	"\344\305\365\331\341!\246\234\273\370\324\233\315\355"
 430      E121A69C 
 430      BBF8D49B 
 430      CDED
 431 0c50 AEA05DE8 		.ascii	"\256\240]\350|f\226\376\337\326M\246\372\274\307\203"
 431      7C6696FE 
 431      DFD64DA6 
 431      FABCC783 
 432 0c60 DD8E7898 		.ascii	"\335\216x\230Bu\265\235w*\220<\265s\3770h8\231\222F"
 432      4275B59D 
 432      772A903C 
 432      B573FF30 
 432      68389992 
 433 0c75 277392C3 		.ascii	"'s\222\303T\350\321\001\374\215\003|\352\367\326\353"
 433      54E8D101 
 433      FC8D037C 
 433      EAF7D6EB 
 434 0c85 7F1B707E 		.ascii	"\177\033p~\207\316\241\323\224\344\3348\260\312\354"
 434      87CEA1D3 
 434      94E4DC38 
 434      B0CAEC
 435 0c94 5EEC8AD2 		.ascii	"^\354\212\3221i#p\222\326\303\220\342lHO\026\310~\220"
 435      31692370 
 435      92D6C390 
 435      E26C484F 
 435      16C87E90 
 436 0ca8 83209920 		.ascii	"\203 \231 \373@\016a\253I\2313\270\313\266A\253}\355"
 436      FB400E61 
 436      AB499933 
 436      B8CBB641 
 436      AB7DED
 437 0cbb 1F2CF00C 		.ascii	"\037,\360\014%|\336\247\245^\216|\267\022\315\315\312"
 437      257CDEA7 
 437      A55E8E7C 
 437      B712CDCD 
 437      CA
 438 0ccc D23E619A 		.ascii	"\322>a\232\315\020\200\232?CtMs{\264=6\271\344\241\260"
 438      CD10809A 
 438      3F43744D 
 438      737BB43D 
 438      36B9E4A1 
 439 0ce1 A35D6C73 		.ascii	"\243]ls\304\023l(4\224'U\351\224CA\016\030\312\2058"
 439      C4136C28 
 439      34942755 
 439      E9944341 
 439      0E18CA85 
 440 0cf6 FD253163 		.ascii	"\375%1c\216\266\316\320\222\316\201\007\217XJ\232\270"
 440      8EB6CED0 
 440      92CE8107 
 440      8F584A9A 
 440      B8
 441 0d07 4DEDEF3F 		.ascii	"M\355\357?V\330\356\310\227t\216UI\347I%M\316\177\367"
 441      56D8EEC8 
 441      97748E55 
 441      49E74925 
 441      4DCE7FF7 
ARM GAS  C:\Users\Luczia\AppData\Local\Temp\ccjflgtt.s 			page 36


 442 0d1b F1A6CDC1 		.ascii	"\361\246\315\301\2337\207\006\177\270)\344\267[?\011"
 442      9B378706 
 442      7FB829E4 
 442      B75B3F09 
 443 0d2b 0E8D8AD8 		.ascii	"\016\215\212\330\024\036\031\034\036\031\036\363\226"
 443      141E191C 
 443      1E191EF3 
 443      96
 444 0d38 878727FC 		.ascii	"\207\207'\374\205|\034\376axT\264\327\277yyFE{\002\334"
 444      857C1CFE 
 444      617854B4 
 444      D7BF7979 
 444      46457B02 
 445 0d4d F393A82D 		.ascii	"\363\223\250-1\321\236\306\215\033Vy\263_\277\325\333"
 445      31D19EC6 
 445      8D1B5679 
 445      B35FBFD5 
 445      DB
 446 0d5e B6794A44 		.ascii	"\266yJD\036!\366\357\374\374\275\025z//\325\232\277"
 446      1E21F6EF 
 446      FCFCBD15 
 446      7A2F2FD5 
 446      9ABF
 447 0d70 9240E524 		.ascii	"\222@\345$;E\334X\022\035\023\261\312;8dsT\310o\351"
 447      3B45DC58 
 447      121D13B1 
 447      CA3B3864 
 447      7354C86F 
 448 0d85 0D6DF896 		.ascii	"\015m\370\226\337\005\300\371'\177\031=\243\011\217"
 448      DF05C0F9 
 448      277F193D 
 448      A3098F
 449 0d94 DEE2F1B1 		.ascii	"\336\342\361\261J\033\032\261\351[S\254_\357\353\351"
 449      4A1B1AB1 
 449      E95B53AC 
 449      5FEFEBE9 
 450 0da4 BBC1E7BF 		.ascii	"\273\301\347\277\275%\012x\026(\034\202\203\267\206"
 450      BD250A78 
 450      16281C82 
 450      83B786
 451 0db3 47C6801E 		.ascii	"G\306\200\036\363Q\310O\202(Et\314\326\320\360\250\240"
 451      F351C84F 
 451      82284574 
 451      CCD6D0F0 
 451      A8A0
 452 0dc5 98A8A8CD 		.ascii	"\230\250\250\315\321A\277\216\334\272\202^\255\330\264"
 452      D141BF8E 
 452      DCBA825E 
 452      ADD8B4
 453 0dd4 25624558 		.ascii	"%bEX\304\207a\241\241a\241Aoy\254\\\341\275\322\353"
 453      C48761A1 
 453      A161A141 
 453      6F79AC5C 
 453      E1BDD2EB 
 454 0de8 ADDFAD0E 		.ascii	"\255\337\255\016\202\373?\212\214\212\014\373Q\330\246"
 454      82FB3F8A 
 454      8C8A0CFB 
ARM GAS  C:\Users\Luczia\AppData\Local\Temp\ccjflgtt.s 			page 37


 454      51D8A6
 455 0df7 0FC383C2 		.ascii	"\017\303\203\302#C6o\015\015\013\212\330\004\\\221a"
 455      2343366F 
 455      0D0D0B8A 
 455      D8045C91 
 455      61
 456 0e08 41C1A161 		.ascii	"A\301\241a\037m\332\2729&8f\373'a\321`\321^\266\367"
 456      1F6DDABA 
 456      39263866 
 456      FB2761D1 
 456      60D15EB6 
 457 0e1d CBBFA9BD 		.ascii	"\313\277\251\275\350\355\321A\301\3211\241@\016F\026"
 457      E8EDD141 
 457      C1D131A1 
 457      400E4616 
 458 0e2d 1BB747C7 		.ascii	"\033\267G\307\204E\350\243\266\204\351I\304\005\275"
 458      8445E8A3 
 458      B684E949 
 458      C405BD
 459 0e3c 01EB8D06 		.ascii	"\001\353\215\006\233\201\012\211\212\210\210\212\364"
 459      9B810A89 
 459      8A88888A 
 459      F4
 460 0e49 0CDB1603 		.ascii	"\014\333\026\003\221RF\372\243\325+\337\332\266\015"
 460      915246FA 
 460      A3D52BDF 
 460      DAB60D
 461 0e58 181D03FF 		.ascii	"\030\035\003\377\313\020\274\021\372\340\033\366\221"
 461      CB10BC11 
 461      FAE01BF6 
 461      91
 462 0e65 9DD1A87F 		.ascii	"\235\321\250\177\307\2403\2543\2563\374b\235\357\217"
 462      C7A033AC 
 462      33AE33FC 
 462      629DEF8F 
 463 0e75 D56B7DF5 		.ascii	"\325k}\365\026\365_u>\201k\275\327\007\256\373\271\201"
 463      16F55F75 
 463      3E816BBD 
 463      D707AEFB 
 463      B981
 464 0e87 5C79B12B 		.ascii	"\\y\261+\271u\265\316\307\177\355*\251\325\177\016\347"
 464      B975B5CE 
 464      C77FED2A 
 464      A9D57F0E 
 464      E7
 465 0e98 AFC4ADD2 		.ascii	"\257\304\255\322\022\026\270C\316^|\213\267\2260\320"
 465      1216B843 
 465      CE5E7C8B 
 465      B79630D0 
 466 0ea8 167F09E1 		.ascii	"\026\177\011\341o\215\360\262'\317\032\214\033\015\344"
 466      6F8DF0B2 
 466      27CF1A8C 
 466      1B0DE4
 467 0eb7 C28B5CCC 		.ascii	"\302\213\\\314\265\255\264'O\2636\177\031\344\317@X"
 467      B5ADB427 
 467      4FB3367F 
 467      19E4CF40 
ARM GAS  C:\Users\Luczia\AppData\Local\Temp\ccjflgtt.s 			page 38


 467      58
 468 0ec8 1F6050EB 		.ascii	"\037`P\353\375\3361h\003\327\257'g\0078\007x\033\311"
 468      FDDE3168 
 468      03D7AF27 
 468      67073807 
 468      781BC9
 469 0edb A5A341AF 		.ascii	"\245\243A\257\227\373\257!\254~\037h\002|\365\357\372"
 469      97FBAF21 
 469      AC7E1F68 
 469      027CF5EF 
 469      FA
 470 0eec AE239AB7 		.ascii	"\256#\232\267\337\007\316\276k\337\331\240\177O\306"
 470      DF07CEBE 
 470      6BDFD9A0 
 470      7F4FC6
 471 0efb A8038C3E 		.ascii	"\250\003\214>\006\365\206\015~\006\354\343k\300\276"
 471      06F5860D 
 471      7E06ECE3 
 471      6BC0BE
 472 0f0a 700EF433 		.ascii	"p\016\3643\250}\374\214\006\365Z?\037\203\0354\001\300"
 472      A87DFC8C 
 472      06F55A3F 
 472      1F831D34 
 472      01C0
 473 0f1c 97E8FEE4 		.ascii	"\227\350\376\344G\017?vF\177\310\0226\372\007\352X]"
 473      470F3F76 
 473      467FC812 
 473      36FA07EA 
 473      585D
 474 0f2e AE098ED1 		.ascii	"\256\011\216\321Jg\254\207\034\032\365\006;\237\000"
 474      4A67AC87 
 474      1C1AF506 
 474      3B9F00
 475 0f3d 83DEA0FE 		.ascii	"\203\336\240\376\305\306w\015\352\000@\333\351\003\337"
 475      C5C6770D 
 475      EA0040DB 
 475      E903DF
 476 0f4c 0BF0855F 		.ascii	"\013\360\205_\037\275\301\347\317\344\327\307\260\301"
 476      1FBDC1E7 
 476      CFE4D7C7 
 476      B0C1
 477 0f5a 53BFC118 		.ascii	"S\277\301\030`\364$\225\341\031\300j\007\020[\302\202"
 477      60F42495 
 477      E119C06A 
 477      07105BC2 
 477      82
 478 0f6b 43225693 		.ascii	"C\"V\223\3524\352\327\322.\330\275\033\270Qo\020\214"
 478      EA34EAD7 
 478      D22ED8BD 
 478      1BB8516F 
 478      108C
 479 0f7d 062D5CFC 		.ascii	"\006-\\\374\347\272\367\015j\362\203\301\210\206\266"
 479      E7BAF70D 
 479      6AF283C1 
 479      8886B6
 480 0f8c 782DF25B 		.ascii	"x-\362[\357c\364\227\273\373'D\3359\326"
 480      EF63F497 
ARM GAS  C:\Users\Luczia\AppData\Local\Temp\ccjflgtt.s 			page 39


 480      BBFB2744 
 480      DD39D6
 481              		.text
 482              		.section	.gnu.lto_.symtab.75cade2c,"",%progbits
 483 0000 68616C5F 		.ascii	"hal_lld_init\000"
 483      6C6C645F 
 483      696E6974 
 483      00
 484 000d 00       		.ascii	"\000"
 485 000e 00       		.ascii	"\000"
 486 000f 00       		.ascii	"\000"
 487 0010 00000000 		.ascii	"\000\000\000\000\000\000\000\000"
 487      00000000 
 488 0018 BD000000 		.ascii	"\275\000\000\000"
 489 001c 73746D33 		.ascii	"stm32_clock_init\000"
 489      325F636C 
 489      6F636B5F 
 489      696E6974 
 489      00
 490 002d 00       		.ascii	"\000"
 491 002e 00       		.ascii	"\000"
 492 002f 00       		.ascii	"\000"
 493 0030 00000000 		.ascii	"\000\000\000\000\000\000\000\000"
 493      00000000 
 494 0038 BF000000 		.ascii	"\277\000\000\000"
 495 003c 53797374 		.ascii	"SystemCoreClock\000"
 495      656D436F 
 495      7265436C 
 495      6F636B00 
 496 004c 00       		.ascii	"\000"
 497 004d 00       		.ascii	"\000"
 498 004e 00       		.ascii	"\000"
 499 004f 00000000 		.ascii	"\000\000\000\000\000\000\000\000"
 499      00000000 
 500 0057 D0000000 		.ascii	"\320\000\000\000"
 501 005b 69727149 		.ascii	"irqInit\000"
 501      6E697400 
 502 0063 00       		.ascii	"\000"
 503 0064 02       		.ascii	"\002"
 504 0065 00       		.ascii	"\000"
 505 0066 00000000 		.ascii	"\000\000\000\000\000\000\000\000"
 505      00000000 
 506 006e C1000000 		.ascii	"\301\000\000\000"
 507 0072 646D6149 		.ascii	"dmaInit\000"
 507      6E697400 
 508 007a 00       		.ascii	"\000"
 509 007b 02       		.ascii	"\002"
 510 007c 00       		.ascii	"\000"
 511 007d 00000000 		.ascii	"\000\000\000\000\000\000\000\000"
 511      00000000 
 512 0085 C3000000 		.ascii	"\303\000\000\000"
 513              		.text
 514              		.section	.gnu.lto_.opts,"",%progbits
 515 0000 272D666D 		.ascii	"'-fmath-errno' '-fsigned-zeros' '-ftrapping-math' '"
 515      6174682D 
 515      6572726E 
 515      6F272027 
ARM GAS  C:\Users\Luczia\AppData\Local\Temp\ccjflgtt.s 			page 40


 515      2D667369 
 516 0033 2D666E6F 		.ascii	"-fno-trapv' '-fno-strict-overflow' '-fno-openmp' '-"
 516      2D747261 
 516      70762720 
 516      272D666E 
 516      6F2D7374 
 517 0066 666E6F2D 		.ascii	"fno-openacc' '-mcpu=cortex-m4' '-mthumb' '-O0' '-fo"
 517      6F70656E 
 517      61636327 
 517      20272D6D 
 517      6370753D 
 518 0099 6D69742D 		.ascii	"mit-frame-pointer' '-falign-functions=16' '-ffuncti"
 518      6672616D 
 518      652D706F 
 518      696E7465 
 518      72272027 
 519 00cc 6F6E2D73 		.ascii	"on-sections' '-fdata-sections' '-fno-common' '-flto"
 519      65637469 
 519      6F6E7327 
 519      20272D66 
 519      64617461 
 520 00ff 2700     		.ascii	"'\000"
 521              		.text
 522              		.comm	__gnu_lto_v1,1,1
 523              		.comm	__gnu_lto_slim,1,1
 524              		.ident	"GCC: (GNU Tools for Arm Embedded Processors 7-2017-q4-major) 7.2.1 20170904 (release) [ARM
ARM GAS  C:\Users\Luczia\AppData\Local\Temp\ccjflgtt.s 			page 41


DEFINED SYMBOLS
                            *ABS*:00000000 hal_lld.c
                            *COM*:00000001 __gnu_lto_v1
                            *COM*:00000001 __gnu_lto_slim

NO UNDEFINED SYMBOLS
