ARM GAS  C:\Users\Luczia\AppData\Local\Temp\ccmfNqkd.s 			page 1


   1              		.cpu cortex-m4
   2              		.eabi_attribute 20, 1
   3              		.eabi_attribute 21, 1
   4              		.eabi_attribute 23, 3
   5              		.eabi_attribute 24, 1
   6              		.eabi_attribute 25, 1
   7              		.eabi_attribute 26, 1
   8              		.eabi_attribute 30, 6
   9              		.eabi_attribute 34, 1
  10              		.eabi_attribute 18, 4
  11              		.file	"hal_pal.c"
  12              		.section	.gnu.lto_.inline.4cdbc5bd,"",%progbits
  13 0000 789C6363 		.ascii	"x\234cc``\210`@\000f\006\006\001\011\006\006&\211\011"
  13      60608860 
  13      40006606 
  13      06010906 
  13      06268909 
  14 0014 A7191958 		.ascii	"\247\031\031X\030\230@bL\334\014\014\214@\246\270<\220"
  14      18984062 
  14      4CDC0C0C 
  14      8C40A6B8 
  14      3C90
  15 0026 AD766007 		.ascii	"\255v`\007\023\252\004\013\203\2202\220-\362a5\\\007"
  15      13AA040B 
  15      83903290 
  15      2DF26135 
  15      5C07
  16 0038 0B2FD0A4 		.ascii	"\013/\320\244\011~ \010Q\303\000\000i\336\010\257"
  16      097E2008 
  16      51C30000 
  16      69DE08AF 
  17              		.text
  18              		.section	.gnu.lto_palReadBus.4cdbc5bd,"",%progbits
  19 0000 789C9553 		.ascii	"x\234\225SAOSA\020\336\357\315{\333B\241\205\304\003"
  19      414F5341 
  19      10DEEFCD 
  19      7BDB42A1 
  19      85C403
  20 0013 070E3D88 		.ascii	"\007\016=\210\204\304\320p\364\254\377\303\000\027H"
  20      84C4D070 
  20      F4ACFFC3 
  20      001748
  21 0022 4830369E 		.ascii	"H06\236\273\320\026!hb\210\264\204\274\020\214\250\211"
  21      BBD01621 
  21      686288B4 
  21      84BC108C 
  21      A889
  22 0034 D128A18A 		.ascii	"\321(\241\212 J)\012\250A\305\203A0\0364&JJ\003\352"
  22      204A290A 
  22      A841C583 
  22      41301E34 
  22      264A4A03 
  23 0049 05A3E8EC 		.ascii	"\005\243\350\354\276\002\215\236H\336\233\235\335\235"
  23      BE028D9E 
  23      48DE9B9D 
  23      DD9D
  24 0057 F9E6DB6F 		.ascii	"\371\346\333ov\245\020b\215\2048\316\343)\376\205_\300"
ARM GAS  C:\Users\Luczia\AppData\Local\Temp\ccmfNqkd.s 			page 2


  24      76A51062 
  24      8D8438CE 
  24      E329FE85 
  24      5FC0
  25 0069 12FC8317 		.ascii	"\022\374\203\027A\226#\204\262l6\266\355\371R\373\016"
  25      41962384 
  25      B26C36B6 
  25      EDF952FB 
  25      0E
  26 007a 7880848F 		.ascii	"x\200\204\217\255\017\3404\210\230E\266#}\210\341\002"
  26      AD0FE034 
  26      889845B6 
  26      237D88E1 
  26      02
  27 008b 5D26AC24 		.ascii	"]&\254$\356\272\324O.\011\330<\335^\036\376\024\324"
  27      EEBAD44F 
  27      2E09D83C 
  27      DD5E1EFE 
  27      14D4
  28 009d 5320CCD3 		.ascii	"S \314\323|a!S\321pC\251n\225M\017\310\221\314kU\346"
  28      7C612153 
  28      D17043A9 
  28      6E954D0F 
  28      C891CC6B 
  29 00b3 9225521C 		.ascii	"\222%R\034\236A-&P\253A\357\241\201\203\223+\351\036"
  29      9E412D26 
  29      50AB41EF 
  29      A1818393 
  29      2BE91E
  30 00c6 A20608F6 		.ascii	"\242\006\010\366\337m\335|\037\254\277f\022\177\214"
  30      DF6DDD7C 
  30      1FACBF66 
  30      127F8C
  31 00d5 913AEA12 		.ascii	"\221:\352\022\341>\2504\221\227\004&Q\257\343?\216\357"
  31      E13EA834 
  31      91970426 
  31      51AFE33F 
  31      8EEF
  32 00e7 0E564A7B 		.ascii	"\016VJ{\224O\303!\014\371\200\2513a\213\367\3067w\346"
  32      944FC321 
  32      0CF980A9 
  32      33618BF7 
  32      C63777E6 
  33 00fb 64DD55A5 		.ascii	"d\335U\245\006T\2660t\344J<\271\244\354\377Yp\322\024"
  33      0654B630 
  33      74E44A3C 
  33      B9A4ECFF 
  33      5970D214 
  34 010f EA18E1CE 		.ascii	"\352\030\341\316\033'\253v\377\234W\331\2275\353\231"
  34      1B27AB76 
  34      FF9C57D9 
  34      9735EB99 
  35 011f C5EA0A70 		.ascii	"\305\352\012p)\333b\343\020\033i\353\251\243=\251\215"
  35      29DB62E3 
  35      101B69EB 
  35      A9A33DA9 
  35      8D
ARM GAS  C:\Users\Luczia\AppData\Local\Temp\ccmfNqkd.s 			page 3


  36 0130 1F9A4440 		.ascii	"\037\232D@hD\321\253\213\263e\227\372\230\237\240\317"
  36      6844D1AB 
  36      8BB36597 
  36      FA989FA0 
  36      CF
  37 0141 48ACCD7F 		.ascii	"H\254\315\177\030\222\232\3210\371\231O*\231{\345\323"
  37      18929AD1 
  37      30F9994F 
  37      2A997BE5 
  37      D3
  38 0152 1A1104A6 		.ascii	"\032\021\004\246\213\265\373\210\325\247\015tO\227y"
  38      8BB5FB88 
  38      D5A70D74 
  38      4F9779
  39 0161 91E0C899 		.ascii	"\221\340\310\231\334\362\202\034\305H\227R*\354\222"
  39      DCF2821C 
  39      C5489752 
  39      2AEC92
  40 0170 8FF3BD04 		.ascii	"\217\363\275\004\255t\377\300*\"\267\325%\263\345\307"
  40      AD74FFC0 
  40      2A22B7D5 
  40      25B3E5C7 
  41 0180 438C62D0 		.ascii	"C\214b\320T\307\014\"\202\313\256\236<@\272u};\033\322"
  41      54C70C22 
  41      82CBAE9E 
  41      3C40BA75 
  41      7D3B1BD2 
  42 0194 35FD08E1 		.ascii	"5\375\010\341\321~Mn5\345\221\010\033\2718lj*\277\356"
  42      D17E4D6E 
  42      35E59108 
  42      1BB9386C 
  42      6A2ABFEE 
  43 01a8 8BFD567E 		.ascii	"\213\375V~\227\312RLO\3401b\242\224s\271iO\374\347\354"
  43      97CA524C 
  43      4FE03162 
  43      A29473B9 
  43      694FFCE7 
  44 01bd F720C7D5 		.ascii	"\367 \307\325\360\202\326\\\257\355\254l\366\0064\331"
  44      F082D65C 
  44      AFEDAC6C 
  44      F60634D9 
  45 01cd 2A9702C8 		.ascii	"*\227\002\310\362\005\231-R\215\217M$\301\321C\206j"
  45      F205992D 
  45      528D8F4D 
  45      24C1D143 
  45      866A
  46 01df 39E698AA 		.ascii	"9\346\230\252\327\240\034b.U\030*\262x\374\257\027\347"
  46      D7A01C62 
  46      2E55182A 
  46      B278FCAF 
  46      17E7
  47 01f1 8B5A5987 		.ascii	"\213ZY\207R\240\022\363F\001sK\237\260\002\033\310\355"
  47      52A012F3 
  47      4601734B 
  47      9FB0021B 
  47      C8ED
  48 0203 6949A527 		.ascii	"iI\245'\010\232\023\374\003\034\342rxZ\004~;9=Y\311"
ARM GAS  C:\Users\Luczia\AppData\Local\Temp\ccmfNqkd.s 			page 4


  48      089A13FC 
  48      031CE272 
  48      785A047E 
  48      3B393D59 
  49 0218 C0892EBD 		.ascii	"\300\211.\275U\205\005\003li\340E\003\274\337$\373\220"
  49      55850503 
  49      6C69E045 
  49      03BCDF24 
  49      FB90
  50 022a 4D5A3A68 		.ascii	"MZ:h\3223\203\024\377\326\003\017\312a\232\014X\212"
  50      D2338314 
  50      FFD6030F 
  50      CA619A0C 
  50      588A
  51 023c 2E0F855E 		.ascii	".\017\205^\215\347\006\335\\\377\027\036\372\257=\364"
  51      8DE706DD 
  51      5CFF171E 
  51      FAAF3DF4 
  52 024c 8029208D 		.ascii	"\200) \215\322\374\232\351\013\277\3464kU@w\270\030"
  52      D2FC9AE9 
  52      0BBFE634 
  52      6B554077 
  52      B818
  53 025e E15D5CFD 		.ascii	"\341]\\\375f\2048\326\330\030\341\257\265\255\275\245"
  53      668438D6 
  53      D818E1AF 
  53      B5ADBDA5 
  54 026e BD33DA74 		.ascii	"\2753\332t\242)\322\031\215\2645wD\242g[\365x\372Ls"
  54      A229D219 
  54      8DB43577 
  54      44A2675B 
  54      F578FA4C 
  55 0283 4763ABA0 		.ascii	"Gc\253\240\226s\321\277\272\2120\267"
  55      9673D1BF 
  55      BA8A30B7 
  56              		.text
  57              		.section	.gnu.lto_palWriteBus.4cdbc5bd,"",%progbits
  58 0000 789C9554 		.ascii	"x\234\225TKO\023Q\024\276\337\234\351\024\332R(\272"
  58      4B4F1351 
  58      14BEDF9C 
  58      E914DA52 
  58      28BA
  59 0012 30D1050B 		.ascii	"0\321\005\013\221\260\220\006]\030\027\256\374!\006"
  59      91B09006 
  59      5D1817AE 
  59      FC2106
  60 0021 D84862A2 		.ascii	"\330Hb\242\261\032\227\035\240 \006M\214\221b\312@\010"
  60      B11A971D 
  60      A020064D 
  60      8C9162CA 
  60      4008
  61 0033 2A18A351 		.ascii	"*\030\243Q\343\003\301W-\012>@\036>\202\217\304D\003"
  61      E303C157 
  61      2D0A3E40 
  61      1E3E828F 
  61      C44403
  62 0046 0B820A91 		.ascii	"\013\202\012\221\0305\012\236s\247\320\312\256\223\316"
ARM GAS  C:\Users\Luczia\AppData\Local\Temp\ccmfNqkd.s 			page 5


  62      18350A9E 
  62      73A7D0CA 
  62      AE93CE
  63 0055 99FB38E7 		.ascii	"\231\3738\347;\337\371\356\271\265\224R\265\036\245"
  63      3BDFF9EE 
  63      B9B59452 
  63      B51EA5
  64 0064 B6F37717 		.ascii	"\266\363w\027\277\312\253`(~Al\311\340-\3330\331\230"
  64      BFCAAB60 
  64      287E416C 
  64      C9E02DDB 
  64      30D998
  65 0077 A63BB664 		.ascii	"\246;\266d\354\001\177`\001\034\000\0255\310\364X\210"
  65      EC017F60 
  65      011C0015 
  65      35C8F458 
  65      88
  66 0088 E2389D26 		.ascii	"\3428\235&\244\216\316\364\033\345\2756?\311\266E\253"
  66      A48ECEF4 
  66      1BE5BD36 
  66      3FC9B645 
  66      AB
  67 0099 C96EDCE0 		.ascii	"\311n\334\3400V\234\224~p\035\345\3545\021\273\352P"
  67      30569C94 
  67      7E701DE5 
  67      EC3511BB 
  67      EA50
  68 00ab 0B390498 		.ascii	"\0139\004\230<]\030M|\016\312\324@\011O\033'\332\232"
  68      3C5D184D 
  68      7C0ECAD4 
  68      40094F1B 
  68      27DA9A
  69 00be 88CAA178 		.ascii	"\210\312\241x\374v\376\342\207`\331y\333\256\267\223"
  69      FC76FEE2 
  69      8760D979 
  69      DBAEB793 
  70 00ce 7FCE92BD 		.ascii	"\177\316\222\275\331!\302-\020\003\342&6\341\0066)^"
  70      D921C22D 
  70      1003E226 
  70      36E10636 
  70      295E
  71 00e0 52E84319 		.ascii	"R\350C\031\273w,u\017\373i\253\016\355\271\357\324\244"
  71      BB772C75 
  71      0FFB69AB 
  71      0EEDB9EF 
  71      D4A4
  72 00f2 23477A74 		.ascii	"#Gzt\244\211\333k#M\205~\224\211\373\247kK\255\005\226"
  72      A489DB6B 
  72      234D857E 
  72      9489FBA7 
  72      6B4BAD05 
  73 0107 D9B5C216 		.ascii	"\331\265\302\026\003\\\2420\030\277\332\022\244m\032"
  73      035CA230 
  73      18BFDA12 
  73      A46D1A
  74 0116 F2DD784F 		.ascii	"\362\335xOoA\351Y\215\371\243\335J\330\311X\211C\036"
  74      6F41E959 
ARM GAS  C:\Users\Luczia\AppData\Local\Temp\ccmfNqkd.s 			page 6


  74      8DF9A3DD 
  74      4AD8C958 
  74      89431E
  75 0129 DCF91F56 		.ascii	"\334\371\037V\236\014\"\356\242T\2431\346=\306T\312"
  75      9E0C22EE 
  75      A254A331 
  75      E63DC654 
  75      CA
  76 013a E024B27A 		.ascii	"\340$\262ze\322\223\264\227\226\217\332\3117\033\277"
  76      65D293B4 
  76      97968FDA 
  76      C9371BBF 
  77 014a 2D7E0CAD 		.ascii	"-~\014\255\0073\262\0146^\022c\212\361\310\232%\306"
  77      0733B20C 
  77      365E1263 
  77      8AF1C89A 
  77      25C6
  78 015c 2BD33C31 		.ascii	"+\323<1\371b|\262\346\227Q\200M^\020\242A\010RO\261"
  78      F9627CB2 
  78      E6975180 
  78      4D5E10A2 
  78      4108524F 
  79 0171 8657AA59 		.ascii	"\206W\252Y\313\336L|\246t\214UR4\215\330\273\301\231"
  79      CBDE4C7C 
  79      A6748C55 
  79      52348DD8 
  79      BBC199
  80 0184 764BF824 		.ascii	"vK\370$(\310,\343\215\2511\257\210OP\270\237f\177\214"
  80      28C82CE3 
  80      8DA931AF 
  80      884F50B8 
  80      9F667F8C 
  81 0198 8551348B 		.ascii	"\205Q4\213\372\201|\327S\224\270\233\032\035\262\272"
  81      FA817CD7 
  81      5394B89B 
  81      1A1DB2BA 
  82 01a8 D059C787 		.ascii	"\320Y\307\207\313e\347s\274\033 G\330rj\012\341\313"
  82      CB65E773 
  82      BC1B2047 
  82      D8726A0A 
  82      E1CB
  83 01ba F649BDE5 		.ascii	"\366I\275\345\303\003t\241UgG\022a\305i\247vg\220.\365"
  83      C30374A1 
  83      55674712 
  83      61C569A7 
  83      7667902E 
  84 01cf 2C240B25 		.ascii	",$\013%\247\017\205x\270\232\223[\214\346\020+\321b"
  84      A70F8578 
  84      B89A935B 
  84      8CE6102B 
  84      D162
  85 01e1 B15B7FFF 		.ascii	"\261[\177\377\334{o\364\257\235\347\220?\316\364\024"
  85      DC7B6FF4 
  85      AF9DE790 
  85      3FCEF414 
  86 01f1 5288AA6C 		.ascii	"R\210\252l\316\001},\015\277\037|\017\262\037\267Z@"
  86      CE017D2C 
ARM GAS  C:\Users\Luczia\AppData\Local\Temp\ccmfNqkd.s 			page 7


  86      0DBF1F7C 
  86      0FB21FB7 
  86      5A40
  87 0203 CE4FD67E 		.ascii	"\316O\326~M|i\366\013\331\"\207\012\360\210\373s0M\265"
  87      4D7C69F6 
  87      0BD92287 
  87      0AF088FB 
  87      73304DB5 
  88 0217 E1DCF546 		.ascii	"\341\334\365F\260\367\031M5\200\307LUg\304\020\242\016"
  88      B0F7194D 
  88      3580C74C 
  88      5567C410 
  88      A20E
  89 0229 053515CB 		.ascii	"\0055\025\313-\177\251iz\207\034Z\202\214\004\205\224"
  89      2D7FA969 
  89      7A871C5A 
  89      828C0485 
  89      94
  90 023a 2B889E53 		.ascii	"+\210\236SN\202\024bX\013\242\257\314\023\026d\026\015"
  90      4E821462 
  90      580BA2AF 
  90      CC131664 
  90      160D
  91 024c 7F9AE042 		.ascii	"\177\232\340B\231\032\235\262\321=9\312\3754#\3673\027"
  91      991A9DB2 
  91      D13D39CA 
  91      FD3423F7 
  91      3317
  92 025e 3DBE829E 		.ascii	"=\276\202\236F\233\234\037\351\360\213d\026\212\360"
  92      469B9C1F 
  92      E9F08B64 
  92      168AF0
  93 026d 9C61D867 		.ascii	"\234a\330g~\305\307\253IX\331\014\362r\254o$S\337\350"
  93      7EC5C7AB 
  93      4958D90C 
  93      F272AC6F 
  93      2453DFE8 
  94 0281 9AFA382E 		.ascii	"\232\3728.\304\200\331\350\276\034\353{\221\251o\314"
  94      C480D9E8 
  94      BE1CEB7B 
  94      91A96FCC 
  95 0291 455FE5EE 		.ascii	"E_\345\356\327\011|\262\366se\255X\227\344\317\316\030"
  95      D7097CB2 
  95      F67365AD 
  95      5897E4CF 
  95      CE18
  96 02a3 C8296311 		.ascii	"\310)c\021\306uFC2N\350\214\251\270F\312\356\276\220"
  96      C6754643 
  96      324EE88C 
  96      A9B846CA 
  96      EEBE90
  97 02b6 EEBE35A8 		.ascii	"\356\2765\250\234;\200\3114\352\233\276\201\276\002"
  97      9C3B80C9 
  97      34EA9BBE 
  97      81BE02
  98 02c5 468DD5C9 		.ascii	"F\215\325\311\326:\274\324\250\351\026\275\323\331}"
  98      D63ABCD4 
ARM GAS  C:\Users\Luczia\AppData\Local\Temp\ccmfNqkd.s 			page 8


  98      A8E916BD 
  98      D3D97D
  99 02d4 01AB9BEB 		.ascii	"\001\253\233\353\361\012\341V\271w\012\257\021\346\""
  99      F10AE156 
  99      B9770AAF 
  99      11E622
 100 02e3 D457D477 		.ascii	"\324W\324w-\237p\233\323\275\310\362\347\241\324\226"
 100      2D9F709B 
 100      D3BDC8F2 
 100      E7A1D496 
 101 02f3 8A8A30FF 		.ascii	"\212\2120\377j\366\326V\327\356\217T\356\254\014\357"
 101      6AF6D656 
 101      D7EE8F54 
 101      EEAC0CEF 
 102 0303 8F84F756 		.ascii	"\217\204\367V\355\013G\016\326\310w\317\201\252}\025"
 102      ED0B470E 
 102      D6C877CF 
 102      81AA7D15 
 103 0313 358AAA0F 		.ascii	"5\212\252\017G\314\352\332C\021\034\371\0072[\247g"
 103      47CCEADA 
 103      43111CF9 
 103      07325BA7 
 103      67
 104              		.text
 105              		.section	.gnu.lto_palSetBusMode.4cdbc5bd,"",%progbits
 106 0000 789C9552 		.ascii	"x\234\225R;O\024Q\024>\337\234y\300.,\330YPP\030\311"
 106      3B4F1451 
 106      143EDF9C 
 106      79C02E2C 
 106      D8595050 
 107 0016 1632A1B4 		.ascii	"\0262\241\264\260\262\360g\030@\023H0\0307\326;\356"
 107      B0B2F067 
 107      18401348 
 107      301837D6 
 107      3BEE
 108 0028 0BC89A68 		.ascii	"\013\310\232hP\026\203\023\262\005\213\321h\324\200"
 108      50168313 
 108      B2058BD1 
 108      68D480
 109 0037 8F059475 		.ascii	"\217\005\224uQ|Db\240\302\027\205F\013\263\020\010\225"
 109      517C4462 
 109      A0C21785 
 109      460BB310 
 109      0895
 110 0049 46D173EF 		.ascii	"F\321s\357\240\240\261\331\233\271\317\371\316w\276"
 110      A0A0B1D9 
 110      9BB9CFF9 
 110      CE77BE
 111 0058 F3DD6B13 		.ascii	"\363\335k\023Q\226\211\332d>$\235\034\202A\322!\207"
 111      519689DA 
 111      643E249D 
 111      1C8241D2 
 111      2187
 112 006a 60C322F2 		.ascii	"`\303\"\362\014S\006\323\014\326\266Z[\220\0116 \001"
 112      0C5306D3 
 112      0CD6B65A 
 112      5B900936 
ARM GAS  C:\Users\Luczia\AppData\Local\Temp\ccmfNqkd.s 			page 9


 112      2001
 113 007c A0B8C1A6 		.ascii	"\240\270\301\246e#\216\263|\221Q\356\373\\4\242W<i\245"
 113      65238EB3 
 113      7C9151EE 
 113      FB5C34A2 
 113      573C69A5 
 114 0090 E12527E3 		.ascii	"\341%'\343\245\367\372\302\225c\322\015\023\210\012"
 114      A5F7FAC2 
 114      9563D20D 
 114      13880A
 115 009f 6A3175CB 		.ascii	"j1u\313\347,\373\014\230\262\335X\030\371\030Q[\003"
 115      E72CFB0C 
 115      98B2DD58 
 115      18F91851 
 115      5B03
 116 00b1 CDB24D2F 		.ascii	"\315\262M/\016g\230\243 Y\277^\277\366.\322R\360\274"
 116      0E6798A3 
 116      2059BF5E 
 116      BFF62ED2 
 116      52F0BC
 117 00c4 84577A39 		.ascii	"\204Wz9\306\336>\237\031w\301B\210;h\302$\232H\216\010"
 117      C6DE3E9F 
 117      1977C142 
 117      883B68C2 
 117      249A488E 
 118 00d9 F7D022F0 		.ascii	"\367\320\"\360\315\211\302\2050\037\320\241+k\223\227"
 118      CD89C285 
 118      301FD0A1 
 118      2B6B9397 
 119 00e9 43DBA1DF 		.ascii	"C\333\241\337\013:\324\304\375\177CMB\021-\012\377\341"
 119      0B3AD4C4 
 119      FD7F434D 
 119      42112D0A 
 119      FFE1
 120 00fb F6D650BD 		.ascii	"\366\326P\275m\346\177\313\305\224\324)5BNn.Y%o\353"
 120      6DE67FCB 
 120      C594D429 
 120      35424E6E 
 120      2E59256F 
 121 0110 679F57AA 		.ascii	"g\237W\252\214\343\375\221:H\244e\310`\263\014\216\251"
 121      8CE3FD91 
 121      3A48A465 
 121      C860B30C 
 121      8EA9
 122 0122 B6965A39 		.ascii	"\266\226Z9PJB\320\244\324\257\313\356g\361\224\007D"
 122      504A42D0 
 122      A4D4AFCB 
 122      EE67F194 
 122      0744
 123 0134 25F127A4 		.ascii	"%\361'\244\336\314\255\214\332\212|\204\035I\233K\227"
 123      DECCAD8C 
 123      DA8A7C84 
 123      1D499B4B 
 123      97
 124 0145 5F39AA78 		.ascii	"_9\252x\006aZ4\2516 \272\210\277 1U\033 !\310\231\362"
 124      06615A34 
 124      A93620BA 
ARM GAS  C:\Users\Luczia\AppData\Local\Temp\ccmfNqkd.s 			page 10


 124      88BF2031 
 124      551B2021 
 125 015c C2BC9DC7 		.ascii	"\302\274\235\307\350\0311\267\331\347\032\211\017\002"
 125      E81931B7 
 125      D9E71A89 
 125      0F02
 126 016a 9485D9C1 		.ascii	"\224\205\331\301e\2707\274\363\372W-f\220\307\220\316"
 126      65B837BC 
 126      F3FA572D 
 126      6690C790 
 126      CE
 127 017b 8E077049 		.ascii	"\216\007pI\322.\037\336a\272>\276QjP9k\321\200\207\177"
 127      D22E1FDE 
 127      61BA3EBE 
 127      516A5039 
 127      6BD18087 
 128 0190 72CA1573 		.ascii	"r\312\025s\005\251f]\271\300\212\305\312['\376\303\253"
 128      05A9665D 
 128      B9C08AC5 
 128      CA5B27FE 
 128      C3AB
 129 01a2 F1399463 		.ascii	"\3619\224ce\305,\342\264[sX;\235\3746\273\031\021\234"
 129      65C52CE2 
 129      B45B7358 
 129      3B9DFC36 
 129      BB19119C 
 130 01b6 5C7558D9 		.ascii	"\\uX\331\247\316\276.\256\366\207\225\330F\237\353\360"
 130      A7CEBE2E 
 130      AEF68795 
 130      D8469FEB 
 130      F0
 131 01c7 48DE4769 		.ascii	"H\336Gi[jrl\"\015A_\322R\303(\213\324\300\3539\304}"
 131      5B6A726C 
 131      220D415F 
 131      D252C328 
 131      8BD4C0EB 
 132 01de AED752EC 		.ascii	"\256\327R\354\355\362\257\256r \333\250\312\200\010"
 132      EDF2AFAE 
 132      7220DBA8 
 132      CA8008
 133 01ed 1E6B03F4 		.ascii	"\036k\003\364\023}\"\006\354\262\222\253bj\300\274f"
 133      137D2206 
 133      ECB292AB 
 133      626AC0BC 
 133      66
 134 01fe 3214D3D3 		.ascii	"2\024\323\323\277\231\314*/\345\331\316\245<\327L\311"
 134      BF99CC2A 
 134      2FE5D9CE 
 134      A53CD74C 
 134      C9
 135 020f F50C022A 		.ascii	"\365\014\002*Kt\011!U\220\371\237\375\2159%\000/\304"
 135      4B740921 
 135      5590F99F 
 135      FD8D3925 
 135      002FC4
 136 0222 7EB142C3 		.ascii	"~\261B\303C>\357\2415$\362\323\347\002\373\202\247&"
 136      433EEFA1 
ARM GAS  C:\Users\Luczia\AppData\Local\Temp\ccmfNqkd.s 			page 11


 136      3524F2D3 
 136      E702FB82 
 136      A726
 137 0234 150B727F 		.ascii	"\025\013r\177k\253+_gWwGwo\254\355`\233\333\033s\273"
 137      6BAB2B5F 
 137      67577747 
 137      776FACED 
 137      609BDB1B 
 138 024a DA7BDCD8 		.ascii	"\332{\334\330\251N5\037=\331\336\323\332I\334q:f\236"
 138      A94E351F 
 138      3DD9DED3 
 138      DA49DC71 
 138      3A669E
 139 025d E83D76FC 		.ascii	"\350=v\374\027\212\355\032\336"
 139      178AED1A 
 139      DE
 140              		.text
 141              		.section	.gnu.lto_.symbol_nodes.4cdbc5bd,"",%progbits
 142 0000 789C55C9 		.ascii	"x\234U\311\301\015\202@\024E\321\373\337 \224AB%X\331"
 142      C10D8240 
 142      1445D1FB 
 142      DF209441 
 142      422558D9 
 143 0014 1F63E29A 		.ascii	"\037c\342\232\215\025\320\005\025\000\352X\203{k \220"
 143      8D15D005 
 143      1500EA58 
 143      837B6B20 
 143      90
 144 0025 511359BC 		.ascii	"Q\023Y\274\334\344\235\022\270nC\243\034\272\004[\206"
 144      DCE49D12 
 144      B86E43A3 
 144      1CBA045B 
 144      86
 145 0036 D3110E77 		.ascii	"\323\021\016w\021\033\010\232\344\266\247\207\354C\263"
 145      111B089A 
 145      E4B6A787 
 145      EC43B3
 146 0045 5C7B4A52 		.ascii	"\\{JR&\273\311C&\210\261\005{\312\213\377#Pr~-\026\364"
 146      26BBC943 
 146      2688B105 
 146      7BCA8BFF 
 146      2350727E 
 147 005c 6DF16B45 		.ascii	"m\361kE\177y\327\254s\236$i"
 147      7F79D7AC 
 147      739E2469 
 148              		.text
 149              		.section	.gnu.lto_.refs.4cdbc5bd,"",%progbits
 150 0000 789C6363 		.ascii	"x\234cc``\020\000bF\006&F\026F&&f\026F\026&V\026\006"
 150      60601000 
 150      62460626 
 150      46164626 
 150      26661646 
 151 0019 0002EF00 		.ascii	"\000\002\357\000;"
 151      3B
 152              		.text
 153              		.section	.gnu.lto_.decls.4cdbc5bd,"",%progbits
 154 0000 789CAD58 		.ascii	"x\234\255XyPTG\032\177\375z\006\206\347\000)0)k\245"
ARM GAS  C:\Users\Luczia\AppData\Local\Temp\ccmfNqkd.s 			page 12


 154      79505447 
 154      1A7FFD7A 
 154      0686E700 
 154      2930296B 
 155 0015 5218894E 		.ascii	"R\030\211Nm\255 \232Z\335T6\225\0037&\253\301\205\034"
 155      6DAD209A 
 155      5ADD5436 
 155      95033726 
 155      ABC1851C 
 156 0029 652D5513 		.ascii	"e-U\023\2041RAp\231a\253\362\327>\030\024\214'\250\310"
 156      84315241 
 156      709961AB 
 156      F2D73E18 
 156      148C27A8 
 157 003e 61044151 		.ascii	"a\004AQD\301(*\210\"\016\036\034\242\210\202\301x\340"
 157      44C1282A 
 157      88220E1E 
 157      1CA28882 
 157      C178E0
 158 0051 051EA888 		.ascii	"\005\036\250\210\006\345\020\366\353\356\367\346\275"
 158      06E510F6 
 158      EBEEF7E6 
 158      BD
 159 005e 199924BB 		.ascii	"\031\231$\273\225W~\276\327\335\277\356\357\367\375"
 159      95577EBE 
 159      D7DDBFEE 
 159      EFF7FD
 160 006d FAEB6370 		.ascii	"\372\353cp\3438\256\340U\216+\304\034w\013q\334\010"
 160      E338AEE0 
 160      558E2BC4 
 160      1C770B71 
 160      DC08
 161 007f 3C1AA83B 		.ascii	"<\032\250;\306)\217\026\3545h\033\0176\021,\020\354"
 161      C6298F16 
 161      EC35681B 
 161      0F36112C 
 161      10EC
 162 0091 2D30E8C2 		.ascii	"-0\350\302\275\013\357\020\260\271\210sx\246\360\034"
 162      BD0BEF10 
 162      B0B98873 
 162      78A6F01C 
 163 00a1 E7C3311B 		.ascii	"\347\3031\033\013v\002\314\0270\363\341=\0146\231\264"
 163      0B7602CC 
 163      1730F3E1 
 163      3D0C3699 
 163      B4
 164 00b2 41F953B0 		.ascii	"A\371S\260P\260y`o\203M\001\373\007X\030\330\013\300"
 164      50B07960 
 164      6F834D01 
 164      FB075818 
 164      D80BC0
 165 00c5 348085C3 		.ascii	"4\200\205\3037\341\344\011o\001\3541|{\301\233\227x"
 165      37E1E409 
 165      6F01EC31 
 165      7C7BC19B 
 165      9778
 166 00d7 054ADF84 		.ascii	"\005J\337\204\313gN<f@\003\204\307}\245\342Bx\020>6"
ARM GAS  C:\Users\Luczia\AppData\Local\Temp\ccmfNqkd.s 			page 13


 166      CB674E3C 
 166      66400384 
 166      C77DA5E2 
 166      4278103E 
 167 00ec 8EF1992C 		.ascii	"\216\361\231,qR\363\371\034\354}\211O\270\023\247[\022"
 167      7152F3F9 
 167      1CEC7D89 
 167      4FB813A7 
 167      5B12
 168 00fe 2FADC4C9 		.ascii	"/\255\304\311K\3425\000\345\016\216q\031/\361\"tB\234"
 168      4BE23500 
 168      E50E8E71 
 168      192FF122 
 168      74429C
 169 0111 387D2469 		.ascii	"8}$i\343\314\351\365_\320\347\013\260OT\372\020N_\202"
 169      E3CCE9F5 
 169      5FD0E70B 
 169      B04F54FA 
 169      104E5F82 
 170 0125 4D97E641 		.ascii	"M\227\346A\326\306K*\253\347\211\270w\236\237\365\030"
 170      D6C64B2A 
 170      ABE789B8 
 170      779E9FF5 
 170      18
 171 0136 9564DCDC 		.ascii	"\225d\334\334\250\271\206\256\220\026\364\012B\022R"
 171      A8B986AE 
 171      9016F40A 
 171      421252
 172 0145 FD90F288 		.ascii	"\375\220\362\210\374\220v\006\340\221\334\310P\316\335"
 172      FC907606 
 172      E091DCC8 
 172      50CEDD
 173 0154 681B62C6 		.ascii	"h\033b\306s\012V\351\241\032U\325\031\321\207\243T\324"
 173      730A56E9 
 173      A11A55D5 
 173      19D187A3 
 173      54D4
 174 0166 5C283389 		.ascii	"\\(3\211\036R\334#;F\306\253FE\366N/\263\343\230FD\204"
 174      1E52DC23 
 174      3B46C6AB 
 174      4645F64E 
 174      2FB3E398 
 175 017d D6EE95A5 		.ascii	"\326\356\225\245\372\016t\025\240 \375Z\335bDj\257\267"
 175      FA0E7415 
 175      A020FD5A 
 175      DD62446A 
 175      AFB7
 176 018f 1C7EA1C3 		.ascii	"\034~\241\303<\373\356-Y\301cO\372=x0\277_\027\270K"
 176      3CFBEE2D 
 176      59C1634F 
 176      FA3D7830 
 176      BF5F17B8 
 177 01a4 648FEE1B 		.ascii	"d\217\356\033\016\035@X\326\363\\\312\236Mx\005F>\002"
 177      0E1D4058 
 177      D6F35CCA 
 177      9E4D7805 
 177      463E02
ARM GAS  C:\Users\Luczia\AppData\Local\Temp\ccmfNqkd.s 			page 14


 178 01b7 D240F171 		.ascii	"\322@\361qS\316M/(\216\025\220?\024s\252\2366hY\253"
 178      53CE4D2F 
 178      288E1590 
 178      3F1473AA 
 178      9E366859 
 179 01cc 0E8A2345 		.ascii	"\016\212#E{\226\353\360;t\324+u\305%\244\343d\001\021"
 179      7B96EBF0 
 179      3B74D42B 
 179      75C525A4 
 179      E3640111 
 180 01e0 EEDE5055 		.ascii	"\356\336PU\326]\331\357\311\252\010\242eM\357Vw\374"
 180      D65DD9EF 
 180      C9AA08A2 
 180      654DEF56 
 180      77FC
 181 01f2 3EF9E6AF 		.ascii	">\371\346\257\265\017^\366B\202!M\024\223\305|\253\350"
 181      B50F5EF6 
 181      4282214D 
 181      1493C57C 
 181      ABE8
 182 0204 319B4395 		.ascii	"1\233C\225\310\017U ?\016\325 \003\351s\020\005r\350"
 182      C80F5520 
 182      3F0ED520 
 182      03E97310 
 182      0572E8
 183 0217 08541E86 		.ascii	"\010T\036\206\312\"\302\265\246+\373\335\354^Q\364G"
 183      CA22C2B5 
 183      A62BFBDD 
 183      EC5E51F4 
 183      47
 184 0228 479180AA 		.ascii	"G\221\200\252\021\246\030Pg\262\300\330\027oM/p\303"
 184      11A61850 
 184      67B2C0D8 
 184      176F4D2F 
 184      70C3
 185 023a FB10F551 		.ascii	"\373\020\365Q\225{\373\004\357\312G\255k\037eo\234\\"
 185      957BFB04 
 185      EFCA47AD 
 185      6B1F656F 
 185      9C5C
 186 024c 2A8A3CB2 		.ascii	"*\212<\262\201\217c\212\017p\311\234\244\034\357K\367"
 186      818F638A 
 186      0F70C99C 
 186      A41CEF4B 
 186      F7
 187 025d C4595458 		.ascii	"\304YTX\276\263?\245|\214+'']:yt\332Pq\201\004r\002"
 187      BEB33FA5 
 187      7C8C2B27 
 187      275D3A79 
 187      74DA5071 
 188 0275 9C1C579C 		.ascii	"\234\034W\234\330d'\255\217{3\275\360M6{\362,\370\260"
 188      D86427AD 
 188      8F7B33BD 
 188      F04D367B 
 188      F22CF8B0 
 189 0289 59D833B2 		.ascii	"Y\3303\262\276\303\023\337cmY-?\314\022\300\273\365"
 189      BEC313DF 
ARM GAS  C:\Users\Luczia\AppData\Local\Temp\ccmfNqkd.s 			page 15


 189      636D592D 
 189      3FCC12C0 
 189      BBF5
 190 029b 3785081D 		.ascii	"7\205\010\035\036\246\334\356\030\303\006\033\007\305"
 190      1EA6DCEE 
 190      18C3061B 
 190      07C5
 191 02a9 1BC9E575 		.ascii	"\033\311\345u\236\370\021\033l\325z\233M\203\177f\205"
 191      9EF8111B 
 191      6CD57A9B 
 191      4D837F66 
 191      85
 192 02ba C2ECF454 		.ascii	"\302\354\364T-\036`\205\342\214\265{\004<\304\012-="
 192      2D1E6085 
 192      E28CB57B 
 192      043CC40A 
 192      2D3D
 193 02cc A7BF1FC3 		.ascii	"\247\277\037\303\262\342\025(\236\030yV\343\315F\344"
 193      B2E21528 
 193      9E187956 
 193      E3CD46E4 
 194 02dc 09A39D17 		.ascii	"\011\243\235\027\007<\3600\203n\033\030\354!i1\211\244"
 194      073CF030 
 194      836E1B18 
 194      EC216931 
 194      89A4
 195 02ee 055625C5 		.ascii	"\005V%\305$\226\024G\033\353\213\3648\005S1Ks\206\206"
 195      24961447 
 195      1BEB8BF4 
 195      38055331 
 195      4B738686 
 196 0302 BC6531D7 		.ascii	"\274e1\327ZE\255\201C\315\300\374\034\011\347\"\204"
 196      5A45AD81 
 196      43CDC0FC 
 196      1C09E722 
 196      84
 197 0313 33490AE7 		.ascii	"3I\012\347\002T\236We\305\244\215\251d\306\332@\314"
 197      02549E57 
 197      65C5A48D 
 197      A964C6DA 
 197      40CC
 198 0325 5645CC49 		.ascii	"VE\314I\222\226\325\351?u\012x\015\363\221\334\274\341"
 198      9296D5E9 
 198      3F750A78 
 198      0DF391DC 
 198      BCE1
 199 0337 894B1F97 		.ascii	"\211K\037\227\\\373(\233v\234fE;\370\370Q\361\321&O"
 199      5CFB289B 
 199      769C6645 
 199      3BF8F851 
 199      F1D1264F 
 200 034b 58F2F382 		.ascii	"X\362\363\202\303:\234E\235h\372v\354o\363B\276\001"
 200      C33A9C45 
 200      9D68FA76 
 200      EC6FF342 
 200      BE01
 201 035d 018674D2 		.ascii	"\001\206t\322{-\030\342\225\251\341\320e\344KF@\327"
ARM GAS  C:\Users\Luczia\AppData\Local\Temp\ccmfNqkd.s 			page 16


 201      7B2D18E2 
 201      95A9E1D0 
 201      65E44B46 
 201      40D7
 202 036f C0E11514 		.ascii	"\300\341\025\024\000K7\200\256\300\002\302\252\246\353"
 202      004B3780 
 202      AEC002C2 
 202      AAA6EB
 203 037e FED4DCDE 		.ascii	"\376\324\334\336[\242\370\235\236\272\373\011\334\221"
 203      5BA2F89D 
 203      9EBAFB09 
 203      DC91
 204 038c 0E769A41 		.ascii	"\016v\232Ad\210`?;\376\336\370l\261&\031Sp\313\250\340"
 204      6488603F 
 204      3BFEDEF8 
 204      6CB12619 
 204      5370CBA8 
 205 03a1 66E2550A 		.ascii	"f\342U\012\345j\256\000\313\236\2008)\012\266\3665\247"
 205      E56AAE00 
 205      CB9E8038 
 205      290AB6F6 
 205      35A7
 206 03b3 6CF7CB05 		.ascii	"l\367\313\005\024\0200\326\300\206m\313\365)\264\212"
 206      141030D6 
 206      C0866DCB 
 206      F529B48A 
 207 03c3 7553E94A 		.ascii	"uS\351J8\003\343\336@c\225\364r \001\303\366\345z%Q"
 207      3803E3DE 
 207      406395F4 
 207      722001C3 
 207      F6E57A25 
 208 03d8 16C4FB59 		.ascii	"\026\304\373Y\327\350\014\202\206\\\025\221F\255\010"
 208      D7E80C82 
 208      865C1591 
 208      46AD08
 209 03e7 4113456E 		.ascii	"A\023En\202\"\035\240\310uI\021\306\371L\356\270$\350"
 209      82221DA0 
 209      C8754911 
 209      C6F94CEE 
 209      B824E8
 210 03fa 41508EA4 		.ascii	"AP\216\244Q\323\241\214r\217\2610h\222\353A9\207\021"
 210      51D3A18C 
 210      728FB130 
 210      6892EB41 
 210      398711
 211 040d 5509ECC3 		.ascii	"U\011\354\303\0228\245\266u\277\036\267\323\271C\267"
 211      1238A5B6 
 211      75BF1EB7 
 211      D3B943B7 
 212 041d 1BCB9275 		.ascii	"\033\313\222u\370\012+ln*m\324\342\353\254PUR\332\302"
 212      F80A2B6C 
 212      6E2A6DD4 
 212      E2EBAC50 
 212      5552DAC2 
 213 0431 E32E56D8 		.ascii	"\343.V\330U\331\263\002\341G\254\3608\265\314\202\373"
 213      55D9B302 
 213      E147ACF0 
ARM GAS  C:\Users\Luczia\AppData\Local\Temp\ccmfNqkd.s 			page 17


 213      38B5CC82 
 213      FB
 214 0442 D877EE93 		.ascii	"\330w\356\223+w=\330\330\006(\256i\316\373I\307\326"
 214      2B773DD8 
 214      D80628AE 
 214      69CEFB49 
 214      C7D6
 215 0454 4A0D591D 		.ascii	"J\015Y\035\317\267\334\312\340\361\020\305\352W6[\317"
 215      CFB7DCCA 
 215      E0F110C5 
 215      EA57365B 
 215      CF
 216 0465 6A417178 		.ascii	"jAqx|\003\014\344U \246X\305\232\316\034I\371\006P\376"
 216      7C030CE4 
 216      5520A658 
 216      C59ACE1C 
 216      49F90650 
 217 047a 1E68F914 		.ascii	"\036h\371\0244u\324\262\0221\351\011\3346>G\254\201"
 217      3475D4B2 
 217      1231E909 
 217      DC363E47 
 217      AC81
 218 048c 3544D09D 		.ascii	"5D\320\235\316\350\333\310\031>\360\007\005\3365:<X"
 218      CEE8DBC8 
 218      193EF007 
 218      05DE353A 
 218      3C58
 219 049e 41F7AAD0 		.ascii	"A\367\252\320w\234\321\207^\032\334\346\247\300O;\303"
 219      779CD187 
 219      5E1ADCE6 
 219      A7C04F3B 
 219      C3
 220 04af 1B557065 		.ascii	"\033Upee\300\224=\000D7m|*\255\214>\310\203g0k\217\300"
 220      65C0943D 
 220      0044376D 
 220      7C2AAD8C 
 220      3EC88367 
 221 04c7 FAC17AC1 		.ascii	"\372\301z\301\036\203\365\200\015\200=\001\373\031\354"
 221      1E83F580 
 221      0D803D01 
 221      FB19EC
 222 04d6 B97DE510 		.ascii	"\271}\345\020\357\015*\357\365\316\336\353\224\320\244"
 222      EF0D2AEF 
 222      F5CEDEEB 
 222      94D0A4
 223 04e5 ACCAF1A1 		.ascii	"\254\312\361\241Y\365\324q)\260\241\256\252\347\340"
 223      59F5D471 
 223      29B0A1AE 
 223      AAE7E0
 224 04f4 FEA873A0 		.ascii	"\376\250s\240R\251E\345\370\341\350\216\325*\335S\211"
 224      52A945E5 
 224      F8E1E88E 
 224      D52ADD53 
 224      89
 225 0505 7A777451 		.ascii	"zwtQ\345\301aQ\015\347\012\014~\013\362\271itQ)\034"
 225      E5C16151 
 225      0DE70A0C 
ARM GAS  C:\Users\Luczia\AppData\Local\Temp\ccmfNqkd.s 			page 18


 225      7E0BF2B9 
 225      69745129 
 226 051a F2ABA6E9 		.ascii	"\362\253\246\351y\271\026'i\350fW}`\333\021wd\360\225"
 226      79B91627 
 226      69E86657 
 226      7D60DB11 
 226      7764F095 
 227 052e 16FE2637 		.ascii	"\026\376&7\262\360_@\347Ae\007#\301\273\230\0154\004"
 227      B2F05F40 
 227      E7416507 
 227      23C1BB98 
 227      0D3404
 228 0541 93F0FF4E 		.ascii	"\223\360\377N\010p\371\276\264\3641\326\177g?\032\251"
 228      0870F9BE 
 228      B4F431D6 
 228      7F673F1A 
 228      A9
 229 0552 6B65750E 		.ascii	"keu\016#\275D\002\260\007\227guy\342\325\214\367\217"
 229      23BD4402 
 229      B0079767 
 229      7579E2D5 
 229      8CF78F
 230 0565 77AA1FB8 		.ascii	"w\252\037\270#\275\301EW\224\304\033T\275\345#5\240"
 230      23BDC145 
 230      5794C41B 
 230      54BDE523 
 230      35A0
 231 0577 AA871CA9 		.ascii	"\252\207\034\251\"\257G#J|\200c\036\006\357\254oGla"
 231      22AF4723 
 231      4A7C8063 
 231      1E06EFAC 
 231      6F476C61 
 232 058b EAC9865D 		.ascii	"\352\311\206]\325\236\356\315\026f\007i~\272\356\322"
 232      D59EEECD 
 232      16660769 
 232      7EBAEED2 
 233 059b 352F9CAD 		.ascii	"5/\234\255q\270\315\314\177\37163\237\035\\\335\315"
 233      71B8CDCC 
 233      7FF93633 
 233      9F1D5CDD 
 233      CD
 234 05ac 67CF239C 		.ascii	"g\317#\234\317\370^\352=\207]]\002\226\003\327\371\322"
 234      CFF85EEA 
 234      3D875D5D 
 234      029603D7 
 234      F9D2
 235 05be 99B28CF7 		.ascii	"\231\262\214\367CKy\373%`\325\304\356a\3028\215\027"
 235      434B79FB 
 235      2560D5C4 
 235      EE61C238 
 235      8D17
 236 05d0 502A6F67 		.ascii	"P*og<\237\035)\332\335y\015\313`w\3605\220m\201\236"
 236      3C9F1D29 
 236      DADD790D 
 236      CB6077F0 
 236      35906D81 
 237 05e5 0B3BF0E0 		.ascii	"\013;\360\340\266\325\253\304|\033\242Q\236\202(W\360"
ARM GAS  C:\Users\Luczia\AppData\Local\Temp\ccmfNqkd.s 			page 19


 237      B6D5ABC4 
 237      7C1BA251 
 237      9E822857 
 237      F0
 238 05f6 A366A5C3 		.ascii	"\243f\245\303|Z\301m2O\332\010\232L\346J \365\035\037"
 238      7C5AC16D 
 238      324FDA08 
 238      9A4CE64A 
 238      20F51D1F 
 239 060a 805683AD 		.ascii	"\200V\203\255\342\325;\355p)[\023\200t\\\023\204\300"
 239      E2D53BED 
 239      70295B13 
 239      80745C13 
 239      84C0
 240 061c C30A694D 		.ascii	"\303\012iM\020\306)\274\223w\207\274%\360\206\231,m"
 240      10C629BC 
 240      937787BC 
 240      25F08699 
 240      2C6D
 241 062e C925A76A 		.ascii	"\311%\247jT\256lM\200\234\375\305O\236b\\\246\245r\236"
 241      54AE6C4D 
 241      809CFDC5 
 241      4F9E625C 
 241      A6A5729E 
 242 0642 4A1B2A10 		.ascii	"J\033*\020\220\257a\324 P:p\377\3658\372*h\262\257\005"
 242      90AF61D4 
 242      20503A70 
 242      FFF538FA 
 242      2A68B2AF 
 243 0657 E01A455A 		.ascii	"\340\032EZ\022\025\36572X_\301\373J\016\322\\:\340^"
 243      1215F537 
 243      32585FC1 
 243      FB4A0ED2 
 243      5C3AE05E 
 244 066b 1A1DFA56 		.ascii	"\032\035\372V\334)\354\321\251\323:\203W\247\365:^/"
 244      DC29ECD1 
 244      A9D33A83 
 244      57A7F53A 
 244      5E2F
 245 067d 01CF74E5 		.ascii	"\001\317t\345\265!\015\317\352P\234\206\256\211s\305"
 245      B5210DCF 
 245      EA509C86 
 245      AE8973C5 
 246 068d 6DBA7199 		.ascii	"m\272q\231\324\261U|\205\247\342\310\2075\2076\360\343"
 246      D4B1557C 
 246      85A7E2C8 
 246      87358736 
 246      F0E3
 247 069f E0FFF5BC 		.ascii	"\340\377\365\274\206\215\260w\335\346\015\236o\344\213"
 247      868DB077 
 247      DDE60D9E 
 247      6FE48B
 248 06ae F935902E 		.ascii	"\3715\220.\245xym*\314>z\217\300\320~%\307\367\223\013"
 248      A578796D 
 248      2ACC3E7A 
 248      8FC0D07E 
 248      25C7F793 
ARM GAS  C:\Users\Luczia\AppData\Local\Temp\ccmfNqkd.s 			page 20


 249 06c3 3C2A8763 		.ascii	"<*\207c\016\355\203;\005\2072\3717\240\367\366,k\343"
 249      0EED833B 
 249      058732F9 
 249      37A0F7F6 
 249      2C6BE3
 250 06d6 187C998A 		.ascii	"\030|\231\212\212\226\235:os\247d\210GF\246\353\322"
 250      8A969D3A 
 250      6F73A764 
 250      884746A6 
 250      EBD2
 251 06e8 F5136E76 		.ascii	"\365\023nv\202Y<\255\034*\351\273\240Q3\374\3525\025"
 251      82593CAD 
 251      1C2AE9BB 
 251      A05133FC 
 251      EA3515
 252 06fb C11C4A30 		.ascii	"\301\034J0[&\230\232\236\266\326C\"\330\226\253\207"
 252      5B26989A 
 252      9EB6D643 
 252      22D896AB 
 252      87
 253 070c F94E16C9 		.ascii	"\371N\026\3115\011`h\243\242;|:\022\314\245\004_\\\275"
 253      35096068 
 253      A3A23B7C 
 253      3A12CCA5 
 253      045F5CBD 
 254 0720 D9CBE33B 		.ascii	"\331\313\343;\214\340\316\246\342!\015\356c)\320w\274"
 254      8CE0CEA6 
 254      E2210DEE 
 254      6329D077 
 254      BC
 255 0731 AB50E76A 		.ascii	"\253P\347jI\345\361\256\357\325\357\260{\365fH\320\357"
 255      49E5F1AE 
 255      EFD5EFB0 
 255      7BF56648 
 255      D0EF
 256 0743 F997EFD5 		.ascii	"\371\227\357\325\007\353\216\246\0114b\202`*l\334\235"
 256      07EB8EA6 
 256      09346282 
 256      602A6CDC 
 256      9D
 257 0754 5FA4B7AB 		.ascii	"_\244\267\253\220\317T\350]z\244W\357R\205\002\252\302"
 257      90CF54E8 
 257      5D7AA457 
 257      EF528502 
 257      AAC2
 258 0766 165985FE 		.ascii	"\026Y\205\376\007\03574\3124\335\255\275+\212\202\206"
 258      071D3734 
 258      CA34DDAD 
 258      BD2B8A82 
 258      86
 259 0777 A0D02685 		.ascii	"\240\320&\205\304&g\021\012\251\0105=[\2630\036a\"\264"
 259      C4266711 
 259      0AA90835 
 259      3D5BB330 
 259      1E6122B4 
 260 078b 3E3F32A0 		.ascii	">?2\240\307\313\335\3505r\227ug\217\006\031\374\020"
 260      C7CBDDE8 
ARM GAS  C:\Users\Luczia\AppData\Local\Temp\ccmfNqkd.s 			page 21


 260      35729775 
 260      678F0619 
 260      FC10
 261 079d F8454291 		.ascii	"\370EB\221\374\213\215C\305\300}\033\217\345\337\201"
 261      FC8B8D43 
 261      C5C07D1B 
 261      8FE5DF81 
 262 07ad 3990C162 		.ascii	"9\220\301b\317\177H5|\353\350\233\012'\026\212x\034"
 262      CF7F4835 
 262      7CEBE89B 
 262      0A27168A 
 262      781C
 263 07bf 87A6FBA1 		.ascii	"\207\246\373\241\251 [\021\310F\2328\264\003R};"
 263      A9205B11 
 263      C8469A38 
 263      B403527D 
 263      3B
 264 07d0 4F7F0EFC 		.ascii	"O\177\016\374\260\251\256\337C\220\320i\277\206\276"
 264      B0A9AEDF 
 264      4390D069 
 264      BF86BE
 265 07df FE7CE4B8 		.ascii	"\376|\344\270^\235\372;\201\211\222\372%\366\324?\333"
 265      5E9DFA3B 
 265      818992FA 
 265      25F6D43F 
 265      DB
 266 07f0 B821D39B 		.ascii	"\270!\323\233jZbO\375\021kv\237\326\245\244\273\251"
 266      6A5A624F 
 266      FD116B76 
 266      9FD6A5A4 
 266      BBA9
 267 0802 A4BB6449 		.ascii	"\244\273dI\223\316\267\325#\220\264\003f\365Y=n\264"
 267      93CEB7D5 
 267      2390B403 
 267      66F5593D 
 267      6EB4
 268 0814 2E5B256E 		.ascii	".[%nA\024\206\266*\232n\225T@\245T\313\007\333\254\353"
 268      411486B6 
 268      2A9A6E95 
 268      5440A554 
 268      CB07DBAC 
 269 0829 BCF13E2A 		.ascii	"\274\361>*\337\250s=\222\275\272\320\315\276\012\366"
 269      DFA8733D 
 269      92BDBAD0 
 269      CDBE0AF6 
 270 0839 B0B93E7D 		.ascii	"\260\271>}\351\344n\006$\273\352\017\2542\351\316\300"
 270      E9E46E06 
 270      24BBEA0F 
 270      AC32E9CE 
 270      C0
 271 084a 7D37976C 		.ascii	"}7\227l\367Q\266{e\266\0337\364\357\326Jl\357\237\376"
 271      F751B67B 
 271      65B61B37 
 271      F4EFD64A 
 271      6CEF9FFE 
 272 085e D370B998 		.ascii	"\323p\271\230\242%\030T\246P-\223\251\226\263\334\357"
 272      A2251854 
ARM GAS  C:\Users\Luczia\AppData\Local\Temp\ccmfNqkd.s 			page 22


 272      A6502D93 
 272      A996B3DC 
 272      EF
 273 086f 697EA167 		.ascii	"i~\241g\307\221@N\247\272ey\210\314\203()\353\243\026"
 273      C791404E 
 273      A7BA6579 
 273      88CC8328 
 273      29EBA316 
 274 0883 F6009D88 		.ascii	"\366\000\235\210 ?\264\237\315\303\305\366\224J\351"
 274      203FB49F 
 274      CDC3C5F6 
 274      944AE9
 275 0892 2C1B4322 		.ascii	",\033C\"\275\276\341\250\007;\313~\244\277x\032[\332"
 275      BDBEE1A8 
 275      073BCB7E 
 275      A4BF781A 
 275      5BDA
 276 08a4 BD7CD64A 		.ascii	"\275|\326J\333\347{\210&L\005L\343Az\012T\362>\362\230"
 276      DBE77B88 
 276      264C054C 
 276      E3417A0A 
 276      54F23EF2 
 277 08b9 047DE1EA 		.ascii	"\004}\341\352\312\017\325\340\235\277\004\356\314\253"
 277      CA0FD5E0 
 277      9DBF04EE 
 277      CCAB
 278 08c7 EEF79850 		.ascii	"\356\367\230P\357\226\007yv\010\232\310\215\367\312"
 278      EF960779 
 278      76089AC8 
 278      8DF7CA
 279 08d6 A92E01B7 		.ascii	"\251.\001\2672\321\2674=\311\024\360MV\330\273\343b"
 279      32D1B734 
 279      3DC914F0 
 279      4D56D8BB 
 279      E362
 280 08e8 83FB9B85 		.ascii	"\203\373\233\205b3[\027+n\246\210I\031p\270@Gt\004\224"
 280      62335B17 
 280      2B6EA688 
 280      491970B8 
 280      40477404 
 281 08fd 816D4AE5 		.ascii	"\201mJ\345\3510\324T\361\0238T\315\277\011\235\255\273"
 281      E930D454 
 281      F1133854 
 281      CDBF099D 
 281      ADBB
 282 090f AA0F685D 		.ascii	"\252\017h]*rTV\344 S\344awQ\211\3269d\345\340\253\241"
 282      2A725456 
 282      E42053E4 
 282      61775189 
 282      D63964E5 
 283 0926 511C95A3 		.ascii	"Q\034\225\2438p2\373g\3019f\227\350\315k6\357\025&t"
 283      387032FB 
 283      67C13966 
 283      97E8CD6B 
 283      36EF1526 
 284 093b D3988FB1 		.ascii	"\323\230\217\261\230\353\217\245\236\326\341~\026\346"
 284      98EB8FA5 
ARM GAS  C:\Users\Luczia\AppData\Local\Temp\ccmfNqkd.s 			page 23


 284      9ED6E17E 
 284      16E6
 285 0949 C6CD990B 		.ascii	"\306\315\231\013\244(o\214O\312\257I\361'0\032!\354"
 285      A4286F8C 
 285      4FCAAF49 
 285      F127301A 
 285      21EC
 286 095b 73AA716B 		.ascii	"s\252qk\241\306F\"<N#,\274WY+\3759\305\223\250e\333"
 286      A1C64622 
 286      3C4E232C 
 286      BC57592B 
 286      FD39C593 
 287 0972 FAD0C365 		.ascii	"\372\320\303e\300'\345\200O\260\200_\\N\032\346Yg/\222"
 287      C027E580 
 287      4FB0805F 
 287      5C4E1AE6 
 287      59672F92 
 288 0986 D877DB0B 		.ascii	"\330w\333\013\245\024\350!\315\242\365Y\247\336Y\217"
 288      A514E821 
 288      CDA2F559 
 288      A7DE598F 
 289 0996 3A60728A 		.ascii	":`r\2122\251\247\021\236\224#\334nK\251zI\017\227\350"
 289      32A9A711 
 289      9E9423DC 
 289      6E4BA97A 
 289      490F97E8 
 290 09aa CBEBB21B 		.ascii	"\313\353\262\033\274'\244\272\023=\032\230\036g\322"
 290      BC27A4BA 
 290      133D1A98 
 290      1E67D2
 291 09b9 938F79E3 		.ascii	"\223\217y\343Lw\366C\351\314\241o$=.\275\316\364h\220"
 291      4C77F643 
 291      E9CCA16F 
 291      243D2EBD 
 291      CEF46890 
 292 09cd F4802D4F 		.ascii	"\364\200-O5\356i\250i$z4Q=\226-\255\032\306\202\264"
 292      35EE69A8 
 292      69247A34 
 292      513D962D 
 292      AD1AC682 
 293 09e2 E5A7FDEA 		.ascii	"\345\247\375\352-\012\235\341\311\312I\2665g9\034\307"
 293      2D0A9DE1 
 293      C9CA49B6 
 293      3567391C 
 293      C7
 294 09f3 648B5074 		.ascii	"d\213Pt;\313\366$\362&\307o\375\216\0105\226d\242\202"
 294      3BCBF624 
 294      F226C76F 
 294      FD8E0835 
 294      9664A282 
 295 0a07 6D96B0CD 		.ascii	"m\226\260\315\024{\270hh\330[\006\247\375\302\365\025"
 295      147BB868 
 295      68D85B06 
 295      A7FDC2F5 
 295      15
 296 0a18 9DA3F8FD 		.ascii	"\235\243\370\375\235i\265\032Wx\247;+j\241]\222*7ej"
 296      9D69B51A 
ARM GAS  C:\Users\Luczia\AppData\Local\Temp\ccmfNqkd.s 			page 24


 296      5778A73B 
 296      2B6AA15D 
 296      922A3765 
 297 0a2d 478F78B4 		.ascii	"G\217x\264?\036\241\3634\342\273=\266\247x\342\026v"
 297      3F1EA1F3 
 297      34E2BB3D 
 297      B6A778E2 
 297      1676
 298 0a3f CFC9E2C5 		.ascii	"\317\311\342\3054\035lN\364\320g\033\314\005~\"\311"
 298      341D6C4E 
 298      F4D0671B 
 298      CC057E22 
 298      C9
 299 0a50 F1FCF2D5 		.ascii	"\361\374\362\325H\035\3531\207X[\245X[)\221\343\315"
 299      481DEB31 
 299      87585BA5 
 299      585B2991 
 299      E3CD
 300 0a62 5583BC1A 		.ascii	"U\203\274\032\334\340\000n\223\300m\024\\\270\375\300"
 300      DCE0006E 
 300      93C06D14 
 300      5CB8FDC0 
 301 0a72 7907F03E 		.ascii	"y\007\360>\007\305/J`\362\026\226D\306\206\231\"\243"
 301      07C52F4A 
 301      60F21696 
 301      44C68699 
 301      22A3
 302 0a84 3F4834BF 		.ascii	"?H4\277\031\030\030\004\377\242\026\305,\210\2117\007"
 302      19181804 
 302      FFA216C5 
 302      2C888937 
 302      07
 303 0a95 FF253828 		.ascii	"\377%8(\336\034\264(26\310\234\020E\336F\200\006F\351"
 303      DE1CB428 
 303      3236C89C 
 303      1045DE46 
 303      800646E9 
 304 0aa9 3EFAF473 		.ascii	">\372\364s\377\017\203\2039\315\342H\3637\202\321\230"
 304      FF0F8383 
 304      39CDE248 
 304      F33782D1 
 304      98
 305 0aba 18136799 		.ascii	"\030\023g\231>\315hY\030\365v\004\355k\266$F\307\304"
 305      3ECD6859 
 305      18F57604 
 305      ED6BB624 
 305      46C7C4
 306 0acd 4758E2E3 		.ascii	"GX\342\343c\315\021_\307%\372\323/\377\310\204\305\376"
 306      63CD115F 
 306      C725FAD3 
 306      2FFFC884 
 306      C5FE
 307 0adf A6C50B4C 		.ascii	"\246\305\013L\321\321\246\350\210\031\201S\375\247M"
 307      D1D1A6E8 
 307      88198153 
 307      FDA74D
 308 0aee 0D9EF1AF 		.ascii	"\015\236\361\257\267\"\240~J\\|\234i\212)rALDL\\Tlb"
ARM GAS  C:\Users\Luczia\AppData\Local\Temp\ccmfNqkd.s 			page 25


 308      B722A07E 
 308      4A5C7C9C 
 308      698A2972 
 308      414C444C 
 309 0b06 B4296271 		.ascii	"\264)bq$\214\025g\2120F\233\026F&\306Z\214\226o\227"
 309      248C1567 
 309      8A30469B 
 309      164626C6 
 309      5A8C966F 
 310 0b1b 98CC818B 		.ascii	"\230\314\201\2138\235\354\357\237\277\253?\363\267\346"
 310      389DECEF 
 310      9FBFAB3F 
 310      F3B7E6
 311 0b2a 08A3D912 		.ascii	"\010\243\331\022\015\203\203\023}L\374\222\370\004\013"
 311      0D838313 
 311      7D4CFC92 
 311      F8040B
 312 0b39 89D068F9 		.ascii	"\211\320h\371\253+]\010\304\034\024\376\331\334\351"
 312      AB2B5D08 
 312      C41C14FE 
 312      D9DCE9
 313 0b48 D382E6CC 		.ascii	"\323\202\346\314\011\011\372h\336\307\241\377\236&K"
 313      0909FA68 
 313      DEC7A1FF 
 313      9E264B
 314 0b57 658C8D8D 		.ascii	"e\214\215\215\206\241\334\010*&Z\363\376\337\302\346"
 314      86A1DC08 
 314      2A265AF3 
 314      FEDFC2E6 
 315 0b67 68E7847E 		.ascii	"h\347\204~\370\3670\315\007\341aa\350K4[\033\025k\212"
 315      F8F730CD 
 315      07E16161 
 315      E84B345B 
 315      1B156B8A 
 316 0b7b 4C90240C 		.ascii	"L\220$\014\376\263\321\242\223?\260\331dy\347\177tk"
 316      FEB3D1A2 
 316      933FB0D9 
 316      6479E77F 
 316      746B
 317 0b8d B62C0659 		.ascii	"\266,\006Y\276^\022\023\017^qhH\030\3768$L;\357\363"
 317      BE5E1213 
 317      0F5E7168 
 317      4818FE38 
 317      244C3BEF 
 318 0ba2 792161EE 		.ascii	"y!a\356\241\341\363f\315\012\011s\013\375l\376\274Y"
 318      A1E1F366 
 318      CD0A0973 
 318      0BFD6CFE 
 318      BC59
 319 0bb4 61DAB9A1 		.ascii	"a\332\271\241!\263\302\010\243\331z\245\227\321\"\260"
 319      21B3C208 
 319      A3D97AA5 
 319      97D122B0 
 320 0bc4 A863A28D 		.ascii	"\250c\242\215\026\267\370\205\013\201\203\236\0202."
 320      16B7F885 
 320      0B81839E 
 320      10322E
ARM GAS  C:\Users\Luczia\AppData\Local\Temp\ccmfNqkd.s 			page 26


 321 0bd3 8C345B66 		.ascii	"\2144[f\032-_\374\276\202\313Z\377\321U\234\022\322"
 321      1A2D5FFC 
 321      BE82CB5A 
 321      FFD1559C 
 321      12D2
 322 0be5 9E7A8B38 		.ascii	"\236z\2138\355\307\241\220\247\223~S\236rc\340\365e"
 322      EDC7A190 
 322      A7937E53 
 322      9E7263E0 
 322      F565
 323 0bf7 428CC504 		.ascii	"B\214\305\004]<\341;\334d\201\257\271\361\321&]L\374"
 323      5D3CE13B 
 323      DC6481AF 
 323      B9F1D126 
 323      5D4CFC
 324 0c0a 6278192D 		.ascii	"bx\031-\036Q\213\302\2775\317\216\214\265h\242\026E"
 324      1E518BC2 
 324      BF35CF8E 
 324      8CB568A2 
 324      1645
 325 0c1c 26048C36 		.ascii	"&\004\2146p\202\305N$j\021pxU\236[#\350\363uB|\342\022"
 325      7082C54E 
 325      246A1170 
 325      78559E5B 
 325      23E8F375 
 326 0c34 32D61865 		.ascii	"2\326\030e\031q\236F\343\302\304\270(\2431p\346\364"
 326      19719E46 
 326      E3C2C4B8 
 326      28A33170 
 326      E6F4
 327 0c46 E9337472 		.ascii	"\3513trI\257\342\343\200yk\232\227\003=\307\306\231"
 327      49AFE2E3 
 327      80796B9A 
 327      97033DC7 
 327      C699
 328 0c58 FF05F1F5 		.ascii	"\377\005\361\365V|"
 328      567C
 329              		.text
 330              		.section	.gnu.lto_.symtab.4cdbc5bd,"",%progbits
 331 0000 70616C52 		.ascii	"palReadBus\000"
 331      65616442 
 331      757300
 332 000b 00       		.ascii	"\000"
 333 000c 00       		.ascii	"\000"
 334 000d 00       		.ascii	"\000"
 335 000e 00000000 		.ascii	"\000\000\000\000\000\000\000\000"
 335      00000000 
 336 0016 16010000 		.ascii	"\026\001\000\000"
 337 001a 70616C57 		.ascii	"palWriteBus\000"
 337      72697465 
 337      42757300 
 338 0026 00       		.ascii	"\000"
 339 0027 00       		.ascii	"\000"
 340 0028 00       		.ascii	"\000"
 341 0029 00000000 		.ascii	"\000\000\000\000\000\000\000\000"
 341      00000000 
 342 0031 1B010000 		.ascii	"\033\001\000\000"
ARM GAS  C:\Users\Luczia\AppData\Local\Temp\ccmfNqkd.s 			page 27


 343 0035 70616C53 		.ascii	"palSetBusMode\000"
 343      65744275 
 343      734D6F64 
 343      6500
 344 0043 00       		.ascii	"\000"
 345 0044 00       		.ascii	"\000"
 346 0045 00       		.ascii	"\000"
 347 0046 00000000 		.ascii	"\000\000\000\000\000\000\000\000"
 347      00000000 
 348 004e 23010000 		.ascii	"#\001\000\000"
 349 0052 63685379 		.ascii	"chSysHalt\000"
 349      7348616C 
 349      7400
 350 005c 00       		.ascii	"\000"
 351 005d 02       		.ascii	"\002"
 352 005e 00       		.ascii	"\000"
 353 005f 00000000 		.ascii	"\000\000\000\000\000\000\000\000"
 353      00000000 
 354 0067 2E010000 		.ascii	".\001\000\000"
 355 006b 5F70616C 		.ascii	"_pal_lld_setgroupmode\000"
 355      5F6C6C64 
 355      5F736574 
 355      67726F75 
 355      706D6F64 
 356 0081 00       		.ascii	"\000"
 357 0082 02       		.ascii	"\002"
 358 0083 00       		.ascii	"\000"
 359 0084 00000000 		.ascii	"\000\000\000\000\000\000\000\000"
 359      00000000 
 360 008c 34010000 		.ascii	"4\001\000\000"
 361              		.text
 362              		.section	.gnu.lto_.opts,"",%progbits
 363 0000 272D666D 		.ascii	"'-fmath-errno' '-fsigned-zeros' '-ftrapping-math' '"
 363      6174682D 
 363      6572726E 
 363      6F272027 
 363      2D667369 
 364 0033 2D666E6F 		.ascii	"-fno-trapv' '-fno-strict-overflow' '-fno-openmp' '-"
 364      2D747261 
 364      70762720 
 364      272D666E 
 364      6F2D7374 
 365 0066 666E6F2D 		.ascii	"fno-openacc' '-mcpu=cortex-m4' '-mthumb' '-O0' '-fo"
 365      6F70656E 
 365      61636327 
 365      20272D6D 
 365      6370753D 
 366 0099 6D69742D 		.ascii	"mit-frame-pointer' '-falign-functions=16' '-ffuncti"
 366      6672616D 
 366      652D706F 
 366      696E7465 
 366      72272027 
 367 00cc 6F6E2D73 		.ascii	"on-sections' '-fdata-sections' '-fno-common' '-flto"
 367      65637469 
 367      6F6E7327 
 367      20272D66 
 367      64617461 
ARM GAS  C:\Users\Luczia\AppData\Local\Temp\ccmfNqkd.s 			page 28


 368 00ff 2700     		.ascii	"'\000"
 369              		.text
 370              		.comm	__gnu_lto_v1,1,1
 371              		.comm	__gnu_lto_slim,1,1
 372              		.ident	"GCC: (GNU Tools for Arm Embedded Processors 7-2017-q4-major) 7.2.1 20170904 (release) [ARM
ARM GAS  C:\Users\Luczia\AppData\Local\Temp\ccmfNqkd.s 			page 29


DEFINED SYMBOLS
                            *ABS*:00000000 hal_pal.c
                            *COM*:00000001 __gnu_lto_v1
                            *COM*:00000001 __gnu_lto_slim

NO UNDEFINED SYMBOLS
