ARM GAS  C:\Users\Luczia\AppData\Local\Temp\ccT5Qx9t.s 			page 1


   1              		.cpu cortex-m4
   2              		.eabi_attribute 20, 1
   3              		.eabi_attribute 21, 1
   4              		.eabi_attribute 23, 3
   5              		.eabi_attribute 24, 1
   6              		.eabi_attribute 25, 1
   7              		.eabi_attribute 26, 1
   8              		.eabi_attribute 30, 6
   9              		.eabi_attribute 34, 1
  10              		.eabi_attribute 18, 4
  11              		.file	"nvic.c"
  12              		.section	.gnu.lto_.inline.4cdbfd5b,"",%progbits
  13 0000 789C6363 		.ascii	"x\234cc``\010d@\000\026\006\006^\036\006\006&\261\003"
  13      60600864 
  13      40001606 
  13      065E1E06 
  13      0626B103 
  14 0014 BB19811C 		.ascii	"\273\031\201\034&\220\030#\003\007;P\210gC.L\204\211"
  14      26901823 
  14      03073B50 
  14      8867432E 
  14      4C8489
  15 0027 81531048 		.ascii	"\201S\020Hr=\210\205\213p\203\324\2610\260\263\241\212"
  15      723D8885 
  15      8B7083D4 
  15      B130B0B3 
  15      A18A
  16 0039 33000020 		.ascii	"3\000\000 0\006)"
  16      300629
  17              		.text
  18              		.section	.gnu.lto_nvicEnableVector.4cdbfd5b,"",%progbits
  19 0000 789C8592 		.ascii	"x\234\205\222\317KTQ\024\307\357\367\235\367c~9\213"
  19      CF4B5451 
  19      14C7EFF7 
  19      9DF7637E 
  19      398B
  20 0012 A04520E5 		.ascii	"\240E \345\"\0207>\206 \012\332D\320\316M\377A\315\306"
  20      2210373E 
  20      86200ADA 
  20      44D0CE4D 
  20      FF41CDC6 
  21 0026 819C110D 		.ascii	"\201\234\021\015i\347s\264Q\313E\220\2434\274b\"-!l"
  21      69E773B4 
  21      51CB4590 
  21      A334BC62 
  21      222D216C 
  22 003a 922CD3AC 		.ascii	"\222,\323\254\246\311\374AH\024\322\276\222\002!)q\221"
  22      A6C9FC41 
  22      4814D2BE 
  22      92022129 
  22      7191
  23 004c A0D639EF 		.ascii	"\240\3269\357\215\025\214\322e\336\235\363\353{\357"
  23      8D158CD2 
  23      65DE9DF3 
  23      EB7BEF
  24 005b F99CF74C 		.ascii	"\371\234\367L\245\324\022)u\202\377\367\363\243HAS\374"
  24      A5D41229 
ARM GAS  C:\Users\Luczia\AppData\Local\Temp\ccT5Qx9t.s 			page 2


  24      7582FFF7 
  24      F3A34841 
  24      53FC
  25 006d 00EC40B5 		.ascii	"\000\354@\265khG\037\365\023J\335_&\265\272\273\016"
  25      6B68471F 
  25      F5134ADD 
  25      5F26B5BA 
  25      BB0E
  26 007f AFE2E0DA 		.ascii	"\257\342\340\332\001g\244\010\227\205\003\244\274\205"
  26      0167A408 
  26      978503A4 
  26      BC85
  27 008d 87A8E3AA 		.ascii	"\207\250\343\252w]\017\\\272B.\001:\273?\026s\237\243"
  27      775D0F5C 
  27      BA422E01 
  27      3ABB3F16 
  27      739FA3
  28 00a0 E26AA861 		.ascii	"\342j\250aw\313\351\037\210\322Q(\266\227\337\334\276"
  28      77CBE91F 
  28      88D25128 
  28      B697DFDC 
  28      BE
  29 00b1 6AD50E3B 		.ascii	"j\325\016;N\332)\316\014\221s\330%\302c\020\037\210"
  29      4EDA29CE 
  29      0C9173D8 
  29      25C26310 
  29      1F88
  30 00c3 47A8C638 		.ascii	"G\250\3068\252\025\207\024&P\313\345\367\322_\277\021"
  30      AA158714 
  30      2650CBE5 
  30      F7D25FBF 
  30      11
  31 00d4 1DF3A49F 		.ascii	"\035\363\244\237\346?\366\033e\351\362pY\372d\027\351"
  31      E63FF61B 
  31      65E9F270 
  31      59FA6417 
  31      E9
  32 00e5 246ABDFA 		.ascii	"$j\275\372\261\355l\225\251\373\275b\012\246\022\270"
  32      B1ED6C95 
  32      A9FBBD62 
  32      0AA612B8 
  33 00f5 C27BA3E8 		.ascii	"\302{\243\350l\377\352v\212Kw0xz\037X\243k\274\031$"
  33      6CFFEA76 
  33      8A4B7730 
  33      787A1F58 
  33      A36BBC19 
  34 010a 96CE9B69 		.ascii	"\226\316\233i\210k\212e\361f\005\304\012J,$VXb\021\310"
  34      886B8A65 
  34      F16605C4 
  34      0A4A2C24 
  34      56586211 
  35 011f 3551489F 		.ascii	"5QH\237J\365x\343\350%\236!\255 \275\326\275U\010\311"
  35      4AF578E3 
  35      E8259E21 
  35      AD20BDD6 
  35      BD5508C9 
  36 0133 8D39428E 		.ascii	"\2159B\216\"\212C\353\363\226\037\320\270\263\361[\253"
ARM GAS  C:\Users\Luczia\AppData\Local\Temp\ccT5Qx9t.s 			page 3


  36      228A43EB 
  36      F3961FD0 
  36      B8B3F15B 
  36      AB
  37 0144 3F23321F 		.ascii	"?#2\037\003N\251\323\211\342)\267\276\202\316\357\231"
  37      034EA9D3 
  37      89E229B7 
  37      BE82CEEF 
  37      99
  38 0155 EB865F45 		.ascii	"\353\206_E\254\374w\256\026tL{E\245\245\313\033$E\234"
  38      ACFC77AE 
  38      16744C7B 
  38      45A5A5CB 
  38      1B24459C 
  39 0169 1EB8547A 		.ascii	"\036\270Tzk\371\347\010\360tiq\326\314\343f\007\277"
  39      6BF9E708 
  39      F0746971 
  39      D6CCE366 
  39      07BF
  40 017b ACFC4197 		.ascii	"\254\374A\227\002|\033\236\261J\222\037&\246&\252\354"
  40      027C1B9E 
  40      B14A921F 
  40      26A626AA 
  40      EC
  41 018c 51A7ABC3 		.ascii	"Q\247\253\303\251q)\210\347\310#\353\265\315\311\215"
  41      A9712988 
  41      E7C823EB 
  41      B5CDC98D 
  42 019c F5E1AC1E 		.ascii	"\365\341\254\036+H2\237t)\204\027\260s\024\365\336p"
  42      2B48329F 
  42      74298417 
  42      B07314F5 
  42      DE70
  43 01ae 1131EE47 		.ascii	"\0211\356G\332\333\314\334\030\033\321\374\006uN\263"
  43      DADBCCDC 
  43      181BD1FC 
  43      06754EB3 
  44 01be F0DAD0FD 		.ascii	"\360\332\320\375\311*\351\300\304!\274\364\032\374\213"
  44      C92AE9C0 
  44      C421BCF4 
  44      1AFC8B
  45 01cd 6AEC70AD 		.ascii	"j\354p\255ez\313\\\246/[\030\232\332\214\370\\\006J"
  45      657ACB5C 
  45      A62F5B18 
  45      9ADA8CF8 
  45      5C064A
  46 01e0 3BF00B65 		.ascii	";\360\013e\235%#\232\231\313\004\374\012\340\025\252"
  46      9D25239A 
  46      99CB04FC 
  46      0AE015AA 
  47 01f0 F9C632BC 		.ascii	"\371\3062\274Q\206\337\205\326\330\2036\214\031\217"
  47      5186DF85 
  47      D6D88336 
  47      8C198F
  48 01ff 1695B46D 		.ascii	"\026\225\264m.E\360ZhM\217vVh-\237v\364\017-\237\035"
  48      2E45F05A 
  48      684D8F76 
ARM GAS  C:\Users\Luczia\AppData\Local\Temp\ccT5Qx9t.s 			page 4


  48      56682D9F 
  48      76F40F2D 
  49 0215 ADC00B56 		.ascii	"\255\300\013V\342\205\244\256\202'\354\003\004\376\017"
  49      E285A4AE 
  49      8227EC03 
  49      04FE0F
  50 0224 10DC1360 		.ascii	"\020\334\023`\316\003\320\366\000\230\027\200\220\007"
  50      CE03D0F6 
  50      00981780 
  50      9007
  51 0232 B0200061 		.ascii	"\260 \000a\265\212t\276\320\007\357\263\227\325#\360"
  51      B58A74BE 
  51      D007EFB3 
  51      97D523F0 
  52 0242 2C3F525F 		.ascii	",?R_o\363/\336\2308\227H\265\306\216\307\354T\253\335"
  52      6FF32FDE 
  52      98389748 
  52      B5C68EC7 
  52      EC54ABDD 
  53 0256 78F6BCDD 		.ascii	"x\366\274\335\234j\271\320j\307SMM\251\244}\362L\303"
  53      9C6AB9D0 
  53      6AC7534D 
  53      4DA9A47D 
  53      F24CC3
  54 0269 A9868B76 		.ascii	"\251\206\213v\262-\021\257\217+$\365\346\226D\3527\027"
  54      B22D11AF 
  54      8F2B24F5 
  54      E69644EA 
  54      3717
  55 027b 1C3DAE   		.ascii	"\034=\256"
  56              		.text
  57              		.section	.gnu.lto_nvicDisableVector.4cdbfd5b,"",%progbits
  58 0000 789C7552 		.ascii	"x\234uRAk\023A\030\235\267\337\356\246\266&7\301C\260"
  58      416B1341 
  58      189DB7DF 
  58      EEA6B626 
  58      37C143B0 
  59 0014 3D08A597 		.ascii	"=\010\245\227,AP<\212\340\255\027\377\201\346\322\200"
  59      2C41503C 
  59      8AE0AD17 
  59      FF81E6D2 
  59      80
  60 0025 CD8A91E2 		.ascii	"\315\212\221\342\255\323\244M[kA\260\211\020\026\211"
  60      ADD3A44D 
  60      5B6B41B0 
  60      89101689 
  61 0035 986241B4 		.ascii	"\230bA\264J\2431\261\352\272\026m\321 \212\372\003l"
  61      4AA331B1 
  61      EABA166D 
  61      D1208AFA 
  61      036C
  62 0047 11E9A1A8 		.ascii	"\021\351\241\250\344`\241V\277\231\315AP\207\335\331"
  62      E460A156 
  62      BF99CD41 
  62      5087DDD9 
  63 0057 793B6FDF 		.ascii	"y;o\337{\337|k\013!f\015!\216\360s\037\337\202\004\030"
  63      7BDF7C6B 
ARM GAS  C:\Users\Luczia\AppData\Local\Temp\ccT5Qx9t.s 			page 5


  63      0B21660D 
  63      218EF073 
  63      1FDF8204 
  64 006c C2001840 		.ascii	"\302\000\030@\214\032\030\305%\232#\004\223\237\033"
  64      8C1A18C5 
  64      259A2304 
  64      939F1B
  65 007b C6C04DC9 		.ascii	"\306\300M\311\303\277Z\263\013rb\277GB\224H\350\201"
  65      C3BF5AB3 
  65      0B7262BF 
  65      47429448 
  65      E881
  66 008d 250C30EB 		.ascii	"%\0140\353\355\370]\217f\310#\300d\370\255U^\217)h\240"
  66      EDF85D8F 
  66      66C823C0 
  66      64F8AD55 
  66      5E8F2968 
  67 00a2 8FE14F39 		.ascii	"\217\341O9W\212\321a\010^o\274\272q9\322?/eN\372\257"
  67      578AD161 
  67      085E6FBC 
  67      BA7139D2 
  67      3F2F654E 
  68 00b8 AB240F7A 		.ascii	"\253$\017zDx\000bA\334G\0345\304\005\277\022\250\243"
  68      44780062 
  68      41DC471C 
  68      35C405BF 
  68      12A8A3
  69 00cb 5FF13FDD 		.ascii	"_\361?\335\333-Fm34\304C\330B%\\|g\371r\367\327\244"
  69      DB2D466D 
  69      3334C443 
  69      D842255C 
  69      7C67F972 
  70 00e2 F437AAF8 		.ascii	"\3647\252\370p\242\033\374\215i\360d\221Z\231<\331\226"
  70      70A21BFC 
  70      8D69F064 
  70      915A993C 
  70      D996
  71 00f4 8236B490 		.ascii	"\2026\264\220\230\322y\247\211\213\244M\344w\012\255"
  71      98D279A7 
  71      898BA44D 
  71      E4770AAD 
  72 0104 A50543C9 		.ascii	"\245\005C\311\225\011e\262\331\350J\365N#\2522\233\350"
  72      950965B2 
  72      D9E84AF5 
  72      4E23AA32 
  72      9BE8
  73 0116 4583536C 		.ascii	"E\203Sl\"\327^\215\204\034\203\011\265\353[?\366*\202"
  73      22D75E8D 
  73      841C8309 
  73      B5EB5B3F 
  73      F62A82
  74 0129 0519E465 		.ascii	"\005\031\344e\014MM\312\177/L[!\213B\245\265jsG\023"
  74      0C4D4DCA 
  74      7F2F4C5B 
  74      218B42A5 
  74      B56A7347 
  75 013e 6D587814 		.ascii	"mXx\024\222\276\026\326:R\352|j+/\013]!\003XF\234C0"
ARM GAS  C:\Users\Luczia\AppData\Local\Temp\ccT5Qx9t.s 			page 6


  75      92BE16D6 
  75      3A52EA7C 
  75      6A2B2F0B 
  75      5D210358 
  76 0156 29787F71 		.ascii	")x\177q[+1\2434\021\274\211\204f\352\024\226\203\326"
  76      5B2B31A3 
  76      3411BC89 
  76      8466EA14 
  76      9683D6
  77 0169 0BBB826B 		.ascii	"\013\273\202kc\334\206\312\001\217\"\034\011\217YZm"
  77      63DC86CA 
  77      018F221C 
  77      098F595A 
  77      6D
  78 017a 7EAC37EB 		.ascii	"~\2547\353Q\347\266\034\037\223}\036u\341\011*(\352"
  78      51E7B61C 
  78      1F937D1E 
  78      75E1092A 
  78      28EA
  79 018c 7A7973BB 		.ascii	"zys\273=_4\223\213j\2632\342\321\036<\205\303Iu\357"
  79      3D5F3493 
  79      8B6AB332 
  79      E2D11E3C 
  79      85C34975 
  80 01a1 7C24398F 		.ascii	"|$9\217.\364\313\302:\302|V\247\256\240\275\332\333"
  80      2EF4CBC2 
  80      3AC27C56 
  80      A7AEA0BD 
  80      DADB
  81 01b3 09F30F77 		.ascii	"\011\363\017w\353?\356\335x\246\335\361\267{\306\243"
  81      EB3FEEDD 
  81      78A6DDF1 
  81      B77BC6A3 
  82 01c3 1E04CADD 		.ascii	"\036\004\312\335\326\356\317\221\374\263\320\036\010"
  82      D6EECF91 
  82      FCB3D01E 
  82      08
  83 01d0 ACB0E616 		.ascii	"\254\260\346\026r\225[\263:\214\376\303\246\224\026"
  83      72955BB3 
  83      3A8CFEC3 
  83      A69416
  84 01df B7ED5022 		.ascii	"\267\355P\"\341\360\225\032J\237N\273\331\344\321\244"
  84      E1F0951A 
  84      4A9F4EBB 
  84      D9E4D1A4 
  85 01ef E3669DA1 		.ascii	"\343f\235\241Sg\234\263\356\271\363Y'\345\016\017\273"
  85      53679CB3 
  85      EEB9F359 
  85      27E50E0F 
  85      BB
  86 0200 19E7D8C9 		.ascii	"\031\347\330\311\301\343\203\027\234\314H:\225H\011"
  86      C1E38317 
  86      9CCC483A 
  86      954809
  87 020f 647E0332 		.ascii	"d~\0032J\332\006"
  87      4ADA06
  88              		.text
ARM GAS  C:\Users\Luczia\AppData\Local\Temp\ccT5Qx9t.s 			page 7


  89              		.section	.gnu.lto_nvicSetSystemHandlerPriority.4cdbfd5b,"",%progbits
  90 0000 789C6D52 		.ascii	"x\234mR\317O\023Q\020~\337\316\356v\005!\036\211\341"
  90      CF4F1351 
  90      107EDFCE 
  90      EE760521 
  90      1E89E1
  91 0013 D08309E1 		.ascii	"\320\203\011\341\302\332\230\230x1Q/^\270\370\037`5"
  91      C2DA9898 
  91      7831512F 
  91      5EB8F81F 
  91      6035
  92 0025 A109B484 		.ascii	"\241\011\264\204\032\343\255\257\277\240\250\361\"T"
  92      1AE3ADAF 
  92      BFA0A8F1 
  92      2254
  93 0033 5237A607 		.ascii	"R7\246\007\033\016\306\240A\305B\201R\224pA\0031F\361"
  93      1B0EC6A0 
  93      41C54281 
  93      52947041 
  93      033146F1 
  94 0047 E42F4C08 		.ascii	"\344/L\010\020\225\036D#:\357\265&\034|\331}og\3367"
  94      10951E44 
  94      233AEFB5 
  94      261C7CD9 
  94      7D6F67DE 
  95 005c 33DF37B3 		.ascii	"3\3377\263\266\020b\336\020\3424\237G\371\025\266\000"
  95      B61062DE 
  95      10E2349F 
  95      47F915B6 
  95      00
  96 006d 9B3040BC 		.ascii	"\2330@\274\223a\012!\015\2137\323\004\037\260\000\006"
  96      93610A21 
  96      0D8B37D3 
  96      041FB000 
  96      06
  97 007e 41C40C32 		.ascii	"A\304\0142-\304p\235\206\011\225\301\365\242\321>&y"
  97      2DC4709D 
  97      860995C1 
  97      F5A2D13E 
  97      2679
  98 0090 956F55ED 		.ascii	"\225oU\355\001\231n\3618<KB/L\240\235Q+\251\007\036"
  98      01996EF1 
  98      383C4B42 
  98      2F4CA09D 
  98      512BA907 
  99 00a5 5D238F00 		.ascii	"]#\217\000\223\315o\313\271\217\315\3124\340g3ys\266"
  99      93CD6FCB 
  99      B98FCDCA 
  99      34E06733 
  99      7973B6
 100 00b8 E4D07108 		.ascii	"\344\320q\010\376^\235\030=\333V\2202!\313\237\012$"
 100      FE5E9D18 
 100      3DDB5690 
 100      3221CB9F 
 100      0A24
 101 00ca 8F784478 		.ascii	"\217xDx\002\342|x\214V<B\253`\227\300$\332\030}/\361"
 101      02E27C78 
ARM GAS  C:\Users\Luczia\AppData\Local\Temp\ccT5Qx9t.s 			page 8


 101      8C563C42 
 101      AB6097C0 
 101      24DA187D 
 102 00e0 658BE8A4 		.ascii	"e\213\350\244\216\374\260\364~\330\252\207V\307\352"
 102      8EFCB0F4 
 102      7ED8AA87 
 102      56C7EA
 103 00ef A14FFF13 		.ascii	"\241O\377\023ZD\233\306?\334\033i\262\315\374?\266\230"
 103      5A449BC6 
 103      3FDC1B69 
 103      B2CDFC3F 
 103      B698
 104 0101 0237804F 		.ascii	"\0027\200O\366\214\257Ze\271\367g\220I\264\254\3558"
 104      F68CAF5A 
 104      65B9F767 
 104      9049B4AC 
 104      ED38
 105 0113 0DE048D3 		.ascii	"\015\340H\323\340\315\"\365\305\235\340\372\016t*\221"
 105      E0CD22F5 
 105      C59DE0FA 
 105      0E742A91 
 106 0123 D15A33C4 		.ascii	"\321Z3\304\275\243!. \3503Ro\026\326o\333*e\216,.\366"
 106      BDA3212E 
 106      20E83352 
 106      6F16D66F 
 106      DB2A658E 
 107 013a EBC78B19 		.ascii	"\353\307\213\031\237RLh\30443Qk\210\270\305\264\211"
 107      9F524C68 
 107      C4343351 
 107      6B88B8C5 
 107      B489
 108 014c 945FD766 		.ascii	"\224_\327fX\261\270\371\316\027\373-\035\217\354,)2"
 108      58B1B8F9 
 108      CE17FB2D 
 108      1D8FEC2C 
 108      2932
 109 015e 25C4D445 		.ascii	"%\304\324E6]y\251\343}Zk\362\347\334N3\343\270\327>"
 109      365D79A9 
 109      E37D5A6B 
 109      F2E7DC4E 
 109      33E3B8D7 
 110 0173 2540F976 		.ascii	"%@\371vW\2662\215y\334\211\037\362\310\301,\017hF\325"
 110      57B6328D 
 110      79DC891F 
 110      F2C8C12C 
 110      0F6846D5 
 111 0187 51E8BB13 		.ascii	"Q\350\273\023i0zTJ\277\3120\207<jj\313\210yt@S\341\011"
 111      69307A54 
 111      4ABFCA30 
 111      873C6A6A 
 111      CB887974 
 112 019f D30612DF 		.ascii	"\323\006\022\337\007\227\213%\324\210#G\216`_u\251\256"
 112      07978B25 
 112      D4882347 
 112      8E605F75 
 112      A9AE
 113 01b1 C4E064F1 		.ascii	"\304\340d\361bi\330RL,\310\265\244l\306<W\331@\362\353"
ARM GAS  C:\Users\Luczia\AppData\Local\Temp\ccT5Qx9t.s 			page 9


 113      6269D852 
 113      4C2CC8B5 
 113      A46CC63C 
 113      57D940F2 
 114 01c6 C0AE5543 		.ascii	"\300\256UC\021G\356\237y\003LT4\250\362\352\352[\015"
 114      1147EE9F 
 114      79034C54 
 114      34A8F2EA 
 114      EA5B0D
 115 01d9 DAAFC8D2 		.ascii	"\332\257\310\322\212J\225\345E[\261\347\037)\177\330"
 115      8A4A95E5 
 115      455BB1E7 
 115      1F297FD8 
 116 01e9 A346AE86 		.ascii	"\243F\256\206\205\272\200\327\223S\223M\356}\231\212"
 116      85BA80D7 
 116      9353934D 
 116      EE7D998A 
 117 01f9 2B0107F1 		.ascii	"+\001\007\361\214\005\214\350\256+\335\325\302\210\031"
 117      8C058CE8 
 117      AE2BDDD5 
 117      C28819
 118 0208 185797F9 		.ascii	"\030W\227\371\260GMx\0167\247\344p\367\026\021`>b\033"
 118      B0474D78 
 118      0E37A7E4 
 118      70F71611 
 118      603E621B 
 119 021c 89FCF48D 		.ascii	"\211\374\364\215\232\346\332\254\270\265<\256c\035\035"
 119      9AE6DAAC 
 119      B8B53CAE 
 119      631D1D
 120 022b 2E3FC1EE 		.ascii	".?\301\356\320\371P$\0328\021p#Q\267\273\253\307\355"
 120      D0F95024 
 120      1A381170 
 120      2351B7BB 
 120      ABC7ED
 121 023e 8BF45F8A 		.ascii	"\213\364_\212\272\301Hoo$\354\236:\327y\246\363\212"
 121      BAC1486F 
 121      6F24EC9E 
 121      3AD779A6 
 121      F38A
 122 0250 1BBE1C0A 		.ascii	"\033\276\034\012v\004\205\257\273+|\241\347b\277\331"
 122      760485AF 
 122      BB2B7CA1 
 122      E762BFD9 
 123 0260 D71F8AFC 		.ascii	"\327\037\212\374\005\026I\353D"
 123      051649EB 
 123      44
 124              		.text
 125              		.section	.gnu.lto___func__.8345.4cdbfd5b,"",%progbits
 126 0000 789C6363 		.ascii	"x\234cc``\020\005by\006\010\230\302\314\370\341\361"
 126      60601005 
 126      62790608 
 126      98C2CCF8 
 126      E1F1
 127 0012 9CCB4C8A 		.ascii	"\234\313L\212L\363\0338\3460300nfTd\220\315+\313L\016"
 127      4CF31B38 
 127      E6303330 
ARM GAS  C:\Users\Luczia\AppData\Local\Temp\ccT5Qx9t.s 			page 10


 127      306E6654 
 127      6490CD2B 
 128 0029 4E2D09AE 		.ascii	"N-\011\256,.I\315\365H\314K\311I-\012(\312\314/\312"
 128      2C2E49CD 
 128      F548CC4B 
 128      C9492D0A 
 128      28CACC2F 
 129 003e 2CA96400 		.ascii	",\251d\000\000\346\363\022t"
 129      00E6F312 
 129      74
 130              		.text
 131              		.section	.gnu.lto_nvicClearPending.4cdbfd5b,"",%progbits
 132 0000 789C3551 		.ascii	"x\2345Q\315k\023Q\020\237\337\316~X0\271\011\036\202"
 132      CD6B1351 
 132      109FDFCE 
 132      7E5830B9 
 132      091E82
 133 0013 F6209422 		.ascii	"\366 \224\"d\011\202\342Q<x\352\305\377@si\300f\305"
 133      640982E2 
 133      513C78EA 
 133      C5FF4073 
 133      69C066C5 
 134 0027 48F1D6D7 		.ascii	"H\361\326\327\264MZ-Xh\223BXd\245)\342A\253X\215I\253"
 134      B44D5A2D 
 134      58689342 
 134      5864A529 
 134      E241AB58 
 135 003e 86454491 		.ascii	"\206ED\221\"\025\361\344I\245\240\207\242\245\007\205"
 135      2215F1E4 
 135      49A5A087 
 135      A2A50785 
 136 004e 7E38EFAD 		.ascii	"~8\357\255\035\366\315\276\231\371\315o>\236KD\260\210"
 136      1DF6CDBE 
 136      99F9CD6F 
 136      3E9E4B44 
 136      B088
 137 0060 CEC8FF88 		.ascii	"\316\310\377\210\034bc\302\002t\204F,\214`\232\347\030"
 137      1C6263C2 
 137      02748446 
 137      2C8C609A 
 137      E718
 138 0072 7175A36D 		.ascii	"qu\243m\365\337S\"\335\371\216WQ\023GC&\2523\031\301"
 138      F5DF5322 
 138      DDF98E57 
 138      51134743 
 138      26AA3319 
 139 0087 13F40B6A 		.ascii	"\023\364\013j}\374Q\310\2678d\300\026\363\367Z\343["
 139      7DFC51C8 
 139      B73864C0 
 139      16F3F75A 
 139      E35B
 140 0099 5A9B167A 		.ascii	"Z\233\026z\305\334Us\3654\237\006\311\375\373\373\205"
 140      C5DC5573 
 140      F5349F06 
 140      C9FDFBFB 
 140      85
 141 00aa 19AF6F51 		.ascii	"\031\257oQ\251\262\352\276n\262:\0212\343\031X\010\361"
ARM GAS  C:\Users\Luczia\AppData\Local\Temp\ccT5Qx9t.s 			page 11


 141      A9B2EABE 
 141      6EB23A11 
 141      32E31958 
 141      08F1
 142 00bc 14192C23 		.ascii	"\024\031,#C\342\"\264\320\247\361_\037\357\325R\256"
 142      43E222B4 
 142      D0A7F15F 
 142      1FEFD552 
 142      AE
 143 00cd 9D14C473 		.ascii	"\235\024\304s\270\244;\\\372\350t\325\336~Uu\2774\261"
 143      B8A43B5C 
 143      FAE874D5 
 143      DE7E5575 
 143      BF34B1
 144 00e0 7EA10792 		.ascii	"~\241\007\222c[\242\034\026%p1\035\255\\\030\"\2324"
 144      635BA21C 
 144      16257031 
 144      1DAD5C18 
 144      229A34
 145 00f3 FD4EB10C 		.ascii	"\375N\261\014\311?1\266S\331]\211,M\327`4\330\225B\263"
 145      C93F31B6 
 145      53D95D89 
 145      2C4DD760 
 145      34D89542 
 146 0108 CD87ED94 		.ascii	"\315\207\355\224\356\331\306q\264\245\013\201\375\252"
 146      EED9C671 
 146      B4A50B81 
 146      FDAA
 147 0116 DCF71290 		.ascii	"\334\367\022\220\205\223\031\201\212\263\274\375\366"
 147      85931981 
 147      8AB3BCFD 
 147      F6
 148 0123 BF4FAF67 		.ascii	"\277O\257g\371\356\346\237\303:\313\205\212\307T\032"
 148      F9EEE69F 
 148      C33ACB85 
 148      8AC7541A 
 149 0133 9D2473AB 		.ascii	"\235$s\2532\345$(;\241\177\327\354\354\030\240\003\007"
 149      32E52428 
 149      3BA17FD7 
 149      ECEC18A0 
 149      0307
 150 0145 2B0654DE 		.ascii	"+\006T\336\252\036\320;RA<\361\247\233?L\232$\324'\342"
 150      AA1ED03B 
 150      52413CF1 
 150      A79B3F4C 
 150      9A24D427 
 151 015a 0F5EC2AC 		.ascii	"\017^\302\254\367\260\032\257\275q#\334\031\225\207"
 151      F7B01AAF 
 151      BD7123DC 
 151      199587
 152 0169 888E85EC 		.ascii	"\210\216\205\354I}\254\012\217\016~nuZ)\377\201\032"
 152      497DAC0A 
 152      8F0E7E6E 
 152      755A29FF 
 152      811A
 153 017b 1F55BD21 		.ascii	"\037U\275!\037\302\013D\250\231\211%\370w{\261f\347"
 153      1FC20B44 
ARM GAS  C:\Users\Luczia\AppData\Local\Temp\ccT5Qx9t.s 			page 12


 153      A8998925 
 153      F8777BB1 
 153      66E7
 154 018d 9674301A 		.ascii	"\226t0\032\016\271\007/\341K[\346\365^!'\305i\023\345"
 154      0EB9072F 
 154      E14B5BE6 
 154      F55E2127 
 154      C56913E5 
 155 01a1 68E136CC 		.ascii	"h\3416\314z\265L\312\244$\253:\225\315\372\362\345\007"
 155      7AB54CCA 
 155      A424AB3A 
 155      95CDFAF2 
 155      E507
 156 01b3 0B970B41 		.ascii	"\013\227\013A)w6\347\007%\177\360\322\025\377jp\355"
 156      297736E7 
 156      07257FF0 
 156      D215FF6A 
 156      70ED
 157 01c5 7AC9CF07 		.ascii	"z\311\317\007CCA\321?wq\340\374\300\015\2778\\\310g"
 157      434341D1 
 157      3F7771E0 
 157      FCC00DBF 
 157      385CC867 
 158 01d9 F384E23F 		.ascii	"\363\204\342?[\014\253\016"
 158      5B0CAB0E 
 159              		.text
 160              		.section	.gnu.lto_.symbol_nodes.4cdbfd5b,"",%progbits
 161 0000 789C6363 		.ascii	"x\234cc``\310\001b\006\246\023L\365\014\014\023\316"
 161      6060C801 
 161      6206A613 
 161      4CF50C0C 
 161      13CE
 162 0012 313000A9 		.ascii	"10\000\251]\215\216@\221\223L\365\214\250\"\247\230"
 162      5D8D8E40 
 162      91934CF5 
 162      8CA822A7 
 162      98
 163 0023 EA995044 		.ascii	"\352\231PDX\317214(1003\235f\252gF\221b<\303T\317\002"
 163      58CF3231 
 163      34283130 
 163      30339D66 
 163      AA674691 
 164 003d 16616068 		.ascii	"\026a`hhp\000\251ae8\374\340\037#\003\000\346\177\033"
 164      687000A9 
 164      616538FC 
 164      E01F2303 
 164      00E67F1B 
 165 0051 24       		.ascii	"$"
 166              		.text
 167              		.section	.gnu.lto_.refs.4cdbfd5b,"",%progbits
 168 0000 789C6363 		.ascii	"x\234cc```\003bF&&f&\006\000\000\303\000\027"
 168      60606003 
 168      62462626 
 168      66260600 
 168      00C30017 
 169              		.text
 170              		.section	.gnu.lto_.decls.4cdbfd5b,"",%progbits
ARM GAS  C:\Users\Luczia\AppData\Local\Temp\ccT5Qx9t.s 			page 13


 171 0000 789CBD58 		.ascii	"x\234\275XkPU\327\025\276\373\354\013\\\336\026\231"
 171      6B5055D7 
 171      15BEFBEC 
 171      0B5CDE16 
 171      99
 172 0011 C6A664C6 		.ascii	"\306\246d\306I\315\310\217\004\360\221I\332\037m\010"
 172      49CDC88F 
 172      04F09149 
 172      DA1F6D08 
 173 0021 6AE58789 		.ascii	"j\345\207\211sI\234i\313\224 \\#\011B\012\330\321_="
 173      73499C69 
 173      CB94205C 
 173      2309420A 
 173      D8D15F3D 
 174 0035 BC144409 		.ascii	"\274\024D\011(\202\362\010\010\370 \370\"\010(\210^"
 174      2882F208 
 174      08F820F8 
 174      22082888 
 174      5E
 175 0046 90972060 		.ascii	"\220\227 `PP\220\227\010\210\210\362R\020D\351\332\217"
 175      50509097 
 175      088888F2 
 175      521044E9 
 175      DA8F
 176 0058 C33D1CB8 		.ascii	"\303=\034\2706\235\351\364\214\213}\326\331\337^\373"
 176      369DE9F4 
 176      8C8B7DD6 
 176      D9DF5EFB 
 177 0068 DB6BEDBD 		.ascii	"\333k\355\275\366\272\232\252T\252mo\253T\026X\245\272"
 177      F6BA9AAA 
 177      54AA6D6F 
 177      AB541658 
 177      A5BA
 178 007a 8B54AA59 		.ascii	"\213T\252YxL\341[\231\312\360\230\200T\203\324\201\324"
 178      784CE15B 
 178      99CAF098 
 178      805483D4 
 178      81D4
 179 008c 833482B4 		.ascii	"\2034\202\264\201\000\\\365@5\377\371\036>ZC\373\025"
 179      81005CF5 
 179      4035FFF9 
 179      1E3E5A43 
 179      FB15
 180 009e 881D883D 		.ascii	"\210\035\210=\210\036\304\001\344C\350[\011\355_@\326"
 180      881EC401 
 180      E443E85B 
 180      09ED5F40 
 180      D6
 181 00af C0FB0CB4 		.ascii	"\300\373\014\264/A\254\340\335\022\004(\250V@\353\002"
 181      2F41ACE0 
 181      DD120428 
 181      A85640EB 
 181      02
 182 00c0 F23BC4EC 		.ascii	"\362;\304\354W\253\026>I\320a\265\310\034+\371\034\222"
 182      57AB163E 
 182      49D061B5 
 182      C81C2BF9 
ARM GAS  C:\Users\Luczia\AppData\Local\Temp\ccT5Qx9t.s 			page 14


 182      1C92
 183 00d2 7DC9AE34 		.ascii	"}\311\2564\217@0\210\315\201\370z\224O\012t\330\030"
 183      8F403088 
 183      CD81F87A 
 183      944F0A74 
 183      D818
 184 00e4 E1BF07FA 		.ascii	"\341\277\007\372\366\202D\201\364\200\336\312\327\022"
 184      F6824481 
 184      F480DECA 
 184      D712
 185 00f2 01FA56C4 		.ascii	"\001\372V\304\346 vw 6W\375\033\374T\3159\364,\302A"
 185      E6207677 
 185      203657FD 
 185      1BFC54CD 
 185      39F42CC2 
 186 0107 7AD20160 		.ascii	"z\322\001`ad\235\177\345k\225\257\223\330s\341m\343"
 186      61649D7F 
 186      E56B95AF 
 186      93D873E1 
 186      6DE3
 187 0119 22F61230 		.ascii	"\"\366\0220\312=\370 I\335\205:\010\004-A\210\243\345"
 187      CA3DF820 
 187      49DD853A 
 187      08042D41 
 187      88A3E5
 188 012c 0FD167A5 		.ascii	"\017\321g\245\207\3643\200\200\244N\206R\016\243}\210"
 188      87F43380 
 188      80A44E86 
 188      520EA37D 
 188      88
 189 013d 89A03260 		.ascii	"\211\2402`\015#dVe\203\021}T\224\212\234\013e\306\351"
 189      0D236456 
 189      6583117D 
 189      54948A9C 
 189      0B65C6E9 
 190 0151 21C3F468 		.ascii	"!\303\364h\016#\341eV\321\334\240\205\354Tl\177\021"
 190      0E23E165 
 190      56D1DCA0 
 190      85EC546C 
 190      7F11
 191 0163 27340FED 		.ascii	"'4\017\355?k\325\215:\001\012\341\213\323@\274\340k"
 191      3F6BD58D 
 191      3A010AE1 
 191      8BD340BC 
 191      E06B
 192 0175 CAED9E2C 		.ascii	"\312\355\236,\001\013\364=w\250\346\2715^J\337\303\222"
 192      010BF43D 
 192      77A8E6B9 
 192      355E4ADF 
 192      C392
 193 0187 DA9F5B3A 		.ascii	"\332\237[:\235\026\331\243\211\305*T\210\260\344\320"
 193      9D16D9A3 
 193      89C52A54 
 193      88B0E4D0 
 194 0197 8E9A9C5C 		.ascii	"\216\232\234\\\034\203\321J\013D8\330\302\247sC\227"
 194      1C83D14A 
 194      0B4438D8 
ARM GAS  C:\Users\Luczia\AppData\Local\Temp\ccT5Qx9t.s 			page 15


 194      C2A77343 
 194      97
 195 01a8 A6ACD927 		.ascii	"\246\254\331'\202h\372~,\333\014\177N\337\177\2168\237"
 195      8268FA7E 
 195      2CDB0C7F 
 195      4EDF7F8E 
 195      389F
 196 01ba 4AD07616 		.ascii	"J\320v\026H\015\352h}\362\003\033P\355-\320\362\004"
 196      480DEA68 
 196      7DF2031B 
 196      50ED2DD0 
 196      F204
 197 01cc 2C74B5BE 		.ascii	",t\265\276l\267A\026\216Q\242\030&f\204\213\346\033"
 197      6CB74116 
 197      8E51A218 
 197      2666848B 
 197      E61B
 198 01de 55E83272 		.ascii	"U\3502r@%\310A\205\256 Gb\261\0109\251\320%\370x\021"
 198      4025C841 
 198      85AE2047 
 198      62B10839 
 198      A9D025F8 
 199 01f4 3E9E208C 		.ascii	">\236 \214\364wR\376xtL\024\227\243Rd\201\212\021\246"
 199      F47752FE 
 199      78744C14 
 199      97A35264 
 199      818A11A6 
 200 0208 18F0C14A 		.ascii	"\030\360\301J\013F1';>\323\024\227!\302@(I\351\253\024"
 200      0B463127 
 200      3B3ED314 
 200      9721C240 
 200      2849E9AB 
 201 021d 8CCD5166 		.ascii	"\214\315Qf|\216K\357VE\212\242\200\3640\307U\303\034"
 201      7C8E4BEF 
 201      56458AA2 
 201      80F430C7 
 201      55C31C
 202 0230 30259BA4 		.ascii	"0%\233\244\372TA\031RC\340)\"@M\276\325M\236\274\252"
 202      FA544119 
 202      5243E029 
 202      22404DBE 
 202      D54D9EBC 
 203 0245 9EFB568E 		.ascii	"\236\373V\216\350\307\312\331I\275-s\201@\2743r#\315"
 203      E8C7CAD9 
 203      49BD2D73 
 203      8140BC33 
 203      7223CD
 204 0258 92B96009 		.ascii	"\222\271`\011\361\310\225\316DaY\"\2313.\\\\\"\240\257"
 204      F1C895CE 
 204      44615922 
 204      99332E5C 
 204      5C22A0AF 
 205 026c 7E8D2A81 		.ascii	"~\215*\201I\0050Q\241*\264\014\376^\003Ct\316\312\264"
 205      49053051 
 205      A12AB40C 
 205      FE5E0343 
 205      74CECAB4 
ARM GAS  C:\Users\Luczia\AppData\Local\Temp\ccT5Qx9t.s 			page 16


 206 0280 F47DE6EF 		.ascii	"\364}\346\357f\210\031zQ?yc\305\303\013\242\010\034"
 206      6688197A 
 206      513F7963 
 206      C5C30BA2 
 206      081C
 207 0292 4535C1A1 		.ascii	"E5\301\241\002\003\311\002\022.t\001u#\224\217\272 "
 207      0203C902 
 207      122E7401 
 207      7523948F 
 207      BA20
 208 02a4 EAD5E85D 		.ascii	"\352\325\350]\262\015:KG0nc\021_\214\177\322\255\314"
 208      B20D3A4B 
 208      47306E63 
 208      115F8C7F 
 208      D2ADCC
 209 02b7 626BA364 		.ascii	"bk\243dj)\231\353\022\231\213\371S\255\230\223i\372"
 209      6A2999EB 
 209      12998BF9 
 209      53AD9893 
 209      69FA
 210 02c9 4DB2A80F 		.ascii	"M\262\250\017\023\211\277\000\205j\014Tj\224T\352(\225"
 210      1389BF00 
 210      856A0C54 
 210      6A9454EA 
 210      2895
 211 02db BC178FC3 		.ascii	"\274\027\217\3031\036bT\312*\252\016\230J\226~;g\211"
 211      311E6254 
 211      CA2AAA0E 
 211      984A967E 
 211      3B6789
 212 02ee 2CEA86C1 		.ascii	",\352\206\301\322\015\245\245zj\251\364d\222;\216\306"
 212      D20DA5A5 
 212      7A6AA9F4 
 212      64923B8E 
 212      C6
 213 02ff D4504CE9 		.ascii	"\324PL\351\301S\210\033\032|g\036\245\006\203\241\006"
 213      C153881B 
 213      1A7C671E 
 213      A50683A1 
 213      06
 214 0310 A5A1466A 		.ascii	"\245\241FjH?\222}\004\343df\251\371E\351\264\025\316"
 214      483F927D 
 214      04E36466 
 214      A9F945E9 
 214      B415CE
 215 0323 A68AFA74 		.ascii	"\246\212\372t\370\217#j\344\350\200\300\025\310\342"
 215      F88F236A 
 215      E4E880C0 
 215      15C8E2
 216 0332 84743054 		.ascii	"\204t0T\250\031<\3673?\032\360$\213\260\311F\376E>\303"
 216      A8193CF7 
 216      333F1AF0 
 216      248BB0C9 
 216      46FE453E 
 217 0347 BB86B674 		.ascii	"\273\206\266t\333\211Y\"^\246Bk\034\220\013l\272&\330"
 217      DB895922 
 217      5EA6426B 
ARM GAS  C:\Users\Luczia\AppData\Local\Temp\ccT5Qx9t.s 			page 17


 217      1C900B6C 
 217      BA26D8
 218 035a 74A44B85 		.ascii	"t\244K\205n\203\301[\340[\342\220\324\232)s\013\216"
 218      6E83C15B 
 218      E05BE290 
 218      D49A2973 
 218      0B8E
 219 036c 8EFA4FE8 		.ascii	"\216\372O\350\373/f+\254\254\366\315mi\324\002L\244"
 219      FB2F662B 
 219      ACACF6CD 
 219      6D69D402 
 219      4CA4
 220 037e 5DAD4277 		.ascii	"]\255Bw\220\025?\255\215u\207\023mi\224\341\033\217"
 220      90153FAD 
 220      8D758713 
 220      6D6994E1 
 220      1B8F
 221 0390 F26CF8D1 		.ascii	"\362l\370\321\011\023\243Qn\245Q\276+E9\364V\313u\342"
 221      0913A351 
 221      6EA551BE 
 221      2B4539F4 
 221      56CB75E2 
 222 03a4 D26E3813 		.ascii	"\322n8\023\215O\336O=? FYP\024\272ip\351M\356\004\324"
 222      8D4FDE4F 
 222      3D3F2046 
 222      595014BA 
 222      6970E94D 
 223 03bb 465DF9E4 		.ascii	"F]\371\344\300\231I\204\033\230+3\007\352\257\233\260"
 223      C0994984 
 223      1B982B33 
 223      07EAAF9B 
 223      B0
 224 03cc FDFF0EF1 		.ascii	"\375\377\016\361\354\241\241X\304\366\377\000\002\375"
 224      ECA1A158 
 224      C4F6FF00 
 224      02FD
 225 03da 58FD78A2 		.ascii	"X\375x\242\005ng\330\213\245OV3\250\003I51\355\367\020"
 225      056E67D8 
 225      8BA54F56 
 225      33A80349 
 225      3531EDF7 
 226 03ef F189C857 		.ascii	"\361\211\310Wi'_d7u\212\263\003\204\220\372$=\375J\013"
 226      69275F64 
 226      37758AB3 
 226      038490FA 
 226      243DFD4A 
 227 0404 B28BA3CB 		.ascii	"\262\213\243\313\022\305O\020\215N\007\300\333)\374"
 227      12C54F10 
 227      8D4E07C0 
 227      DB29FC
 228 0413 3EB29306 		.ascii	">\262\223\006\321\2047\226=c)G\267\274\011]\034\251"
 228      D1843796 
 228      3D632947 
 228      B7BC095D 
 228      1CA9
 229 0425 1FB37E2F 		.ascii	"\037\263~/K\274I\017\236K\312\0111*.T\203z\220\035$"
 229      4BBC490F 
ARM GAS  C:\Users\Luczia\AppData\Local\Temp\ccT5Qx9t.s 			page 18


 229      9E4BCA09 
 229      312A2E54 
 229      837A901D 
 230 043a 554C76A2 		.ascii	"ULv\242l\354=\370\362wA\205\036\240\367`\350\351\346"
 230      6CEC3DF8 
 230      F2774185 
 230      1EA0F760 
 230      E8E9E6
 231 044d F4122BB6 		.ascii	"\364\022+\266&\221,j\264l\357\005\256\217\230\201\236"
 231      26912C6A 
 231      B46CEF05 
 231      AE8F9881 
 231      9E
 232 045e 70E64111 		.ascii	"p\346A\021bz\234=\350\003\315'\223\255\231\177\304c"
 232      627A9C3D 
 232      E803CD27 
 232      93AD997F 
 232      C463
 233 0470 C4416933 		.ascii	"\304Ai33\021j\334\307\034t\277\345u\035\317\247\341"
 233      33116ADC 
 233      C71C74BF 
 233      E5751DCF 
 233      A7E1
 234 0482 2624E3F4 		.ascii	"&$\343\364\265\037\2666\352\242A\311E\217\230\213r\023"
 234      B51FB636 
 234      EAA241C9 
 234      458F988B 
 234      7213
 235 0494 330BB061 		.ascii	"3\013\260a\321jz\364\037\002\274\237\302\037\323E\017"
 235      D16A7AF4 
 235      1F02BC9F 
 235      C21FD345 
 235      0F
 236 04a5 4A8BEE3D 		.ascii	"J\213\356=\336\233a\316\231\233\202\276'\276'\313\206"
 236      DE9B61CE 
 236      999B82BE 
 236      27BE27CB 
 236      86
 237 04b6 3327C46E 		.ascii	"3'\304n\306\357?\244\346L\3115\020{'\376Ox\230\361\274"
 237      C6EF3FA4 
 237      E64CC935 
 237      107B27FE 
 237      4F7898F1 
 238 04cb 9B77E83C 		.ascii	"\233w\350<\017\3720\301\026'\267$[\032\3459*\361\034"
 238      0FFA30C1 
 238      1627B724 
 238      5B1AE539 
 238      2AF11C
 239 04de 613CCF45 		.ascii	"a<\317E\366\346h`\264\003\3341Hv\3018\260\013\346\202"
 239      F6E66860 
 239      B403DC31 
 239      4876C138 
 239      B00BE682 
 240 04f2 7EFC8C1A 		.ascii	"~\374\214\032\217\321\231\204\2743\275\337 G\013\351"
 240      8FD19984 
 240      BC33BDDF 
 240      20470BE9 
ARM GAS  C:\Users\Luczia\AppData\Local\Temp\ccT5Qx9t.s 			page 19


 241 0502 66708ADC 		.ascii	"fp\212\334K\216\374\004,\354\231a\177:\220%-r\024\237"
 241      4B8EFC04 
 241      2CEC9961 
 241      7F3A9025 
 241      2D72149F 
 242 0516 C3E172E0 		.ascii	"\303\341r\340\371\177\034\350\214\261\371s\322OUX\343"
 242      F97F1CE8 
 242      8CB1F973 
 242      D24F5558 
 242      E3
 243 0527 193641E7 		.ascii	"\0316A\347\231a\330\311s3\\z7\237\336\013S0\303\244"
 243      9961D8C9 
 243      73335C7A 
 243      379FDE0B 
 243      5330C3A4 
 244 053b 61860964 		.ascii	"a\206\011dd\212\027\213O\321\334\225xo\336\376#\366"
 244      648A178B 
 244      4FD1DC95 
 244      786FDEFE 
 244      23F6
 245 054d 9E42FF13 		.ascii	"\236B\377\023\352\221i\032\212Q)\024a\025\321\217\351"
 245      EA91691A 
 245      8A512914 
 245      6115D18F 
 245      E9
 246 055e 4908FF65 		.ascii	"I\010\377e\326\217TN\015\253\345\326_\276\311zaWB4\337"
 246      D68F544E 
 246      0DABE5D6 
 246      5FBEC97A 
 246      61574234 
 247 0573 9219E496 		.ascii	"\222\031\344\226.\356\030\325[2\275\233\270\177j\350"
 247      2EEE18D5 
 247      5B32BD9B 
 247      B87F6AE8 
 248 0583 48B38607 		.ascii	"H\263\206\007\332\006\364k\343\251\243V8BM\203Q~\257"
 248      DA06F46B 
 248      E3A9A356 
 248      38424D83 
 248      517EAF
 249 0596 348A47FA 		.ascii	"4\212G\372#Po\304^\3523\276!\303\004\036\350P\201\362"
 249      23506FC4 
 249      5EEA33BE 
 249      21C3041E 
 249      E85081F2 
 250 05aa 7C9D91DA 		.ascii	"|\235\221\332\"(7\344,\300_Sx\270`'\015\242\327\323"
 250      222837E4 
 250      2CC05F53 
 250      78B86027 
 250      0DA2D7D3 
 251 05be 93A9B7F9 		.ascii	"\223\251\267\371~\224\027\023v\264\230@g\007\256\246"
 251      7E941713 
 251      76B49840 
 251      6707AEA6 
 252 05ce 5A7096E4 		.ascii	"Zp\226\344\242\275v+%\327\014\3072\226\317\366EN\362"
 252      A2BD762B 
 252      25D70CC7 
 252      3296CFF6 
ARM GAS  C:\Users\Luczia\AppData\Local\Temp\ccT5Qx9t.s 			page 20


 252      454EF2
 253 05e1 73430E5D 		.ascii	"sC\016]o\355\330O6FYFK,\243\030\313\324\301\361Y\033"
 253      6FEDD84F 
 253      36465946 
 253      4B2CA318 
 253      CBD4C1F1 
 254 05f7 25CB3D82 		.ascii	"%\313=\202\003\212\024\010|\037e\031-\261<\322\224\267"
 254      038A1408 
 254      7C1F6519 
 254      2DB13CD2 
 254      94B7
 255 0609 9E85EA97 		.ascii	"\236\205\352\227T\0330\340\326\225\351F[\271\371\030"
 255      541B30E0 
 255      D695E946 
 255      5BB9F918 
 256 0619 E10DE627 		.ascii	"\341\015\346'\013_\336\343\253\316\300dk\224\264\306"
 256      0B5FDEE3 
 256      ABCEC064 
 256      6B94B4C6 
 257 0629 F3F2A25B 		.ascii	"\363\362\242[~j\355\371\251\015\0358\277\027\343C\314"
 257      7E6AEDF9 
 257      A90D1D38 
 257      BF17E343 
 257      CC
 258 063a 0DE34991 		.ascii	"\015\343I\221\321\032\006~\213\344\336sO\2074F\335p"
 258      D11A067E 
 258      8BE4DE73 
 258      4F873446 
 258      DD70
 259 064c 5072433C 		.ascii	"PrC<s\303\253\362\256L[\245\033\276\007\236\261\224"
 259      73C3ABF2 
 259      AE4C5BA5 
 259      1BBE079E 
 259      B194
 260 065e E721CAF3 		.ascii	"\347!\312\363\240\304\363B\351\350q){\020\236}\271="
 260      A0C4F342 
 260      E9E87129 
 260      7B109E7D 
 260      B93D
 261 0670 5916388D 		.ascii	"Y\0268\215\361\370Q\037S\303\303\221Ab5\2332\222f\205"
 261      F1F8511F 
 261      53C3C391 
 261      4162359B 
 261      32926685 
 262 0684 3359A714 		.ascii	"3Y\247\024H;\036\310\306G\205y\002>\315:_u\305\305\231"
 262      483B1EC8 
 262      C6478579 
 262      023ECD3A 
 262      5F75C5C5 
 263 0699 F191646F 		.ascii	"\361\221dov\2656\347Y\341<\326Y\330\177\275J\032I:\243"
 263      76B536E7 
 263      59E13CD6 
 263      59D87FBD 
 263      4A1A493A 
 264 06ae CFF5C498 		.ascii	"\317\365\304\230\340b\326y\277\343\341>\033|\225)\325"
 264      E062D679 
 264      BFE3E13E 
ARM GAS  C:\Users\Luczia\AppData\Local\Temp\ccT5Qx9t.s 			page 21


 264      1B7C9529 
 264      D5
 265 06bf 5561DFE0 		.ascii	"Ua\337\340\353\354\275\356A\304\373lP\004I\320\225\331"
 265      EBECBDEE 
 265      41C4FB6C 
 265      500449D0 
 265      95D9
 266 06d1 79E99839 		.ascii	"y\351\23090\203n\377\374\262}\341\266\270\201\202m\273"
 266      30836EFF 
 266      FCB27DE1 
 266      B6B88182 
 266      6DBB
 267 06e3 A6C3BBAC 		.ascii	"\246\303\273\254\320\012\366,]\341H\333L1\"T\324w%\343"
 267      D00AF62C 
 267      5DE148DB 
 267      4C312254 
 267      D47725E3 
 268 06f7 8BF5B5E0 		.ascii	"\213\365\265\340\312r\204\366\013v(]\200\205\012K\347"
 268      CA7284F6 
 268      0B76285D 
 268      80850A4B 
 268      E7
 269 0708 4209AE04 		.ascii	"B\011\256\004\007\255\"?\254\330\200&\177\370\023\212"
 269      07AD223F 
 269      ACD88026 
 269      7FF8138A 
 270 0718 D10C5C23 		.ascii	"\321\014\\#\303\210\201\245C\212\206\220\014M2\317\364"
 270      C38881A5 
 270      438A8690 
 270      0C4D32CF 
 270      F4
 271 0729 B7808EC0 		.ascii	"\267\200\216\300\304\317(\216\233\226\274\217\016\010"
 271      C4CF288E 
 271      9B96BC8F 
 271      0E08
 272 0737 0ADBE5FE 		.ascii	"\012\333\345\376\014M\210\354U\022\211P\242\233\276"
 272      0C4D88EC 
 272      55128950 
 272      A29BBE
 273 0746 35A0D394 		.ascii	"5\240\323\224\350TA\301dP\306$I\311$q\236\355pQ\337"
 273      E85441C1 
 273      6450C624 
 273      49C92471 
 273      9EED7051 
 274 075b E39F4CD1 		.ascii	"\343\237L\321dWgr\364\334\221\3505\2542\236o,\021J\017"
 274      64576772 
 274      F4DC91E8 
 274      35AC329E 
 274      6F2C114A 
 275 0770 740CCC65 		.ascii	"t\014\314ePK\004\016'\006\235\026\034Q\226\260\002\235"
 275      504B040E 
 275      27069D16 
 275      1C5196B0 
 275      029D
 276 0782 05390992 		.ascii	"\0059\011\222\013\222\007r\012\344<\310q\220\023 \347"
 276      0B920772 
 276      0AE43CC8 
ARM GAS  C:\Users\Luczia\AppData\Local\Temp\ccT5Qx9t.s 			page 22


 276      71901320 
 276      E7
 277 0793 40B241CE 		.ascii	"@\262A\316\200\344\010+hY\302h\267\311h\247(i'\033h"
 277      80E4082B 
 277      6859C268 
 277      B7C968A7 
 277      2869271B 
 278 07a8 B3443F31 		.ascii	"\263D?1h\027\012\\\010J\305\223\274\301T\347\220\375"
 278      68170A5C 
 278      084AC593 
 278      BCC154E7 
 278      90FD
 279 07ba 4151AC71 		.ascii	"AQ\254q!W&\2241\314\226t\221\242>e\350je3\377\240"
 279      21572694 
 279      31CC9674 
 279      91A23E65 
 279      E86A6533 
 280 07d0 9C3952E9 		.ascii	"\2349R\351\336Z\036:\310~p\000\030Z\312\211\350\025"
 280      DE5A1E3A 
 280      C87E7000 
 280      185ACA89 
 280      E815
 281 07e2 52846E4C 		.ascii	"R\204nL\026\272\303\312\320%(\003\335#C\037U\242\217"
 281      16BAC3CA 
 281      D0252803 
 281      DD23431F 
 281      55A28F
 282 07f5 18D02437 		.ascii	"\030\320$7\267tU |\330\204^\202a\323y\205&h\251\343"
 282      B7745520 
 282      7CD8845E 
 282      8261D379 
 282      852668A9 
 283 080a A2414217 		.ascii	"\242AB\027 6\377\21381\317CN\202\352\032\345\203\301"
 283      2036FF8B 
 283      3831CF43 
 283      4E82EA1A 
 283      E583C1
 284 081d 9F84B90B 		.ascii	"\237\204\271\013\226\304\201\362\212~8]\207\345\265"
 284      96C481F2 
 284      8A7E385D 
 284      87E5B5
 285 082c 6FBE6C43 		.ascii	"o\276lC\301o\037\201\326\276\244%\325W}u;O4Q\344,\317"
 285      C16F1F81 
 285      D6BEA425 
 285      D5577D75 
 285      3B4F3451 
 286 0843 3E6ACDE2 		.ascii	">j\315\342Yi\204\030\033\235I+\342\272\275,\273\330"
 286      59698418 
 286      1B9D492B 
 286      E2BABD2C 
 286      BBD8
 287 0855 F3EC3274 		.ascii	"\363\3542t$&\334\326h\202,\226\022d\011K\344\267;\372"
 287      2426DCD6 
 287      68822C96 
 287      1264094B 
 287      E4B73BFA 
 288 0869 12AD9409 		.ascii	"\022\255\224\011\362\0228\351\"ul\011M\220\305R\202"
ARM GAS  C:\Users\Luczia\AppData\Local\Temp\ccT5Qx9t.s 			page 23


 288      F21238E9 
 288      22756C09 
 288      4D90C552 
 288      82
 289 087a 2C68BA33 		.ascii	",h\2723a\216\323\251\177Qk\342\276!\023\351\326\210"
 289      618ED3A9 
 289      7F516BE2 
 289      BE2113E9 
 289      D688
 290 088c FA25B746 		.ascii	"\372%\267Fv\177\336\260\271|\262R\341\015\223\335\352"
 290      767FDEB0 
 290      B97CB252 
 290      E10D93DD 
 290      EA
 291 089d 3F16C1AF 		.ascii	"?\026\301\257\370\233*\331\257P;\366+TJ\234\366<q\226"
 291      F89B2AD9 
 291      AF503BF6 
 291      2B544A9C 
 291      F63C7196 
 292 08b1 54355D47 		.ascii	"T5]G8\233q+\037;\177\222\217%\211\274;\356\332\254q"
 292      389B712B 
 292      1F3B7F92 
 292      8F2589BC 
 292      3BEEDAAC 
 293 08c6 9F54483E 		.ascii	"\237TH>\271\306.\215\347q\3477(]R\006,\365\224e%eY!"
 293      B9C62E8D 
 293      E771E737 
 293      285D5206 
 293      2CF59465 
 294 08de B13C9A36 		.ascii	"\261<\2326xVP\256\311(:\246\262\240\212\307\266\206"
 294      785650AE 
 294      C9283AA6 
 294      B2A08AC7 
 294      B686
 295 08f0 E8FDAFF3 		.ascii	"\350\375\257\363k\315p\016#}\350\340\213Z\015>\303\224"
 295      6BCD700E 
 295      237DE8E0 
 295      8B5A0D3E 
 295      C394
 296 0902 A2A7B945 		.ascii	"\242\247\271E\326\014\251'zr\311\263Z^\263hd\335\366"
 296      D60CA927 
 296      7A72C9B3 
 296      5A5EB368 
 296      64DDF6
 297 0915 BC7B3C77 		.ascii	"\274{<w\344\270)\316cc\343G\306\016\231\032]n\203\264"
 297      E4B829CE 
 297      6363E347 
 297      C60E991A 
 297      5D6E83B4 
 298 0929 5C17BADA 		.ascii	"\\\027\272\332\242\202\254a\215r\2717`\001ut\001\215"
 298      A282AC61 
 298      8D72B937 
 298      60017574 
 298      018D
 299 093b 74010DD2 		.ascii	"t\001\015\322\002JB\263\233\261r\271F\321\247\372Sc"
 299      024A42B3 
 299      9BB172B9 
ARM GAS  C:\Users\Luczia\AppData\Local\Temp\ccT5Qx9t.s 			page 24


 299      46D1A7FA 
 299      5363
 300 094d 79183E26 		.ascii	"y\030>&e\306\324\261Ak\\\300H>y:s\316\006\0273\245\244"
 300      65C6D4B1 
 300      416B5CC0 
 300      483E793A 
 300      73CE0617 
 301 0964 E872155F 		.ascii	"\350r\025_\235\013)\372O\2275X\342\253\254o&.=\337\034"
 301      9D0B29FA 
 301      4F973558 
 301      E2ABAC6F 
 301      262E3DDF 
 302 0979 57322565 		.ascii	"W2%e\274\343\021\337\374\216$\316Y?\0344\307\265\254"
 302      BCE311DF 
 302      FC8E24CE 
 302      593F1C34 
 302      C7B5AC
 303 098c 6F362EEA 		.ascii	"o6.\352\250\031ndJBCB\226%\276\315\224\247\021}\335"
 303      A8196E64 
 303      4A424342 
 303      9625BECD 
 303      94A7117D 
 304 09a1 7CEB2C03 		.ascii	"|\353,\003\365\345@B+\377\375b%+G\354y9rv\"6\311\022"
 304      F5E54042 
 304      2BFFFD62 
 304      252B47EC 
 304      79397276 
 305 09b9 B7B1A177 		.ascii	"\267\261\241wZ#.q\254%\250\341\247\257\024\232\030\377"
 305      5A232E71 
 305      AC25A8E1 
 305      A7AF149A 
 305      18FF
 306 09cb 7D27B9B6 		.ascii	"}'\271\266\213\355\244\003g\263\257\232*+\346\016\360"
 306      8BEDA403 
 306      67B3AF9A 
 306      2A2BE60E 
 306      F0
 307 09dc 563BF5D6 		.ascii	"V;\365\326}\352\255n\311[\015\3751\215\226\312\012\330"
 307      7DEAAD6E 
 307      C95B0DFD 
 307      318D96CA 
 307      0AD8
 308 09ee 28BAB4A9 		.ascii	"(\272\264\251\375\023\334\311H>oh\277\217p\017S\"\352"
 308      FD13DCC9 
 308      483E6F68 
 308      BF8F700F 
 308      5322EA
 309 0a01 AE9F34C3 		.ascii	"\256\2374\303\375L\031\312\251\2571\305CL\351\355\237"
 309      FD4C19CA 
 309      A9AF31C5 
 309      434CE9ED 
 309      9F
 310 0a12 BE88F128 		.ascii	"\276\210\361(SN\014e\0360\307\023|L\357\323\006\356"
 310      534E0C65 
 310      1E30C713 
 310      7C4CEFD3 
 310      06EE
ARM GAS  C:\Users\Luczia\AppData\Local\Temp\ccT5Qx9t.s 			page 25


 311 0a24 A0FDE430 		.ascii	"\240\375\3440\275\034)\274-\271\204l\267\301\347}\263"
 311      BD1C29BC 
 311      2DB9846C 
 311      B7C1E77D 
 311      B3
 312 0a35 1A3C43C1 		.ascii	"\032<C\301o\3455\335\3100G\264\2260<\216\274\315\024"
 312      6FE535DD 
 312      C83047B4 
 312      96303C8E 
 312      BCCD14
 313 0a48 13205D77 		.ascii	"\023 ]wN\361\313\246\012\222v9d\304aHx\322\251@W\027"
 313      4EF1CBA6 
 313      0A927639 
 313      64C46148 
 313      78D2A940 
 314 0a5e DCFCBB58 		.ascii	"\334\374\273XU\321\003\350N\216\226\026\216\356\311"
 314      55D103E8 
 314      4E8E9616 
 314      8EEEC9
 315 0a6d D109703B 		.ascii	"\321\011p;7\355f\2673\331z5\034=\227z\252)\3722Zp=\017"
 315      37ED66B7 
 315      33D97A35 
 315      1C3D977A 
 315      AA29FA32 
 316 0a85 82BD47B4 		.ascii	"\202\275G\264s\230\247\375\227\220\366_C*\037\003\231"
 316      7398A7FD 
 316      9790F65F 
 316      432A1F03 
 316      99
 317 0a96 0109C52B 		.ascii	"\001\011\305+\3203h\237\203<\001y\0052\013\362\002d"
 317      D033689F 
 317      833C0179 
 317      05320BF2 
 317      0264
 318 0aa8 1A640A64 		.ascii	"\032d\012d\004D\004\\\030\3108\274?\005\031\002\031"
 318      0444045C 
 318      18C838BC 
 318      3F051902 
 318      19
 319 0ab9 05990499 		.ascii	"\005\231\004\231\230\273\276I\0351\266\313PG\334R2\375"
 319      98BBBE49 
 319      1D31B6CB 
 319      5047DC52 
 319      32FD
 320 0acb 79DEBAC8 		.ascii	"y\336\272\310E\267\233]tW\300\013\2279Z\312\216\274"
 320      45B79B5D 
 320      7457C00B 
 320      97395ACA 
 320      8EBC
 321 0add 6095D528 		.ascii	"`\225\325(m\201\006\333\017\225\266\235\015N`>\253\225"
 321      6D8106DB 
 321      0F95B69D 
 321      0D4E603E 
 321      AB95
 322 0aef F9ECFAE2 		.ascii	"\371\354\372\342>\223\331\036\223\331\356U\242\365J"
 322      3E93D91E 
 322      93D9EE55 
ARM GAS  C:\Users\Luczia\AppData\Local\Temp\ccT5Qx9t.s 			page 26


 322      A2F54A
 323 0afe F4B40CFD 		.ascii	"\364\264\014\375`q\264D\205\032\337m\200?V\302\013\027"
 323      6071B444 
 323      851ADF6D 
 323      803F56C2 
 323      0B17
 324 0b10 146EDC29 		.ascii	"\024n\334)%\274\016\231\347\224\242\005\306\333d\036"
 324      25BC0E99 
 324      E794A205 
 324      C6DB641E 
 325 0b20 BFAB347E 		.ascii	"\277\2534~g\001|P\006oV\302o/\200\367\310\340-\213\303"
 325      67017C50 
 325      066F56C2 
 325      6F2F80F7 
 325      C8E02D8B 
 326 0b35 65E558D5 		.ascii	"e\345X\3250+\307\206\225\345\0301\325?l\237\031NN\010"
 326      302BC786 
 326      95E51831 
 326      D53F6C9F 
 326      194E4E08 
 327 0b49 B1D5AFB4 		.ascii	"\261\325\257\264U\247\364q\255l\3466%:RP\206\273)\320"
 327      55A7F471 
 327      AD6CE636 
 327      253A5250 
 327      86BB29D0 
 328 0b5d 10EE8145 		.ascii	"\020\356\201E7\207\314v\223\314v\353\342>\223G[\206"
 328      3787CC76 
 328      93CC76EB 
 328      E23E9347 
 328      5B86
 329 0b6f 6E5A7C4F 		.ascii	"nZ|O\317\363\260ls\364-\276\3149\342$\023\360p\337\204"
 329      CFF3B06C 
 329      73F42DBE 
 329      CC39E224 
 329      13F070DF 
 330 0b84 70D773B8 		.ascii	"p\327s\270t\275\240\332y\305^C\327\341\0065\0163\245"
 330      74BDA0DA 
 330      79C55E43 
 330      D7E10635 
 330      0E33A5
 331 0b97 C55EC7A3 		.ascii	"\305^\307\243\0131\226\312bO:\362(\022;\376_N=\213\373"
 331      0B3196CA 
 331      624F3AF2 
 331      28123BFE 
 331      5F4E3D8B 
 332 0bac EB295352 		.ascii	"\353)SR\014F\340\245(\034\317\025\203\303R1\230\325"
 332      0C46E0A5 
 332      281CCF15 
 332      83C35231 
 332      98D5
 333 0bbe DF734D2D 		.ascii	"\337sM-/\006\011\320p\207\354\301\254\030\204\226\334"
 333      2F0609D0 
 333      7087ECC1 
 333      AC188496 
 333      DC
 334 0bcf 4DE5378F 		.ascii	"M\3457\217h\344`\362\277\230\006\360^\016\336K\301\365"
 334      68E460F2 
ARM GAS  C:\Users\Luczia\AppData\Local\Temp\ccT5Qx9t.s 			page 27


 334      BF9806F0 
 334      5E0EDE4B 
 334      C1F5
 335 0be1 59D7722C 		.ascii	"Y\327r,\345`\362\237}\006p\024\007\223vI\300?\375|\326"
 335      E560F29F 
 335      7D067014 
 335      07937649 
 335      C03FFD7C 
 336 0bf6 07786FF5 		.ascii	"\007xo\365\327m\321\371\204\004\006\255vrr\206\177>"
 336      D76DD1F9 
 336      840406AD 
 336      76727286 
 336      7F3E
 337 0c08 DBFDB6FA 		.ascii	"\333\375\266\372\005\006\257\372\375*\347\300`\347\355"
 337      0506AFFA 
 337      FD2AE7C0 
 337      60E7ED
 338 0c17 DEFECEDF 		.ascii	"\336\376\316\337\005\006\205\004;\373\004\356\330\021"
 338      05068504 
 338      3BFB04EE 
 338      D811
 339 0c25 18E0ECAA 		.ascii	"\030\340\354\252\335\344\266i\2273\031\354\344\243\371"
 339      DDE4B669 
 339      973319EC 
 339      E4A3F9
 340 0c34 F3675F2E 		.ascii	"\363g_.w[\265Je\341\345\265\323/ d\315j\257\220m>\177"
 340      775BB54A 
 340      65E1E5B5 
 340      D32F2064 
 340      CD6AAF90 
 341 0c4b F0A43682 		.ascii	"\360\2446\202Cv\372\372\005z\206\004\006\372\007{~\035"
 341      4376FAFA 
 341      057A8604 
 341      06FA077B 
 341      7E1D
 342 0c5d B073397D 		.ascii	"\260s9}[\356\035\264c\271n\307V\235\257\257\316\327"
 342      5BEE1DB4 
 342      63B96EC7 
 342      569DAFAF 
 342      CED7
 343 0c6f F3232797 		.ascii	"\363#'\227\345\253]V}\364\217\265\236\360\375\203\200"
 343      E5AB5D56 
 343      7DF48FB5 
 343      9EF0FD83 
 343      80
 344 0c80 C000DD07 		.ascii	"\300\000\335\007:\357\255~\236~\001>\376;}u\236;\274"
 344      3AEFAD7E 
 344      9E7E013E 
 344      FE3B7D75 
 344      9E3BBC
 345 0c93 C15680CE 		.ascii	"\301V\200\316\323\313W\267\315{\247\177\210W\310\356"
 345      D3CB57B7 
 345      CD7BA77F 
 345      8857C8EE 
 346 0ca3 EF74C14E 		.ascii	"\357t\301N\333U\032i\276\277\375O\347\013\336\035\354"
 346      DB551A69 
 346      BEBFFD4F 
ARM GAS  C:\Users\Luczia\AppData\Local\Temp\ccT5Qx9t.s 			page 28


 346      E70BDE1D 
 346      EC
 347 0cb4 E9151CE2 		.ascii	"\351\025\034\342\013\306a\2225\377\275KT\277\"\355:"
 347      0BC66192 
 347      35FFBD4B 
 347      54BF22ED 
 347      3A
 348 0cc5 BF608363 		.ascii	"\277`\203c\035\310\027\017]\210\307\356\340\020\335"
 348      1DC8170F 
 348      5D88C7EE 
 348      E010DD
 349 0cd4 8E8DDE01 		.ascii	"\216\215\336\001\276\376\272\240\315A~\201A~!\273i\030"
 349      BEFEBAA0 
 349      CD417E81 
 349      417E21BB 
 349      6918
 350 0ce6 DCFC75DE 		.ascii	"\334\374u\336A\233u\0010\355\327\346>\333\001\270\321"
 350      419B7501 
 350      30EDD7E6 
 350      3EDB01B8 
 350      D1
 351 0cf7 DB3F44ED 		.ascii	"\333?D\355\263\335;h\305b\024\202B\2349a\350\000\236"
 351      B3DD3B68 
 351      C5621482 
 351      429C3961 
 351      E8009E
 352 0d0a D65E5EDB 		.ascii	"\326^^\333v\006\370xy9}\274f\355\207\032I3\327\256\367"
 352      7606F878 
 352      79397DBC 
 352      66ED871A 
 352      4933D7AE 
 353 0d1f 58AFDDB2 		.ascii	"X\257\335\262~\335\207\202\373fs\026\242\217\275B\314"
 353      7EDD8782 
 353      FB667316 
 353      A28FBD42 
 353      CC
 354 0d30 783BD7BD 		.ascii	"x;\327\275V\355\356\372\251vN]\243vw\333lPW\253\335"
 354      56EDEEFA 
 354      A9764E5D 
 354      A37677DB 
 354      6C5057AB 
 355 0d45 3D366B35 		.ascii	"=6k5Z\246\255\202\316\365\206N\027\350\\\257U{|\341"
 355      5AA6AD82 
 355      CEF5864E 
 355      17E85CAF 
 355      557B7CE1 
 356 0d59 AE755D8C 		.ascii	"\256u]\214)w\221nW\010q\223\263\333&\017w\017g\267\300"
 356      2977916E 
 356      57087193 
 356      B3DB260F 
 356      770F67B7 
 357 0d6e 209DB3BB 		.ascii	" \235\263\273\264\000P\274|v\254\205e\230\177\266\305"
 357      B40050BC 
 357      7C76AC85 
 357      65987FB6 
 357      C5
 358 0d7f DDCDEB0B 		.ascii	"\335\315\353\013\2100Xu\325\2527m\332\240\305\256\353"
ARM GAS  C:\Users\Luczia\AppData\Local\Temp\ccT5Qx9t.s 			page 29


 358      88305875 
 358      D5AA376D 
 358      DAA0C5AE 
 358      EB
 359 0d90 B4781DB4 		.ascii	"\264x\035\264\2337h\325\256\033<\264\352O7\270jM\240"
 359      9B3768D5 
 359      AE1B3CB4 
 359      EA4F37B8 
 359      6A4DA0
 360 0da3 0B00EB88 		.ascii	"\013\000\353\210\276\221\374q\203?&\036\033\335<\264"
 360      BE91FC71 
 360      833F261E 
 360      1BDD3CB4 
 361 0db3 D863E366 		.ascii	"\330c\343f\354\346\006\255\233\326\304\325]\353\246"
 361      ECE606AD 
 361      9BD6C4D5 
 361      5DEBA6
 362 0dc2 556FF9E2 		.ascii	"Uo\371\342s-\320\006\204\333\346/\335\327\301_W7\255"
 362      732DD006 
 362      84DBE62F 
 362      DDD7C15F 
 362      5737AD
 363 0dd5 C6C3ED53 		.ascii	"\306\303\355S:\327\277\001\207gn\350"
 363      3AD7BF01 
 363      87676EE8 
 364              		.text
 365              		.section	.gnu.lto_.symtab.4cdbfd5b,"",%progbits
 366 0000 6E766963 		.ascii	"nvicEnableVector\000"
 366      456E6162 
 366      6C655665 
 366      63746F72 
 366      00
 367 0011 00       		.ascii	"\000"
 368 0012 00       		.ascii	"\000"
 369 0013 00       		.ascii	"\000"
 370 0014 00000000 		.ascii	"\000\000\000\000\000\000\000\000"
 370      00000000 
 371 001c C7000000 		.ascii	"\307\000\000\000"
 372 0020 6E766963 		.ascii	"nvicDisableVector\000"
 372      44697361 
 372      626C6556 
 372      6563746F 
 372      7200
 373 0032 00       		.ascii	"\000"
 374 0033 00       		.ascii	"\000"
 375 0034 00       		.ascii	"\000"
 376 0035 00000000 		.ascii	"\000\000\000\000\000\000\000\000"
 376      00000000 
 377 003d CB000000 		.ascii	"\313\000\000\000"
 378 0041 6E766963 		.ascii	"nvicSetSystemHandlerPriority\000"
 378      53657453 
 378      79737465 
 378      6D48616E 
 378      646C6572 
 379 005e 00       		.ascii	"\000"
 380 005f 00       		.ascii	"\000"
 381 0060 00       		.ascii	"\000"
ARM GAS  C:\Users\Luczia\AppData\Local\Temp\ccT5Qx9t.s 			page 30


 382 0061 00000000 		.ascii	"\000\000\000\000\000\000\000\000"
 382      00000000 
 383 0069 CD000000 		.ascii	"\315\000\000\000"
 384 006d 6E766963 		.ascii	"nvicClearPending\000"
 384      436C6561 
 384      7250656E 
 384      64696E67 
 384      00
 385 007e 00       		.ascii	"\000"
 386 007f 00       		.ascii	"\000"
 387 0080 00       		.ascii	"\000"
 388 0081 00000000 		.ascii	"\000\000\000\000\000\000\000\000"
 388      00000000 
 389 0089 CF000000 		.ascii	"\317\000\000\000"
 390 008d 63685379 		.ascii	"chSysHalt\000"
 390      7348616C 
 390      7400
 391 0097 00       		.ascii	"\000"
 392 0098 02       		.ascii	"\002"
 393 0099 00       		.ascii	"\000"
 394 009a 00000000 		.ascii	"\000\000\000\000\000\000\000\000"
 394      00000000 
 395 00a2 DA000000 		.ascii	"\332\000\000\000"
 396              		.text
 397              		.section	.gnu.lto_.opts,"",%progbits
 398 0000 272D666D 		.ascii	"'-fmath-errno' '-fsigned-zeros' '-ftrapping-math' '"
 398      6174682D 
 398      6572726E 
 398      6F272027 
 398      2D667369 
 399 0033 2D666E6F 		.ascii	"-fno-trapv' '-fno-strict-overflow' '-fno-openmp' '-"
 399      2D747261 
 399      70762720 
 399      272D666E 
 399      6F2D7374 
 400 0066 666E6F2D 		.ascii	"fno-openacc' '-mcpu=cortex-m4' '-mthumb' '-O0' '-fo"
 400      6F70656E 
 400      61636327 
 400      20272D6D 
 400      6370753D 
 401 0099 6D69742D 		.ascii	"mit-frame-pointer' '-falign-functions=16' '-ffuncti"
 401      6672616D 
 401      652D706F 
 401      696E7465 
 401      72272027 
 402 00cc 6F6E2D73 		.ascii	"on-sections' '-fdata-sections' '-fno-common' '-flto"
 402      65637469 
 402      6F6E7327 
 402      20272D66 
 402      64617461 
 403 00ff 2700     		.ascii	"'\000"
 404              		.text
 405              		.comm	__gnu_lto_v1,1,1
 406              		.comm	__gnu_lto_slim,1,1
 407              		.ident	"GCC: (GNU Tools for Arm Embedded Processors 7-2017-q4-major) 7.2.1 20170904 (release) [ARM
ARM GAS  C:\Users\Luczia\AppData\Local\Temp\ccT5Qx9t.s 			page 31


DEFINED SYMBOLS
                            *ABS*:00000000 nvic.c
                            *COM*:00000001 __gnu_lto_v1
                            *COM*:00000001 __gnu_lto_slim

NO UNDEFINED SYMBOLS
